<?xml version="1.0" encoding="UTF-8"?>
<!-- Generated by org.testng.reporters.JUnitReportReporter -->
<testsuite skipped="0" hostname="LAPTOP-JEI8AS0O" name="tests.SystemInfoTest" tests="4" failures="0" timestamp="2020-10-17T16:05:41 EDT" time="54.843" errors="0">
  <testcase name="getLocakSystemtime" time="13.387" classname="tests.SystemInfoTest"/>
  <system-out>
<img src='data:image/jpg;base64iVBORw0KGgoAAAANSUhEUgAABQEAAAJ3CAYAAAAkppc+AAAAAXNSR0IArs4c6QAAIABJREFUeJzs3Xd8XNWd///XuXeKpql3S7Jsyb33ik03NhhsahKSbEKWkLLs5rfZ5JeySWBT2N2EXRI2ATYsIaElVNNsDMYYV9wbxlWWZMnqXTOSpt3z/WPksWXLFXc+z8cjj1gz95577p0xPPTmc85H9R8xViOEEEIIIYQQQgghhLjobF75wVkZxzgrowghhBBCCCGEEEIIIS5aEgIKIYQQQgghhBBCCHGZkxBQCCGEEEIIIYQQQojLnISAQgghhBBCCCGEEEJc5iQEFEIIIYQQQgghhBDiMichoBBCCCGEEEIIIYQQlznbhZ7A+aKP+LO6YLMQQgghhBBCCCGEEOL8u6xDQK012uFAuTzg8aIdTtAaFWjHam3BiIQv9BSFEEIIIYQQQgghhDhjb7zxBgA333zzCY+7bENAbZrolHR08WAoGgRZueDxQTSCbqjF2roBtX0jqiNwoacqhBBCCCGEEEIIIcRpOxQAHvrziYLASyYE1ADOBLQ3ERJcEAmj21swOjpRPRb7gjYMyMlDTb0KRoxDpWaAzQaqeyFw3/6Y+X1BGeh1y1GWdd7vRwghhBBCCCGEEEKIM3VkAHjka8cLAi+JEFDbHeg+BTBoBPTth/IkokNd6Mpy2LIOKkqhO8jTWqOTUmD6NTDxCpTHdzj8O0QZkJmLNXkGxq5t0NJ0Ae5KCCGEEEIIIYQQQojT11sAeOR7vQWBFzQE1IB2OlEJbpRhEg0FMTv8oI+o7HMmYA0eAdOvRvUdAL5EMBRYFqpoEJGMbOyvPQuN9bHjbTbIK0SPGI/RWwB4iDIgLR18SRICCiGEEEIIIYQQQohLxsn2/+vNBQsBLYcTndcXPXQ0KrsPyu5AtzQQ3bgGY+9OlNZgmuh+A7CuvhGzaCDK7oiHeso0UN5EGDKS6IZCzHgIaEdn5aISk48fAHbT0SiEus71rQohhBBCCCGEEEIIcUGdsxBQmza03QEKVFdnLNQ7JMGNGjs5Vt2XUwBOJyiFEY0QLeiPeuFJ1IFSLI8PPXYyZvGgWADYC+V2oxNTDr9gGOB0oIwTB4BYUfhkK7qxgZMcKYQQQgghhBBCCCHEJe2sh4AasPoWoYeNRucVogwDc+Nq9Ka1qGgktr/fsNFw3Y2QnYcyzMMVe6aJrW9/9OCR6AOlWEkp0G8Ahs1+/At2dUJz4+GfwyFUTRVRfztmSlrv51hR9P49mKs+QEXCZ+3eL2YOh4O0lBSysjJJTUnG6XQSDodpaW2juqaGhsYmgsHghZ6mEEIIIYQQQgghhDgHzmoIqE0TPXYyas7tsSW+phl7o28xViiEsWUdOjMbPWUmRm5BbF++Y2bkwPL6sJkmOsEFLs+Jl/Xu2w2VZfEfVSSCLtmF2rIOPXkmyuXueXywC71zO8brz8PBA2fhri9ubpeLUSOGc8O1VzNuzGgyMzLwej0Y3c80GApR39DIhk2bee3Nt1m/aTOWdEsWQgghhBBCCCGEuKyctRBQKwM9bAxcfwvk5KGMwwGfdrugaBB651ai2XmovMLeA0BAd3bAwQp0JIrZ3gZtLeiMLNSRQaDWaMsiWlWB+eFijJbmHmMYLc1Y77yKrqnEGjIanZwCloXRUIf+eCPs3I5qaeo55mXGMAz65OYw78Y53HrzTeRkZ2Gz2dBHLssmFhL2zc/DlZDAJ7t2s2Hzlgs0YyGEEEIIIYQQQghxrpy9SsCUNPS4yZCdh2EcFfBp0P52DMPE5vHGKvx6oa0o1v7dsHNbrPivuRFrwwpUUkosyDNMsKKoUAirohTjvTdh98cofWzlmtHchP7wXay1yzGcLrTWqM4OjGBXbA/AyzgAVEqRl5vLl79wF/Pn3kiizwdANBolGArR2dlJV1cQrTUuVwJOp5PGpib2luwnGo1e4NkLIYQQQgghhBBCiKNt3rz5jM4bM2YMcDYrAbNyULkFKMdRDTy0RjXXo8r2ocJhLH8bVkc7pst9OIjTGh0JQ2U5xjsLMNpilX0q2IlasxzV3Iw1bDSWx4fREYDKMtSOLRgNtagTLF1VloXZ0QEdHWflHu02G4ZpEg6HsSwLpRQOhwOH3Y4yFOFwmGAwdMLltIZh4HA4sNttKKWIhCMEQ6FewzeP243NZqMrGCQYDGIYBk6nA5vNBjq2lDcUCh1zXkpyEjfNvp6b58wmKTERrTXBYJC9+0v5aN16tn68g+qaWrTWZGdmMnjQAKLRKHv2lfQYx+l04vN68fm82G12LCtKZ1cXbe3tdHR0HjNnr8eD0+lEKUUwFMTvD6CUwuf1kpyUiNPpJBKJEOjooKW1Lb4HocPhICkxkUSfF9M0CYVCNLe00u73x5+l2+XC5XLFx+7o6ERrjdfrITkxiYSEBCwrSrvfT2tbO11dsa7PDrsdn8/XfQ+2+D6I7X5/r888drwXn8+H0+HAsiwCHR20t/vxBwLxSkrTNEn0+TBNE8uKEujoJBgM4nIlkJyYhMcTW4be3NJCY9PhSlW7zRYb3+vF6XSitSYUCuEPBGj3B475PN0uF8nJSXjcbpRShEIh2v0B2v3+Xj97IYQQQgghhBBCiN6clRBQA9rhRNmOGk5rLH8bxoaPUBWl6GgEXXUA9fEWrFETwOUCDSrgx6osRX24GGPvzh5DGJ0d6C3rUDu2YtjtKMtChbowTqFiTRsGOF1otxsczliH4mAXur0N4zQbgthtNqZMmkBycjKbt26jobGR/oWFFPXvR0ZaGg6Hg8amJvaV7GdPSQl+f6DH+Uop0tPS6Ne3gIL8PNJSUzAMg9bWNioOVlFWfoDaujpC4di8HA4H11w1k9zsbLZu386effspLMinqH8/UlNSiEYj1NbVs29/KWXlB+jo7Iw9L8NgYHExs665mpTkJADCkQjbdnzCn597gdXr1uP3Hw6ztrGDD1etJsHppN3vj13bbicnO4vhQ4cyYtgQ+hcW4vG4CYfDNDU3s3P3HrZu38Hekv00t7QA4HIlMH3qZMaMHIHNZmN/WTlLPlhGbnY2kydOYPjQIaQkJ9HZ2cWBykpWf7SOzdu2Y5oGo4YPZ8K4MfQvLMTlSsDvD7Btxw6WrVjF7j17MUyTiePGMnnieOx2O6XlB1izdh1er5dJ48cyctgwUlKSiUai7C8rZ8PmzazbuAmtYeTwoYwbPZri/v1iYwcC7Nq9l+WrVrNtxyfxINAwDDLS0xg5bBijRg6nuF8/fD4vkUiEmto6du3dy7oNm9izdx/hSISM9DRuu2UuqSkptLf7+Wj9Bg5UVjJh7FgmjhtDfp8+WNriw1WrefaFF4lEo2RnZjJs6GBGDhtGcf9+JCb6sCxNW1sb5RWVbNyyhTXr1tPZ2YXD4aCoXyFjR41k5PBhZGdlYhgG/kCAsvIKNm3ZypbtH9PY1CR7OAohztgd82/h5jmz+dOzzzF/7o3UNzTy8O9+T+As/cczIYQQQgghxMXjrISACmL77VVVolPTwZGADoegpQm2rIWVSzA6Y79QGPW1WB+8g1VXjUrPQlsWqroSc88OqK9FWceGe0priITg0HuWPuaYo+kEF1ZuPrr/IIw++WhPIlpb0NKE2rcTvecTaG3mVBcFu9wu/u4Ln2fggCKefvYFGhobuXHW9RQX9cOVkIDdbicajVJSWsaLry7g/WXL46GaYRgMKCriphuuY+qkiaSnpWGYBqZhohQ0Nbewees2Fr63hPUbNhGORHDY7cy6+iomjh/LyjVr2b1nL9OmTKIgLw+Xy4VpGnR0drJnbwlvLnonfj2n08HY0SPpX1iIUgqtNfX1Dbyx8B1WfbQOfyBwzL0FuysNIRY+jhw+jJvn3MC0yZPIycrEbo91Zz403lUzrmBvyX4WLn6Pd5a8T01tHa6EBMaPGc1tt8zF7XJRUlpGUqKPyRMmMHL40Hglm9aacDjM6BHDeXfpMtwuF1fPnE5hQQEOhyN+zMTxYxkyaBCPPfkU5RUVDB86hM/fcRsJTiclpWUU5udTWFjA6BHDSfT54vs7jh83honjx1Jc1B8ranHtVTPp17cvTqcDwzDQWjNt8iRGDh/Gfz7yO3bv3YdhGOTl5nDrzXOZde3V5PfJxeE4fLxlWbT7/UweP54n//IMm7duJzUlhbmzb6Bf3wLa2ttJSU6itr6eeTfNIT8vD1t3U5zGpiZMm42i/v2Yd9Mcrp55BTlZ2fH5APFnUti3gO07dqI1TJs8kc/dfmv8/gzDQCmFZVmEQiGumDqZNxe+w5uLFlNVU3OK32IhhOhp2ODBTJ4wjvFjRmG32/lk1+4LPSUhhBBCCCHEOXL2lgPXVaE/XIxqaoCkZGhpRpftwbZrB3T448epaBSzugJVXwN2eyyECwVRx6nss5xOSM/CyusHySloNEZzE0bZXlRjPfRynuXxoUeNh0lXYBT0hwQXhmECsYYiasQ4opvWYL6/EJobTvkek5MSyUxP59abbyIUCtHa1sYHy1fS1t5OWmoqkyeMY/TIEbhdLqqqa9i4ZSvRaJQBRUV8696vMnXSROrqG1i2YiWVVdUYStG/XyHjxoxm7pwbKOrfj193PsqmrdtQSsWXnE6bPIni/v2oqq5h4btLCIfDZGakM2rEcKZMmkDf/DyilsWid5fgdrkZPnQoTmdsWbZlWezYtZtNW7b1GgAeyTRNBhUX8ZUvfI5pUybh9XiIRqPUNzTS0tqK1+shIz0dr8fDyGFDSUtNxeGw89dXXgNiYadpmpimSWFBPl+5+wt4vR7a2/20+/0k+ny4XS4cDgeDBw0kNycbwzCw2+20tLZhmgZJSUnYTBOP2820yRMpKz/AX174a2zs7vH75ueRnZmJw2Gns6uL2vp6En0+PG43Drudon6FfPGuO7AsjSshgUBHgI7ODnw+H3abDbfLxdTJE5k/90b+638eI9Hn467bbuWO+beQkpxEJBqlpq6OhoZGkpKSyMnKJCkxkRnTp2K323no4f+OfZe7PyOPx8O0KZNRSpGdmUFXVxfhcASbabJ333765ufx7a9/jRnTpuJ2xfan7OjspKm5mY6OTlwuF4k+L1XV1YTDYaZMGM93vvUNBg0oRilFoKODquoaIpEI2VlZpCQnMbC4iC9+/k66gkFefG0BnZ1dp/w9Pht+9bN/Zc7116GMU4vRo9Eoz7/4Mr/53e/P8czOvXk3zeHBH/+AhYvf44cP/PxCT+e4Xv/rs3ywYiWP/P7xXt+/VO5DfHqjR47gP/7tZ6SnpfL0sy/w6BN/BODrX/0yA4r70+738+77HzB+zGh8Pi//3z98k2f/9hJl5Qcu8MyFEEIIIYQQZ9NZCwGNcBhdshtdcxCcCRhdnbHw73jLdhWgDDS612o8DWhfEgwfA6MmQF4hyu1GocDfjrX3E4xl70BleY/GIJbdgR40DHXVHOhTcNQSZYUyDUjPhClXY7U2Yby/qNfqw+Pep2GQnpbGm4veYdG7SzhQeZCuYBeJPh/19Q187vZbKe7fj+FDh7Btxyc4HQ7mz53DzOnTqK9v4E/PPM/qdetobmlBocjMzOC6q2byudtvY+Swodx123z27t8fewDEgqauYBcrVn/EO0vep/LgQSLRKEmJiUydNJH77vk78vP6cNet89i0ZSs20ySne+koxMKXispKmpqbT3BXMclJsaBr4vhxeD0etNbsLdnPGwvfobS8nLTUVK67+kqmTZ6EzTTJzcnmuquvYsfO3ezas7fHWA6HA1fU4qN1G1i+ajWBjg4mjhvL9ddchcftxm6zkZyURHlFBSvXrGXXnr243S5umTOboYMHYZomTqeTEUOHkJyU1GNsp9OJZWnWbdzMR+vX09TcwugRw5k/90acTiemaeLzeqmuqWXJB8v4eOcuHHY7c2Zdx/Ahg2N7MtpsjBszmuSkREYOH8ZNN1xPSnIS0WiUfSX7ef3tRezcvYf8vD58/vZbGTSgGLvNxoSxY7jmypmsWvNRfD52m4283BwCHR2s+mgd2z7eQaCjA5/Py7ZPPuHWm29ixrSpeNxuotEoNbV1LFuxkk1bt9Pa2orP5yWvTx+2bN+Oz+fl9vm3xAPAzq4ulnzwIe++v5RwJMoVUydz0w2zSElOIisjgxuuu4ZlK1ZSXlF5yt/hsyG/Tx98Pu9pnZOWmnqOZvPpPPTAT5gxbSr/8uOfsmbd+gsyhykTJ/CbX/4b2VmZAITCYZ546unjBngn851vf4OBA4ppa2uPj/+rB/6V199edMZjXigPPfAT5sy6jp/98t9Z8NbCCz2dY8y7aQ7f+6f7+fVvH73o5vfTH3yPQQOKWfrhCnKys/C43RT178e/P/hT+hbko7Vm0vhxlJSW8fP/+A3f/879fOHO25l93bW8v2y5hIBCCCGEEEJcZs5ed2CAaAQ6O6AjANFIbBnvUbTDCfn9sIaMhLQMsCxURSlsWYvRcnh5rnZ70dOuwph6NTojC9O0waHxPF6s5ORYwPjmX6G9LXYOoFMz0NOvQeX1RXUvyeyN6fMRHTUR1q6EtpZTvkXLsigtK+PZv71E+YGK+N567e1+Vq9bz8zpU0lLTSEnKwu7zUbfgnxuuPYaDMNg5Zq1LF66lPb2w5WRZeUHeP3tRfQtKGDu7FnMnD6VV15/k5279wAQ6W7YseCtt9lbsj9+vba2dha1LWHooIHcMf8WRgwbyvChQygrPxBvSnHofL8/QCh84iYSSikK8vKYMXUKyUmJALS0tvH624t4ecEbtLa1YbfbKdlfSmFBAYUF+dhMk775+UwYN4byiopjxty8dRv//fvH2FuyH8uyqKg8yIhhQynu3y92D+3tLFy8hJcWvE5dXT12u51Er4+BxUWYpomhFB6PG4/b3WNcrTXbP/mEPz79F7Z9vINQKMT2HTuZPmUyeX1yAejo7GTJBx/y9PMvUFffEKsu9Ljpm59HakoKSilSkpNJSU7huquuJDsrE6UU7X4/H65cxetvL6K5pYUdO3dR1K+Qgvw8fF4vCQlOpk6cwJZt23s8O8uyWL9xM398+i/s2VcSW9LtsDOwqIgbrr0Gj9uN1pqW1jbeWPgOL7z8CnX1DUSjUUzTxJWQQDgSYea0KYwbPRLDMLAsi+qaWv726mts3fYxAJ2dnYwcNpTkpMTuZeb96VdYSMXBqvO6N+Ci95ZQW19/ysdHrSjLV685hzO6dB0KAPeXljHtutlALPj66he/QFn5gTMKlh75/eM9wr6szAy8ntMLbcWpKewb28rgYvO1L3+RO+fPw+VKYPKE8fHX586eBcT+Obpi9Uf831+e5Qt33M5bL79AakoKO3bu4j/++3cXLBAXQgghhBBCnDtnrzFIcgq6eAi6sDhWhVa+n+j2TZhHLAW2vD6scVNRE6ejsvPA6Yx1Dx4yEhISYNli6Io1uNDFg1FTr0Zn5qC6q9ri3YQBw+kiOng45qp0dHtbLDw0TMjLx+g34IQBYHyMxBRweU4rBNRa09bup7GpKR7IHeL3B+jq3lvP3t0xeOyokWRmpNPuD7B5+/YeAeAhDY1NbN66jSunTyM9LZVhQwezc8+eQxckEAjQ1NxyzPXa2trZuHUbt9w0B7fLxcCiIioqD2Ioo8d8o1b0mHOPZrfb6ZObQ16fPvG98A5WV7Pt4x20trXFu9h+vHMXn+zaRd/8PJRSeD1u+ubnk5SYeMyY5ZWVlOwvjXfqbWxqInDEkuSuYJDKqirqGxoJRyKEIxFq6uqIRKM4u48xTTNe1XjkPVVV11BaXh7fvL6uvp5Ax+Gxw+EIldVV1NbWEY5ECAH1DY3xxisApmHEnveQwZjd3xfTMCku6s/nbpuPRmOz2Rg0YAD27opSpWLVm8nJPasTW9vaWLdxE5/s3h1fmtvV1cXA4iIyMzMOz7umhmUrVlJVfXgfv0gkQrvfj91mY/jQIfi8h8MaV0ICV11xBZPGj8NQBpmZGaSlpsb3QHS73fTpXlZ9PkPA5196hedfeuW8Xe9ylpWZgcPhYOPWrfHXfvjAz2WJrvhUPly5itvn3czA4iK01lQerKKjs5M+uTl4PR78/gBLPljGmFEjcTodWN177SYlJdLUfOr/ThRCCCGEEEJcOj59CGgYkFcIM66PhXlebyysGzURUtLQixegtI5VAI6cgLruZlRaRizY6w4ytN2BNXYqbNuEWXUAbbOjxk+FjKzDAeDRlEJ5fODuvp7WKLsNktMgwXVKU7eiYWzR0+sSDJwgUOv5uqEM+vXti81mIxgMUn2cBg6WZXX/gtaBaWaQlZGBaRwOMbU+/jXr6xvo7OzE43aTlppCKBSKdwoGsJkmPq8Ph/3ElSp2m4201FTcrsPPrrGpKR4AHhIMBjlQUYllWZimic1mIykxEVdCwjFjRiMRrCPOtSyrx89a6+4Euecxh66nlIqHXUfSWhOJRnqEXrHzeh6D7vmJHDn2IUmJiT2WG3s8bqZOmsiEsWNic0DhcNh7VPq4EhKOuV+/P0BdfT3B4OGKS8MwyMrMjDcJsSyL5uYWaurqjrknAMM0ycnOxug+XilFRkZ6PJAE4sukDzENA5/Xe8oNbs6WL9xxG2NHjzrl46NWlGUrVrHo3SXncFZnzzP/+xhTJ08Ejr80Ny01la1rluP1eHocc6iyb/2mzUwYOya+xPfFVxf0GuzV1tUTCoW44dprel2qe2i8HTt3MWnCuB7XGzdqVHyee0v2c8P8O4Ce+/3V1tdz3z1fwWG3c/9993LfPV/hiaeeji/1PN59XCoeeuAn3HnrvPjPRz/nQ8/C6/H0OO/QcSc6/9CzX75qdfy1I5cnTxo/Ln7uw7/6OQ/++AcXxbLla6+ayW23zCUrMwOtNQvffY9//N4PAbj7ztv53j/dT4Irgbmzb2DZylX81/88xntLP2DGtKnsLdnP7r17T3IFIYQQQgghxKXoOAnbqdFao7Ny4YZbYdIMSM/EcHlQCW50eibW1KtQ6ZlowMrMgelXozKyYlV6R4Q7yjAw0jIwk1JAKSyvj2jxIJR54ozSioRQ4VA86dGWhmj0uE1GjqbKS7HaWs/09k/KMBRutwulFKFwmGjk+PPq7Ooi0v2+56hfVk8kGo1iWRqlFJFolHa/n4rKg/Gwy2az0a9vAelpaSeZq4HNZsN2xB6KVtQietSz1FoTjkTi48eDtV7CukuBaRqY5uG/BoZh4HQ48Lhjy5Ddbhc2mw3LsohEIkQikV7DyahlEQqHewSTSsU+/yNZ2sKK9l6xp5TClZDQI9AzDQO32xWfT4LTiSL2uUe6P4fjBuXn0OzrrmX+3BtP+X+333IzM6ZOOe/zPBPP/O9jjBwxjO/+6CcUjRzHgjff5r57vsJ3vv2NHsdNmjCOn/3y3ykaOY7yAxXcMe8WpkycEH9/1rVX89KC1ykaOY7VH61jzqzrmHfTnGOut2bden7920fJyc6iZNtGVr23qMc4x7ve/ffdC0DRyHE8+sQfycnOOmaOEFsa/MOf/RtNzS08+sQfGTJuco+Q72T3cTF76IGfMG/ujTz6xB/jz2He3Bt56IGfALEQ73v/dD/btu+Iv+8PBHj0iT/GA8ATnX8yP3zg5zz6xB9pam7huz/6CaOmzLjgASDA8KFDuPKK6SQlJtLR2cnyVYeX4j/34svU1NXF9jgdN4Zpkyby2JNPsW9/KU898xwrZNm+EEIIIYQQl61PVwno9aHHToYRY1BHVCdBLNCwebyQ4Aa7A1U0CFXQ/7hhUTQSxB4KojXYHQ6iTnevxx3JPFiJ1diAcSgFjESwDh7AamnGlpl9wnMj9TWYy9/BCAVP7V7PgGVp2tpjG/M77PYTNlLwej3YbGZs37iWFqKn2KwkMdGH2x3rONvc0oLfH2BPSQlXzZiOw+HANE2GDR3MiKFDKK+oiC/NPXauFqFQKH5dpRSJiT5crp4hllKKlKSk+PJZDQRDIUKhE+85eDGy2+0EgyHCkUj8tZq6Ot5buox9JfuPe15XMEh9Q2OP13qr1IxGo7S0Hg6ZDcPA6/GQmOijura217H9gUC8etGyLLbv+IQ3Fy0mHD5+xerWj3cQOcXg+2ypOHiQ9nb/KXcHjkQiPZZAX6ymTJxA/36FbNu+Ix7m/PCBnzNm1MhjKvUWLn4vfszmrduYMW1qj7E2bNwcP37j1q0MHjTwuNdd8NZCFry1MF619uyTj7P6o3V86evfjB9z5Jw2b92Gz+vlD08+BRCv6svKyDjtez7ZfVzMxowaSfmBivhzfuT3jzNu1ChmTJvKlIkTjllqvXb9Ru6Yd0v8OZ3s/EtVfX0DjU1NZKSl4XQ4GHLEd2/m9KmkJCehtaazq4uWtlYK+xZQVn6A7KxM2tv98W0WhBBCCCGEEJeXMw4BNcSq/YaMxHQeuxQUIBpox9YZANNEZWSBrffLacvCrD6I1VSPgSbcFUQ3NWDz+o4NDXX3wsjmRvS65aj2wyGL0ha26gpYvwo98zpweQ4vO9Y6VjUViRCprkAteQtVuu9Mb/+UWNqitKyccDiMz+tlQFERK9esPaa6zjCMWLdVr5dARwc7du0+emVxrxx2O6OGD8NhtxMMBtlfVk5HZycfrdvAtVfOZNCA2P6Mmenp3HnbPJpbW1i3cRMdHZ3xOSilsJkmhmlQV19PS0srHrcbpRR9cnMo6lfInn0lBLv3OkxPS2PwoIEopWK/RHZ0Un6ggtbWc1dRea6Ew2EaGhupqq4hJysr1uAjarG/rIwFby3ssawaYp+TYRhEIhGGDh50StfYvXcfwWCQhIQElFL0zc/jyunTqKquod1/eH9IpRSRSISS0lLC4XB8D8JINMqyFSt7bfxhmmavS5zPhx89+At+9OAvzvt1z7WszAy8Xg+VVVU9Xq+vb6B/v8JzHgwdCgMPVah959vfYO36jef0mpeqKRMn4PN62V9a1uP1yqoqRo4YRlZmRnyp9bhRsaXrkyaMw+v1UFtff8rnX4qee/FlnnvxZf76pyeZMG4Mt8+7GZ/Xy864RzE3AAAgAElEQVQ9e/j87beRlppKc0srP37wF8ycPpU3/vYcby1azIzpU2lpaeW7P/qpLAkWQgghhBDiMnTmlYCmSTQxBZWc2uvbOhrB2Lcbq6U5tvw3FIqFcEcfZ1nQ3Airl8UDPbO9hejHGyEjC53gOrzcUWu0FYW2FtSK91DbN6EiR1VI+dth+WKwouiR4yA5FW2YqGgE2lrQBw9grlqCKtnTa/fis23D5i1UVlWR16cP0yZP5MOVqygpLYsHOkopcnOymTxhPF6Pl9379rHt4x09xjANA7u950cVa1hRzNRJE7HZbGz9eAfbd3yC1pq9JSUsfn8pmRnppCQnYxgGo4YP4zvf+gbvLHmfjZu30tTcTDQaxePx0Cc3B4/bTUXlQT7+ZCfZWZnYuvcInDv7BuobGtlfWoYzwcktc2bHAzDLsqiqqWHTlq0EOnoGZpeKtvZ2Vqxew9DBg3C7XGSkp3Hj9dcTCHSwdfsOAh0BtI41CMlMT8ftcbN+w6ZTHn/HJ7v4eOcuxo4aGe9IPHfODbT7/azdsBF/IIBpmqSlpNDS1sa6jZuprqmlf2FfDMNgUHExn7v9Vha//wF19fWEwxFM0yDR5yMtLZXy8gqqa2vPexBY3L8fQwcPOqZpy/FEIhE2bN5CTW3v+yFeLGrr6vH7A+Tl5vZ4PSMjnXa/nzXr1ve6pPdsW7thI3NmXXdGlX2fFWvWrafd7ycjI73H63m5ufj9AWrr6lmzbj3LV63mzlvnUbItFqa++OqCeOXfyc6/lH31i19g2NDBAHg9Hm67ZW6P91OSk7jr9vls2bodu83G/Lk3YrfbKSs/IAGgEEIIIYQQl6lPsRy496YNsYo7C1VViV67HCMSju0dWLoX6mvRGdnxUM+KRlGtzfDRh7BrO6p7WabSGlZ9gOXyoAaPQPtijRtUOIRurIVNa9HrVmEE2nuZFbFQccmbqB2bsXLy0S4XKhCAmkp0XQ1GoP28NVIoKz/AO+8t5Yt33cHI4cP4wp23s+CthdTW1WFZFmmpqVx/zVVMGDuGzq4uFry1kJraOjzu2HJowzDIzs5i1IjhmOZOurqCOB0OCvLzuGP+zRQX9ae5pYXX314UX27Z3NLKO++9T1ZmJtdffSUpycmYpsnggQPo17eAuoYG2tv9hMJhPG43GelpVFXX8MgfHueD5SsZMngQebk5OOx2pkyaQGZGOiWlZSQnJTJq+HDcLheWZdHU3MzyVWvYvG071ikuX77YRCIR3l+2nEnjxjF+3BjsdjtjRo2gID+P0vJyauvqsSwLr9dDYUEBTc3N/PP+0lMev7a+npcXvEFudjY52VnYbDYGFPXn/m/cy+z919LQ2ERCgpM+OTm8t3QZz7/0Mm8tWszf3f05khIT8Xo93H3XHcyYNpUDlZW0t/uxmSa5uTmkp6Xx2JNP8ebCd3p0PT4f/vX73+WK09zj73iNMc63Z/73Mfr3K+RffvxTAGZMmxoP+AD2l5YxcsQw5t00J16V17cgnyeeevqczWf8uDE9GnLcdnMssFm74exVAToc9ssuVNy8dVu8YvKR3z/Od779DcaPG8OCN99mzbr1TJk4gckTx/PoE3/stdnJyc6HWFA4ZtRIINZkZM6s644Zx+GwU9i34Nze7Gl68dUFXDVjOoMHDmTDps1cecU0nE4nG7dsxe1ykZqSgtfj4Vv33kN1bR1fv/87/OM3v86sa65myRuv8oMHfs6GTZsv9G0IIYQQQgghzqIzDwGjEczGenRlOTolDWWzA2B1dUBVBWrpItS+nQCoaARdshOWvAWjJ2Ilp0I0AvU1sHM7bN+Aam3hyGTObKjFWvQqevtGVFYuGCa0NWNWHkA31KBOsged6uyA/XswSnbHOgmf8Y2evljD21hlVigc5qUFr5OSksyVV0xj7uxZjBw2lNLyA0QiEfLz+lBYUEBHRwevv72IRe8u6bHs0zRNBg0o5h+/cS/7S8tpaWvD5/VS3L8fudnZ1NTW8ebCd3hj4aL4eVpr9peV8+fnXqC5uYVrrryCPrm5uBIScDqdFOTlHZ5r9zLpQKCD9LQ0Vq7+iMzMDG664XoK8vJwOh0MHjiAwQMHxM8JhcPU1Nby/rLlvLzgDRoaG0lNSe4x5gmfz6H3T3DYoXlZR411orFPZ2ns4cYmmv2lZTz5l2cIRyKMGDaURJ+XzIz0eGdNIL78ub4hkfw+feJLhU92PcuyWLj4PXxeL7fPuzn+TDPS03s0a9FaU1Nbh/mqyd9efQ2bzcb111xFXm4uCU4ngwYUM7C4qMfYkWiUwQMGsNix9LyHgKdLa03U6r0hyvn2pa9/k3dee4lnn4yFQjW1dTz40H/2eP+Z/32Mh3/1cx7+1c/PecfcL339mzz0wE+4/757480+/IFAvMvs2ViCvOCthdx281zuvHUed946jxdfXXBWA8ZzzevxxD8PONyx+VCofOSzOzJsXrNuPR+t29DjfYh95v/y45+e9HyAd5a8z333fIWSbbHK3YWL3+Paq66Mv//I7x/nhmuv6dF5+WLorhzo6ODLX/8WANMmT2LMqJGkp9n5ZOduHnjoPwD41c/+lQFF/eP/YcnW/e/x1ra2+BYQQgghhBBCiMuH6j9i7BmvI9TOBKxho2DyTEhJR0Ui6Moy2LwWVbIL44hfIrTW4HKjs3LRyakQCmHU10JrI+okAYZWKhYCWtHTXsKrlUKbtlgQaJ165+CjedxufvqD79GvsC+bt27jt3944pg94wry8rj3q19m0IBi3lu6jBdeegV/IBDbC64gn+uumsnE8ePIzc7G5UpAawgEApSWl7Nm3QY+XLmK6ppYwwif18uvf/EgV14xjcqDVZSUlpGVlYnX7QalCAQClB04wAfLV7Ji9Roam5qPmbNSivS0NCaMHcP4saMZUNSfjPR03C4XpmkStaKEgiEamprYV7KfRe+9z9oNG0lPS2XS+HFMmTiB4v79SE9Lw263E7WitLe3s7+snLUbNrJ85RoOVFbG5uvzctet87lm5gwcjtgvkovfX8rTz/013jQkr08u9993L8X9+wHQ2NTMCy+/worVHxHprgK95soZ3POlu0lwOrG0prSsnD89+zwjhg1l/k034nDY0VqzbOUqnvvbyzS3tMSv/5Pv/wtF/QqB2DLfV15/k0XvvR/f//DqmVfwudtuJS01JX79n/7yIWpq63A6nQwfMpjpUyczYthQcrIy8bg92Gw2NJquzi5a2tooLSvn6edeoLOri+/+w7fIyc4CoOJgFS+89MpxgxWf18v0KZOZOX0q/Qr7kpaSgjMh1kwn2BWksbmZ9Rs38adnn6exqZnUlGSmTprI1EkT6d+vkPS0NJxOBwpFOBzGHwhQW1/P0mXLee2tt+ns7L3hixCfZd/59je45cbZ/OiBX8Qr+6ZMnMBvfvlvLF+1+qKoTL3Q7r/vXr517z04HA4ANm7Zyp1fvucCz0oIIYQQQghxpM0rP4j9/+YzW60zZswY4FN2B1bBLoyPN0NNFdqbCJEwRmM9tLeijqr6UUpBVyeqvATKS075Gtow0DY7WFZsjFOt9LLbIT0LnV+ITs3AMu2Y/las6gqoKMPsPL3uh51dXTz1zPN43C5a29ro6qVKor6xgWf/+hJej5v6hkY6uzvxaq0pKz/A8y++wocrV5OdlYnX40WjaW1t5WBVNTV19b1WXliWxe59Jfzx6b+Q4HSSlJSItiza2v0crK6mtrbuuFVgscq1Bha/v5S1GzaQnZVFZno6Ho8bp8NJOBKmo7OTuvqGWDfJ5mYikQg1tXUsencJ6zZsok9uDpkZGbhcCYTDYRqbmqk8ePCY+XZ0dLL4/aVs3Lwlvk9cfUNDj662DY1N/OnZ5+NLnYOhENU1NfEAEGDLto/5zW//B8Mw0FrT0dnJwapqWlvb2LuvJD52Y1NTj8YanZ1dPPXMc/Gxw5EINbW1PZqwbN3+MfX1DfFfdiPRKE3NsRAxGAyyaes29uwrITsrk6zMTBJ9PpxOB9GoRaAjQFNTM9W1tTQ2NmGz23j8qadxdo/V2dV1wu637X4/7y79gC3btpOVlUlGWhoeT2yugUAHDY2NHKyuprklti9mU3ML7yxZyrqNm8jNySEjLQ2324VSiq5gkLa2NurqG6hraKCrSyp2hOhNVkYGqSkpZGUeXgZ985wbSE1Nobb+0t7z72xJTk6iqyvIU888x8zp0wDi3YKFEEIIIYQQl5dPVQl4JK1173sEHnkMxAI900BFohAJH/ccy+GEzGx0fn+szGyUZWE01cdCxJqqYxuCxOcB2uuLNQUZPRGVmwduL9owINiFaqyHPTswVn8A9bWf9rbPiFIqHmYd3Sn4kEOVgDOmTeHdpcv4xX8+TENjI6ZpxpbJnuHSykMdbg2lsLrHOdlYpmliGgaW1j0Cu8vZoc/IUAoNp/ScTodhGJiHvgOnMPaRx1taH/d7I4To6Zn/fYypkyfGfz5yqbUQQgghhBBCXAouikpAbRjoBBeGMwEiYXQggOqlQYQGLF8SFA2EPn3RThdGSwN6706MqspY594jWM4E9IRpqHFTITMHw+1GaaCzA6uyFGPlUvTObb0GgdqXiJo4HWbeAOmZKJvt8J6AHh86KRWVnUs0MRnj7ZdRTQ2f5hGcEX0GIc6hvec+bfhzJmFWNBr9zIVOhz6jc3XXp/s5nO0QUojPii99/ZsXegpCCCGEEEIIcVE4oxAwHuoNH40aOppociqG34/eth62b0T5j+ra27cY49ob0f0HgicRZSgIh1Gle7CWvIWxd2c8CNQ2G9b0azGvvQmdnIJhmHCoWtDjgaQktMsDbS1wYH+PPQK1zQZDR6KvuQnSMuJdiI+kTBO8SaiJVxBtrMNc/MYxIaQQQgghhBBCCCGEEJeT0w4BtdZYGdkw4zrU+GmQlBwL27TGys7FiERijUEOVenl5BGd/3nMoiHgcBxe/utMgCEjUa3NqIZaaKgDIDpwKMaseeikJJQ6OsRTKLsTXViMHjgMVVsFXYebc2ivDz12Kuo4AeDhYRTKmYAaPx29bSOqsvx0H4MQQgghhBBCCCGEEJeMEyRlvdPOBNSVszBmzIpV29kdKNMGNjtGdi5q0HAMlwsAy27HmjUPY+CwngEgxKr7bHYoLMZKTY9VF7rcGNOuiQWLxwSA3ecoFRsrOwflcB6el1Ko7HyM4kEnDgCPHC4tHZ2RfbqPQAghhBBCCCGEEEKIS8rpVwIOGo6adjW43Rzd0kOZNqKpaVh2Oyag+hbBiLGxsK83ShF1eyHBjakMyMqFwgEnbTCilEHUm4iy2Q7PQRnolFSUM+HUb8YwUG7PqR9/HgWDQZavWk1VTQ279uwlFApd6CkJIYQQQgghhBBCiEvUaYWA2jBg+BiUx9f7+1qjujpRlhWr2CsoAo/3xIOGghCJABrtTUR5T3I8oLWFamtFhXs2BrFMEwOOCSePR0UtrED7yQ+8AELhMH97dQFKKWkKIYQQQgghhBBCCCE+ldNaDqxtdlRmzvHfD3ZCzUFUMIgGIsmpYJjHOVijLQtVW4XR3BBr8GGoWBfgE05CQ1cXHCiNXS/+uoVZWwMB/ynejEbXHMSoPHBqx18A0WiUSCQiAaAQQgghhBBCCCGE+FROKwRUVhTd3trre9qyoLYGo2QPBIOgNUZrM/q4nXc1+NtRJbugtTk2fl0Nuq3lhHPQVhRdWQblJXBEJaDSGt1QC6V70JGTd/vVHR3odSuhqeGkxwohhBBCCCGEEEIIcSk7vRAwEoHKMgj33J9OWxa6tQm1dT26shRlRVGALtuL6i1k0xo6O1E7t8HO7ajO7oq+pnqiOzajQ8Fer6+jUag+CGtXYNbXxKoHj5xfWwt67QpURdnxg0CtsdrbsLZ8hLnpI5QVPZ1HIIQQQgghhBBCCCHEJcdMycp54LTO6OxA5eShk1IAFQvsqipg3UrUupWo5sbDe/J1BMBmR2fldncH7q7ka22GrRswVryHqiiLB3EqGoXGOpQvCZ2UDDZb9zkWdPhh/x5Y/i5q2wYI+I9tTKItVGszuq0V7XKB04Wy2UApdDSK7vCjDx5ArV2OsWwxqqn+0z4/IYQQQgghhBBCCCHOmW/c8xUAampqzuj8nJzY1n6n3R1Y1Vaj330dDpajnQmoQDuqtCRW9dfa3KM6zwh2odd8QLQjgJmbj2W3o0IhVPVB2PMx1FbDUcuFjZoq9MJXUAdKISMLy26HaATVUAcle2KhYVfH8efX2QEfb4LmBigsRmdmo50JEImgGuvRB/ZjVOxHt7XFmpcIIYQQQgghhBBCCHGZO/0QMBqBXR/DgVIwTFQkDMFOjOhxltU2NWKu/gCV4AJFrHNwMBjrCtzb+ICqrkQ3NaAdTpShwNKocAhCwdj5J5tjsAtK96IPlqMcTjAM0GCEguhgF2iNkgBQCCGEEEIIIYQQQnxGnHYICLEGIfjbjlmO2+uxSqFCsdDvdGI3FeyKhXlnSGmNCgYh2PO6Ev0JIYQQQgghhBBCiM+a02oMIoQQQgghhBBCCCGEuPRICCiEEEIIIYQQQgghxGVOQkAhhBBCCCGEEEIIIS5zEgIKIYQQQgghhBBCCHGZkxBQCCGEEEIIIYQQQojLnISAQgghhBBCCCGEEEJc5mwXegJCiPNv3YoVF3oKQgghhBBCCCGEOCWRszKKVAIKIYQQQgghhBBCCHGZkxBQCCGEEEIIIYQQQojLnISAQgghhBBCCCGEEEJc5iQEFEIIIYQQQgghhBDiMichoBBCCCGEEEIIIYQQlzkJAYUQQgghhBBCCCGEuMxJCCiEEEIIIYQQQgghxGVOQkAhhBBCCCGEEEIIIS5zEgIKIYQQQgghhBBCCHGZkxBQCCGEEEIIIYQQQojLnO10DnY4E3AnJmF3OM/VfIQQpykcCtLR1koo2HWhpyKEEEIIIYQQQoiL1GlVAkoAKMTFx+5w4k5MutDTEEIIIYQQQgghxEXstEJAm91xruYhhPgU5O+mEEIIIYQQQgghTuS0QkCl1LmahxDiU5C/m0IIIYQQQgghhDgRaQwihBBCCCGEEEIIIcRlTkJAIYQQQgghhBBCCCEucxICCiGEEEIIIYQQQghxmZMQUAghhBBCCCGEEEKIy5yEgEIIIYQQQgghhBBCXOZsF3oCQnwWmYZBekoSOempZKUmk5zow2YaBENh6ptbOFjbQE1TC/6Ozgs9VSGEEEIIIYQQQlwGJAQU4jxzJzjpm5NJcX4uDrsdu81GZzBIJBrFYbeTmZpCSqKPPq1tlFbVUt3QTDgSudDTFkIIIYQQQgghxCVMQkAhzqO05CQGFeaR5E7ANE0O1NTT3NaOv6MzHgL6PC6y01JJ8nkZ0t9JVnoam3fuJRKNXujpi/OlZgW/+88/sTPlDn70/88m33EWx/bv4K3/fpRnV31Ccxg8+dO5519/xk3FzrN4kUvcuXz+QgghhBBCCHGBSAgoxHnidSWQnZZMWpKPaCTKJyXl1DQ20xUMEY5GAIWhFE2tbbS0B8hJT6VPRiqpPje5GakcqKm/0LdwAo1sffNPvPbmSjaUNBEGPPmjGT/3br40axL53gs9v0vLzld+zNtbAR7irdtm882hZ2vkvfztH77JUxWHXwlUhHCkSgB4pHP3/IUQQgghhBDiwpHGIEKcBzbTJDM1mT4ZaYTDYfZVVlFaVUNboINQJILWoLUmall0hcLUNTazv7KaitoG7DYbxfm5uJwXaTlSzQp+85X5fP+RN1jTHQACBCq28OEfvsff334Pv/mg+vxOafE/MuuaGTz2yXm97FlTdNV9DPaAvegLXFl89sYNbXmdZyoA+0S++6f3WPz+cha//jOuTD1717gUnOz7ca6evxBCCCGEEEJcSJ/RSkAfU6+fTp+6lby0pf1CT0Z8BiR6PWSmpeCw26hqaKKsqo5w5PjLezXQFuigsq6BJJ+HrNQUstNSKK2qPX+TPiV7+dsPfsx7FeAZdR8/+/7tjMqOVZWF/NXsXPwEj/9xKe/9+SWum/CPjDpPFYHN+7acnwudI46hd/PbN+4+6+P6a2tiIe3cu7m+oLv6z+vjIo2Xz5mTfT/O1fMXQgghhBBCiAvp/IaAScO44+oCfId+Dhxgwbs7aDqvkxDi/EvyeUj0uOno6qKmoZlQOHzykwB/RxdVdY1kpaaQl5V+8YWAnyyKVZZl3cev/+tuio54y+HNYdRtD/DYtFvYypjzFgCKU/FZi/2EEEIIIYQQQpy/EDBpGHdcnc7BpYtY3Rp7qXj6bOZNb+GplQfP2zSEuBDsponTbqOjq4vmdv8pnxeORGj1B4hEo+RkpJ3DGZ6ZpooDscqyglRSjndQ9hhGnb8pAY3UVpz8KPFZJd8PIYQQQgghxGfTeQwBPfgCDexqPfzSvpWL2HfeJiDEhaGUwjAUpmGgNURPsAz4aFprwpEI4UgEjyvhHM7yzDg83eV9B/ZSEZpN6ikUmJW8cCfferKGrL//P/7y+QG9H1TzOv9098PsyrqPPzx/qMKwkZ2Ln+NvL7zDmgo/4CVv2g3c9bm7uX5oGtDI6p9/jV8tO7wv4YL7Z7Dg0JgTfsgL/z6bHtvf+fey7M9/4pnFK6kMAJ4Cpsy6m7s+P5shR+2T17T4X/j8f65j5oNv86PpULHuDf7vD8/F5mJPZfC0u7nn23cwKhUgSM26l3n80PueAqbM+ipfu/eaU+s0+8nvmHX/y8DtPPL+PzLkuPPw0bTlJR7/y+ts2HqAAA5ShtzAPd+5j+uLfUeM9xJf+8GjsXsEePWbzHo19sfx33+NX846HDD7973PM395jg/X7aM5DPaUYsZfdTdf+rtrKOqtmrN7roc+z6Ytz/G7R2L3bR/1Q578r9lks4PHrvkmCw59nk07eOvPj/Ls4sMdiq/7u/v42lV9YzWKPd53kDJkOnf9/f3MH32cINxfzvrFf+LFN9exrcIP9HbOaXw/TvD8z9ZzOvp8T/507vrOd7nrePcohBBCCCGEEJ/S+QsBWwO0ewqYVLCDRQeOd1AfZs8fSU73T+2lR+zZd/RS4vptR1QQ9mH2/GJal+4j6eqR5NDBrqUfsro1Vm04I6P7sGOWHycy9frpDPbEfqreuOgEcxPizEWjFhowDAXq1M+LBYgGpmFgWfqcze9MeSfO5kb7Ut6ufZkf/7ODX/7bN7pDsOMrmnY3/Z98mP1/XsTOzw/oNWCpWb+IXUDW3IndAWA17/7gSzy8PnTEUX4qV73Mw6ve4LVbf82vv12AP3A44DkZ/5bH+d4Pnmf/kScEDrDm1YdY8+br3PM/v+Wu4mO75jbXruO1f36Yx7ceUdEZbmLXskf5fkkjj/zXbEoe+SaPrvIfNe6DbKgI8eS/zyb7FOd4Is21W3jrpw/1vA4hmne+wcP3baH5iWe5K97UovpwAHhcjaz//fd48NV9PZ5huHkfa1598P+xd/fhcdV13sc/VdrS9EnSURqlNQQanjpCdYo7LS6PHdJLo0XXdscFe09lA3Tv1HLHessqjKOsuOJIIWuR2O1sF3QsulAd2YYBRW3pcZvxLjAFJIU0NsWkOg22QICmkvuPc87Mmcnk+bGT9+u6cm2T8/Q7ZyZx58P3+/vJiP1AK79zrz53fv6VhA+3v6a2R7+g67+1J31851lzs+/1cKuef+Ib+va/1mc999dbdmn77Xt0SPerZvqP9eXbfuLYflyvPP9Lfa/mRbXV/rtuyrr+ET0dDSm0+Sll3559zC4lvni//uVq839VBvL+6NkQn1PbQTV8945ux7/esktbavbopdDD+udLZuY9FgAAAACGYhRDwGf1499N15oPLdeaD+UEfJLMxTo+oBkHdmnLU6/KXrxj+fwd2nFwppZ8eLr2PmxVDs6+QJ++4gNaPv9lR2hXpHOveJ9+8/AO7bB+cvYly/W3RQe1/WEz+Cu+6FJ9eL7Sx8w882zplzu05ai5bcWHLtbZB/dQnYhh1dXVpS5Jxzs79fZf31bRtFN1vLN/LcHveMckFZ06VUXTTtWx1/pMcUbflA/rxu/8nZ6u/okOPf9DffHTP9O5lwV07eoKLZ7fQ5Ax/2J99Dyp9vmf6bGnbtB5F+WGJUf0zJPPSZqrjy42KwVf23WfGQDOq9AtX6vRZfOnSnpL7S/u0raNYXUuPl8zNFW+b/5GPh1R/EvXKNwgraj9jW46P88YDv5UX675oZomn61lX7xFay5fYFYxHj+il564T9/4Vr223P4Tef4je55DSXpmU0jPWMfdePUCzdBbattTqy/f8jMdavmhNnzmJ+rsnKtlX7w7vb3libC+enu9DjWE9fBzy/OPaYCe2fRlPaP5WvbFu9PjP972P/relzbokZaDuj+2V9fcvMisrDt/nR79xbp0FaE+ea8e/acLss73UvTz+spDByXN17IvBjPnbN+vX30/pHD8RT34f76sef/xbfnypZgNYX35Iemy9ffq2qsv0Ny8FY8/U+3t5iIy37IXkXltv35++02qbTiuxL9ep892HpfO+4y+9ZWAtf1ZbfvS57Xl+YPa/p+/1Kqcas7DTz+l42ddoRuvD+jSi95vvY6tavjuBn3l5weVuOsHevryL+jCKXP6//7oxZCf089D+oqm6Ny/v1u3rF5kPifHM/j1j36pNZd8YliCYgAAAABweseoXu3gHm15eIe2/O6IZp55idZcc6mWzLa2zT9P5+qgfpEOBl/V7t8fUcn895n/jjvCuaMH9fLr0ozi7JCh9XeOfWZfoEXv7tDv/ydT+df+1K+zKv1ePfD/0vMTth9IiXWCMVLeeOu43njruGZOn6YSVx+lcg7Tpk7Vu097lzo7T+jlP6VGcISDN+X8dbo3EtSKC2dIek2//1WtvhL4qD72d1/Qtj1/UPe4s0SXfeoSScf1yBNP6Xju5vY9+nWDpLP+QUusSraWlj2SpA/4A1YAKElTVXz2lQWajcIAACAASURBVLrp3/5b6y7OX3WV36v61eawfq+5WvHNe/WFqxdk2pinzNFZV/+zvrr+fKklokeeeqv74ZMvVs1/bNEXrl6gGdY45l5crRs/Zm7u7JyrFbX/nrV93uXVum6pJB3XMy/9YQBj7cXki1Xzgweyxj9l7od149qPm+N49H/0Un/P9dovdP/mg5Km6KN3/Hv2OYsXyPd/71XwsilS5x7d8/2deV5TSS1tmvvFO/WFyp4CQNMZn7xb//mdf0ivIq0ZC/SxtdUqk6TO49LiW7T53250bL9Aq9YHdLokNTyrl7LeMHPk+8oj+lHdV3XNxe93vI4lWnxzUGtOl9T5M+1+rr8Pog/D8Zw0XyvCD+vuf1yUeU7OZ/D8Tv2e1bIAAAAAjIDRDQFtVhj4mz8X6dwPX6BiScXF06Tp87XimuVaY399KHtupOKLLrW2ZVp4ezR7umbqDf3paB/7AaMg9cpfdOQvx/TOd75TxTNnaNb0oj6Peec73qHiWTP0vvfM0V/fflt/TI3fZGDK/Ct103f+W7Ef3K0bLztf0yV1vrJHW265Tn9f9Q39qi17/xlLP62PTpb08x1K5CQlrz29UwlJZZUXaZ71s3nzLtFkSc9Ef6yn+7+uSn7tu/TYk5IuDOiablWI1vXOukiTdVyJ5/PMD3DRlfJ0K9OaqnnnX2T+85M1OS2rkjRT884zD2o6ONQb6G0c0pT5F+gDkhmo9VP7kztkSNJ51VqZN1CdqSWrzZCq81c/VSLvW/HjuvbqknwbsnguX6RuU+bNn2+OWRdp3fo87dJz5+tcSVKbXsl9fDNmdj+feVKVLTb/dejwkT7H1R/D85wu1mUX5amSTT8DdQ/GAQAAAGAYjF47cB4vHjyiv/3QdBVLerH9Dek9qZw5+2zmXIEzDuzSloczrcLv6+3kR1/Xq3LpPbOlFwkCMcbeOt6p9mOv6t2nzdZ7T3dp6tSp+n/PN+ovr+Zv8Z0yebLe9+5inT3vvfprZ6de/lNKR/5ybJRHPXBT5i7SNbd+T9fcbC7UsOX7v1TTS/W643+1Sz/8ti6ziyCnLNKyyil65KFfKt5QoyWX26HIq0o8sUvS2frohe9Pn3fGJTco+LHn9JWf/0Rf/ES9zlh6ha752Kd12cXv7yEA6kXbfiUk6ek7tPrKO3rd9XB7/+OYKUqXoeXdflrxfEltebcNqyk9jaBnh180Ky1PX3p+z22o88/WByQ1aY+eb1PmtRwWjmeXb/Azell92nb8iFpefEpPP7lXiYbn1NL2Yj/mQRyYkX1OA33VAAAAAGBgRqkScKaW+JZrje8Cx1xOM7Xk3DnSn182W3gPvqzW6fN1pbNCYvZMc//Z79IMHdFeu1V4/nl9VwIePaiXX89UGprHvU9n93YMMEJmFE1T8ayZmlE0TVNOOUXvPm22Fp5VqnNK56l49kydOnWKJp9yiqZNnaLTi9+lc0vP0IL571PRtFP15l+71HSoTX99++2xvo3+m/F+Lf7UV3XvD+/UR0+X1LlHWx7dn7XLeVebLZ7Go7sywf9rT2n3k5LO+4Q88517z9Himx9QtLZGHz1vig4/+TPV3nKdPlWxQl+O7s3zHw561t7C6j/ZjqilxfzXvOLeEqtinXXhqAxoYF7br/hdN+qTy6/R9dUh1f7oZzJeGv4A8KR/TgAAAAAmvFGqBHxVu+M79KdLlmvFNY5P9lkr/L6sHQ8f0xLfJVpzTWYXc8XeZ7X3z8v1t9cs199ax20/ME1X9nnNXZLvksw1X+9Qa/ExvfjUcN4b0LuiU6fqzPfNVWnJ6So69VS9efy4jr3WIddpszV75nS9p3i2Tvz1bXV1dWmSpFOnTNbM6UU6ceKEDrzcqtSx13Xs9Y6xvo3BKf6wVq6+SI986ykdfvpFtfsXZEL5s6/QyvPuU23DT7W7bbk+Nld67alf6NeSzr364ryVVsXnf0Lr/u0TWvfaH/T0kz/VA9/9iRKbP6/PPn1Lv1fdLZ43X9IeafEtiuYsMjExzdG8eZIapJb2dklzetivXS89PYrD6o/jz+re/32TtrdImn6+Lr16uZYsPV/nnj1XxTNm6qXv/q3WPzRcFzuJnxMAAAAAaJTbgV/ctaOPlXfNsHB3v459WT92/HvHwy/nHtLr+XbHd2T/4Oiz+vHDvQ4OGLAZRdNU+t7TVfre0zVrepFef+NN/eGPh3W4/S9618wZevdpszRj2jRNPuWdeuc736m//vVtvXn8uP70ylH9uf0VtaZeUcebeRanOIlM6bHN0VwgpPb2XXqsoVUfqyzW8w2/lHS+li3uY265Ge/XhVev04WXX6l7q27S9oGsujt3gTySEg079cxry3XZgPuJC8/pZ18saY8OP/mc2vwL8oepB1/UM5Kki3XeOFm69qX/Cml7izR5cf9D4KE4WZ8TAAAAAEhjtTAIMAEUnTpVpSXv0ZnvnZsOAA+2/UkvtvxRL/8ppcaDh9R48I968VCrXmz5o/YffFn7D76sxoMv64XmFv2h9U/jPAB8S89/91p97l9/0ctMd6/q93vM0tvTLzy7W9XdjKWf0Ecl/f7RPWrTi0o8Kum85d0XvGjbr5fyracx5Wx5LpSk43kXf+h8Lc/zK75Yly6WpF26f+uzLMIgqXjxlfJI0vM/0MP5VkTWW2r4r1o1SdLS5fKMi/LJI2p53nzn+f4+TwDY/j96rKH3M+R9f/Ti5HxOAAAAAGAiBARGwLRTp+qsee9V+fvP0KwZRep48y01//GwXmz5o17teEOTJk3SiRN/Veufj2j/Hw7p+aaDevalP+j5AwfV/HKbXjn2mk78dZzPAdi+S9tiB3UoHtLqj6/TvY8+qzZHqHK8fb/i/3qTQr86Lk2+WGuuXtD9HFMu0qUfmyI9v0OJR5+S0Sl5Ki/JDnSOP6t//9LntPbv1ujbsWfVlk7t3lLbnlp97+eSdL6859ntmTN02unmvx556Gfp8PB4+6tW4DdHvutv0BmSDj10k27615/q+TbnuP+ghv/6qjZ8fwIFhMXLteZ6c+GS7V+6Sd9+dL/sNVHM1/Fz+srPj0u6WDVrrxz4YiwjYo5On2dWmcZ/9FO91G69hseP6KVHv6GbPrNBj7TkO66v90cvTsrnBAAAAACmMV0dGChUZe+dq7PnvVfTTp2qt4536g+th/XSoT/q1dffyLt/lyR1dY3qGIes+Ep99YfF2nb7l7Xl6ae0/Vs3aXu+/SafrzX/9i89rJI6VRdWBnT6z+9T7beek3Sxrl2cM9falPm67FOX6JGNu/TYxpv02Mbcc0xR2d9Xy5dODqfqwqs/ozN+/kMdaqjV2k/UWj//uG7f8QUtniLp7H/Q3eFXteFLP1RTPKz18XD3YZ81V8/7L9CFEyTJOct/t25v36DQQy/qsW99To99K2eHyWdr5Xf+xfGcx955lTXy/NcdSjSEtfbT2a/h5PM+o5oLn1P4R7mTwPbj/dGLk/E5AQAAAIBEJSAwIs4tm6epUybrrc5OvXToj9r/h5d7DABPasWLtOo7/63/ui+olZddpLLT7ARlik476yJduvZObf7J97Tq7Kk9n+PsK7TyPOvfi6/M00I5U2dVfkMP/fhe1Xzyksw1JherbOnHVR3epnv/8YKsmQennH+j7gxX69LzijU5ve8MTXG0FM+46Ebd+5P7dfvaK/SBeXbSN0NnXHiFbrzjfv2o7sYJEwCa5mjxP23Rj+4LasXSs3XaZPOnk087W95PBrXpJ1v0ufN7eR3Hwtzl+pcf3q01S+fLXDB+ik477wrdGN6mh/7tRvmW5l8Pvj/vj56dhM8JAAAAACRNKnN/sN/lR+9+3/y+dwKgDyw4U+97j0sth/+sAy+36fU33hzxa/755YP93nfPzp0jOJKBe/77K7T+R+3yfuURffXymWM9HAAAAAAAxo3Jk05Ikvbu3Tuo4xctWiSJdmBgRDyz/4Ce2X9grIdxktivZ55ol3SJLltMAAgAAAAAwEigHRjAmHpt1w90/2Fp8sc+rSUTqv0WAAAAAIDRQwgIYMy0P/U9ffn2X6pT5+vGTy1SH2syAAAAAACAQaIdGMAoe1b3Vtyk7Z3291Pk+WJQH2PKUQAAAAAARgwhIIDR1damQ1MkdUrTz7tC111frWsumjPWowIAAAAAoKARAgIYXXOv1L/87MqxHgUAAAAAABPKgOYE7Dz+1kiNA8AQ8LsJAAAAAAB6M6AQsOPYUcIGYJzpPP6WOo4dHethAAAAAACAcWxA7cDH33pTx//85kiNBQAAAAAAAMAIGFAlIAAAAAAAAICTDyEgAAAAAAAAUOAIAQEAAAAAAIACRwgIAAAAAAAAFDhCQAAAAAAAAKDAEQICAAAAAAAABY4QEAAAAAAAAChwhIAAAAAAAABAgSMEBAAAAAAAAAocISAAAAAAAABQ4AgBAQAAAAAAgAJHCAgAAAAAAAAUOEJAAAAAAAAAoMARAgIAAAAAAAAFjhAQAAAAAAAAKHCEgAAAAAAAAECBIwQEAAAAAAAAChwhIAAAAAAAAFDgCAEBAAAAAACAAkcICAAAAAAAABQ4QkAAAAAAAACgwBECAhgWXV1dYz0EAAAAAADGzHj/XHzKWA8AwMmrq6tLJzrf1Injb6mrq0udx98a6yEBAAAAADAmJk+eoknveIdOmTJVp0w+VZMmTRrrIWUhBAQwKF1dXep49RWdOnWKTnvXbE2fPn2shwQAAAAAwJh6/fXX9frrr+uNV1/RtJmnjasgcJhDwLn60Lr18p8ze1BHv9HymO765kNqH95BARgBJ46/qVOnTtF73vOesR4KAAAAAADjwvTp0zV9+nQdPnxYJ46/qclTp431kNKGOQS8VFcslH63aaN2dgz02CW67gsL5dFDig/voACMgM633lRx8bvGehgAAAAAAIw7M2bMUPsrfynkEFCSOnTkqRd0aMDHXaQTwz+YQVqlDXXLpMev150P5t9jwbp7dHNZk+5av1H7R3dw2TzrdUdVmfbXrdOWxFgOBBPJ22+/rS510QIMAAAAAEAe06dP15H2V/T222/rHe8YH+vynrRzAvpu3awV85w/6VCCIAwYFZMmTdKJzuNjPQwAAAAAAMatE53HC3lOwFHW8pjWfn2b+e+Vt2lT1WYtWHKfbrmnYWzHBQAAAAAAAIwj46MecTg8+DWtffygZi9cLt9YjwUAAAAAAAAYR07uSsBcD76gA1ct04Urpbg1l19223BOy7Bnve6oWih7LeMD3eYANOcGPDPfsZaP3LpZN9vnd1Ymdjs+z/ac62dvX6UNdUt1pO5JzalapjPT11+sNRtvkKfI3Otoy8H+Px8AAAAAAABMSIVTCShJatKRDql47mLz25W36fKj92lt1fVaW3W9trcUyXPtei2QJC3WmmsXSvvs7ffpyDn2NtOZV52jp/MeaylaqDkvXJ8+PjFnme5YZ13bCgCLHedPzFmmTbeusrYv1pprZ+kJ6/xr6/bp6Lxl2rAy6wLyVNljcASA2qe7rOO2HHVlQkQAAAAAAAAgjxGoBCzSnIvO0RkdAz1stoZ90eQHv6ZbHN/GXzioFVfN0plSekXf2bPLJDVIatCWr2fPJXjg8a8p7jx2Sc75O/Zpe7pysEE7m66Tp2ypFqhB+1eeozN1UNvT8xM2aMsDS7WgaqnWeLZpS6JBW9Y7rpd4UvuvXagFcxdb4+k+BnmWakFRhxJ1mRWJ9+9u0tGFZQN7LgAAAAAAAJhQRiAEdOkjazfoI4M6dqitrWWaUyS1tznDvJyW3PQ1zBBu57p7tKlumYZjdeH9bSlpoRkyaq5L6mjSAecOiVa1Vy3UnDJJ1nUWrLtHNy8sSu9ytNfbm6XZSukQKyADAAAAAABgAAqrHdiqvnvaqs5bsO4ebarLtPSufbx7yLj/nnXWtpQ8VbcNaVGRBXNdUscxHZAVCBbNcoSPkjwlKlaHjjRJZji5WWt0f6ZduK/qyaZjOiqXzvAMYZAAAAAAAACYcIY5BPy1jBeOqnOQR3e0vKBBF7mtvE2brpqf1T575uwiHd23w/p+sdYsme84YLHW3OqY428wAVtRmT5i7+9ZrzULi3Rgt9Wq++ALOqD5ujw9R6A5B+HslifNakNPiYp1UE/Y7cIrl6cX++hR4knt7yiSZ/mq9I98yxcyJyAAAAAAAAB6NcztwG3aFa7RrtwfX7lB3151jjIZV6cad/wfbXz4jaFdbt4yq5VXMtt5r89q543v2KfLq27QprobrO2P6UDVOeZGT5mkMt1ctzm9/4HHrx9YO3BLk3TtZm2qMr89uu8+x+rC23RnlbShzr6+slf/TWzUE8s3a0XdZq2wtt21z6U1vV6wQVvWl2lOXea+Dzz+mA7MWzqAQQMAAAAAAGCimVTm/mDXSF/kb750rz5bNjn7hy3/rbVff2ikLw0gjz07dw7p+K6uLh1rP6yyMhalAQAAAAAgn6amJs0qPl2TJk0a0nkmTzohSdq7d++gjl+0aJGkEVkYpLvffvMm/XY0LgQAAAAAAACgm8JaGAQAAAAAAABAN4SAAAAAAAAAQIEjBAQAAAAAAAAKHCEgAAAAAAAAUOAIAQEAAAAAAIACRwgIAAAAAAAAFDhCQAAAAAAAAKDAEQICAAAAAAAABY4QEAAAAAAAAChwhIAAAAAAAABAgSMEBAAAAAAAAAocISAAAAAAAABQ4AgBAQAAAAAAgAJHCAgAAAAAAAAUOEJAACg4KcWqPfJ47K9qxVJjPSZIkpLhCfGapGLVfd9j+lmYX9Xddk4qzHsYAAAAGDaEgABQSFIxVXsqFDKcPzQUqvAonByrQSGtpFxeSVKpSl1jPJaRkoopFJK83l72SYblCUiRREKJREKJ+qAUCjmCvpRi1QE1B+vN7ZFShSrC4i0MAAAADN4pYz0AAMDwSW4Nycz//IokauSWpGRYYdWoxj2mQ4MkuSpVm6gc61GMoJRioZBKIxEpUNfzbu4aJRKO711e+bwhNbZKcklKGYobflXVWkmpe7WC3grFkzVy8z4GAAAABoVKQAAYaamYqj0eecJJq03SanGsjimrwzGnPdKTU7qXDFttkUnrfLltkqmY6qKS5FWw3goAJcmdGwD23i5sjzGcdLZjmpWEWeN3js9xj+Y4HfuknOPNrebKHYtzu3X96phS6WeT2Z51nax20uxxd3vOOdd1tqGmz5m+t0GOL/e1tH+efhbO8/T39cjer3v77NhLxUIKKajVAwzqUrGQQoZfPuu4lBGX4S1XSXoPl0pLpebm8XfPAAAAwMmCEBAARks0oJCCSiTqFfRKMkLamkm05AlEJX/Ean/0S9FAtyBQMhSqk4L2PjIybZKtjVYVYG+tpinFqisUMrwK1iessRgKVXSfcy0aiMuXvo4UDXiyxx8NdG8xjgYU9yWUSETkt773hMzx1psHKZAVsDnHEpFfUQVyQzsjpIpA1Py33ye3FZqZj8tqJ00kVFvpkhnMBRSV32w1rQ/Ka4RU0W2gLlVWmfdlxA3reik1N0uSV8HV7sGPLxVTdSAqeYOqT5jHRSKrVZI3vxrI6xGSgtY9STJCW8dXe6zVBhwMVqq/nc526FrRWKVEwhFcS1JpadZ5Ssq9Mhpbh2+8AAAAwARDCAgAo8avqkqX7Komya5sSilmlvDJb5dCuX1WiFbXLQzy+rxmOGLvo6ji/U2DklvN+QK9PnldkuSS1+eVZCi0Neckfp8ZyqTnsbPHn9G9Msuu5ipRuTUnnL8qJxRqbjZDNHss/iqZp3XL55dkxGVkndYOyBJK1LgzxylTOWZLxeoUleQNrjbH7vLK55UUjXcPzOznZ18vZSjufDaDHZ8dxhohhWIpSW653S658iVjA3o9rHG4SmW+fZo1fgrj7DbgWlUOYK5Dd4313HxxFv8AAAAARhhzAgLAmGtVo9HTNiMzT1pfrLDOsMIhd55jUmapW37NzUpp9CZcS48lGpAnOojjstpFTa3WgzRCFfKE+jqTW6uDXkVD5jNONcdl5nFmyDrY8cldo/pgsypCRnoc3mC9VanYw73kM8qvx5DYYabhUdajqvAo3sO9Z3HXKOL3KLA1qcoat1ylpVLcvH/7yNZGQ97y4MiMHwAAAJgACAEBYMxZVXN5g0CvynOTrp72sareDMNQKBSTt9aqwEvFVL21VLV2uJL/Qun2y9EqxkqPxRtUfW3/W0jTxxmNys1HS+wH6Y+YVXl9ncvrk1eGovGYypsNSV75zJK8QY9PklyVtUpUKt3mbYRCinlrlbskyHh6PYbEXaNEosbxg6TCnjqV1w+sMjCtpFzerNfXbNUu9RXqksoAAADAyKMdGADGXGZ+uqjd15uMmxVV6VbUjPS8aPY+jlbSyqA5X5yMkCrshSYqQjLs+fvcq635CO2W1pQMswfWmgdvFKXH4pgbUSml+kq97OOcbdCplFKSXJVV3duorW15pduFQzltuUMYn5IK23MQpsfax72Mh9djhJnz/5nzV6Zi1dkLtliL2qTb4V1e+bxR1dkvYnJr1sIhAAAAAAaOSkAAGA/cNUpEJE/A0XraQzWbt7lOHo9VPZZbpeaqVG3Cay02kT5CwXRFlkuVtfVSdYVCFR6Fum0fTY6xBJxtpH5FcheJ6M9x1vOqMR+k4/7USzWfNQefYT6s7PkLBze+ZDigaFSKpg9wPN9uAeJ4ej1Gg9mqXuINql4hVTh6tv2RhGMVa5cqayNq9Nht3eYzIQMEAAAABm9SmfuDXWM9CACja8/OnUM6vqurS8faD6usrGyYRoT+SIbNFXF7ml8OAAAAADB+NDU1aVbx6Zo0adKQzjN50glJ0t69ewd1/KJFiyTRDgwAAAAAAAAUPEJAAAAAAAAAoMAxJyAAnCTcNQllLcAKAAAAAEA/UQkIAAAAAAAAFDhCQAAAAAAAAKDAEQICAAAAAAAABY4QEAAAAAAAAChwhIAAAAAAAABAgSMEBAAAAAAAAAocISAAAAAAAABQ4E4Z0ZNfuV7BT56jaT3t0JnS77Z9Q1HjjZEcBgAAAAAAADChjWAl4AX69JULNWfyZBX19FVUor+59LKRG8KwWqw1GzfrjnWLx3ogAAAAAAAAwICMXCWgZ5k+4JKklJ7+9T615W6ft0hXl83WoaYnNW3WNL1xbDDVgKu0oW6Zzkx/f1Dbq76meL+OXaw1G6+THlinLYlBXBoYBsVXbtCGT56iR75wh3ZREAsAAAAAAEbIiIWAZyyep9mS1DlZxWVl3VqCZ82ZLemgno5drM/eukjGP9+pZwZyAc963VG1UNp3n9be02D+bOVt2rRxvQ6s36j9fZ6gTHOKpCMDuSYwjIqv3KANq8p0bPd9+i0BIAAAAAAAGEEjEwKWB7Rm0WxJUsfRo+qeb8zWrCJJqRb99oKFulxH9cgAL+FbvlCzWx7LBICS9ODXtPbBwQ8bGC3OAPDO/3hKJ8Z6QAAAAAAAoKCNTAg4z6VZkqROHWlp0oFjOdvnLlS5pCMHduv0Jf8ktd2vQwO6wCpdOK9Dibptve+28jZtump++tuj++7TLfc0pKsIZ0s6s2qzPFUdStSt05bEYq3ZeIM8RfYRfbUX5+zfsU935VQhLlh3j25eWJR9WJ79MHEQAAIAAAAAgNE2AiHgNF2yuExm7DVZ8xZdpnl590vpuV+for/5R2n/toa8e/TIU6JipfR0r3P5rdKGJcd0V9X1Zti28jZtuuo6rfE0aEtio25JrNKGuqU6UpeZE3DBuus0Z/f1VjWhGfCtuHWV4l/PFzZaAeCRx7R2vbndd+tm3bxxfSbgW3mbbl6YSgeJvls3a4Ue09q858PEMFfnL56n2Z0p/Xb3CwSAAAAAAABgVIzA6sAfl7dsct+7dbQpoaUqL2rpI8wbrG2601lt9+ALOqAizSnr+Yj996zTnel24gbtbOqQ5pRoQb6dPUu1oKhDiR2ZQC/+9cd0oGihVqw0v18w1yW1vJCuJIy/cLDn82GCaNOub27UD1tm6+rPb5CvPHe2TAAAAAAAgOE37JWAp1xTpjP6sd/Rpid1eMmnNK3pcf1uoBdJtKq9qkxneCT1ESD6bt2sFY5SxAN9ndvRKixJ6uhhv7JZmq2UDmVdv0lHOqQFcxdLatD+tpS08Bz5JLMS8Jz50pHHaAOe8Jq065sbdaLmn/TZz2+Q7r5T8UZWBgEAAAAAACNnmCsBL5J/yVnquw6wQ81PtchXPluHnn18ENfZpqdbiuRZvqrnXTzrdUfdZl34wvVaW3W91lY91mcA6Lt1szZdK22pMo+5a19PCaCkpmM6KpcZRKaZKw63t1ntzQ/uUKJjvlbUbdamus1aMWef7qIVGJKkJv02/F39Z9Nsrfj8Bl0yZ6zHAwAAAAAACtkwh4AlmlPU914drXv0SMOlOnP2QSV+PbgrxXfs09F5y3THusWZH668TZvqbpNPMiv1OvZpu9Xeu2DdUp3Z7SzO9uDFOmOOdGC33UK8SityF/RwSjyp/R3ZQaTv1mU603FNrVxuzhlohYprWQwEWcwg8K4Htum3R8Z6LAAAAAAAoJANcztwh97oTGnn3SFF+2hvLP5f39SZbXt112C7INOLe9ygTXU3WD90rOb74A4lltygm+s2SzJXBt7ecoMuTJ9gm7bvW6qbr9qsTVdJBx6/XnfuXq5N1vfSQW2v26fia+39G7Sz6Tp5FtqLizRoy3pJG2/Qprpl1u3nrPr74A4lnNstBx6/3jH3ICa2Ju03xnoMAAAAAACg0E0qc3+wazhPWHzlBt286hz13d14VEbkK7rfKNy50Hy3mu3IWYHfytu0acmx7LAQGGV7du4c0vFdXV061n5YZWW9rLQDAAAAAMAE1tTUpFnFp2vSpElDOs/kSSckSXv37h3U8YsWLZI0AguDtP/iTt36i+E+68nIbC8uthYJsX+2ZgmLgwAAkAxXq3l1rSpdYz2SfFKKVVcoZEjyqpSiTQAAIABJREFUBlVfW6nhHWZS4epmrR7KeZNheQJSJFEj93AODQVqGN5zo4n3NwAAI2KY5wRERoO2rH9M7Qtv0CZrYZBNdTdoQdN9WsviIACAQpOKqdrjUXUs1W1TMuyRxxNW0rFvXdRQ3Oi+77iQ3KqQgqpPJJSorZRi1Xnvy9w3nH1vklKx6vw/q44pJSkVq1PUiGu83n6/JcPyeDwKJ7N/nIpVy2P/0HpfePJ+ZT+jbufox36ZofS9X/Y5HV9ZN5BSrLp/23Lv23m/Pb5fcvZLX8d6b4yUkXnP5Twr66vPex8h/XkPAAAw0Q17JSCctunOKgI/AONIKqbqipAyU1F6FawfP9VYqVi1KkKG/JGEauzyj2RYnkBU422sfbOryfwTqprFiBtKVTqrjZKKR3N2clWqNlE5ugMbgFRzs1TqS99Da6Mhlfews9snvwKKJ2vkdjv2l9ScktyuzM+8vqB5zspajePbH7BoXaznCjPna93P6q5UrFoVcZ/qE7VyWd+HYinV5v3lTyrsCSj3LZZ/KLnP3TxWPns05u9s3FevRK3L+j6kWMr8u5MMVyhUGlGi1m39La1WzPE3yf77JUne3gaSiqm6Ii5ffUK11rHJsEcV4VIlakbmL0X3ex8+3mB95rVJxVRdUaFwqeNv+Ijr/3sAAICJjkpAAJggUrFqebICQEkyFKrooaJlDNjhSZaScusDdalKT5oAUJJale92CprXL79yqo2ScUX9fvnHbFAjrUTlXqm52b7ppOJRv4JBOSodU2pulkpPrjdw/3j98iukrcP2NySprSEpGMyEiq7K2h4CQElyqyaRUCIy8HdYMhxQ1B9x/AcHswI0mL6WS5W1dsiXVDzqVXC12x6UqvzZ1ayuylolEvUK9poASmptlOH1yeu4JXdNYsQCwFHlqlSVX4rGR/N/VAb/HgAAYKIhBASACSGprVaFivwRJRIJJRIJ2Z+ZooFx3ELlqlRtIqHEBKqmO2kZUrlPWcFIMh6V3+fL2TGpcLd2yp7aMJMKe6oVS5nHeDzVMrsNc/bPbafMabfMvpZ9ru4tn+lqrmggvT0QlYxQRQ+tji6VlkpGY6t1gmY1e8vlLS11/MxQ3PBnCs5yWojt9tmsdtVuyXz2mMPx7o8/u93Vfk6OZ5Vzn9mtk/ZztofY31bVcq2u8g/f35BkXNGcgGxEpGKqi/oVcQRvyXhUXp83f0VjMq5ozn+IKCn3Zl7jgSgpl9foKzjNfr2z3nfJsPmaWO3YnuqYGvO0oJu/A9Zrmqdt3W7n7vH90uN7cQCyrpHn96fX39Pu5xmrVmMAAAoFISAATATJuNUqlf2h110TsSq0orILN8wP/9WKJZ0fzpwfEE2582s5P7ylz5HKfJANJ3OCl6y5vsxtAaufKxpwXDP9ITF736wPwfnmDcv58Nn7fFXdxxZOZj4IO49JhyPhZA/XCSuZDMuTbk+LKpATpPTr2eV5/s5gZrx+GC6trFJpaGv6tYpH/fKVNKu516Os1ulSR0CtOsd7zlCoIi5fIqFEolaVrjz7l4ZUkX7GKcVCISlYb22vV3nc3ma2DjY7tgWbA+nX01VZq/qgt1tY7rX2z1eR5vb5peZmc74/Iy75vHKVlMsbjZvPobVRhrdcJb09gmhAIQXNa9YH5Y0GHO8Lq93RMSZfTvOjGV6WKmJtT0RKFaqwf29dqqzKjFFKyYhLXm/m9z4rfEuGFYj6M+eqauw9sHLXKOKPqm4Y3pOpZvOd0tprIDp0KSMuw+9z/IcFs1pTau153r+c19BVWup4pgPgqlRtxG/9ncv3u5xSrDr7PeqLV2SPxQipIu4zt9dWqryySn7H3/HMPVbln0IhGZYn0KxgvfUa1/sUt17kdNtz+ncx0P+/N6mY6qKS3+eWlFS4rtycW9Oq1DNCoczvtTU9RWnE2p6ISHV5AmfHWHuuCAUAAP1BCAgAE4D9wTr3Q6zdytidoVCdFEy3WBkKVWRXLlWEjHQwEvFL0UBuUGgoVBFIh4++khL5gsF0sFAf9EqKKhBOymznyrTR+SN22NPLTTk+BJsVjY4QIhVTdSBqruyavlbO3FWZp6NYdUBRedMfiCORiFaXSJXBoLySjKxQS5KstsCc6yQSEUUiq1VSUmMGOda9R6wP6vb8Zv16dtbzN8dutm3HfeY1/FL2h+lxxS2f3wojknFFs4KWHiS3mnMnZgXU2a+/P+KoBE0ZihuO1kxZgXZOdVWmSsulyhqrvTQZV1R+VTlbPoNBeaN1g3+eJeXyGo1qldnSXlrqklxe+bzNak7ZcwyW9r4qq9fRhuryyuf8vbTGnPV8fM7Wx5SMuCFvcHXmGblrFPEbCtkPxO2TP70wRKsa5VOVz5tuY+5eBWeO3T5XX52q7tVBKf17MkRGSHV2IJqIyB8dQAjVL+bz8vu635Rh/uKlQ6vuv5vDxF3jCMYqsv9DS7625Cp/Tott9vtBcmt10OvYx2qrXp3vhUspVheVNxjM/I65KlVb485bIeleHZTiRo9hp10l6/F45LFCPfNwt2qcc0W6ffLLkP1rmdwakuFsx87dX0r/jfVHTqb5YAEAGL8IAQEAeaUDAbcvp1rQbi3OBClmINF9tVdvupKlRm6XS+7KynRI4fL6zJDMrpYa+AjTH3BLrCTTDn1SRtyc+9AKXlylpb2cx567z1AoZFahuN1uuVwuRxhj3XvKqmizK6ZaG83rGCGFYilJbrndLrl6/LA6gGdnPf/02L1BZX+ez3yYHm/cPjOwMFuB+27iTjU35wmoe9HaKKPbHJHOuflcqqxNqL68rlsla95ruUpVOpTn6SpVqZrVnEqpudmr8hLJbBM2X9fWRkPe8n7fXTd9Px/zPZw752CJ+UCs8KZE5V7rHpNxRUtL5fb6rHAnZ85Cd40SiSo1VgygEs9VqSq/HeoPnqu0NDsQtcKtQbXd9sQKkbNfErOtOysYc69W0H5mjqA3fZr+hLt9scLAiD/z9yfV3Gz+Rw5nhXGg72UvXF5fpvq017bq/O8Xc1OjDLt62RHs9Ta9aebvvPmVGxhnKpidi3eY77nefy+iClTEpaw5NwEAwFAQAgLABJAOknI+xJofhiUp9wNxL+wgzPlBsR8fUK2DM612fXywHIr0/dotmlYlZP6FGdyqsav27A/e6bZSq41S5kT3drjor7KqVdw16SrDnueMcxjSszuJuH3yRwMKNOcGl/m5zEn11O+Yp6RcXmelmqR8wYa5UIPdGmtWsua9VqpZzQP5Heg+IDNgMwzFlQle3D6/jEZDzc1e+YYwyV3fzyd3cRJTq/lArJDKJa/Pmx3OurzyKS4jmTNnoTl6c7EFq126P5V47pqI/NE6GeotdO9DnrBt2OUNkfuY4y8d9DpPM7Rw18nt86dfYzsIrXcEa4lEPxYOcXnls1q8e53fsIf3i7mpXF45WsHtr55Wf+6NNZWDWcGcqWK2Bps9l2YP/JFa1dZGVDpuK58BADi5EAICwETgqOZzVuokt1pBXL8m4rdCElep9RE/0z5rf/U6X1MqpmpPhUKGdVy6XXYE2OGcFerZ7bc9foZOLz5ifUhNV/Yp8+yam2U0mlV8zrAkEzSZT7jXNt3BPruTjls+v3oJIXJ398mf895MJZM9z7Xm8srndbS6ylrpNV0tmVIs7JhbzBkaWtfKzF9nzh/Y49xplt7DCjNga47HZTgrw0rK5W2OK24McWXrfGOuc4bH5vUNZztuMqxANLtl2uX1meNptt/DZrViY7wxe368ZNgx/1z/whproFodlEKhIQTb3SoKzepZu6LUrCrr7yIk1lyf+aoT81RWuiqr5HfOxWi1qfus1lafs706FVNddDDhrvUfQrIWW7FeT/s1cPvkd/4NkqRUqh9zD9pBb1jxXsdmv1+cf6uSSiaVDhKzKzpTSg0mgGttlOGoYE7F6rJmsnT7/FLW3JcpJZPOC2Wevfm+6m2BGgAA0B+EgAAwIbhVk1kKOGvVU8lR2eaQ/tBvLyqSDgrN9jwpO4RJ9fUp0W6dtc6TbtlNM8MGaRhav5LhrHn3+grZkmE7VLDvzcn6mRFSKKrMB3XzSIXtT7Du1co6NB34OauHBvnsTkLumoEEm27VWHO/2e/Niro6GT0mPS5V1loLetjv5eag6u1qpVSrpHimnbIipNL0nGLmtUrT85hZiyD0UmXlXm0u1NFba6yrtFSGkTPPnMsrn4y+FwXpk1mtqvSYQ1JVdohuLmjS7KgwbVawPmceNVepSo2oosqMx+3zKxqNZlW0JSUp4Ml+tn1VoaXHEVS3X6GB3m2N87U1F8jIvnzmdyq9yE4gqnyL8Ji7Zy/ekZ4jtfuVVVMfVHPA+Qwzc1FmjSvrPSVlFheqUMjIVAZ3f7uYreqRUme7b+570Jwj1Rd3zrVX0cdqwtbZK6vkj0b7XGHZfL9IIbvl21OnunhMKXt8yvxumfc0iL9R7tUKKnOfIQXTK9Kb22useRcz16mrM/IGvK7KoHmuPCtV9+s9AAAAJEmTytwf7BrrQQAYXXt27hzS8V1dXTrWflhlZWXDNCKMGms1xkz45u0WFCTDZjjo9XplGNaeXkfAkj6VucCFk9+aED59jpyFOOyfm6eMyBcPmAtCJOwP2tYqqM7zldhjtvez98mMPT0Wv/1B2lo9tlu/sfNa6UF1a8nttoCI47n5I5k5r5z3k/d5Zp07c+0BPTv7HOnXIPOMnGMBAAAAML40NTVpVvHpmjRp0pDOM3nSCUnS3r17B3X8okWLJBECAhMSISB601OAdzIxQzZlBXLdg8KBsIO3PCEiAAAAAOQx3kLAU4Y0CgAAxqFWc7lfc1VPsz9UhrkCSr9Wq81lz2XlDa4mAAQAAABwUiIEBAAUHHPurgqFAh7HRPTdW5/75Gzn9UdO2spIAAAAAKAdGJiAaAcGAAAAAGBkjbd2YFYHBgAAAAAAAAocISAAAAAAAABQ4AgBAQAAAAAAgAJHCAgAAAAAAAAUOEJAAAAAAAAAoMARAgIAAAAAAAAFjhAQAAAAAAAAKHCEgAAAAAAAAECBIwQEAAAAAAAAChwhIAAAAAAAAFDgCAEBAAAAAACAAkcICAAAAAAAABQ4QkAAAAAAAACgwBECAgAAAAAAAAWOEBAAAAAAAAAocISAAAAAAAAAQIEjBAQAAAAAAAAKHCEgAAAAAAAAUOAIAQEAAAAAAIACRwgIAAAAAAAAFLhThvd0i3XdN9bowtmSOlPa+f1b9dNnh/cKw2Ox1my8QQua7tMt9zSM9WAAAMiSDHsUiJr/9kcSqnGP7XgAAAAAnPyGOQR8Qb/9zZM6Nkc646LL9JF/uE1nvtGPw47u03/e85DaB3g1362btWJe5vsDj1+vOx8c4EkAAKMrFVN1RUiGJHmDqq+tlCt7B8WqKxQyMj/JCsKSYXnshEw97JN1uWpVhAxJfkUSNTJ3SSrsCSgqr4L1tap09Xxee4ytjmCuO+e5c8fpuEY/pGLV5nX8ESUKMf2zXn8F61Xby0PJvG7q81lk7as87wXna9vtPWe/F9TDdsc+ecbhDGwL9jUDAABAQRjmduBj2l//gH76gwf0REuHilzzVT6vH18LF8ozwCv5bt2sFXpMa6uuN7/q9qn4qnu0ZqAnAsZQ8ZUbdMd3b9El08Z6JMDoSRlxpeMaIy4jlbW1WwAoSdGAR+Fk7+eNBjyqjqV620N1vW4fZiXl8kqSSlXazwBQklobzZv3+woxTEopFgpJXm/vuyXDqgiVKpJIKJGoV7A50ONrm4pVqyLuU30ioUQioUTEr2ggrGRmB1UHmhWsN7dHSkOqSL+ZzHBPEevYRL2CCinkvFYyLI8zJMy5dqA5aF2793ECAAAAY23E5gR8rm0k/5/gxTpjjnTghW2ZHyU26paqddqSGMHLAsOo+MoN2rCqTMcadui3/amYBQpCSkbcrMoLBr2SDDW2OjcbihuSWVlnBTP1QfmD9d2r/LzBdPAT8Zs/MuKGevtfHyO0VX1kiVnnTSQSSlhVYe4a+2cRWZeTPx0e5VQBSpKrUrU9betRSs3N/d75pJOKhRQqjaiq1Oh1v2Q8Km9wtfXcXKqs8vf42roqa9OvkSTJ7ZNfzWq2dk4ZcRn+qnQlpnt1UN5o3HofuFWTcFYNuuT1eWU435Tumqz3mONuZMQN+avsa7tUGQxK/XmPAQAAAGNg5BYG+U2L2kbs5A06dEQ6c8l6Lehxn8Vas3GzNtXZX7fJ1+s5c/a/dVXWVt+tjm0be7su0Ld0ALj7Pt35H0/pxFgPCBgtdsjnLZe3tFSSFI3ni0wcVXuuStX00Uvr9nVLaLrx+/0a1WrAVEzVHo88HrsqLamwxyNPdUypZFgej8f6srdnV0FGAx550hVrKcWqPY5jqjWuCs6S4TxjMu83cwsxhUJScHVfkWhS8ahU6iyfLCmX12hUa88HOYYSUNTrk9cl2UGdt7wks4OrVKWOkDBLKqZQyBh8FWZv5wYAAADG2MiFgG0v6FDHiJ1d8a/fp4QW6uYeAr4F667TnN1Wq3DVfUp0zNeKnGDPyXfrDfIcybQXb9cy3bFusblx5W1aMe+gttutx7tnacXKkbs3FDYCQExorY1mK3BpqVx2u2y6KkuSq1JVdlVfqCInJBua5nKfgt5+VgOOJCOkirjPUV1mB5MuVdbWK2h1yvojCWt+OTsc9FotrfUKeg2FKsZREOheraDXUNzZ252MK+oNysz8rDbgYLCfcyN65czt+g7XMiFpXXl9dmWgcgJFlajcm1OBaoeyFY2qSvR3IRaXSkuzQ+xkOH/bMAAAADAejFwIqN06cKTvvTo7O3W0tUnPDfj8Ddqy3hHw5VTv7b9nnWORkAbtbOqQ5pTkr+DzrNfl8w5q+9cz7cXxHfuksqWO/V06w55v8MGvsQAJBmmuzl88T7M7U3pu9wsEgJhwknEzIvGWl1jBjiRF5SwGdNeY87plRBXw9D4noH3eTGtmPiXy+rwyQzepvKdp6YyQKka04s6broYrsQaR1X6aK7nVrA5MV7e5rPswFNo6XhpPc1t2U4rVRdOvh90G3NtCIEO+fq3Zmh1UaODBsdXym0j4FPf0Nbek8zBzHkC7QjPuy7SKAwAAAOPNMK8OnG1/W0qaV6S2lpSOdbTpQFuHjrXt0/6WYzrW0qRjwzIPWoO2rG/QFs963VG1TBtWbssEdJ71uqNqoWbbu/ZUmVg2S7NlBokrnD/v2Gf+3we/prUPrtKGus3aVCWp5TGtdQSGQP+1adc3N0pfWq/PfH6D3rj7TsUbmRAQE4XZ5illKrPKzSxL0XhSNW5H+ZW7RolEjZwrt3bbxwipwhOyvul7BV6jsVWumqCC8QqFQnGV+s1rd5N3ddixk+ptksDmZqXkHh9jdfvkN+pkpCpVKUNxw6+qWklKamvIkGTIk1UmVyFPPN+zdlTq2RtSzWpWqXz9uFFXpfka18VWq7bSrNaLN6ckt31wqxoNr8qDeW9CNRG/PIGtSlb2Zy5HM3ystL9NxVTdz3ECAAAAo21EQ8COTklHm7R92w61Z22ZrFnzztEsSZ3HDupw2zCEIIkntf/ahVowd7GkBnP14Dn7dFfV9dovacG6e3RzWQ/HNh3TUR3UE1VfU7zHC2zTnVXbZM4deIPuWNekW+5pGPq4MQE1adc3N+pEzT/ps5/fIBEEYqJIxtOtktGAJ7ttMhpXssYtt9X62lhlt2S65fNL0Xw9lvnCumRYnkC0lyDPrFgLGdH85xyHXKWlyp9WymyrHtXR9MYtn99QnZGSV+ZiHLXWz2sSCdU49kyGzbbd/JWBeYK71kYZ3nLlze36UFJuL/RhnWsAgeJApYy4DK9vUOMEAAAARtoItgOX6SNnuqTZC3XjFzbon3v4CtasGfgiGytv06a6zdrgnJdv5XJ5ijq0f3eD0qsH796o/ZKkVVqxsKjn8yWe1P5ucwYu1gK7/XflbY5rmYuSzJ7dU6II9EeTfhv+rv6zabZWfH6DLpkz1uMBRp7dsit/JLPybn3QnBfQmu8tGTYXxogGMotgBKKSs4W2N+mqud4WkXCvTs+7l1dWO/DwzUk4aPZ4jbjMKffsFZb790xGk9vnlxHfqq3xgS2ukYpVZ7Veu31+x9yNZmux1+e1YjxrgRWrPzwZdi6gIqt92iuf11qz1+uTN1qXPndya0iG32dW+aViqs5q+TavJXt7X5KxzLH2oiK9tqQDAAAAY2cEKwFbdeSNTkmdSjywTlt+k7P5gip9/fMXa07HUR0e6Kkf/JrWNq3XHVWbtekq+4cdStSt05aEJDVoy+7l2nSVvf2gttftU/G19r4N2tl0nTwLr9MaT4O2JMyW4kO3btamumXpyxzdJ92SaDAXHbnKca2OfbprPe3AGCozCDzindyv+TOBk1oqpjo7A3SGQy6vfF7JMMz57RI1CSVWx1RdEXLUvvXd6ps5nU9eGZmQJ/9e6WrAk4O5YIiqKxSq8MhsgO7/MxlV7tUKqkIhw69I7UAPdrQAu2tUH6xWhcf6r3H+iBK5N9vcrJRKVLI6ochWj+xduz0bV6VqI43y2M/OG1R9rduxrxzP1bpWemWQ7BWbpYA8UckbNKsYk81xxQOh9LH+SH8XFQEAAABG36Qy9we7RubU03TJl76jz5T1EQK2/kpfCj6gYyMzCAB57Nm5c0jHd3V16Vj7YZWVURELAAAAAEA+TU1NmlV8uiZNmjSk80yeZC4runfv3kEdv2jRIkkjWgn4hnZ98ybt6mnzs3W6tapu5C4PAAAAAAAAQNKIzgkIAAAAAAAAYDwgBAQAAAAAAAAKHCEgAAAAAAAAUOAIAQEAAAAAAIACRwgIAAAAAAAAFDhCQAAAAAAAAKDAEQICAAAAAAAABY4QEAAAAAAAAChwhIAAAAAAAABAgSMEBAAAAAAAAAocISAAAAAAAABQ4AgBAQAAAAAAgAJHCAgAAAAAAAAUOEJAAAAAAAAAoMARAgIAAAAAAAAFjhAQAAAAAAAAKHCEgAAAAAAAAECBIwQEAAAAAAAAChwhIAAAAAAAAFDgCAEBAAAAAACAAkcICAAAAAAAABQ4QkAAAAAAAACgwBECAgAAAAAAAAWOEBAAMIySCns88ng88njCSvbjiFSs2tw/nLR/oOoBHD/mRn289jOuViw1KhfsB+frnvs1nsYJAAAATFyEgAAAh6EETCnFqgOKSvJHEkokauQegRGmx1gd02hkS3ZIGT4pEsmx4lZNIqFEIqFEfVBeeRWst75P1KrSNdbjAwAAAEAICAAYJq1qNCTJL9/IpH+mVLOaR/D0uVrNmwIAAACAkxohIABgeIxyOIeTSypWLU84md3+nQznVHSmFKv2qDqrDNX8Wbq9mJJMAAAAYFAIAQEAfcgJYTy5IY3MefEqQjJr5qIK2O2zyXDO/ICZcw0my0nFquWxr2OEVOEIhZJhu405Mz+dmTN5+jHnYPc57cJJ82eBqLlHNDCwNul02OVx3m/m/p3PsNsYuz3zk2R+xL5EAwopaLYJ1/SvXDQZrlCoNGK1FicUUaD7+w8AAABAnwgBAQC9SoYrFDLsef4Sqo9EVOXN2clVqdr6oMwf+xVJJNTPjGdAXJW1SkT85jfeoOq7hUmGQhXmvIT9b0u25zLMzGMXiUS0uqRENYl6Ba17Ne+/f/PbpWLVqggZ8gbrzfP5pWigWrGUS5VV5viNuGFVwKXU3CxJXgVXu63xVChk2OOJyK+oAqM0B+KI8gYVHMgEgamY6qJ+RRyvsXt1UEo/OwAAAAD9RQgIAOiFHVBJ0YBZjeZyu+V2jd+VHuzgrf8Lk9hzGRoKhcygze12yzXoe0xqa8iQ5FeVFXi5fX5JhuJGSnL75JckIy4jJSllKG5I8vrkdUlKbpV5eJUVOLplHm7tP5G0NsqwKkvTVZHpilMAAAAAA3HKWA8AADCeuVRZG1GjJ6Coogp4ojIr/UZq5d+x4FZNfVDNFSEZRkgVnpBZZVhbqUHFgOm5Ee3n1f16q4NeRUOGGlulVHNcZgbolUtSKpO6Ku/hE0lJubzyq6qg3m8AAADA2KASEADQB7dqEgkl0q2xUQUKbXEGV6VqE3brrSQjpNBg551zlapUkhztxfZXrVUZ6PL65JUUjcdkmGWA8nmtbaXm0el25/RX/1qRTyol5fI6KhxTsZBZBWlzeeXz5r7fUkpNtIpIAAAAYBgQAgIAepWKha3FMDLz2fVbSbmypg+0W1+Hwj6n0ajWfu2ePYFhyoh3aydNhu2FN8wqvQyX7Eyuubm/yZN9DkOhrZnwKuVMrlxe+bySolboZbcCS5J7tRm2GiFlDi/Q4MtVqSq/oVCF2eobUlCRrLeYS5W15mIgmUVSKhSacH3RAAAAwNBNKnN/sGusBwFgdO3ZuXNIx3d1delY+2GVlZUN04gwfiQV9tiLZNSqUs5Vfy3+SP6VXdMrBGe3C9uLZEiSvEFFfHEFQob8EXvxEHshjMy5M8fkbz3OPWd9baVaw+ZKvt5gfbrizto7c35J3mBEvnhAIcM6dzIsTyC77zb7HPYzsW+/+6In+cabNcY8xzq3dz9n9pitozPPIj1m63UqtApBAAAAoAA0NTVpVvHpmjRp0pDOM3nSCUnS3r17B3X8okWLJBECAhMSISAAAAAAACNrvIWAI7owyDTPtfps5SItcE3WsZY9im56QPuPjeQVAQAAgP/P3v3HuHXed75/C7D+8PyhASQC0QCWQc1CIyARm6r3qOixk6ZJJIbeglttu2uVW6cqtbp0qyxl+TIC4qI2QbmoDKisVU2jXXF1xahJykrbvauWKDyX1m3qOtYxorNwXE4DaISOCMmAFIAyMPpj/IcM+P5xziHPOSRnODOcHxp9XoAQizx8zvMcHo7Czzzf5xERERGRsGVbE/AJ8xivZX6NL44MM7RxiK2jv8bLJ1/hS08u1xlFRERERERxMHtdAAAgAElEQVRERESkm2WaCbiVX0/sYjj88MZ/wzde2MmP//uNAZ3nAMdL+9je+vttrmROUBtIuzv5cCBtifS2+evHOf6bT/D33z7Jjz9Z7d6IiIiIiIiIyHq1TCHgNrZ0JIDuCZ/cNJhTGMc4mdkFk+c4cua689jzr3H29DFuHTvNzSW1PcLmQfRRZA6bv36c4wdGeXDtHO8rABQRERERERGRZbRMIeAkH90HY6jzmQf37wzkDPHndjF85+12AAhw+QRHLg+keZFl5Q8AT33vp3y62h0SERERERERkXVtmULAT6i99QFfzuxmi//hmUn+9v+5N4D2D/DFbbPYpUtzHnO89Cz3S0e5YDuP7Dh6hpdHp3nTnSm44+gZXt7lJZVuKfHzr3F279MA7C+dZ7+vxDh4/Cy2r+3W+a5Os2OvVwrtvJZXz7N/m3cJzvGKP7j0nS/c5o6jZ3h5+D3enHnWOe+dtznyOoES6I72ZM1TACgiIiIiIiIiK20ZQsBRfuVomt/YuZHGO2/zs607+dwQfHLvBvee3MU3T75B450S5/7X9OJPYYywmSYf2vMf2ruNYxzaBXbpsBO6Gcc4fnQPtTMnODJ9jJOZTfzItyagEwA222sOPv8aZzNnAH8QOITxDLyZOcxN9nDo9IvsL53n1tXDHHndfc3e54hz3WnDOMbJvZFAH05mXiNu+9Yi3LaPQzPnOJJxgr74q+fZfudtjrx+yf37a+325BGwlc/v2cbwwybvX7uhAFBEREREREREVsTAdwfe9DtpfnfXCMMbI3zxK/v48s4Rnto6wuf37OMbu0YYHorwxecypL4w6DMvxhBbRt3/tE9zqueMuj18eXSImcm32mHb5RNcuTOE8dyBwJG3rnnrEV7n3elZuPM2p7wS5ekHzBDhKcP5a/y5XTD5/XaIaJ/mR3ee5ovP+xqcneRCuF9bRtjh/mftdW1e8mi5x4/fOM1f3RnmGy8dJz6m7bJFREREREREZPkNeCbgVuJfGAk9tpGhjeHjInz+mZ3wL4vcJdi+y8eZUSdMW+xsQPs0r9h7OHT6PGf3ArOTrTLhTqNsGYKP7wXDuFszszDqBHIL34hkD09tgeFtL3K29GKw3TkuS+31w07Jcum8c+zVw+2QUR4R0/z4jdN8mvsWv/vScfjzU9SmtDOIiIiIiIiIiCyfAc8E3M1TPXYFDtuy9ReXcJ5LfNhlFt7CXefCscMcyRzmyv1dvPxqr/amuT8Lm7fuCTy6fXgI7t9d5E7E1/novrOm35HM4cCfeUO9yyecY0uTbN57hkPGojogq2qa94vf5S+nh9n/0nG+tGX+V4iIiIiIiIiILNaAQ8BNbOyY9bc8am9NMrNtHyeP+oK551/jbOk14oAT3A2x4xn3eeMYh3b5tit21wD03JqZDZTZ4ivb9Up7h3c957btnGv/tlnst+banGSeMdy4zfCubwZCvB3Gnt4vwFsD0GXf5WN/SbM8Ypwg8M0fXOL9+6vdFxERERERERFZzwZcDvyAhw+BlQgC7dO8Yh/geMlfTtveyReuc+Hac5zd6z4/O8mbV2/z8jPOkTtGgdHwa91yYPs0P3ruPPsz5zEy7o69Z47y5tEzvFw6z36gc3fgRbjsbUJynrMZ78HbXLF7bfThzFTc3+qDuzuwyoEfYdPctFa7DyIiIiIiIiKy3m0Yjf3SZ4NscPPzr5Hf+/Q8OeAMVinH95cSoInIov3k3XeX9PrPPvuMBx//nNFRTUMVERERERER6WZ6eppNmz/Hhg0bltTOxg2fAvDBBx8s6vW7d+8GBj4TED6+fIKXNDNNRERERERERERkzRjwmoAiIiIiIiIiIiKy1igEFBERERERERERWecUAoqIiIiIiIiIiKxzCgFFRERERERERETWOYWAIiIiIiIiIiIi65xCQBERERERERERkXVOIaCIiIiIiIiIiMg6pxBQRERERERERERknVMIKCIiIiIiIiIiss4pBBQREZHHS72IYRSpr3Y/5lAvGhjFQfewSTVrkK02F/fqapaBd0lEREREVoxCQBGRx1mzStYwMFp/1nYwEuQEGuE+14vuWLJVFhd1yFI0q1nf/bT4wKlH61SzWQbaZNfThD4XgXtphfqwwlqfmy5/nPewzsWCRaX26PyEEBEREZGgJ1a7AyIiskqaVbKJAlbgwQppA8p2jtgqdat/d5myOh8dGTMBC6JRIivep8dbvWiQrqQo2+Pu/dOkmk1QjNrkBnJDOe/52CCa6qVZJZuoEZ+wGXdvoHrRIFGMYudiK9OHVRDL2dg58N6zWnyC8aT/ExQhZ9vkVql/IiIiIrJ0CgFFRB5TTavmBICpshtuQLNaxDIfhQCwt0hyHDu52r14DDWrlCom+Qn//RMhOW6vYqcW4e4Ulhkn78u/YjmbR2wUIiIiIiIdVA4sIvK4q5RapY2RZI7A5J9WyW23cuE6Ra9Usl5sP+//71YzXnllu4wyXDbqX2vMKU3MUm265wg976zplqbiDIC0r2Sz1a73Au/cxXqw5LFYD5V9hkuh5xq7X7uP3ctgw+0ES0m9/hbrweM6ymhb13U5ymyXrmnVsFKZ0P3TRWAc/mvhjD98HVrve7NK1khTwaKQ8L+2TjFwr7iPL/Z6jYxhWgUudnuze/ZhrntlnnF1vS5Fap0nX9A52re/73OWvchUf1eh2+BD6wl65/Tf/871CJyzc6CBz8tau49FRERE1jOFgCIij6lIMkMKoBVohL+wO2WBBcskP2Fj22VSVEiH19qzCiTSThxHKk4sdpC8CVChtXzY3Sl31qETEjWrWRIFCzM/gW3blFNQSYfXWbMoJLygL0XcPz0xlsOeyGO6z5VtG3s8OXf5byVNLe6Nw/m7UYC8bTORN4EK6Xbi1N/Ync6Qs23sVjtAquyWUobbmSBvWhQSnWvKVdIFyNutcVmFi+2Qp17ESFecWZvueaxCYk1t0nB3ysIcG5n7oGaVbLrhXgsbeyJOLREMV1vXwR1nJe0+H0kybpdJ4V3LcV/gaFFI1Ijb3uN1iqUxJtz3xS6nsAqF/tbxiyQZL6eopLuEVD360KwWmMq457InyJv+e2mecUHr/U2VvTbiuDe+79It7By5mPc5o32982M0upTQL0Ul7V13m3LK+VlSIO++v3lM3y8ZnM9Dmob7ubftCeK1tXUfi4iIiKxnCgFFRB5bTnhVTvkeqqTbM4zqFylYtII7iBFPAVYNKxCmmO2QIRcDIphxJwzzNhGo19woLx7D22AAUmTcFCfmNEwt2HArJLQHskahFySOMOZldZlQcNhoOCFf32P3aVYpFCzAJH/Q7a3XjhnHjED72lgUwlPNvHNFokSdztDwZpmVKoF2I2YcEx65TRrqFwuQz7fDu0iSTMoXFgOm73lvnP1Ilf33SIycPxSOxUlhMXW3z8ZiOV94mOiYvRkWSY771jx032PvXnLNNa56zQl4222499sSzgFNrJoVfCxiEu/3gvbJzB9sXfdYPAVmnnxroFGi/utev0gB3/NESGZSj9x9LCIiIvKo0pqAIiKPudaGAN5sMyrU6jlGGg3ngEoaozJXC50iyQypgkXFDSmcDNAN4ZoNnJYrpBfa8AppLmLs9YuFwGzHQDvdNBo0+4o2vQ1QvFlWa9PImIk1dRd6zsds0miAVUlghAaRii9Pn5yNSnznWWgDsRy2nXPaKVQx55ptGt5ox+x3UM51MePzzKJc8Dmc+yaaWTvb4zSdG4DESt0AIiIiIhKgEFBE5HHVrJJNTJHxZtnF4qSotKoQI9EoYIGZZ2K+UtsOzkymSqWGVY06babiznncmW4WJvmJ8fnXkFsFCx57s0qpAoFZgP52unF3L56/QtWduWhBqjyoXXYHL2LGMQslqgd7vacRolEwO3adXQZuWBYtezve1ika6UU3F4unID1Fr4izXjRIN/JM2LbznlazJDoX9evBuS5zB6iLOYdz39QaTYitjQ9ZxLkBFvHzREREREQGQeXAIiKPpTrFRAHL21TDMNobbZh5DsYAb22/wCYJTZp9ruPvlfgWCv5SYIAYB/OdJbHNfhv2dJTNDtACx+7NAgyWY/rb8cqInRLNcFg4N6dkEqBSaq9JuODrtdwiSTIpi0Kic8MKb129WLxzbb6Fj6OPst67U1jefQw0q6XwEns9uBtrBNZ+dMuxvRC7ow/OTL52ablX7t6/WDwV2KCnHSov5RxOyXBwbUm3PH21xOKkrAKF4A3QRxAuIiIiIoOgmYAiIo8lZz3Ag+4GHS2BmW8RkuMTkE1QSBu+ECVFuZ81+vwzC32BDDjrm02QJVEIltsubKZbjFw5RSVdcctknX71UVTZh/7H3qxmWyWnVqFd6mrmnRlvrXZapbyLmAEZy2GXwUgXAqWU3jnWiljOZmIsS8IwWo8F+hjLYU9UyQbKmvu8n5wGOJg3SbjvSc/7JXaQPInWtTLzE5RTifaOu7E4KdKki3F3HUtPhOS4TbRoBEtWU2XfcV36kElhtO6TFOWJPI2F1G3HckzksyS862LmKedNrNZWvk4QvNBzRJLjlKeMdtl9qkw5VaG0gK4NVoycPUE1GywJX8szXEVERETWkw2jsV/6bLU7ISIr6yfvvruk13/22Wc8+PjnjI6ODqhHIiIiIiIiIuvL9PQ0mzZ/jg0bNiypnY0bPgXggw8+WNTrd+/eDagcWEREREREREREZN1TCCgiIiIiIiIiIrLOKQQUERERERERERFZ5xQCioiIiIiIiIiIrHMKAUVERERERERERNY5hYAiIiIiIiIiIiLrnEJAERERERERERGRdU4hoIiIiIiIiIiIyDqnEFBERERERERERGSdUwgoIiIiIiIiIiKyzikEFBERERERERERWecUAoqIiIiIiIiIiKxzCgFFRERERERERETWuScG29woX/rOt9i/bcj32EMe3LvBh5NNtux5lu0Pp/mH/3WOH/30k8GeWkRERERERERERLoa8EzAPZijwwxt3MgQOP+7cYit23bzja+MMvW9C3zITv7jkT/mm+aTgz31I+cAx08fY8dqd0NERERERERERNa9Ac8EdDXf44/+sAy/9wZ//EzEeWzo3/CfjjzHX509xz/8zot8Lf3HwB/xfWtxMwLjr55n/7bQg3fe5sjrl5bU9eVxgOOlnXyYOUHNfWTH0WfZPgRfNuCmvaqdExERERERERGRdW551gQcivDUpk08tWUo9LgTBN774Tn+4e4QZnqJMwLvvM2RzGH3z9vc2raPk0f3LK3vy8EYYXPooZtnjnIkc5QLCgAfa5u/fpyT332FLz3uE2NFREREREREZFktUwi4k9//0z/j93cOdXluwEFgyyWuTM4yPPqsSmzlkbD568c5fmCUB9ff4n0tkSkiIiIiIiIiy2jA5cD3eDALdMn+AgZcGtzdAY6XnuV+6T22ZPaxnVns0lEu2Hs4dPpFDK+Ps5O8eew0N92/7jh6hpeH3+MK+1rlxjOT53jl2rOczOxiGIDbXPGV9rZet6vVqHsu4PnXOLv3aQD2l86z33vt869xdi+Bdnq20XU8XY4xjvn6CLeuHubU5aVfSRm8VgB47RynvvdTPl3tDomIiIiIiIjIujbgmYDv8D+u3eZhP4cOfEbgAfbvGmJm+r1WoAdDGJmdfJg57JbeugHg/XYZ8ZX7u3g5vEHHtn188YZbZnz1NsO7XuTsC3Ahc5gjmXPYs0/zVV/ZsRPeNbnilSZfbWJkznDIAC6f4Ehpkhluu88Hw8O+2ug6nsNcuTOE8YLX9z0cemEXTJ5zx3aO+zu18chapABQRERERERERFbawMuBP758gsLVBQSBB3byN2+8xx2GMX/z0MJCq237OFs67/7Zx+bJc7xy5nrgkFtXfaGb8Sw7hmax32pvHlJ7/W1uDe1i//O+F81OcsWbQXf5BreYxf6BN1vwOh/dh+HhUfeAPXx5dIiZybfa57l8wgnonjvQ50D6b8M/ntqN2x0ttft1nQuvn/YForI2bOXze7Yx/LDJz67dUAAoIiIiIiIiIitiWXYH/vjyCQq8Rn7v02yc88iH3Lpxnc3JF9gKzNz5gFsLOdFCdwMe3cQwTT4KbMYxzf1Z2LF1D3C9xwvnbJQtQ/DxvVD4ODMLoyPsgD6CuEG0cZ0Lx67z7tEznC3to7OcWNaGe/z4jdPwnWP8p5eO88mfn6I2pQUBRURERERERGR5Lc/GIPQzI/Aht66e4v/mBf5w79PM3vhrTp25trwzo6YfMEOEpwIltt0DuAU0yv1Z2Lw1uCvx9uEhuH+3z5l4g2jD4ew67JUTv0Z8Aa+VlTLNj984zV9OD7P/pePEx7Q1sIiIiIiIiIgsr2ULAWGuIDAYAD688decKl7l4+XsDID9HjdngyW28Vf3sd1f/rtg13l3epbhXc+1A7fnX2P/tmDZMR3h42LamMseDr3qWwOwa+Apa8c07xe/2woCv7RltfsjIrKeNalmDbLV5mp3ZJnUKRoGxfpq90NERERE1rJlDQGhWxD4kFvvnOYvVzoABJyS2XPYW9prCe7fEtwdeDFunjnKm5MR9nvrE+6NBEtx7dP86M4QRuY8Z0vhzT76bGM+xigwysve6zO7+PiqyoHXNicIfPMHl3j//mr3ReTRUy8aGMbKBTvNahbDMDCUtPTWrJI1nPfFMAyMbJX+350m1WyW9ZDTefem92dht0ydolFkrd5lzucg9D7Vi4HxLvT9b322DAOj29j97YfbDJy72/3jBKS9n2/1gmrWmLsfcxwffo+DY5rvHvD3MTTGBV3b8Bi6/Ix0P6Pdfm469+3avfdERERk6ZZlTcAwb43A41+J8PNr3+Uvrv0i/+XICA9u/DV/scgAsPb64a677LZd4lSm2yw6Z+28Cz1edfPMUY7M0063c3e+bp7+2ic4Epp9OHcbXcZz2deGfYkL9qWe45K1apqb1mr3QR5r9SJGutL+u5lnYjxJZPV69Ohyr6WZn2A86V7BZpVsooAFpMo2udiq9nB5NatkEzXiEzbj7vDrRYNEMYrd18DvMmXB2LJ2crk1qWYTFKJlbNsdc7NKNmGQ9d8XczbRoLG8nVwkd2wWgBl8KpbDtnMdx9bi5rw/S+pFg3Qjz4Q9TgQnPEtkq+2fQ80q2XSD/IRNMhK8p5rVLIlClLJtE3Maw0gUido55+80qWbTNPIT2M6LQ8+H+zuB7d689aJBuhjvee/Wi+77PB5z3+Ms1YlxkhF3DLV4a0zOz4Yi8Y7zghMApqFs49wy7nWums79sohr2/kzKEExGvz5Y9Usmkn/z/o6tQoiIiKyzi37TEDPx5dP8Mq3jnL6hzf49NYlTh//A06s2AxAERHpEA4AAawCiQXN3hJPs9EluolEiQJgMjaywh1aaXensMw4pi+ZiOXsPgPA9aFZLVCwUpT9Y44kGS+nsAoXH/EZVhGS4zb2RD4cAXZoVgsUyJPvI/SM5Wxs3y8eImYc06phuT+EmlYNK5XBayp2MI9ZqVEHIslxbH+wFouTokLNu9BNi5qVItN+MXnT93xobP6QNhZPQaPR42dhnVrFJH/QPXMkSSZlUXM7HUmOB8bk9KtBo2tjMXK2P6CLYMZNrKm7Xc+8kGvb7htU/IM2U6RoX2NnSDUqqRSp/loVERGRR9SKhYAiIrK21N1pH2Z+Atu2sW2bcipFWTMBB8j5gm/b4/T7nf2RNTKGaRW4OFfSFSptbJUkNqtkjTQVLAoJf9lmnWKohLNZzfpKIZ3yx2K9XQbplV0GyjGzF5nqty/1Ypey0f7W3Ls7ZWHmD3bO9gqHU60xh8pF60WMRAGLCulwSWqov1370vC32Vn62rvstvd1XLg6FwuQzy/l50iUqDMNEKtmYfoT9EiUaM9ADfyBe9OqYZljtF8dIRqFRu8Xt8ZQTFcwfbPtAqWy9RqVVh8dI2O9g7t6MU3FF5B3Lan2NKsUChapeLfwfBDXFrBgLE4rtATn34NUXNvJiYiIrHcKAUVEHnP+GUqxXLhcbY61qrwQo1hvhwvZKlO+/+5c18oLHuZaf8s9Z7ZKs+N18wn1d771xXz9DK/h1f96g85YEk6dJFYh4QtRvP60v/A7YUKWar0zsPGvJddx7l6h1VrhznirpHv1r06xNMaEGzjb5RRWoeBcl0iScbtMCpP8xMJD00q6AHmn3VzMLccs4LZlY+fHaASWXpijL7EcZd+sLufwGhUzz8E5JzU2aTQgGu3W8RHGTF/45JaJR8vu+e0ylKo0Yzl3pl2Ksm23Z7nVixhuSaxtO7PxGunOoK5Sg3xrTFEKiWCI6JXOOs9DOjTrN3wdF6VeCwReC375xUIouAtf0xHGTItueVuzWuoI54hGA4HZXGFdO5gtMTZhdynf9oWPoT5GnHTRdz3bP+NKYxPBmYEAhMbgfb4TU2R6Xf/FXNtmlVKFjlAxmswQbf3sr1OrpIiPrNVSdBERERkUhYAiIo+p2EGvrM+bdRQObpy1qipeIDGRx7QKJDqSh3QrADPjJmPJjFNS5i/pc0tlnVlS3tpiXuBTJkWlI5DAKpDwypVT8S5raYWF+uu16wsCm9WsUwKdKrdmP7a+nJtx8q1ZkWVS0A6G5uSUEpbdOjpvZuXcIYpFoeQENhN50/l7wqAW73Fur3Tb7fdE3sQqJNbebrCxnC9US4RmO8XIdZRIdg9zFsrM532hoTt7zP9YxCQeqGGduy+xeMpZM819ul4LzgpbqvrFAlaq7LtHQv0JH1+rgK8klkiSfN6kUgp+ZlKZ8Ji82YdNqqUKqbK/dPYg+VBJaPA6LnJsS7lW9SLpirm4mW7eDLpyt3X3+hRJMm7b2HYeCsFNgGK5hYbTbvm0bZOnEPiFhFPGHPoZ4X127Di1Xht39HltvV9EOKGiEzZ3/jyKEU+590e9RqWvn7EiIiLyqFMIKCLyuIokGbcnyPvCEauQ8M2MK1GBdnmjF6S463G1pVqzi5yZMzHiTgrozqZyQhkwiZsRqF90NhdohRru8VZojarWrLD+1pXz+tsODL1+VChVmzildE5Y2a3ULhJJkmx9ww+PYfC8L/ORaNR9IDzTzAulnAAH2muQRcw4zlux1lJAlxtolFMWhUIwqGrPdkyzPPsQOBuMdJ+RF9SzL7GD5PFKm51ZUpl505+5Sk39fXJmDJp9LxLZ/fhINArWFL0zVP/sQ+f83ixN54+3yccgOZtL9HPtOzSrZNOVUBDZ7ZreZcoKr7FZp5gIB6vdZue5JdvzXvsIyXwes1Lq/kuAkTHM0LVvOtNAuwZ0kWSevOn9HJpPjFzXNST7v7b+JR7m+oVELJ6iUqu7pcCKAEVERB4HK7I7sIiIrFXObJUkXgml5YZxSaJTvvLWwsJadRbvLzhld80GTgbolLE1LbfgrJLGGGAKdHeqd6Lh9cOdj9h7k45um6WsOifA8WYLLvCtWFWxeArSTlgS8ZfA5qC1K+rAOeFXrdGEWI/AZN6+OJszFGp1cjizpHLdWwqIxVNY6YvUk6HZaPWaM0PVSdNx8ru70Nd8t+7HNxsNMOP0jrPc4DHjvGbMhFRmmXeobjZoYBJf8CY47RDPDoWt7fJdb0G9Bg2ixH0zP6vZNBUzz0R4cL6wLuIe22hANL7E6Y6RKFFq+G8xJ1zML63duSz62s4hFieVTpM280zEQDtCiYiIrH+aCSgi8riqFwPr9nmzyzwjY+7f/KWz/nXK5uKbNVi1ajgZYOfMt4lAu0vbPKPV3y7MsRHfTr3dS1DrRSNQclteM9tkOqEWQKpsB9+LNbPzrrv+WaCk253B6M3MvDuF5Zvt2Jq5GRB+b5z131qzMd2Sz7m5u6v6Z1J5s089ffQlksyQqtQohmZJOWtH9lij0t19Nh1eOzNdCWwYEounoJL2lXM3qdf9CUxw4wvneN+sNK/0NRMsm/XPDHU2o/DG6FyTSjrY72ZzOVKf0Jp8Tm8o9lzH0i3j7xbi4f5c8o3dKaX2Zvt6Swv02NAoYhL3z8CrX6Rgpeic9Na58YuzNmF7/b3AxiDEiKcsCt4uOM0qpYo709k7NtgYBav9fGBjkGaVbKBsPvS5Ceh2bZfCmfE8yFJ3ERERWdsUAoqIPI7cYAKrQMK3dpQFrTLdiLe2XyB8aPY5WcQJHaDihjbtL8BOUAIEdpJtstQ8ot3fmm+xewCvlDPGQbf2uR2WeOd1ZgiBVyrsvbZ/XgjZc9OBRYuQzDiJpH8NuOUJcBbLXRcx6rufjASFaLkdVLoltt7zBfKhoNV5f7ySVSdDccbeWuOsAPk+0tlIcpxyqr3WpVGLB881b1+c/sRTFSqVYGjkzDgN7fQ713VwZxwGNpmI5bB9m6gYRoJSyXLu20iSTCq0S3Is5270Mdc6byb5sVqr3DddCQZjkeS4sxmIb3OZRMHqf/JXa+OKAlZrF+dQGHp3iq4RrTsL17/OYuspL4D1/ywyfCFaJMm4b+zphi8sbIW7lcC42mF0hOR4mah3/6Qb5Ce6/BKjOcJB5+K0r18jz0RHsNgOZ2O5CfKNtO/98H6J0WTkoE2ZdLs/6Qb5ifAvObzA2yQ/EaeWMLp/bua7tksUy3XbAEVERETWqw2jsV/6bLU7ISIr6yfvvruk13/22Wc8+PjnjI6ODqhHslrqRYNA9Wsq/OXT22zDx3S/HLsllRYpyt1mB7ae79auN4PH/wKvHe+cZpcvzoHet/pm5ifcL7Lh/nb2rVX2HD7G319SlMuQTld8bfv63DGezjE5r7vbMRbvmrfa9UqQvevqG0PKH/R0KVVu902WQ7OaJTGV6Xiv68UsjYNLm7n62GlWyV6MMr5mZq+KiIiILL/p6Wk2bf4cGzZsWFI7Gzd8CsAHH3ywqNfv3r0bUAgo8lhSCCgiMo9mlWyiRjwURPcKBmUudYpGibE5Q30RERGR9WethYDaGERERESkJTgTMxha1bHIY+eUZAxtjWcAACAASURBVC1Es9ogbo/Pv5aoiIiIiCwrhYAiIiIiLTFytt1jN+AYyeQKd2cdiCS7bNohIiIiIitOG4OIiIiIiIiIiIiscwoBRURERERERERE1jmFgCIiIiIiIiIiIuucQkAREREREREREZF1TiGgiIiIiIiIiIjIOqcQUEREREREREREZJ1TCCgiIiIiIiIiIrLOKQQUERERERERERFZ5xQCioiIiIiIiIiIrHMKAUVERERERERERNY5hYAiIiIiIiIiIiLrnEJAERERERERERGRdU4hoIiIiIiIiIiIyDqnEFBERERERERERGSdUwgoIiIiIiIiIiKyzikEFBERERERERERWecUAoqIiIiIiIiIiKxzCgFFRERERERERETWOYWAIiIiIiIiIiIi65xCQBERERERERERkXVOIaCIiIiIiIiIiMg6pxBQRGSZNatZDMPAKNZXuyt9qFM0DAwjS7W52n1ZA5pVsoaBYRR5FN496aVJNWuQXbc3tfO5fSR+xIiIiIjIqlEIKCLrlPOl3zC8P2so1GoFSwP+0l4vYhjLHHS45zCyVdpnaV/rhYynXjS6tPUI8a5Fjz/FOsv3Xq9VvvEu/L1tUs2uoc/pErTu7UW993WKazh0dn6pEXqfen0W+nz/W78o6RW4+9sPtxk4d7f7x/vFxvz/Dszbj+DRgX9jwu9xsK357gF/H0NjXNC1Df+7Z3T+m+B+Rrv9O+Hct2v33hMREZGlW8EQ8Ek+96tpvvUnZ/jTU69z6Pln2PTkyp1dRB4jzSpZI0HB8j9oUUiskSAmEiUKgMnYyOCabTYag2tsBYyMmc5/RKNEVrcry2eZ3us1qVklm6gRn7CxbedPOVog0feH7i5T1vxHrW1OCJOm3LoG9kSeRnoB4Xyzwdr8JDtjSxS6vEmxXHu8to1tT5A3wYyb836260WDRC3OhPvaiXyDtD/galbJphvkJzrvqWY1i5GGsnfecpRCwh9iNalm0zTyEz2eD3SERCHaaqujHx2HJyhEy773uB0wNqvZwJjscopKule4VqfoDKJ97ShQ8BpbxLU1vfG6faOQ6Pi3z6pZobHVqVV6NCgiIiLrxvKHgE/u5Bd+7xVeOz1O/oVdDN17jyvXH/C5Zw7xxp+f4fjRA+zYtOy9EJHHSP1iAedrasr35TBFqmyTi61y5wCIkbNtbHuc5LpNv+YXSY47783aeFMWzvflvJxyH0u1wx9nWI/Re313CsuMY/rGGcs9wu/vIjSrBQpWirJ/zJEk4+UUVuHiIz7DKkJy3AmVzHmObFYLFMiT7+Omj+Vs7PFkK9CKmHFMq4blBWpWDSuVaX1+YgfzmJUadbyfITlaVzsWJ0WFmnehmxY1K0Wm/WLypu95f58bDUjFW21FkhlS1hR3u/a6Tq1ikj8Y8w4mk7KouZ2OJMcDY3L61aDRNVF0fka0b5kIZtzEmup+5oVc23bfoOIftJkiRfsaO0OqUUmlSHU0ICIiIuvJsoeAX3rpGL//i0PcmniTXCbHqTOX+PHlU5w8luU75fd4sPXXePnEMXYsd0dE5PHQrFKqAJjkJ/xfDnOhALCPcuFwGVZgKoVbvpWt0mwd5830CJafXZwKd7Jz3T2nDCtLtRksC2ufMlQuFjhfcIaOVUgEXxsaR3hGUqBsrVjr+1LPySsLLdaD7ftm1gTXSmy/H/7+tcoq24PpXTbX7Zzu8+HSvNbrwuWrAy9PnuO9rvvP7TzvLyPtmDk2z/u46kbGMK0CF+dKunqNoVkla6SpuDN229erTjH02WxWs773yLlvivXOkvTgfXeRzo9hj77Ui11+HvS35t7dKQszf5CO2DMcTrXGHPqs14sYiQIWFdLhktRQf7v2pdF5T/n1LnftfR0Xrs7FAuTzySXM8I0SjTj9smoWpn8abSRKtGegBv5Zt02rhmWO0X51hGgUGl1eHElmSFXSrfugWS1R8YWCgVLZeo1Kq4+OkbHewV29mKbiC8i7llR7mlUKBYtUvFt4PohrC1gwFqcVWgLUaxVS8fhSWhUREZFHwLKHgEMbN8LQCMbXf4tf//oXcCqAn2ST+e/4D4lf5vORjTC0ie2Lav0Ax0vnOdv68xqD/r8vO46e4eTRPWu+TQl5/jXOvnpgtXsxr81fP87J777Cl1QaPzh3p9xZgMEvaEFNqtkEBct0S8wmyJsWhYTvS1m9iJGutGd2lVNQSXdu7mEVSKTdGqpUnJhbflYBUmUb284z1ui3xtGikKgR984HVEpeWDVCPJ/3laqZQIV0sY43Q8ebjeaVguVineOYyJtY/tKwetEJD828U7oWh4FWhFXSFMi3StjoGRJFSGacAbTL1Jo4Fc7ejBunbK7izfCcyGNaXcpNK+lWIGrGTSLeGL33cqJMOePNZTKJ5/Otsr1yyuljYdkDNotCCfKt99IJv2pxG9su43Sj0PN+7Hgf1wJ3xlsl3SukrFMsjQVKJFtjjCQZt8uk8D6TC5s5WUkXIN+egdmsZkkUaJWQ2vkxgh/DOfoSy1H2zepyDq9RMfMcnHNSo3O/Rrv+4BlhzPSFT80q2USBaKsEtAylKs1Yzp1p581idn+RUS9i+EpivRLjjlu/5txTXUtfQ+WudpmOctfwdVyUei0QeC345RcLoeAufE1HGDMtuuVtzWqpI5wLLzfQO6yLkXNLZw3DcK5Vx0XwhY+hPkacdLHrWqmlsYngzEAAQmPwQt7EFJle138x19b9xVg4VIwmM0Rbs1Pr1Cop4iNrtRRdREREBmXF1gTcOPw0XzvwMsVSkddPjfNG+lm23P8J534wycxiGjSOcbK0j82T5ziSOez8uQr7Tw92VuH24aEBtrZ8bUrQjq1rv+5u89ePc/zAKA+uv8X7n6x2bx4z9YvOeoGtL1NO+RVYFC66s9Kc6YTtL06xuFMmVSmFZm+Y7S/muVi7bVI4L/Xa7k9rFtHImFNy55WjRSLEksl2qZoZd553y+K688bRLlvzXueUhrXH2VpfyhvnwHileM4MHOg+Cwf/ub1SwKZFzfc+OV/wfdcoYhJ3BhO6Bu0y8PFkpL1WYiXthCaRGLFYxBlvJEIy2f5yHouHg8jl413ziHdhOkImLySY731cQ7wS6XLKnZHqn+0UI9dRItk9zFkoM5/3hYbu7DH/Y9690u7onH2JxVOBe6Beq/S1vl2/6hcLWKmyL+gJ9Sd8fK0CvpJYIknyebP9SwJXKhMekzf70LmHUmX/7OiD5EMlocHruMixLeVa1YukK+biZrp5M+j8Y1zguQ13TUvvlywl3w/7WG6h4bRbPm3b5CkEZl56SyEEgr7W8gJxar027ujz2nqzwZ1Q0QmbO0PFGPGUe3/Ua4FZjyIiIrJ+PbHypxxmy+x7fOe1Mg8+AYxji2ol/twuhu+8zZEz19sPXj7BkcuD6aXIcmoFgNfOcep7P+XT1e7QeuKGZ5Y7YyPW5dvSnBtouDM5em9Q4AYFPb6FtdoOzRIZDG8GY7/HexstOLPMCj2f7zV7aaXFOJg3qRSca9xs1HAyQOdLb33KV+7cOZieIslxylMG6QpU0kZrlmb7S7E3w3Ctmu99XINiOWw7R71okC5UMX0BV73ovBeewa9B5lyvaGb+e7pnX2IHyZPgYj1JLubMksrY87XnBN21rj94/H1yZgya8X5/QnQ/PhKNtn5J0L1nzuxDpz/O+SuWEbrPTfJ99qI/zuYS0fIifp40q2TTFcz8hC9o63ZN7zJlmYwFOl6nmHCC1XH/cozOi2kSa12ju1MW5lh41F5IajvnTo5jm85szarZJfgbGcMMXftmowHReNf3IpLMk68lKFUPMj5vihgjV05hpC9ST/oDzf6vrZmf6OM8TtidrtWJUyEVz4HmAYqIiKx7yxYCPrH1Gb78/HN8dVuXJz+d5cEnTklwKrmTYeDL30lzv/o/+d//8qCP1g/wxW2z2KVL8x53vLSvXWp8522OvN5+zY6jZ3h5+D3enHmWl3cNhY7Zw6HTL2IMAdte5GzpRWYmz/HKmesd7bYfX0qbdPTrCvvYv813jmvPcjKzi2EAbnMlc4LW6l3GMd9z4bEe4HjpWe6X3mNLxuv3LHbpKBds7wW+vnVrP3wtXbeuHubUZZzy271Pu48G217UeML9WcB44q+ed8+zj7OlfR3v+2pTALjM3Bk/lmVR8IcPzSrZi1HGczF35lWPJC0aJeJ+ee5+yNy7vM7Z9lK45YMWJvmJcZJ4f59LexzdN0VpzjHOXk26IatVcAMSfLMfl74DrjPDzaJSq7pl1CZxt/ZtpD2YBW824WxQ4ZWJWlTSReJ2jphXZkuKcuDva8l87+PaFYunIO2GJf4S2By0dkUdOH/41Sutn68vzgzeQq1ODmeWVK6PM8fiKayO8AZ3DbkUZXd2sJPfzfHbhIDuxzedZHCOXzYEw9AxE1KZZb5/mg0amPSdb7a0Qzw7FF61y3e9BfUaNIgS9838rGbTVMw8E+HBdYR1bsl2vNt1D/38ipjEzUL3X/pEokSpBX7R1D1cHKBFX9s5xOKk0mnSZp6JGCz79GcRERFZdQMvB37SOMChQpHiiUP8+tZZ3i+f4r+986/cm/UdtGU3r5we5430L7Pp3j/y387+Tz5kF6mX/ow/PfUK/+FXd86dThojbKbJR/ZcBzmhVbtc+Bz2ln2d68Rt28chvu8cU5pkZts+jj8PcJ0Lxw5z5Y4TWB3JHHbDuj0cOh1s9+boi+5rFttmF9v28cUbXpnzbYZ3vcjZF+CCN5bZp/lqa13BPRx6YRM/8sqiA+f0DGFkdvKhe8yVO0MYL7RLp3cc/SZbrh1uX6vZp9nfulahMZcmmWEWu+QGgMYxTu6NYJe880+zIxNan3FB44H4qy9i3H+7Vep9hX2hdRR7j6f2+mHenJx1wr/M4TUVAMJWPr9nG8MPm/zs2g0FgMsiQjLv7l5pFUj4SqIsrxw0dtBdn84rhXPKB9vllu316VrllvWaM4PGX5LXTauk1Vv7zmt7iby1Dr3SWKvWkd05IRm+9a584/CVDTabzdbzXqly63lvnL24O00CrbXfWqHZfNemH60S30KoZNtduN/pbLvEtNmc/3trs0qx6u3amQnMPGvN3HRL4eq1tRYAwvzv41rgrn8WWGPOLWP2ygzvTmH5Sp698u6gcHmws/5ba30+t+Rzbu7uqv7deFtBtauPvjgbRdQo1iqB9dScTR2K3cvw3d1n0+ENa9KVwIYhsXiqXZ7uHES97n8/gxtfOMf773u39DUTLJv1l4c7m1F4Y3SuSSUd7Pfy3EPd1mN1NlbpvpmNOxO3W4iH+4sB39idUmqvdNWbHZ2i3K2cOmISN31lvfWLFCxvqYbAgZhxKBR871vo2MDGIMSIp7zlI3DX3Wv/wqJeDG0kVb9IwWo/H9gYpFklGyibD31uAuZa63YxYsRTDLTUXURERNa2AYeAz/Fieh/GcJP/cSLLt//wJH9r3eCff3iSE8eyFN76V2YBhiIMTf81f/SSs1vwP//0Kn/zRo5vf/svqD0Y4WsvZEj94hK78vxOtnObH7VCtutc+MEkM9ue5ZDhO252kgveMfZ73JwNNxRu9zkMfK/hOheu3Wb7Tl+4uNA2u5md5IpX2nz5BreYxf7BaW665/zoPgwPj7b7cMw3i8495+atwc1Hbl1tH1O7cTvw3M0zR51Az23v3elZ2DLihoSjbBma5eY1/5iG2OKePv7cLpj8fntWoX2aH915mi/6Q8iFjMc4xle33eaKL7yrvTUJo88G1nucazxr1z1+/MZp/urOMN946TjxMe0IsiwiSca9jShanLX7cu4X4uS4txmIgWF4m4T4yr5iufZmIF7Q1dcMNGdxeRMvJCtAfAAFj7Fca9OKhGFQIBMan1ty5py4vTGDNw5fIJpIJFpfxiPJ8UC7Rm2so93OrrQ3IWlZxOy87oJrKAZDjhg5u0yqtYOsgZFIkJhzN98m1UKBSmuNLG9jEWemVvia1eLlYHmqu/YaVEj3Cn5Wwjzv4+pzN6eJ+oJ3I0Eh6rsvYgfJ036+QD50H7nl4Gn/7rROANpa46wA+Y6br0tvkuOUU94OuwZGLR4817x9cfoTT1WoVIKh0d0pC8I7/c51HdwZh4HyTPf9bAXpRoJSyXLur0iSTCq0S3Is5270Mdc6byb5sVprLbh0JRiMRZLjzmYgvh2GE4UFrH3Z2riigNX6DIY+E62NmUKazoYT3dbabAWw/l/a+HcEjyQZ94093fCFha1wtxIYVzuMjpAcLxP17p90I7hrvE8kOR5837oe2w5nY7kJ8o207/3w/v1oMnLQpky63Z90I/jvC9AOvE3yE3FqCaP752a+a7tEsZzdV+mwiIiIrA8bRmO/9NngmvOXjM5yb/oD/r56lZ9v3ctvfH03X4gMMfvwobNjMMDsXexrb/E3/zTDL/z73+bXd48wPDvD7MaN/KzsL1Xtdp5nuV/qfcyOo2d4eXSaN495QVO7f7glrJ3HOCWoW64dbgVi8VfP89WZULnvri4be7glp4tpc/6+d443/up59tOlvNnXt3D5sjduwCnffeZB8PqES4pnJ93nnTHsmHbbM45xMjPKzdJRLtjhMuK2Wz2v8zzjCZQW+7T6M/94vBLktTUL0G+UX8l9i98dneHKn5+iNrWyO4P85N13l/T6zz77jAcf/5zR0dH5DxYReUQ1q1kSU5mOQKZezNI4uLAdjB97viUZRERERB4X09PTbNr8OTZs2LCkdjZucOoIP/jgg0W9fvfu3cCybgwyxNbRZ/nPLz0LD2f4l+t/x5+8cZUnf+8ML+9yQ8ChEYy9hzD2wmzzX3m3/Ef8vbWN3z39zXnavsSHd/ax/7kDXLC7hzw37zVh1ya2gy/kGmEzs9ycXvyobt5rwmgoPFt1/tJnr2T5xQXtkhx/9Tz7t0zyZuZwO0Rr5TvXuXDtOc7uddYxBCfgcwK863x03xcQDsL0A2a4zY8CawSuN9O8X/wu5L7F7750nNnXTvDj+6vdJxERaWlWKRQgPxELPZwlTYZ59wkRnzrFRI34xPhqd0RERETksTbwNQG7ufVOju9+7yof9dzz4za1PzzJ31r3+l4jrfaWs+5dYJ2451/jbMldi+7yDW4RXjdvF8N33ptjhmF37bJbt92hXRzyn9fYs6DAraPNpTJG2OwvfX7+ua4z83rbw1Nb4Na19ky9/YHZjns49Ixvzb+MbwYeTinu8K5vBsqsdxjBUuQFsd/jZmBNQqcPO4yer+iuVc68VjlB4Js/uMT7CgBFRNYIZ/26YIln+zmL/IBK3x8fzWqDuK2ZkyIiIiKrbcAzAR8w+xDY2O25J/ncr/42+0fnSKc2fYEv/c6/4/NDD/lwvjTQPs0r9gGOl9qz04I7zF7iVIbg84vYJbb21iRfzQR3mT2VmebQaf954dbo9UAwttA2l8Q+zY+eO8/+0nn2A9x5mzcnIxzquwFvpt95zu4FuM2V0iSbXwg9nzmPkfG9zCvPvXyCI9PHOJk5z9nW87e5Yl9f5Ey+61w4dp2PXj3vXCPXzCS8Yvc32/Dmmfe4VdrHy6XzvjLitWiam8uxyI+IiCxSjJxt99gNOEYyucLdWQciyS6bdoiIiIjIihvwmoDwxNhX2H/gt/jatnbYd2/yPR5se5ax4Rmmrr3FP9zbyTcSu9neOqTJv3zwkKd2j7Bx5l9599J3+Vu757RBWWnGMU6+ABcCQVrnWofy6NCagCIiIiIiIiLLa92vCfjp1Dv8zevvcMUXBm7dtYsH175P4dI7/PwTgKv888Qmnkp8k1RiN9uHImwf/VfeLf1fCv/WotFNDA8RXF/x+ecwhmaxl7C+ooiIiIiIiIiIrIyBzwQMe2LrNoZm7vCg5+anT7Jp60Ye3FP4t5Z17orsL72WR41mAoqIiIiIiIgsr3U/EzDs03t3mDve+4QH93omhLJG3DxzlCOr3QkREREREREREVmUFdkdWERERERERERERFaPQkAREREREREREZF1TiGgiIiIiIiIiIjIOqcQUEREZIHqRQMjW6W54mduUs0aGMX6ip9ZREREREQebQoBRUREFqJZpVQBMxp1H6hTNAwMI0u16T8si2G0A7t60XD+3vVPkTpdXuv+yfoajkZNqJQC5xIREREREZmPQkAREZEFqF8sYJEik4sRGXjrzky/RMEKPGoVEm6YGCGWy5DConBRswFFRERERKR/T6x2B0RERB4ddWoVwBxjZIGvjOVs7JzTRtFIUwFSZZtczN/8Rbz8r/1cnWIRcq0DRxgzgUqNei6G/+UiIiIiIiK9aCagiIhIv5oNGoAZN5dnFmCpAoCZn/CFgzFfAAgQwYybQIOGSoJFRERERKRPCgFFRET6dXcKa/6jFts4U27j0Wg/EaPF1N1l64yIiIiIiKwzCgFFREQWqL+QbvlEWpuSiIiIiIiI9EchoIiISJ+ajcYytu6u9Qc0VOcrIiIiIiIDphBQRESkT94MvGBI54V3/h1761x0d/gwx/rdQsRb6w+sQoFq6xRNqtki/r2AlzeMFBERERGR9Ui7A4uIiPRrZAyz48EIyUyKglWBShqj4n8uRSbZf+lwJJknX0tQsCwKCYOC/8liHDuwQYhJ3/miiIiIiIg89jQTUEREpF+RKFHAqlkECnZjOexyKnRwirKdI8ZCREiO20zkg1GjmZ/wBYBNrJoFRFnlpQlFREREROQRopmAIiIifYsRT0GlMsVdIJDBxXLYdq6vNnK2zVxHRpLj2Mlez7q7CKfiCwwYRURERETkcaaZgCIiIgsQO5jHpEKpujqbdzSrJSqY5A8qAhQRERERkf4pBBQREVmISJJMCqzCxcBmHSvD3XAklWEBSw2KiIiIiIioHFhERGShYjmbvip/B3/meUuJRUREREREutFMQBERERERERERkXVOIaCIiIiIiIiIiMg6pxBQRERERERERERknVMIKCIiIiIiIiIiss4pBBQREREREREREVnnFAKKiIiIiIiIiIiscwoBRURERERERERE1jmFgCIiIiIiIiIiIuucQkAREREREREREZF1TiGgiIiIiIiIiIjIOqcQUEREREREREREZJ1TCCgiIiIiIiIiIrLOKQQUERERERERERFZ555YtTNv2sNvHPk1Prl0CnvPcVIb/5ELP7zOJ6vWIRERERERERERkbVp9+7dS3r96oWAW3djjO5kyyv/lV9nIxtnZtnyw+t8tGodEhERERERERERWZ+WuRz4Sb6UO8OffvcMx57f2n74C3v5jWe28AQz/MvVv+PK9Axs3MSv/M5enlreDi3CAY6XznO2dJ6zrx4A4xgnXz2w2p3qsOPoGY4/v9q9EBERERERERGRtWhZZgI+8Ytp/su/H+If/uskX9g2xNBG+Ny2nWz+1d/iP3/9IX8/tZVvPPM0zE7y/ctv8bMvjPK1l3bzta9s5MEPry5gNuABjpf2sb3199tcyZygNsCx7Dj6LNvvvM2R1y8BEH/1PMPbNhGHgZ5nYX06wyG+zytnrruPHGD/riG2Dx8ALq1Sr0REREREREREZK1ahhDwOV78P59lbCOMnWjXKg/v/CZ/vNP57xc/fZvCyWl+95Vf49CfvMb9oafZ0vwJb579a272exrjGCczu2DyHEe8MOz51zh7+hi3jp3uv515bB8eYmZmuvX32uuHVy3882wfHoIZ/yOXOJVR+Pco2vz14xz/zSf4+2+f5MdaEFNERERERERElskylAP/Iz+6Mdv62+zMXabu3OZO66FZPrz6d/x8a4TNwEYe8inA8Ba2fPSg77PEn9vF8J23fbPhgMsnODLAAFBkOW3++nGOHxjlwfW3eF8BoIiIiIiIiIgsow2jsV/6bHDNfYH/4/f28eUv7GRseCOzN/6a7xSvOiHfk89w6OQhjKGHzEx/wPvXf8L7D4d58vo7fLTzK3x+9if881S/ScgBjpee5X7pKBfs+Y7zlQv7ynrBKat9efg93px5lpd3DXUcE3/1PPu3eUc7pca3jp7h5dFp3myFjeGSZMetq4c5dbmznztCr+/ow523OfL6NIdOv4gxFDx3jT2hx2Fm8hyvnIFDp19kx/S5QInwUsYuy6sVAF47x6nv/dT5jKygn7z77pJe/9lnn/Hg458zOjo6oB6JiCynJtVsglp8gvFkZLU7swzqFI00lG1ysdXui4iIiIh4pqen2bT5c2zYsGFJ7WzcMJjUYMAzAXfxtWd2MTa8EZjlZ9eutsONT67x7vQssJHh0V/mG8/s5Of/9A6NT+DTn76zgAAQMEbYTJOP+ggAN0+e40jmMEcy57C37HM29/Dbto9DfN85pjTJzLZ9rQ02aq8f5sodJ2g70nWtwT0cOu07R2mSGWaxS4c5dbn/4QT68Poldhz9JluuHW73e/Zp9r96ALjOhWP+Ph0OzoQc4Nhl+ax2ACgismyaVbKGgeH9yVZp9v9iqtks1f5fsGbVi75rYBgU6wt6NUWjyIJesoKa1SyGEXqf6sXAeBf6/jtteq/rMnZ/++E2A+fudv/UKc75fKsXVLPG3P2Y4/jwexwc03z3gL+PoTEu6NqGx+D8yfoH7X5Gs10uhHPfrt17T0RERJZuwCHgPe41Z3kIwBBP7fTPEtrK57c4M84ePnzIzOwDePJJZ1FC738H6fmdbOc2P2qFZNe58INJZrY9yyHDd9zsJBe8Y+z3uDkbbmguo2wZmuXmNf/rh9iy0MlR/j4AN88c9YWI153wdMsIO/ptb0XGLouzlc/v2cbwwyY/u3ZDAaCsvPAXyoWlE6vE/YK8oEBpFbjXttsX7oUHQY+gZpVsokZ8wsa2nT/laIFE3wO/y5S1rD1cAU4Ik6bcugb2RJ5Gunvo0r2JBo3l7eQiOWNLFLq8SbFce7y2jW1PkDfBjJvMN++yXjRI1OJMuK+dyDdI+z/rzSrZdIP8ROc9+u4hkQAAIABJREFU1axmcSZAuuctRykk/CFWk2o2TSM/0eN5/3HOTNHWvZuqkJ7j3q0XExSiZd973A4Ym9VsYEx2OUUl3Stca8/ibF07ChS8xhZxbc38ROD+o5Do+Plj1azQz9M6tUrP4YqIiMg6MeAQ8B2+/4dH+c47dwHY+swxjv/eXnaMPcNXv3Ocb4wANHn3T/+AV/6/bbz+53/Gy7/zDL/x7T/jzKlv8Qv9nsa+y8dEeMrofciOrRGYfcCtjtctIqTraZr7s0PseGaP81fjWXYMzXJ/eu5X9cU4xsnSec6WzrfLdfu0MmOXxbnHj984zV/dGeYbLx0nPvbkandIHiP1ooGRDn3Lq6TXfri2ZkORoGajSy8jUaIAmIyNrHCHVtrdKSwzjulLJmI5G/sxqk9tVgsUrBRl/5gjScbLKazCxUd8hlWE5LgTKpnzHNmsFiiQJ99H6XUsZ2OPJ1uBVsSMY1o1LC9Qs2pYqQxeU7GDecxKjToQSY5j2zlaVzsWJ0WFmnehmxY1K0Wm/WLypu/50Nj8peKxeAoajR4/G+vUKib5g+6ZI0kyKYua2+lIcjwwJqdfDRpdG4uRs/1l3BHMuIk1dbfrmRdybdt9g4p/0GaKFO1r7AypRiWVItVfqyIiIvKIWoaNQfZy6Bnvm84Q25/5bV7+9iH+4+iw+1iEL7/wmzx5o8kDNrL9K9/ka9s2wuwMP+v7HJf48M4QxnMHeh5x814ThjYF1+ozRtjMgEI6AK5z4dpthne9yNnSec5mdvHx1fnWKZxf/NXznH0BLmSckuA3Jxc2RW9lxi6LN82P3zjNX04Ps19BoKyUZpWSm/+1Z4lMkE/lmfB/WZUBc77g2/Y463IpOr+RMUyrwMW5kq7QTNRse+oUWSNNBYtCwl+2WacYKuFsVrO+4NqZnVast8sgvRlPgXLM7EWm+u1LvdilbNSZjTrfpMa7UxZm/iAdsWc4nGqNOVQuWi9iJApYVEiHS1JD/e3al4a/zc7S195lt72v48LVuViAfH4pP1eiRCNOv6yahelP0CNRoj0DNfAH7k2rhmWO0X51hGgUGr1f3BpDMV0JzLYLlMrWa1RafXSMjPUO7urFNBVfQN61pNrTrFIoWKTi3cLzQVxbwIKxOK3QEqBeq5CKx5fSqoiIiDwCliEEvErlnds8fNjEfucn3HFqg5m9+xP+38kmDx/e5d17O3n9T/8t2x/e4C9f+gNyl24wO/JrFL/7Cl/q8yy1t5w17E4e3dN+8PnXOFt6jTjA5Rvc4mm+2np+D4de2MXwnfeWHNK17eHQMxHskrd+X3gtwPBMwWMcmndW3x6e2gK3rrU3Htnf5TXDw3NM6VuRscvSTPN+8butIPBLW1a7P7Le1S8WsABSZd9slwjJXDL0JddXItwKKdphgXNMlmqzvYZVsd77caeZ3mtjdXtdx2sTbt+tAomuJczt4CIY5My3tpY/BJljTS7vOhTr7bEEZk8GyyStQsI3Bq/d9hf+1pjrnYGNfy25jvLRXqHVWuHOeKuke/WvTrE0FiiRtAoF57pEkozbZVKYbtnnwkLTSroAeafdXMwtxyzQKiG182M0AlWsc/QllqPsm9XlHF6jYuY5OOekxiaNBkSj3To+wpjpC5+aVbKJAtFWCWgZSlWasZw70y7llri6s9zqRQxfSaxXYhz+KFRqkO9VGlsvkihEfaWzBMtuu1zHRanXAoHXgl9+sRAK7sLXdIQx06Jb3tasljrCOaLRQGA2V1jX/plXYmzC7rKJjC98DPUx4qSLHT8XDMOgNDYRnBkIQGgM3uc7MUWm1/VfzLV1fwEUDhWjyQzR1uzUOrVKivjIozHrWkRERBZvGUJA+PjyCV761ne48MPv87/d/zf0yUfv8LdnvsNL33qVv7lxn/uzD4FNbNoKGzc6KwI+nHnAg35PYp/mlczbfOzNwiud5+xe3F10AS5xKvD8ixj3B7377XUuXGtiZM63+1A6z9nTx9z1+0IzBV+AC1dv99Hmbbbv9drbyYelSWZ8R3gB6NnS+c7NPoCVGbssnRMEvvmDS7x/f7X7IuubE04AwRk1i2ZRSKRxJhamaH+37HzcCWOs1uzDcgoq6fAMGItCokbcDWMAKiUnnIgkx1uPYead0GYx6USzSjZdabdhlymXDzLSmm2WpuIFLxN5TKvLWnaVdCvoC67H5ZQStrs50UeIYlEoOYHNRN50r4FBLe70LQXtUArcEKgCqbK7bpqJ1WWdr1XnrV9WTrlhqP+9jpHrKJHsHuYslJnP+0JDd/aY/7GISTxQwzp3X2LxVGDNtHqt0tf6dv2qXyxgpcq+eyTUn/DxtQr4SmKJJMnnzdbnxJPKhMfkzT5sUi1VSJX9pbMHyYdKQoPXcZFjW8q1qhdJV8zFzXTzZtD5x7hQkSTjto1t56EQ/IVDLLfQcNotn7Zt8hQCv3RwyphDPyNaa//FqfXauKPPa+v9IsIJFZ2wufPnUYx4yr0/6jUqqfjir5uIiIg8Mga+H0fQJ9Tyhzt31f2nEiev/ybH//zfsv+V8+wH/v/27j08yvre9/4n53NiYDiEcAghhuOAQDiMuDyghFSNG93qNrutGGzZPTy07oa1Vfq48qTuaruXeXpgdbebViKoT2zrqi7jIQbBquBwCCAMIqRAEiScMhByTkggzx8zc2cmCeQ4CQzv13Vxtbnnvu/f956ZeF35XL/v7yf7Nj2zJq/nIaAkR9h1tWDr6q//47c/0g88juzS+qc8d9stet6zfo9rUp7Si7fW6Fcrv+OctSc5dgz+b1r2qByzAv/yM/2gw07B7j93rqHra4rcZ/AV/1rPdpjR17HugXh2DIZj+sd1vxA+bkSW7EKPWTK2Lo/blJtjldS+Jpc5NUPKz1eR1a50t+uNFsq4ZFkkWa0lOiUNXJvyqRJjNmFOgUVr080yO//idcwecqvBGRhZ84tkyzK7/WGcobzifgQMHRh/zCckSLJKnWaaOUMpkyPAkdrXIDNZUmWRVflFNmWZr8E/3c1ZKi7Oki03RZk5BbKs9Zxx6r405cCvQebYYCRhZfffnivWYl6ubKVpgy1dWWbHLKmVxd3dz9FqWlRml8wdz3WvyRHKW1J7Gsh3fb4pIUG66u+JY/ahox7H+PnWFHmuCmpRdg+r6BnH5hIJeX34zXUG9ZbsQregrav39JRKrBYlexRuU26aI1hd674co+Ni2WU23qNTJVZZkrt7apPSs7NVlLZOBcu7CP7ikmXp8N7by8qkhNQuPwtTerayi9K0rmB5F7MLOzIrKy9DKZkbZEt3/+9Nz9/bjv99vuJIqRnKLLIpVfnKSM2SmAcIAIDP88pMwB6ZHKPAlhaVfvSC/u1AtRoUpFFDVkwfJUYrpuPae49+QykDtTkIAAwIxx/Skq7cBucNxoYervXNutiYZLCYs5wz7tpnybhm2pwq8WzjTUlJU1cboA4d1665rvXyUtpbpK9x5tQMI6hytVo6Zju2z3gceB1ab7vSbS2OzRnyi2y9miVlTr3CBiC2IuUbs2Ydv489/13s+nx7WVmnllRPzuAxwSTXe5JhtB+7/g3wWpX2MpX1aRMctxCvQ0Gd2nftZSrzaPl17ACcb8lWYcfpbm5hnevcK7ds90IX6xI6wkUv7v7T5/f2KsypysjPVGZZd63uAADAVwxdCPhFnl784ff1r385poO/zdLqNevcZtNdJ/7yM/3qgEnL3FuB75HeXtn/zUEAYCCZU50RR35mhzX5rrA4/UBw2xnXWMvM+a8ns1QGvBxnC56rvdjVbhuX7OwTdbbatv8buFl//eMIcKQuQpxrZudd5/pnHddKdCxG5ngfT5XI6jbb0TUD01PH9mDH+m/G+nzOls+rc+6u6h7G2TZ4Brs9qMWUvlIZ+UXKLcr3WE/NsS5kbtc7/Tp3n83suKZkZr7HhiGOGbHuv4t22Wzuv4ieAZPj/HXtv6uu1teVnm2z7jvAOjajcD2jM9TM9KzbbvfGL3+HNfkc1Sj3iutYOtvxuwrx5Jz16vbsjlZqVyhrV8GqNMeOzF21U5ssSrXka137xcqxui9h4Fmfx38bN+R47HbtsTGIzErNsCpnQ/v6qevyLUp1nmzL7bB2qW2Dcqztr3tsDGIv0CqPtvkOvzceunpv+8Os1IyOyxsAAABf5uV2YN/XZTsvAFxrzFnKy8hXZr6Un9mhJbDM0a7pCMPakxK7taifs83MWp5tUX6O44/ldOcf+Ha7XSZTL/7k7LZF2GR01LrYijpGOjbl5kpZWWYjqHGFQqb0lcrIsSo/3631z26X3WTq1R/GrvfPMWtpIP+kNil9ZYZyrPnKX1eg5c6wo9fvo1c51j9LyE1RWkpO++GMvPag0tli63rdkl2ovIw0tyU3HN+XNOf3MyOvWFlm57NnpiklR441HfMylLaum2rS1yqvJEWZKflGHXkZ+TIu67YWRz2pGZnKzM9QXlb7UcfMUauKbFnq3Ind9fuQ0XFNNnOWivOkFLffRYslWyvXpstsStfKjBxlpqUoRxZlF65VujlLxXm5SklLUc6V7imLspOLlJKS6TpDecXtwZgpfa2KExybT7Rf0ovdwV3rUjpZ01KU07FF3tl2v7Ljtc5ZwdYiq+zpnuMZAaw1p+vvjilda/NK2p/dkq1CV8+vEe7mt3/WHs9lUvraPJWkOL8/zvez08dmj9Py4jxtSElRSqd7uHOEs2aTZM4qVPaqNLnezoy8YuesSrvilhcrb0OK2t9q5+focTNn4B1nUXahlOP22Xr83nT33vaTOatYawf4ngAA4Nrll2ie0zbURQAYXDs/+6xf17e1tanm/BklJl5ll2pcmzr8Ie/5x6ZrVo3jJ0t2nlKLMh2zbJx/6LvWUOu0JuAVjkvtm4O4cwUYna5z7ppq7RAueNyjyz/OXZt7uO6fJ2U6ZxetTdepDmu/df6j3PN6j3GuUFNnHd+/Qq1NP+W8b/t4nZ7Z9ZkYz9Vei0fQ0/GzU8/X/kLf2AtWKa1kZadAxpa7SmVdrRWHK7MXaNWGBK29ZmavAgAAeN+xY8cUPWyU/Pz8+nWfIL/WAamHEBC4ARECAkA37AValVak1A4zuK4UDOJqbMpNWafkTrPhAAAAfNu1FgLSDgwAAGDwnInpGVrZZFW2irNIsnrDXlCm1OIu2nABAAAwqJgJCNyAmAkIAAAAAIB3XWszAYdud2AAAAAAAAAAg4IQEAAAAAAAAPBxhIAAAAAAAACAjyMEBAAAAAAAAHwcISAAAAAAAADg4wgBAQAAAAAAAB9HCAgAAAAAAAD4OEJAAAAAAAAAwMcRAgIAAAAAAAA+jhAQAAAAAAAA8HGEgAAAAAAAAICPIwQEAAAAAAAAfFzgmCf+l/HD8T8+NYSlAAAAAAAAAPAGZgICAAAAAAAAPo4QEAAAAAAAAPBxhIAAAAAAAACAjyMEBAAAAAAAAHwcISAAAAAAAADg4wgBAQAAAAAAAB9HCAgAAAAAAAD4OEJAAAAAAAAAwMcRAgIAgCFhy01RSq6tn/dYpQL7ABXUflOlpOSqf5UBAAAA15bAoS4AAHCjsqtgVZpyrFJGXrGyzM7DtlylZOZLylBecZbM9gKtSsuR9Qp3sWQXamVJmjLzrzSO8z6yKTclU51Oy8hTsTF4N1y1WbJVuDZdpg7PYcku1Np0k/sFncb0eFaXTs/oqrn93l3yqOMGZC/QunyrlGxXevoN+y4AAAAAPcJMQADAjS0/UymrCjTQk8kcs8k6h475mSla5T51rcuQM1+ZzETrnilda4uLOwSvAAAAALrCTEAAwLXNlK61xemSJHvBKqU5ptx1mAFXrOIsyX3mXZcz7iRJFmUXrlW6Se0z+6xFstrTNXBZkl0F65zxn1utrvqtOTkqsDhqsFuLHAGg24xEe0GurJYsmSWZ1xYr3XHQGRa61Q8AAAAAPcRMQADAjcucqgxv3NduVZFVkizKzm4PK03p2cq2SJJVRdYOcw/z1xlr25nSs67LkM+Wm6KUFNe/Ltbqs+W6vZ6rIo8X7SpYlaJcm025He5hL1jVfp3HGoKOc41DtlzHrE73cXo0y9N9zBTlFnV1Su4Vnq0vdXce8+prI7rGcPyvUWenW7rX2PF1m3JTVqnAVqBVVzyn++e84vvqfO9tnZ658/ti3LFglVJybR7fm1WON86txo4zYjvU0en7sEoFdteY7eN5fDc9avf8HFZ1s8BkT+/jWVdfvyMAAAADixAQADDk8jPd/ni+8uJ+1w5rjtKMP+a7WLPvVImzvTdBCR5hnkkJCZ6nmtJXOoNIq3LSruMwwJardcmFKi4uVnFxsfIyrMrJcQtJnLMuM/KKneekqvMCjVJ+ZpFS3e+RlqIcZTuuKcyWxS0s7ZI1R2lFqc4x8pRhzVHOVS9wzh7NyDNqT+1YmL1AqzLLlF3orL0wVUVpnuFU7+p2jFmW7Xq/CpVdltnt556fmSNlO8YozLYoP9OtBluuUjxqzFZZZseQz6qcdVK2s87ivIxu7pGqog02GeteJrS/R3kJOUrrGARac7TO45kzlZLS4X3Z0OEZ8zNVlNpejzUnTSk5rhoLlW3J1zq3z8+W26EOZXYI7qzKSXON6Zgxa8tNUWZZtgqd1xSmFslRhl0Fqzw/h9SitM7BqDH2le7Ts8+z399tAACAfiIEBADcuGxFjrgnY+UQzrwzK6u4WHnuUxLzM6+/3WnNWR5r85lTMyRriU45f7YV5UsZeW4t2maldjEN05K9XGb3e1iyle26rylBCbKq5FTn69plKM8YpOsxPNiKlO9xjXNc91M25EjZ2e3fEVO6Vmbkq8jtA+pV3c4xV7bfUOnZ3YdAFrcaTJZUWTweI9/ze2xKV3a2RfnrPIO6jJVubfTmVGXI9RyOFnZLh+dcm2V2zmy1KHu523uU5QhYPTM9t2cyWZRqkTLysoz3JS7ZIpWVeQaHlmwtb3/jlOExe9YRmltdb5y9QOvyO3xWy7OlIqvnM7qN6bim44zctY7voW2DcuT2Ocmk9JUZyi/q4jfvqvfp2efZ/+82AABA/7AmIABgyHW9O7C3uGbgOHTe0bcHrrA7sCEuWRZJVpWpzC6ZjdvbVOR8tATPKYIyZznXNTSeP19FtiyZe7hx8bWh427IrjDNrrIyyZIaNzRluXh8txw7MMc5CtOVK3PUbs13zFBzl5HatzLsXY3pHgL1OpDu+v01ORI0XfmWcUq2SEVldsl8SiVWKWFlF2eeKpFVCfJ8yf3aQUrQT5XIqnxZUzr898GS3c01HWt3sDs+WKX15IPt7j4D+nkCAAB4h/dDwDEpevixb2vFshSNvViq7e//Vb/+f/9DB70+MAAAXRmEjTWcs6CsVkdLrMXYGGSdMyDLUKor3LMXaFVaiVYWO2cvOWdnXQdN0R4cm54kKK+4WI49WnKVkul61X1G1xAmIuYsFTt2kGnXbVDmqN2S2oew+Aq6DOfsZSqTRX3LSbt+f7sMpzx4Bn9XDPXikmVRUYdA+yqhobfEJcuijPbflR5f07F2B5Pjg+2wyVAf7zOgnycAAIB3eKkdeIwWPv683njvYx3enKfcx2dKh7Zpe0W0Zj/+P/XBV9u062+/0dPLUjTWOwUAADCEnO2Aksf6gWnO6YLtbYE25ablyKp8ZRprDDpn0rm3SV4HTpVY3Z7LbXdkJ3NqhsfmJ472ykEusivO0LV93bmua7fm5HhuamHvx+JtXY2ZkyOr0c7r3ECiF2tDdvX+5uRYPdt/JY9WV1tupvKN75lJllRLh+e0yWaTM9T2XM/P89pBYrIo1ZKvzA6bblz1o3DV7rE+pc3Ram9O7bxmpN1unOfYBMTZlt/dfa76eQIAAFwbBngm4BitWPsHPfVPExUTUqOvvyjW+mf/t3759mGPcxYue1QrHv9P+uaLefrB/2PXl5v/t1Zm/VUnejnaS+/Z9Ehi+89H3jLr7jX9e4IVG7bpKf1eM5e/1r8bAQBubKZ0rS1O6NAe26H12bke4PKCVUZAKKlDu/H1wbw8W0pztcxalF2Yp4w0t212zVkqzF6lNFcrtiVbedkWWUuGpl63wpRVmK1V7rXnZcviXpg5S8WFBVrl1kbuaifuWwZmVlZxnnJT3FqMM/JUnNXhbmVlssvcs++BOUvFeblKcavR87vmqrpIKcYUzQzlFXuucVcot89IFlkyUpVtTlf62kJpVZpSUpwnD8l31KT0tcVKyE1pr0PdtfSbjNqNtl+LRRmp2TKnm5VVXKiCVZ6t3p7vm6ulv7v79ODzBAAAGGJ+t+V+1Ob64fgfn+rn7Z7X5q+WaUTFFv3+2V/q97tOXvXssfNW6Ocv/kB3xpfq5amP6Ge9GOml92x6RG9rwn3POQ48vl77n52sgy8u0mMb+/4EL71nU6r9l4SA8Gl7tu/o1/VtbW2qOX9GiYmJ3Z8MALgGONZrVBfBIAAAALzj2LFjih42Sn5+fv26T5Bf64DU45U1AWPiF+uZjYv1VGWp9m79i379b69puysPnLJI33/8ST189zwlRUvVlTWSQhTdqxG+pbEm6cjm59oPbVyhmf0I/4DBljB+vM7a7WpsbFBbW/fnA/C2Ljb4cNPVrCoAAAAAuF54dWOQ0BETZXnwaVkefFrVxw7pRMgYTY+PlmpKZd38K/1s43p9Mn+99j/b22aS13TC/rQsd6/XCq3Q+g6vrtiwTdnzz+mvUx/QatdBj5mCjhmLSc6Xqnf+UjOXS2/seFqWaEmJT6v8q6edx1+Ta4aj5/mvtY9l2qK/apnRmly985eauXmx9j87TzGSpFLPWnDD8/Pz0w9WPqkPP9qsT7Z+rtZWz1R/3tw5OnjosOrr64eoQuBG5Gg1TB/qMgAAAADAC7y0MUhnMYlTNKl5m3IeX6oJCx7QY2vW65NDfb/f6vt+KavmKfsrm8q/ekcvub22fvnvZa2ZqNkvtB9bcfdkxRzbosc2Si+9t0xJx97WhKlmTZhqVpHpUb2k1/TYArP+eswR4k2YanYGfd/SGzuWaYTz2ISpv9TBKU9rs9u9lbhMs/c57jXhrVLFzH9a5T+Ufu0831ozUakbvtX3h4XPGT4sVokTE/SdJ5Zr6uRk43hISIgeeiBdKzOfUHLSpCGsEADgWxzrTzKbFQAA4MY1aCGgJDXb92t9N+sE9pwjtHOFbI98ZVP5e88brxUdqlHSLNfP31LqlGgd2efWPmyK1wrn/11931Vm6b3wqCzapV8bawS+psc2l7rdW1LNLr3u2pBkzT4dUY2sv3PNUHxNJ+xSjGlyfx8YPuTixRa9+/6HGjF8uFZmPqGx8WM0wmTSd59Yrie+9V8VFBSooECvTtQFAAAAAAA3kEENAb3DGQa+uEvVicuMGXrrl2/RkcTFeuNxSY8v1jS1B3Wr7zNrwmaTcxahzXNWXwcr4odL0fOMc8u/sqn8wYlefyr4tpraWn24eYs2//0TzTLP0JrVP9FPVv1A96Ut0dHSUv3plY3au9821GUCAAAAAAAf4QMhoNPGLTpYI42Id7XdPqe9x6I17e5vacXdk6VDWzzXDlzzgKN998VdGvHgNkdY2IX1Feekml3KcbYOG//ue67rC4AeOnX6tP5W8K6+sNn0T4tuVcrs2fp0m1Xr1r8i685damlpGeoSAQAAAACAjxjgELBYRyt6eu5kfTP3He1/dp5Cju3Tm70Z5oV3Os/ge+FRWaJrdHDza8ah1X/eJU15VN+cIo/jL73ntobgxgpVKlojprTfyqN1d80+HYmep6fc1/R7/FtGKzHQH4dL/qG//PtbKtz0kV5948/a8Hq+Dv/jiC5dujTUpQEAAAAAAB8ywIuO/YdW3rNL6c/8Tz392DyNC+nqnDHtrzeX6u8b/lk//UWhTvRmmDUPaMKh9dr/rE3lD7oO1sj64iI9ttHtvI1bdPCHT8uiXXrdOO5Yy++Rr2x6xHmkeucvNdPVKvznXUp9dpnKv1omHXtbE+57TndPPaw3djh2DHY5MuU1rV8joN+2Wrdrq3W7YqKjVVNbq7a2tqEuCQAAAAAA+Bi/23I/MhKH4398agBvPVnfzP1XPX3vRMU4j1Qf26VK0zwlhVRoz/sv66dr/qqDAzhiV156z6ZU+y+dO/0CkKQ923f06/q2tjbVnD+jxMTEAaoIAAAAAADfcuzYMUUPGyU/P79+3SfIr3VA6vHimoCH9XrWA5p59z/r5Z0VapIUkzhZ2vmy/q970/TgIASAeuEdPZJYqiICQAAAAAAAANzABrgduAsnC/Wz5YX62ZRFukPb9Mkhr48oPb5e+5+dpxhni/DqQRgSAAAAAAAAuFZ5PwR0ObRNnwzWWBtXaObG7k8DAAAAAAAAbgRebAcGAAAAAAAAcC0gBAQAAAAAAAB8HCEgAAAAAAAA4OMIAQEAAAAAAAAfRwgIAAAAAAAA+DhCQAAAAAAAAMDHEQICAAAAAAAAPo4QEAAAAAAAAPBxhIAAAAAAAACAjyMEBAAAAAAAAHwcISAAAAAAAADg4wgBAQAAAAAAAB9HCAig19ra2hQYGDTUZQAAAAAAcM0KDAxSW1vbUJdhIAQE0Gt+fn5qk1RfXz/UpQAAAAAAcM1x/b3s5+c3xJW0IwQE0Cf+AUGqq6sb6jIAAAAAALjm1NXVyS/g2uqgCzz5yv9QeHSMJCl6+IghLgeAtzXUVPf7Hn5+fvIPDFZTc73Onj2riIgIRUREDEB1AAAAAABcv+rr61VfX6+mpmYFhkZeUzMBA4e6AADXp+DgYF2+fFlNLS1qOl+lc+fOq7W1ZajLAgAAAABgSAQGBkl+fpJfgPyDwxUcHDzUJXkgBATQJ/7+/goNDVVLS4AuXbqky5cvKzAwdKjLAgAAAABgSLS1tSkgIEABAQEKDAyUv/+1tQofISCAPvP391dISMg1tdsRAAAAAABD6VpqAXZHCAig367V/8ABAAAAAAAc4n5JAAAeXUlEQVSHa2teIgAAAAAAAIABRwgIAAAAAAAA+DhCQAAAAAAAAMDHEQICAAAAAAAAPo4QEAAAAAAAAPBxg7Y7cGLCBC1/7BGl3DJLw4fF6uLFFpUeP653PijSvxe8N1hlAAAAAAAAADecQZkJuOq7K/TaH/5ND91/r8aPjVdEeLhib4rRnJlmZf+Pn+j1//M7zZw+dTBKuaalL12it19dr/lzZvfqmu1F78q2dYvefnW9F6vrv748HwAAAAAAAPrP6yHgj1Y+qeUZjyoyIlwnTp7U7/70ir6/+hmtef5Fbf7kM11sadHM6VOV/c8/UWLChD6Pk/PMatm2bjH+DUQglvPM6kEN1h74xlKNHxuveXNm9eqa02fOynzbYi379govVtc76UuX6KO3/qL0pUuMY315PgAAAAAAAPSfV9uB58+ZrQe+sVTBQUHaXrxHT/30X9TQ0Gi8XvDhJj26LF0//m/f1c2TEvX9Fcv1z//ys16Pk/PMai1dfKfWPP+iCj7cpPlzZuuF557VH3/9kr771Oo+1z9m9Og+X9sXfal1xPBhqjx33gvV9M/4cfEKDgryONafzwIAAAAAAAB959UQcOniOzRi+DAdP1GhX/zm39TQ0Kj0pUu0aMF8VV24oFfy/6y/vF2g8WPH6psPP6jZ5hmaP2e2du7Z26txxowerdNnzqrgw02SpJ179uqeBx/1xiMBAAAAAAAA1x2vhoDJkxLl7++vLw58qWNl5casv+ioSEnS7JkztOJHP9Gnn29X2t13KSY6StOnTO51CHjy9GnNnWXWD7/zhH73p1c8Xst5ZrXSly7Ry6/nG6+lL12in2b9WB9u+buyf/GS3n51vSZNTJAknam0a83zL2rNf19lHLNt3aKjpWVa9u0VxizDUSNMkmQcd933n1f9QPsOfKlFC+YpKChI9Q0N+nnub/TktzKM+20v3tPlrDjXjMaf5/5GBR9u0h9//ZIx029hypxO47nqnjQxQduL3vW4znV+S0uLx7PnPLNaixbM1559+/WNexbrTKVdG9/4qx5/7BF9dbhE8+bcoojwcOO6W2bM6HJs170euv9e42fXc7kff+G5Z/XTrB/r57m/UcrsWR7PJ+mqtbrez4+3btPSxXd61NXxcwYAAAAAAMCVeXVNwKjISLW0tOjUmTOSpOlTJhsBoCSZhg/XjClTtHPPXtXV1SnA31/h4aG9Hif7Fy9p9z6bvvfE47Jt3aKcZ1Z7vHb8RIVumTHDOJYye5bq6hv0XtFm5TyzWqNHjdSa51+U+bbF2rZjp+5LvVvLvr1C24v36Ghpmcd6e2v++yrV1dXJfNtimW9bLMkRZLkEBwdp6uRkfS/rGT35oyzV1Tfoheee1b4vD8p822L97d33ZZ42xWOtvKtxBYfm2xbrD69s1Pix8cbzLfv2Ch0tLdP24j1amHq/EQCap00xnqfgw0168psZ+uF3njDuOWqEScmTEmW+bbHuefBRHfrHEUnSvDm36Oe5v5H5tsU6fqJC33vicY+xR48aadwnfekSzZo+TU/+KMt4LlcQm/2Ll/SHVzaq6kK11jz/olFbRz2pNTg4yAgOXXU9eN+9bC4CAAAAAADQC14NAS9dvqzAwEANjx0mSaq6UK3W1lbj9YbGRp2prNT0KZMVGhqqtjbpUuvlPo313adWy3zbYm0v3qOH7r9X24veNYK2fV8e1MQJ443gaNb0aSotP27MOAwOCtL4cfGSHKFh9i9e6nKMH37nCQ2LjdXLr+UbxzZ98qnGjhntEUpt27FTO/fs1c49e1VaflxHS8uMe5612yXJGK87Zyrt+uPG1yVJu/bs0/kL1Vc8d/6c2Zo4YbxsBw8ZoZsrBF1yx+3GefUNDR7P4OJ+3b4vD3qMffzrCknSSJNjBmTBh5u07NsrjPeweO8+XWxpMV7vTk9rlaQPt/zdoy4AAAAAAAD0jldDwGNl5fLz89OMqZMVHh6mdRtf0/ubtqjqQrVKjh7TuldeVfnXJzR75gwNi71JjU2NOlZe3q8xv/vUamMG3pPfypAkvVe0WZJ0X+rdSl+6RJGRkXrngw8ltYd+33704W53FR5pMin2phi98Nyzxi7E33vicQUFBfer5oEyaoRJkRHhOnn6tMfxynPnFRkZ6ZXZc2+/ul62rVv0wnPPKiI8vMfXDUWtAAAAAAAANyqvhoDbi/eoprZOSRMT9J1v/1c1NDTqpz//hW6//0H95+Xf0btFHykxYYIevDdNYaGhOlJapqKPP+n3uK4ZeK4wyfXzrOnTHK3AdXUe7akFH27SwtT79eSPshQZGenR3uvurN1utLi62oFdLbW9XcfQG85U2lVX39BpV+MRw4eprq5uQGv84Xee0J6PPzTanNc8/6LqGxquyVoBAAAAAABudF4NAf+94D39fevn8vcP0BOPPap//dm/KDFhgvH6f3nwP+l3/+vnSk6apHNVVXr1z2/2eoz0pUu0vehdjxl86UuXyDxtikfL7zsffKjIyEgtWjDfo6U055nVxhp7rrUJRwwfZrzuPitt1x5Hy6trhqHkaGvt6fp+3uYKO93XHMx5ZrXGj43Xpk8+HdCxRppMOn+h2phl+cA3lnaaCRgcHHTFtufBrBUAAAAAAOBG59UQUJJ+/qvfaNuOnfL3D1Da4jv1tw0va0fRe9q1+QP931k/1tgxY3Suqkq/+cOftPnTrb2+f8GHm/SjZ55TZGSk0aL7wnPPynbwkMcOvAUfblJdXZ0iI8JVvHefcXzYTTdp6eI7jWsjIyP1wq/WSnIGhxHhevm3ufrorb9Iku558FFJMs5/+be5euAbS/vzFg2o7z61WraDh4yW5Y47Iw8UV/j38m9zZdu6RZJj92CX3/3pFZ0+c1bfe+Jx7fn4Q4/NPga7VgAAAAAAgBudX6J5Tlt4dIzXB1rxzcf06LIHNHrkSAUEOLLHhoZGFe/br//zykbt//Irr9fwx1+/pBHDhxk7/QI3ooaaau387LOhLgMAAAAAAPRAkF9r9yf1QOCA3KUH1r/+hta//sZgDdfJD7/zhMzTpujVv/S+5RgAAAAAAAC4ng1aCDhU0pcu0U+zfqyI8HD97d33aTUFAAAAAADADWfQ2oEBXBtoBwYAAAAA4PoxUO3AXt8YBAAAAAAAAMDQIgQEAAAAAAAAfBwhIAAAAAAAAODjCAEBAAAAAAAAH0cICAAAAAAAAPg4QkAAAAAAAADAxxECAgAAAAAAAD6OEBAAAAAAAADwcYSAAAAAAAAAgI8jBAQAAAAAAAB8HCEgAAAAAAAA4OMIAQEAAAAAAAAfRwgIAAAAAAAA+DhCQAAAAAAAAMDHEQICAAAAAAAAPo4QEAAAAAAAAPBxhIAAAAAAAACAjwsctIGCAjVlxiyNT7xZUdFRamltlf3MaX21b68qz5werDIAAAAAAACAG86ghIATb05WyqLbFRYWbhwLkRQZGaXxEyfp5PFybd2ySRebmwajHAAAAAAAAOCG4vUQMPHmyVp4+2IFBAXqvL1S+3fv0rnKMwoOCVVS8lTdPHW6xiZM1J1L79WWD95Ra0trr8eYMXuups2aq03vvqUqe6UXngIAAAAAAAC4fnk1BAyLiJB57nwFBAXq2OFD2vbxR5LaJEn1tbXaZa9U2bEjunPpvRo1Jl4z5y7Qnu3bvFkSAAAAAAAAcMPx6sYgCZOSFRUTo3OVZ7Vj68eS2hRrGqFb5i9U8jSz/Pz9VXn6pL7YuV2XL13WuIREhUVEeLMkAAAAAAAA4Ibj1ZmAI+PGyN/fXyfKStXa0qoRo8fozqX3KizcsTbguISJ2vx+gU4cL9W02tkKi4jQsOEmVdTXD2gdsaYRWnL/gwoNC5UknT11UoVvv3nF1132bN+mA3t3D2gtAAAAAAAAwGDzbjtwWJhaW1tUU31BkjQqLs4IACUpMjpGYRHhaqyvV3NToyKiIhUUHDKgNbgCvorjpdq2ZZPCIiKUmv6Q0pY9rMK331RYRIRuvyfNeD0hKVkL/ukO7fjsE5UdKRnQWgAAAAAAAICh4NV24MttlxUQEKgIZ4tvY0ODLrVeMl6/2Nysi83NCg4JUWBwsNrapMuXLw9oDfHjxkuSDu7/wlFDfb32Fe9QTGysEpKSFRoWroCgQFUcL5cknTlVoabGJkVGRQ1oHQAAAAAAAMBQ8WoIWHn6tPz8/BQ3brwkPx09fEgH9u5SXV2tzlSc0PZPt+hSa6uGjxipyKgotTQ368L5cwNaQ0zsMDU3NaqpscE4Vn2hSm1tfoqMilJTY4MutbQqfvwESdKouHiFhoWqrrZ2QOsAAAAAAAAAhopX24FPlB1T0pSpGhk3RonJk3Ws5JD2Fe/UvuKd7QUEBco8Z56Cg0N08uvjqrlQNaA1VFedV/z4iQoNc7QdS1LMTbHy82tTXW2tGuvrdfTwQc1ZuEiTJk+V5FgLkFZgAAAAAAAA+AqvhoCVZ06r5EubZsydr4V33KWbhg3X/t071NrSKkkaGRev+bfdrmGmEaqtqdEXO6wDXkPF18c1bdZcTZt5i7Em4KyUBaquqlLZkRKFRUQoISlZn24qJPgDAAAAAACAT/JLNM9pC4+O8eYQWnD7nUqaOl0B/v66dPmyWlsuyt/PX0HBwZKkutoafVL0gc6dPdOnEWbMnqs5Cxd5HGttbdHnH29W2ZGSbncH7ur66qoqFRX8zZg9CPiKhppq7fzss6EuAwAAAAAA9ECQX+uA3GcQQkCH+AkJmr3gVsXEDlOAv2MpwubmJpUfOaI9Oz7XxeYmr9fQlYSkZM2YPVeb33/HCPxcOwgfPXxQB/buHpK6AG8hBAQAAAAA4PoxUCGgV9uB3VWUl6mivGywhuuxyKgohUdEeawZOCl5iiKiItkcBAAAAAAAAD5h0ELAa9WBvbsVEztM6Y9kGMeaGpv0wVtvqspeOYSVAQAAAAAAAAPjhg8BJWnblk3atmXTUJcBAAAAAAAAeIX/UBcAAAAAAAAAwLsIAQEAAAAAAAAfRwgIAAAAAAAA+DhCQAAAAAAAAMDHEQICAAAAAAAAPo4QEAAAAAAAAPBxhIAAAAAAAACAjyMEBAAAAAAAAHwcISAAAAAAAADg4wgBAQAAAAAAAB9HCAgAAAAAAAD4OEJAAAAAAAAAwMcRAgIAAAAAAAA+jhAQAAAAAAAA8HGEgAAAAAAAAICPIwQEAAAAAAAAfBwhIAAAAAAAAODjAgdtoKBATZkxS+MTb1ZUdJRaWltlP3NaX+3bq8ozpwerDAAAAAAAAOCGMygh4MSbk5Wy6HaFhYUbx0IkRUZGafzESTp5vFxbt2zSxeamwSjHa+65f5mOHDqosiMlQ10KAAAAAAAAYPB6CJh482QtvH2xAoICdd5eqf27d+lc5RkFh4QqKXmqbp46XWMTJurOpfdqywfvqLWltVf3nzF7rqbNmqtN776lKnulJGnR4iWKHz+x0zHTyNEqKvibGuvrB/w5E5KSNTIuTo0N9YSAAAAAAAAAuKZ4NQQMi4iQee58BQQF6tjhQ9r28UeS2iRJ9bW12mWvVNmxI7pz6b0aNSZeM+cu0J7t23o1RsXXxzVt1lzFjxtvBH5R0TEKDApQzE2xHsfsZ097JQCUpLIjJYR/AAAAAAAAuCZ5dWOQhEnJioqJ0bnKs9qx9WNJbYo1jdAt8xcqeZpZfv7+qjx9Ul/s3K7Lly5rXEKiwiIiejVGU2ODmpsaFRM7TJIUaxqhkNAwnT11SvHjJ0hyhJEhoWGqrjo/0I8IAAAAAAAAXPO8OhNwZNwY+fv760RZqVpbWjVi9BjdufRehYU71gYclzBRm98v0InjpZpWO1thEREaNtykil7M1musr1dzU6OiomMkSTE3xerSpVadqzyjUXHxkqRRcfEKCApUxdfHJTlCwdT0hxQTGytJampsMlqHXa8dLz2i8ROTFBMba8xOnDR5mo6XHpF5zjxJUnVVldFeHGsaoSX3P6iD+3brwN7dijWN0F3fuF8lB/Zr2qy5Cg0LVWtriz7/eLMxY9B1TWhYqMcz7dm+TQf27taixUs0afLUTjUCAAAAAAAAveHdduCwMLW2tqim+oIkaVRcnBEASlJkdIzCIsKNIC8iKlJBwSG9HudEeakmTZ6msIgIxY+foKpzdlWdO6eJyVMUaxqhyKgoXWppVVNjgyRpzoJbdfTwQR3Yu9sI/RbcdocK337TuOfUmbd4BHYzZs9VTGysRjXFa+Pvf2sEeHMW3KptWzZ1WVdgQJDHeoVpyx7WrJQFOnOqQpJ0+z1pqjheqm1bNikhKVkL/ukO7fjsE5UdKVFCUrLGTkjQp5sKjZ9vnjJNO7d+0uv3BwAAAAAAADc2r4aAl9suKyAgUBHOFt/GhgZdar2kgMAASdLF5mZdbG5WcEiIAoOD1dYmXb58udfj1NXWKiAoUKFh4YqKjtGJ8lKdOVWhi01NirkpVjGxw9Tc1GisB+ge2jXW18t+9rRMI0d7tCKXHz3SaY2/psYm7XCGcFX2StVc6L69+OC+3cbsPVdYKUmhYeGO2YnHyyVJZ05VqKmxSZFRUca1AYGBxs+sOQgAAAAAAIC+8moIWHn6tEaPGau4ceP15b4vdPTwIUVGRWnS1Omqr67Wzm2f6lJrq0aOjlNkVJRampt14fy5Xo9TfaFKkjRi5GgFBgWprrZWjfX1am1pUfz4CYqKjlFtTbXHNQlJybr1rrsVGBjkuEdVVf8fuBeaGht0qaVV8eMnqOxIiUbFxSs0LFR1tbWSHKHfmVMVSk1/SHMWLvJoPQYAAAAAAAB6w6sh4ImyY0qaMlUj48YoMXmyjpUc0r7indpXvLO9gKBAmefMU3BwiE5+fVw1F3ofxrkCtTHjxkmS0W57orxUCUnJkmTMuJOktGUPKyQ0TG/9fxvVWF+vRYuXyDRydH8etdca6+t19PBBzVm4yFj3b8/2bR6z/Rrr6/Ufb7xq1HzHkm94tCwDAAAAAAAAPeHdmYBnTqvkS5tmzJ2vhXfcpZuGDdf+3TvU2tIqSRoZF6/5t92uYaYRqq2p0Rc7rH0ax9XSOzp+nOpra4zZcnW1tQoJDVOb2ozZgq6dgo8ePmhs6BE/fqKamxoH5qF7KCwiQglJycaafx0lJCVr5Og4Yw3A2ppqo2WZ2YAAAAAAAADoDa+GgJK0r3iXQsMjlDR1umbMnqups2arteWi/P38FRQcLEmqq63Rp5s+MDYQ6YvqqvOaNHmqDh/YZxw7c6pCrS0tkmRsCuI+A2/OwkVqamzSwX27jRmDg6Wxvl5lR0p0+5I03b4kze05HG2/kVFRGjsxUVPMs5z1O3YHJgAEAAAAAABAb/klmue0hUfHeH2g+AkJmr3gVsXEDlOAv78kqbm5SeVHjmjPjs91sbnJ6zVcSxKSkjVj9lxtfv8dI9hz7VTs2rkY8IaGmmrt/OyzoS4DAAAAAAD0QJBf64Dcx+szAV0qystUUV42WMNd8yKjohQeEaXQsHAjBJyUPEURUZHG5iAAAAAAAADAQBi0EBCeDuzdrZjYYUp/JMM41tTYpA/eelNV9sohrAwAAAAAAAC+hhBwCG3bsknbtmwa6jIAAAAAAADg4/yHugAAAAAAAAAA3kUICAAAAAAAAPg4QkAAAAAAAADAxxECAgAAAAAAAD6OEBAAAAAAAADwcYSAAAAAAAAAgI8jBAQAAAAAAAB8HCEgAAAAAAAA4OMIAQEAAAAAAAAfRwgIAAAAAAAA+DhCQAAAAAAAAMDHEQICAAAAAAAAPo4QEAAAAAAAAPBxhIAAAAAAAACAjyMEBAAAAAAAAHwcISAAAAAAAADg4wgBAQAAAAAAAB8XOGgDBQVqyoxZGp94s6Kio9TS2ir7mdP6at9eVZ45PVhlAAAAAAAAADecQQkBJ96crJRFtyssLNw4FiIpMjJK4ydO0snj5dq6ZZMuNjcNRjlXlZCUrKQp0/TRu28PdSkAAAAAAADAgPB6CJh482QtvH2xAoICdd5eqf27d+lc5RkFh4QqKXmqbp46XWMTJurOpfdqywfvqLWltddjzJg9V3MWLtKe7dt0YO9u43hYRIRS0x+SJBUV/E2N9fXd3mvKjJmKvmmYYk0jVGWv7Pb8sIgI3X3vAzqwd7fKjpT0unYAAAAAAADA27waAoZFRMg8d74CggJ17PAhbfv4I0ltkqT62lrtsleq7NgR3bn0Xo0aE6+Zcxdoz/ZtfR5v7ISJHiHgqLh4RURFqr62rsf3KHz7zV6NGRoWruDQ0F5dAwAAAAAAAAwmr24MkjApWVExMTpXeVY7tn4sqU2xphG6Zf5CJU8zy8/fX5WnT+qLndt1+dJljUtIVFhERJ/Gqq6qUkhomGJNI4xj8eMnqObCBV261PvZhQAAAAAAAICv8OpMwJFxY+Tv768TZaVqbWnViNFjdOfSexUW7lgbcFzCRG1+v0AnjpdqWu1shUVEaNhwkyp60LbblUuXWhU/bryq7JUKi4hQ7HCTzp46qZFxYzzOS1v2sHGstbVFn3+82WjlXbR4iUwjRxvtw4sWL1FUdIxqa6o1afJUSdLZUydV+PabSkhK1q133a3AwCDdviRNt951t3EvV4vylca40j1d3K+XpKOHv9K2LZuM1yZNnqbjpUdknjNPkiME7djy7P6c7q/HmkZoyf0PKjQstNO9AQAAAAAA4Hu82w4cFqbW1hbVVF+QJI2KizMCQEmKjI5RWES4Guvr1dzUqIioSAUFh/R5vJIvDyh5+gwdLTmkUXHxkqSWlosKCGh/zBmz56q2ptoI3NKWPaxZKQt05lTFFdcMHBk3RrU11dr4+98awd+M2XN1YO9uVV+o0l3fuF97rNuMkC8hKVnTb5mjTzcVquxIiRKSkjXHskjVF6qMdQavds9Y0wiNnTBRf934shrr6zVj9lzNTJmviuPlxhgxsbEa1RSvjb//rRHqzVlwqxHmpS17WCGhYcY9Fi1eoknJU3S05JBuvydNFcdLtW3LJmPdRNfYAAAAAAAA8D1ebQe+3HZZAQGBinC2+DY2NOhS6yXj9YvNzbrY3KzgkBAFBgerrU26fPlyn8erPHtakmMtwPjxE1R1zq6Wixc9zjmwd7fHrLcT5aUKCQ1TqNvOxR1VV1Vpz47PJUlnTlV0u8bglBkzdaK8zAjsyo6UqKG2VvHjxvfonlX2ShW+/aYRSlZ8fVytLZcUGRVlnNPU2KQdWz8xzq+5cN54LSEpWTGxsdpXvMO4x7Ytm3Rg725NSp4iScbYjfX1Onr4oMZOmHjVZwIAAAAAAMD1y6szAStPn9boMWMVN268vtz3hY4ePqTIqChNmjpd9dXV2rntU11qbdXI0XGKjIpSS3OzLpw/1+fxmhobVHXOroRJSYqMjtGBvbs9gjOXju2wTY1NfR6zo7CICIWEhmlk3Bij1dflRHlpr+7l3s7bG5FRUWpr81P1hapOr8XEDlNMbKweefxJj+NnT53s9TgAAAAAAAAYfMuXL7/q6xs2bOh0zKsh4ImyY0qaMlUj48YoMXmyjpUc0r7indpXvLO9gKBAmefMU3BwiE5+fVw1XQRXvVFxvFy33nW3zldWGmvzuVu0eInix0/UpnffUpW9UjNmz9W0WXOvcLfec7U2Hz18us/r7Lnag/cX71Th228aoWVP1dXWys+vTTE3xRrtxy7VVee7XD8QAAAAAAAA14cNGzZcMQjsKgCUvNwOXHnmtEq+tMnPP0AL77hLcxYuUmBQe+44Mi5eacse0ej4saqtqdEXO6z9HtPVWnulWXdR0TGqOF5qbB4yafK0fo8ZGBDkMePwRHmpJkxKUkJSsnEszq0VuDuRUVGqr63T0ZJDkqRpM28xZi32xJlTFWpqbNKslAXGbssJk25WrGmEKr4+rpDQMM1ZcKtxfqxpRJ93ZQYAAAAAAMDg6yrsu1IAKHl5JqAk7SvepdDwCCVNna4Zs+dq6qzZam25KH8/fwUFB0uS6mpr9OmmD4wNRPqjsb5e//HGq1d8/dCB/br1rrs1afJUtba2aH/xzn4FgVX2SlUcL9WchYs0Z+Ei7dm+TQf27lZdba1uvetu3b4kTZKj5dg1+7A7R0sOadLkaUbL7tHDX/WqXbexvl5FBX9TavpDxj2amxpV+o8S7dz6iQr++rpS0x/S49//kXGNq24AAAAAAABcH9xnBF4tAJQkv0TznLbw6BivFxU/IUGzF9yqmNhhCvB3TEBsbm5S+ZEj2rPjc11sHrh1+QBcWUNNtXZ+9tlQlwEAAAAAAHogyK91QO7j9ZmALhXlZaooLxus4QAAAAAAAAA4eXVNQAAAAAAAAABDjxAQAAAAAAAA8HGEgAAAAAAAAICPIwQEAAAAAAAAfBwhIAAAAAAAAODjCAEBAAAAAAAAH/f/A0O49mZUprUGAAAAAElFTkSuQmCC' height='800' width='600' /></a></td>  </system-out>
  <testcase name="getOSInfo" time="13.935" classname="tests.SystemInfoTest"/>
  <system-out>
<img src='data:image/jpg;base64iVBORw0KGgoAAAANSUhEUgAABQEAAAJ3CAYAAAAkppc+AAAAAXNSR0IArs4c6QAAIABJREFUeJzs3Xd8XNWd///XuXeKpql3S7Jsyb33ik03NhhsahKSbEKWkLLs5rfZ5JeySWBT2N2EXRI2ATYsIaElVNNsDMYYV9wbxlWWZMnqXTOSpt3z/WPksWXLFXc+z8cjj1gz95577p0xPPTmc85H9R8xViOEEEIIIYQQQgghhLjobF75wVkZxzgrowghhBBCCCGEEEIIIS5aEgIKIYQQQgghhBBCCHGZkxBQCCGEEEIIIYQQQojLnISAQgghhBBCCCGEEEJc5iQEFEIIIYQQQgghhBDiMichoBBCCCGEEEIIIYQQlznbhZ7A+aKP+LO6YLMQQgghhBBCCCGEEOL8u6xDQK012uFAuTzg8aIdTtAaFWjHam3BiIQv9BSFEEIIIYQQQgghhDhjb7zxBgA333zzCY+7bENAbZrolHR08WAoGgRZueDxQTSCbqjF2roBtX0jqiNwoacqhBBCCCGEEEIIIcRpOxQAHvrziYLASyYE1ADOBLQ3ERJcEAmj21swOjpRPRb7gjYMyMlDTb0KRoxDpWaAzQaqeyFw3/6Y+X1BGeh1y1GWdd7vRwghhBBCCCGEEEKIM3VkAHjka8cLAi+JEFDbHeg+BTBoBPTth/IkokNd6Mpy2LIOKkqhO8jTWqOTUmD6NTDxCpTHdzj8O0QZkJmLNXkGxq5t0NJ0Ae5KCCGEEEIIIYQQQojT11sAeOR7vQWBFzQE1IB2OlEJbpRhEg0FMTv8oI+o7HMmYA0eAdOvRvUdAL5EMBRYFqpoEJGMbOyvPQuN9bHjbTbIK0SPGI/RWwB4iDIgLR18SRICCiGEEEIIIYQQQohLxsn2/+vNBQsBLYcTndcXPXQ0KrsPyu5AtzQQ3bgGY+9OlNZgmuh+A7CuvhGzaCDK7oiHeso0UN5EGDKS6IZCzHgIaEdn5aISk48fAHbT0SiEus71rQohhBBCCCGEEEIIcUGdsxBQmza03QEKVFdnLNQ7JMGNGjs5Vt2XUwBOJyiFEY0QLeiPeuFJ1IFSLI8PPXYyZvGgWADYC+V2oxNTDr9gGOB0oIwTB4BYUfhkK7qxgZMcKYQQQgghhBBCCCHEJe2sh4AasPoWoYeNRucVogwDc+Nq9Ka1qGgktr/fsNFw3Y2QnYcyzMMVe6aJrW9/9OCR6AOlWEkp0G8Ahs1+/At2dUJz4+GfwyFUTRVRfztmSlrv51hR9P49mKs+QEXCZ+3eL2YOh4O0lBSysjJJTUnG6XQSDodpaW2juqaGhsYmgsHghZ6mEEIIIYQQQgghhDgHzmoIqE0TPXYyas7tsSW+phl7o28xViiEsWUdOjMbPWUmRm5BbF++Y2bkwPL6sJkmOsEFLs+Jl/Xu2w2VZfEfVSSCLtmF2rIOPXkmyuXueXywC71zO8brz8PBA2fhri9ubpeLUSOGc8O1VzNuzGgyMzLwej0Y3c80GApR39DIhk2bee3Nt1m/aTOWdEsWQgghhBBCCCGEuKyctRBQKwM9bAxcfwvk5KGMwwGfdrugaBB651ai2XmovMLeA0BAd3bAwQp0JIrZ3gZtLeiMLNSRQaDWaMsiWlWB+eFijJbmHmMYLc1Y77yKrqnEGjIanZwCloXRUIf+eCPs3I5qaeo55mXGMAz65OYw78Y53HrzTeRkZ2Gz2dBHLssmFhL2zc/DlZDAJ7t2s2Hzlgs0YyGEEEIIIYQQQghxrpy9SsCUNPS4yZCdh2EcFfBp0P52DMPE5vHGKvx6oa0o1v7dsHNbrPivuRFrwwpUUkosyDNMsKKoUAirohTjvTdh98cofWzlmtHchP7wXay1yzGcLrTWqM4OjGBXbA/AyzgAVEqRl5vLl79wF/Pn3kiizwdANBolGArR2dlJV1cQrTUuVwJOp5PGpib2luwnGo1e4NkLIYQQQgghhBBCiKNt3rz5jM4bM2YMcDYrAbNyULkFKMdRDTy0RjXXo8r2ocJhLH8bVkc7pst9OIjTGh0JQ2U5xjsLMNpilX0q2IlasxzV3Iw1bDSWx4fREYDKMtSOLRgNtagTLF1VloXZ0QEdHWflHu02G4ZpEg6HsSwLpRQOhwOH3Y4yFOFwmGAwdMLltIZh4HA4sNttKKWIhCMEQ6FewzeP243NZqMrGCQYDGIYBk6nA5vNBjq2lDcUCh1zXkpyEjfNvp6b58wmKTERrTXBYJC9+0v5aN16tn68g+qaWrTWZGdmMnjQAKLRKHv2lfQYx+l04vN68fm82G12LCtKZ1cXbe3tdHR0HjNnr8eD0+lEKUUwFMTvD6CUwuf1kpyUiNPpJBKJEOjooKW1Lb4HocPhICkxkUSfF9M0CYVCNLe00u73x5+l2+XC5XLFx+7o6ERrjdfrITkxiYSEBCwrSrvfT2tbO11dsa7PDrsdn8/XfQ+2+D6I7X5/r888drwXn8+H0+HAsiwCHR20t/vxBwLxSkrTNEn0+TBNE8uKEujoJBgM4nIlkJyYhMcTW4be3NJCY9PhSlW7zRYb3+vF6XSitSYUCuEPBGj3B475PN0uF8nJSXjcbpRShEIh2v0B2v3+Xj97IYQQQgghhBBCiN6clRBQA9rhRNmOGk5rLH8bxoaPUBWl6GgEXXUA9fEWrFETwOUCDSrgx6osRX24GGPvzh5DGJ0d6C3rUDu2YtjtKMtChbowTqFiTRsGOF1otxsczliH4mAXur0N4zQbgthtNqZMmkBycjKbt26jobGR/oWFFPXvR0ZaGg6Hg8amJvaV7GdPSQl+f6DH+Uop0tPS6Ne3gIL8PNJSUzAMg9bWNioOVlFWfoDaujpC4di8HA4H11w1k9zsbLZu386effspLMinqH8/UlNSiEYj1NbVs29/KWXlB+jo7Iw9L8NgYHExs665mpTkJADCkQjbdnzCn597gdXr1uP3Hw6ztrGDD1etJsHppN3vj13bbicnO4vhQ4cyYtgQ+hcW4vG4CYfDNDU3s3P3HrZu38Hekv00t7QA4HIlMH3qZMaMHIHNZmN/WTlLPlhGbnY2kydOYPjQIaQkJ9HZ2cWBykpWf7SOzdu2Y5oGo4YPZ8K4MfQvLMTlSsDvD7Btxw6WrVjF7j17MUyTiePGMnnieOx2O6XlB1izdh1er5dJ48cyctgwUlKSiUai7C8rZ8PmzazbuAmtYeTwoYwbPZri/v1iYwcC7Nq9l+WrVrNtxyfxINAwDDLS0xg5bBijRg6nuF8/fD4vkUiEmto6du3dy7oNm9izdx/hSISM9DRuu2UuqSkptLf7+Wj9Bg5UVjJh7FgmjhtDfp8+WNriw1WrefaFF4lEo2RnZjJs6GBGDhtGcf9+JCb6sCxNW1sb5RWVbNyyhTXr1tPZ2YXD4aCoXyFjR41k5PBhZGdlYhgG/kCAsvIKNm3ZypbtH9PY1CR7OAohztgd82/h5jmz+dOzzzF/7o3UNzTy8O9+T+As/cczIYQQQgghxMXjrISACmL77VVVolPTwZGADoegpQm2rIWVSzA6Y79QGPW1WB+8g1VXjUrPQlsWqroSc88OqK9FWceGe0priITg0HuWPuaYo+kEF1ZuPrr/IIw++WhPIlpb0NKE2rcTvecTaG3mVBcFu9wu/u4Ln2fggCKefvYFGhobuXHW9RQX9cOVkIDdbicajVJSWsaLry7g/WXL46GaYRgMKCriphuuY+qkiaSnpWGYBqZhohQ0Nbewees2Fr63hPUbNhGORHDY7cy6+iomjh/LyjVr2b1nL9OmTKIgLw+Xy4VpGnR0drJnbwlvLnonfj2n08HY0SPpX1iIUgqtNfX1Dbyx8B1WfbQOfyBwzL0FuysNIRY+jhw+jJvn3MC0yZPIycrEbo91Zz403lUzrmBvyX4WLn6Pd5a8T01tHa6EBMaPGc1tt8zF7XJRUlpGUqKPyRMmMHL40Hglm9aacDjM6BHDeXfpMtwuF1fPnE5hQQEOhyN+zMTxYxkyaBCPPfkU5RUVDB86hM/fcRsJTiclpWUU5udTWFjA6BHDSfT54vs7jh83honjx1Jc1B8ranHtVTPp17cvTqcDwzDQWjNt8iRGDh/Gfz7yO3bv3YdhGOTl5nDrzXOZde3V5PfJxeE4fLxlWbT7/UweP54n//IMm7duJzUlhbmzb6Bf3wLa2ttJSU6itr6eeTfNIT8vD1t3U5zGpiZMm42i/v2Yd9Mcrp55BTlZ2fH5APFnUti3gO07dqI1TJs8kc/dfmv8/gzDQCmFZVmEQiGumDqZNxe+w5uLFlNVU3OK32IhhOhp2ODBTJ4wjvFjRmG32/lk1+4LPSUhhBBCCCHEOXL2lgPXVaE/XIxqaoCkZGhpRpftwbZrB3T448epaBSzugJVXwN2eyyECwVRx6nss5xOSM/CyusHySloNEZzE0bZXlRjPfRynuXxoUeNh0lXYBT0hwQXhmECsYYiasQ4opvWYL6/EJobTvkek5MSyUxP59abbyIUCtHa1sYHy1fS1t5OWmoqkyeMY/TIEbhdLqqqa9i4ZSvRaJQBRUV8696vMnXSROrqG1i2YiWVVdUYStG/XyHjxoxm7pwbKOrfj193PsqmrdtQSsWXnE6bPIni/v2oqq5h4btLCIfDZGakM2rEcKZMmkDf/DyilsWid5fgdrkZPnQoTmdsWbZlWezYtZtNW7b1GgAeyTRNBhUX8ZUvfI5pUybh9XiIRqPUNzTS0tqK1+shIz0dr8fDyGFDSUtNxeGw89dXXgNiYadpmpimSWFBPl+5+wt4vR7a2/20+/0k+ny4XS4cDgeDBw0kNycbwzCw2+20tLZhmgZJSUnYTBOP2820yRMpKz/AX174a2zs7vH75ueRnZmJw2Gns6uL2vp6En0+PG43Drudon6FfPGuO7AsjSshgUBHgI7ODnw+H3abDbfLxdTJE5k/90b+638eI9Hn467bbuWO+beQkpxEJBqlpq6OhoZGkpKSyMnKJCkxkRnTp2K323no4f+OfZe7PyOPx8O0KZNRSpGdmUFXVxfhcASbabJ333765ufx7a9/jRnTpuJ2xfan7OjspKm5mY6OTlwuF4k+L1XV1YTDYaZMGM93vvUNBg0oRilFoKODquoaIpEI2VlZpCQnMbC4iC9+/k66gkFefG0BnZ1dp/w9Pht+9bN/Zc7116GMU4vRo9Eoz7/4Mr/53e/P8czOvXk3zeHBH/+AhYvf44cP/PxCT+e4Xv/rs3ywYiWP/P7xXt+/VO5DfHqjR47gP/7tZ6SnpfL0sy/w6BN/BODrX/0yA4r70+738+77HzB+zGh8Pi//3z98k2f/9hJl5Qcu8MyFEEIIIYQQZ9NZCwGNcBhdshtdcxCcCRhdnbHw73jLdhWgDDS612o8DWhfEgwfA6MmQF4hyu1GocDfjrX3E4xl70BleY/GIJbdgR40DHXVHOhTcNQSZYUyDUjPhClXY7U2Yby/qNfqw+Pep2GQnpbGm4veYdG7SzhQeZCuYBeJPh/19Q187vZbKe7fj+FDh7Btxyc4HQ7mz53DzOnTqK9v4E/PPM/qdetobmlBocjMzOC6q2byudtvY+Swodx123z27t8fewDEgqauYBcrVn/EO0vep/LgQSLRKEmJiUydNJH77vk78vP6cNet89i0ZSs20ySne+koxMKXispKmpqbT3BXMclJsaBr4vhxeD0etNbsLdnPGwvfobS8nLTUVK67+kqmTZ6EzTTJzcnmuquvYsfO3ezas7fHWA6HA1fU4qN1G1i+ajWBjg4mjhvL9ddchcftxm6zkZyURHlFBSvXrGXXnr243S5umTOboYMHYZomTqeTEUOHkJyU1GNsp9OJZWnWbdzMR+vX09TcwugRw5k/90acTiemaeLzeqmuqWXJB8v4eOcuHHY7c2Zdx/Ahg2N7MtpsjBszmuSkREYOH8ZNN1xPSnIS0WiUfSX7ef3tRezcvYf8vD58/vZbGTSgGLvNxoSxY7jmypmsWvNRfD52m4283BwCHR2s+mgd2z7eQaCjA5/Py7ZPPuHWm29ixrSpeNxuotEoNbV1LFuxkk1bt9Pa2orP5yWvTx+2bN+Oz+fl9vm3xAPAzq4ulnzwIe++v5RwJMoVUydz0w2zSElOIisjgxuuu4ZlK1ZSXlF5yt/hsyG/Tx98Pu9pnZOWmnqOZvPpPPTAT5gxbSr/8uOfsmbd+gsyhykTJ/CbX/4b2VmZAITCYZ546unjBngn851vf4OBA4ppa2uPj/+rB/6V199edMZjXigPPfAT5sy6jp/98t9Z8NbCCz2dY8y7aQ7f+6f7+fVvH73o5vfTH3yPQQOKWfrhCnKys/C43RT178e/P/hT+hbko7Vm0vhxlJSW8fP/+A3f/879fOHO25l93bW8v2y5hIBCCCGEEEJcZs5ed2CAaAQ6O6AjANFIbBnvUbTDCfn9sIaMhLQMsCxURSlsWYvRcnh5rnZ70dOuwph6NTojC9O0waHxPF6s5ORYwPjmX6G9LXYOoFMz0NOvQeX1RXUvyeyN6fMRHTUR1q6EtpZTvkXLsigtK+PZv71E+YGK+N567e1+Vq9bz8zpU0lLTSEnKwu7zUbfgnxuuPYaDMNg5Zq1LF66lPb2w5WRZeUHeP3tRfQtKGDu7FnMnD6VV15/k5279wAQ6W7YseCtt9lbsj9+vba2dha1LWHooIHcMf8WRgwbyvChQygrPxBvSnHofL8/QCh84iYSSikK8vKYMXUKyUmJALS0tvH624t4ecEbtLa1YbfbKdlfSmFBAYUF+dhMk775+UwYN4byiopjxty8dRv//fvH2FuyH8uyqKg8yIhhQynu3y92D+3tLFy8hJcWvE5dXT12u51Er4+BxUWYpomhFB6PG4/b3WNcrTXbP/mEPz79F7Z9vINQKMT2HTuZPmUyeX1yAejo7GTJBx/y9PMvUFffEKsu9Ljpm59HakoKSilSkpNJSU7huquuJDsrE6UU7X4/H65cxetvL6K5pYUdO3dR1K+Qgvw8fF4vCQlOpk6cwJZt23s8O8uyWL9xM398+i/s2VcSW9LtsDOwqIgbrr0Gj9uN1pqW1jbeWPgOL7z8CnX1DUSjUUzTxJWQQDgSYea0KYwbPRLDMLAsi+qaWv726mts3fYxAJ2dnYwcNpTkpMTuZeb96VdYSMXBqvO6N+Ci95ZQW19/ysdHrSjLV685hzO6dB0KAPeXljHtutlALPj66he/QFn5gTMKlh75/eM9wr6szAy8ntMLbcWpKewb28rgYvO1L3+RO+fPw+VKYPKE8fHX586eBcT+Obpi9Uf831+e5Qt33M5bL79AakoKO3bu4j/++3cXLBAXQgghhBBCnDtnrzFIcgq6eAi6sDhWhVa+n+j2TZhHLAW2vD6scVNRE6ejsvPA6Yx1Dx4yEhISYNli6Io1uNDFg1FTr0Zn5qC6q9ri3YQBw+kiOng45qp0dHtbLDw0TMjLx+g34IQBYHyMxBRweU4rBNRa09bup7GpKR7IHeL3B+jq3lvP3t0xeOyokWRmpNPuD7B5+/YeAeAhDY1NbN66jSunTyM9LZVhQwezc8+eQxckEAjQ1NxyzPXa2trZuHUbt9w0B7fLxcCiIioqD2Ioo8d8o1b0mHOPZrfb6ZObQ16fPvG98A5WV7Pt4x20trXFu9h+vHMXn+zaRd/8PJRSeD1u+ubnk5SYeMyY5ZWVlOwvjXfqbWxqInDEkuSuYJDKqirqGxoJRyKEIxFq6uqIRKM4u48xTTNe1XjkPVVV11BaXh7fvL6uvp5Ax+Gxw+EIldVV1NbWEY5ECAH1DY3xxisApmHEnveQwZjd3xfTMCku6s/nbpuPRmOz2Rg0YAD27opSpWLVm8nJPasTW9vaWLdxE5/s3h1fmtvV1cXA4iIyMzMOz7umhmUrVlJVfXgfv0gkQrvfj91mY/jQIfi8h8MaV0ICV11xBZPGj8NQBpmZGaSlpsb3QHS73fTpXlZ9PkPA5196hedfeuW8Xe9ylpWZgcPhYOPWrfHXfvjAz2WJrvhUPly5itvn3czA4iK01lQerKKjs5M+uTl4PR78/gBLPljGmFEjcTodWN177SYlJdLUfOr/ThRCCCGEEEJcOj59CGgYkFcIM66PhXlebyysGzURUtLQixegtI5VAI6cgLruZlRaRizY6w4ytN2BNXYqbNuEWXUAbbOjxk+FjKzDAeDRlEJ5fODuvp7WKLsNktMgwXVKU7eiYWzR0+sSDJwgUOv5uqEM+vXti81mIxgMUn2cBg6WZXX/gtaBaWaQlZGBaRwOMbU+/jXr6xvo7OzE43aTlppCKBSKdwoGsJkmPq8Ph/3ElSp2m4201FTcrsPPrrGpKR4AHhIMBjlQUYllWZimic1mIykxEVdCwjFjRiMRrCPOtSyrx89a6+4Euecxh66nlIqHXUfSWhOJRnqEXrHzeh6D7vmJHDn2IUmJiT2WG3s8bqZOmsiEsWNic0DhcNh7VPq4EhKOuV+/P0BdfT3B4OGKS8MwyMrMjDcJsSyL5uYWaurqjrknAMM0ycnOxug+XilFRkZ6PJAE4sukDzENA5/Xe8oNbs6WL9xxG2NHjzrl46NWlGUrVrHo3SXncFZnzzP/+xhTJ08Ejr80Ny01la1rluP1eHocc6iyb/2mzUwYOya+xPfFVxf0GuzV1tUTCoW44dprel2qe2i8HTt3MWnCuB7XGzdqVHyee0v2c8P8O4Ce+/3V1tdz3z1fwWG3c/9993LfPV/hiaeeji/1PN59XCoeeuAn3HnrvPjPRz/nQ8/C6/H0OO/QcSc6/9CzX75qdfy1I5cnTxo/Ln7uw7/6OQ/++AcXxbLla6+ayW23zCUrMwOtNQvffY9//N4PAbj7ztv53j/dT4Irgbmzb2DZylX81/88xntLP2DGtKnsLdnP7r17T3IFIYQQQgghxKXoOAnbqdFao7Ny4YZbYdIMSM/EcHlQCW50eibW1KtQ6ZlowMrMgelXozKyYlV6R4Q7yjAw0jIwk1JAKSyvj2jxIJR54ozSioRQ4VA86dGWhmj0uE1GjqbKS7HaWs/09k/KMBRutwulFKFwmGjk+PPq7Ooi0v2+56hfVk8kGo1iWRqlFJFolHa/n4rKg/Gwy2az0a9vAelpaSeZq4HNZsN2xB6KVtQietSz1FoTjkTi48eDtV7CukuBaRqY5uG/BoZh4HQ48Lhjy5Ddbhc2mw3LsohEIkQikV7DyahlEQqHewSTSsU+/yNZ2sKK9l6xp5TClZDQI9AzDQO32xWfT4LTiSL2uUe6P4fjBuXn0OzrrmX+3BtP+X+333IzM6ZOOe/zPBPP/O9jjBwxjO/+6CcUjRzHgjff5r57vsJ3vv2NHsdNmjCOn/3y3ykaOY7yAxXcMe8WpkycEH9/1rVX89KC1ykaOY7VH61jzqzrmHfTnGOut2bden7920fJyc6iZNtGVr23qMc4x7ve/ffdC0DRyHE8+sQfycnOOmaOEFsa/MOf/RtNzS08+sQfGTJuco+Q72T3cTF76IGfMG/ujTz6xB/jz2He3Bt56IGfALEQ73v/dD/btu+Iv+8PBHj0iT/GA8ATnX8yP3zg5zz6xB9pam7huz/6CaOmzLjgASDA8KFDuPKK6SQlJtLR2cnyVYeX4j/34svU1NXF9jgdN4Zpkyby2JNPsW9/KU898xwrZNm+EEIIIYQQl61PVwno9aHHToYRY1BHVCdBLNCwebyQ4Aa7A1U0CFXQ/7hhUTQSxB4KojXYHQ6iTnevxx3JPFiJ1diAcSgFjESwDh7AamnGlpl9wnMj9TWYy9/BCAVP7V7PgGVp2tpjG/M77PYTNlLwej3YbGZs37iWFqKn2KwkMdGH2x3rONvc0oLfH2BPSQlXzZiOw+HANE2GDR3MiKFDKK+oiC/NPXauFqFQKH5dpRSJiT5crp4hllKKlKSk+PJZDQRDIUKhE+85eDGy2+0EgyHCkUj8tZq6Ot5buox9JfuPe15XMEh9Q2OP13qr1IxGo7S0Hg6ZDcPA6/GQmOijura217H9gUC8etGyLLbv+IQ3Fy0mHD5+xerWj3cQOcXg+2ypOHiQ9nb/KXcHjkQiPZZAX6ymTJxA/36FbNu+Ix7m/PCBnzNm1MhjKvUWLn4vfszmrduYMW1qj7E2bNwcP37j1q0MHjTwuNdd8NZCFry1MF619uyTj7P6o3V86evfjB9z5Jw2b92Gz+vlD08+BRCv6svKyDjtez7ZfVzMxowaSfmBivhzfuT3jzNu1ChmTJvKlIkTjllqvXb9Ru6Yd0v8OZ3s/EtVfX0DjU1NZKSl4XQ4GHLEd2/m9KmkJCehtaazq4uWtlYK+xZQVn6A7KxM2tv98W0WhBBCCCGEEJeXMw4BNcSq/YaMxHQeuxQUIBpox9YZANNEZWSBrffLacvCrD6I1VSPgSbcFUQ3NWDz+o4NDXX3wsjmRvS65aj2wyGL0ha26gpYvwo98zpweQ4vO9Y6VjUViRCprkAteQtVuu9Mb/+UWNqitKyccDiMz+tlQFERK9esPaa6zjCMWLdVr5dARwc7du0+emVxrxx2O6OGD8NhtxMMBtlfVk5HZycfrdvAtVfOZNCA2P6Mmenp3HnbPJpbW1i3cRMdHZ3xOSilsJkmhmlQV19PS0srHrcbpRR9cnMo6lfInn0lBLv3OkxPS2PwoIEopWK/RHZ0Un6ggtbWc1dRea6Ew2EaGhupqq4hJysr1uAjarG/rIwFby3ssawaYp+TYRhEIhGGDh50StfYvXcfwWCQhIQElFL0zc/jyunTqKquod1/eH9IpRSRSISS0lLC4XB8D8JINMqyFSt7bfxhmmavS5zPhx89+At+9OAvzvt1z7WszAy8Xg+VVVU9Xq+vb6B/v8JzHgwdCgMPVah959vfYO36jef0mpeqKRMn4PN62V9a1uP1yqoqRo4YRlZmRnyp9bhRsaXrkyaMw+v1UFtff8rnX4qee/FlnnvxZf76pyeZMG4Mt8+7GZ/Xy864RzE3AAAgAElEQVQ9e/j87beRlppKc0srP37wF8ycPpU3/vYcby1azIzpU2lpaeW7P/qpLAkWQgghhBDiMnTmlYCmSTQxBZWc2uvbOhrB2Lcbq6U5tvw3FIqFcEcfZ1nQ3Airl8UDPbO9hejHGyEjC53gOrzcUWu0FYW2FtSK91DbN6EiR1VI+dth+WKwouiR4yA5FW2YqGgE2lrQBw9grlqCKtnTa/fis23D5i1UVlWR16cP0yZP5MOVqygpLYsHOkopcnOymTxhPF6Pl9379rHt4x09xjANA7u950cVa1hRzNRJE7HZbGz9eAfbd3yC1pq9JSUsfn8pmRnppCQnYxgGo4YP4zvf+gbvLHmfjZu30tTcTDQaxePx0Cc3B4/bTUXlQT7+ZCfZWZnYuvcInDv7BuobGtlfWoYzwcktc2bHAzDLsqiqqWHTlq0EOnoGZpeKtvZ2Vqxew9DBg3C7XGSkp3Hj9dcTCHSwdfsOAh0BtI41CMlMT8ftcbN+w6ZTHn/HJ7v4eOcuxo4aGe9IPHfODbT7/azdsBF/IIBpmqSlpNDS1sa6jZuprqmlf2FfDMNgUHExn7v9Vha//wF19fWEwxFM0yDR5yMtLZXy8gqqa2vPexBY3L8fQwcPOqZpy/FEIhE2bN5CTW3v+yFeLGrr6vH7A+Tl5vZ4PSMjnXa/nzXr1ve6pPdsW7thI3NmXXdGlX2fFWvWrafd7ycjI73H63m5ufj9AWrr6lmzbj3LV63mzlvnUbItFqa++OqCeOXfyc6/lH31i19g2NDBAHg9Hm67ZW6P91OSk7jr9vls2bodu83G/Lk3YrfbKSs/IAGgEEIIIYQQl6lPsRy496YNsYo7C1VViV67HCMSju0dWLoX6mvRGdnxUM+KRlGtzfDRh7BrO6p7WabSGlZ9gOXyoAaPQPtijRtUOIRurIVNa9HrVmEE2nuZFbFQccmbqB2bsXLy0S4XKhCAmkp0XQ1GoP28NVIoKz/AO+8t5Yt33cHI4cP4wp23s+CthdTW1WFZFmmpqVx/zVVMGDuGzq4uFry1kJraOjzu2HJowzDIzs5i1IjhmOZOurqCOB0OCvLzuGP+zRQX9ae5pYXX314UX27Z3NLKO++9T1ZmJtdffSUpycmYpsnggQPo17eAuoYG2tv9hMJhPG43GelpVFXX8MgfHueD5SsZMngQebk5OOx2pkyaQGZGOiWlZSQnJTJq+HDcLheWZdHU3MzyVWvYvG071ikuX77YRCIR3l+2nEnjxjF+3BjsdjtjRo2gID+P0vJyauvqsSwLr9dDYUEBTc3N/PP+0lMev7a+npcXvEFudjY52VnYbDYGFPXn/m/cy+z919LQ2ERCgpM+OTm8t3QZz7/0Mm8tWszf3f05khIT8Xo93H3XHcyYNpUDlZW0t/uxmSa5uTmkp6Xx2JNP8ebCd3p0PT4f/vX73+WK09zj73iNMc63Z/73Mfr3K+RffvxTAGZMmxoP+AD2l5YxcsQw5t00J16V17cgnyeeevqczWf8uDE9GnLcdnMssFm74exVAToc9ssuVNy8dVu8YvKR3z/Od779DcaPG8OCN99mzbr1TJk4gckTx/PoE3/stdnJyc6HWFA4ZtRIINZkZM6s644Zx+GwU9i34Nze7Gl68dUFXDVjOoMHDmTDps1cecU0nE4nG7dsxe1ykZqSgtfj4Vv33kN1bR1fv/87/OM3v86sa65myRuv8oMHfs6GTZsv9G0IIYQQQgghzqIzDwGjEczGenRlOTolDWWzA2B1dUBVBWrpItS+nQCoaARdshOWvAWjJ2Ilp0I0AvU1sHM7bN+Aam3hyGTObKjFWvQqevtGVFYuGCa0NWNWHkA31KBOsged6uyA/XswSnbHOgmf8Y2evljD21hlVigc5qUFr5OSksyVV0xj7uxZjBw2lNLyA0QiEfLz+lBYUEBHRwevv72IRe8u6bHs0zRNBg0o5h+/cS/7S8tpaWvD5/VS3L8fudnZ1NTW8ebCd3hj4aL4eVpr9peV8+fnXqC5uYVrrryCPrm5uBIScDqdFOTlHZ5r9zLpQKCD9LQ0Vq7+iMzMDG664XoK8vJwOh0MHjiAwQMHxM8JhcPU1Nby/rLlvLzgDRoaG0lNSe4x5gmfz6H3T3DYoXlZR411orFPZ2ns4cYmmv2lZTz5l2cIRyKMGDaURJ+XzIz0eGdNIL78ub4hkfw+feJLhU92PcuyWLj4PXxeL7fPuzn+TDPS03s0a9FaU1Nbh/mqyd9efQ2bzcb111xFXm4uCU4ngwYUM7C4qMfYkWiUwQMGsNix9LyHgKdLa03U6r0hyvn2pa9/k3dee4lnn4yFQjW1dTz40H/2eP+Z/32Mh3/1cx7+1c/PecfcL339mzz0wE+4/757480+/IFAvMvs2ViCvOCthdx281zuvHUed946jxdfXXBWA8ZzzevxxD8PONyx+VCofOSzOzJsXrNuPR+t29DjfYh95v/y45+e9HyAd5a8z333fIWSbbHK3YWL3+Paq66Mv//I7x/nhmuv6dF5+WLorhzo6ODLX/8WANMmT2LMqJGkp9n5ZOduHnjoPwD41c/+lQFF/eP/YcnW/e/x1ra2+BYQQgghhBBCiMuH6j9i7BmvI9TOBKxho2DyTEhJR0Ui6Moy2LwWVbIL44hfIrTW4HKjs3LRyakQCmHU10JrI+okAYZWKhYCWtHTXsKrlUKbtlgQaJ165+CjedxufvqD79GvsC+bt27jt3944pg94wry8rj3q19m0IBi3lu6jBdeegV/IBDbC64gn+uumsnE8ePIzc7G5UpAawgEApSWl7Nm3QY+XLmK6ppYwwif18uvf/EgV14xjcqDVZSUlpGVlYnX7QalCAQClB04wAfLV7Ji9Roam5qPmbNSivS0NCaMHcP4saMZUNSfjPR03C4XpmkStaKEgiEamprYV7KfRe+9z9oNG0lPS2XS+HFMmTiB4v79SE9Lw263E7WitLe3s7+snLUbNrJ85RoOVFbG5uvzctet87lm5gwcjtgvkovfX8rTz/013jQkr08u9993L8X9+wHQ2NTMCy+/worVHxHprgK95soZ3POlu0lwOrG0prSsnD89+zwjhg1l/k034nDY0VqzbOUqnvvbyzS3tMSv/5Pv/wtF/QqB2DLfV15/k0XvvR/f//DqmVfwudtuJS01JX79n/7yIWpq63A6nQwfMpjpUyczYthQcrIy8bg92Gw2NJquzi5a2tooLSvn6edeoLOri+/+w7fIyc4CoOJgFS+89MpxgxWf18v0KZOZOX0q/Qr7kpaSgjMh1kwn2BWksbmZ9Rs38adnn6exqZnUlGSmTprI1EkT6d+vkPS0NJxOBwpFOBzGHwhQW1/P0mXLee2tt+ns7L3hixCfZd/59je45cbZ/OiBX8Qr+6ZMnMBvfvlvLF+1+qKoTL3Q7r/vXr517z04HA4ANm7Zyp1fvucCz0oIIYQQQghxpM0rP4j9/+YzW60zZswY4FN2B1bBLoyPN0NNFdqbCJEwRmM9tLeijqr6UUpBVyeqvATKS075Gtow0DY7WFZsjFOt9LLbIT0LnV+ITs3AMu2Y/las6gqoKMPsPL3uh51dXTz1zPN43C5a29ro6qVKor6xgWf/+hJej5v6hkY6uzvxaq0pKz/A8y++wocrV5OdlYnX40WjaW1t5WBVNTV19b1WXliWxe59Jfzx6b+Q4HSSlJSItiza2v0crK6mtrbuuFVgscq1Bha/v5S1GzaQnZVFZno6Ho8bp8NJOBKmo7OTuvqGWDfJ5mYikQg1tXUsencJ6zZsok9uDpkZGbhcCYTDYRqbmqk8ePCY+XZ0dLL4/aVs3Lwlvk9cfUNDj662DY1N/OnZ5+NLnYOhENU1NfEAEGDLto/5zW//B8Mw0FrT0dnJwapqWlvb2LuvJD52Y1NTj8YanZ1dPPXMc/Gxw5EINbW1PZqwbN3+MfX1DfFfdiPRKE3NsRAxGAyyaes29uwrITsrk6zMTBJ9PpxOB9GoRaAjQFNTM9W1tTQ2NmGz23j8qadxdo/V2dV1wu637X4/7y79gC3btpOVlUlGWhoeT2yugUAHDY2NHKyuprklti9mU3ML7yxZyrqNm8jNySEjLQ2324VSiq5gkLa2NurqG6hraKCrSyp2hOhNVkYGqSkpZGUeXgZ985wbSE1Nobb+0t7z72xJTk6iqyvIU888x8zp0wDi3YKFEEIIIYQQl5dPVQl4JK1173sEHnkMxAI900BFohAJH/ccy+GEzGx0fn+szGyUZWE01cdCxJqqYxuCxOcB2uuLNQUZPRGVmwduL9owINiFaqyHPTswVn8A9bWf9rbPiFIqHmYd3Sn4kEOVgDOmTeHdpcv4xX8+TENjI6ZpxpbJnuHSykMdbg2lsLrHOdlYpmliGgaW1j0Cu8vZoc/IUAoNp/ScTodhGJiHvgOnMPaRx1taH/d7I4To6Zn/fYypkyfGfz5yqbUQQgghhBBCXAouikpAbRjoBBeGMwEiYXQggOqlQYQGLF8SFA2EPn3RThdGSwN6706MqspY594jWM4E9IRpqHFTITMHw+1GaaCzA6uyFGPlUvTObb0GgdqXiJo4HWbeAOmZKJvt8J6AHh86KRWVnUs0MRnj7ZdRTQ2f5hGcEX0GIc6hvec+bfhzJmFWNBr9zIVOhz6jc3XXp/s5nO0QUojPii99/ZsXegpCCCGEEEIIcVE4oxAwHuoNH40aOppociqG34/eth62b0T5j+ra27cY49ob0f0HgicRZSgIh1Gle7CWvIWxd2c8CNQ2G9b0azGvvQmdnIJhmHCoWtDjgaQktMsDbS1wYH+PPQK1zQZDR6KvuQnSMuJdiI+kTBO8SaiJVxBtrMNc/MYxIaQQQgghhBBCCCGEEJeT0w4BtdZYGdkw4zrU+GmQlBwL27TGys7FiERijUEOVenl5BGd/3nMoiHgcBxe/utMgCEjUa3NqIZaaKgDIDpwKMaseeikJJQ6OsRTKLsTXViMHjgMVVsFXYebc2ivDz12Kuo4AeDhYRTKmYAaPx29bSOqsvx0H4MQQgghhBBCCCGEEJeMEyRlvdPOBNSVszBmzIpV29kdKNMGNjtGdi5q0HAMlwsAy27HmjUPY+CwngEgxKr7bHYoLMZKTY9VF7rcGNOuiQWLxwSA3ecoFRsrOwflcB6el1Ko7HyM4kEnDgCPHC4tHZ2RfbqPQAghhBBCCCGEEEKIS8rpVwIOGo6adjW43Rzd0kOZNqKpaVh2Oyag+hbBiLGxsK83ShF1eyHBjakMyMqFwgEnbTCilEHUm4iy2Q7PQRnolFSUM+HUb8YwUG7PqR9/HgWDQZavWk1VTQ279uwlFApd6CkJIYQQQgghhBBCiEvUaYWA2jBg+BiUx9f7+1qjujpRlhWr2CsoAo/3xIOGghCJABrtTUR5T3I8oLWFamtFhXs2BrFMEwOOCSePR0UtrED7yQ+8AELhMH97dQFKKWkKIYQQQgghhBBCCCE+ldNaDqxtdlRmzvHfD3ZCzUFUMIgGIsmpYJjHOVijLQtVW4XR3BBr8GGoWBfgE05CQ1cXHCiNXS/+uoVZWwMB/ynejEbXHMSoPHBqx18A0WiUSCQiAaAQQgghhBBCCCGE+FROKwRUVhTd3trre9qyoLYGo2QPBIOgNUZrM/q4nXc1+NtRJbugtTk2fl0Nuq3lhHPQVhRdWQblJXBEJaDSGt1QC6V70JGTd/vVHR3odSuhqeGkxwohhBBCCCGEEEIIcSk7vRAwEoHKMgj33J9OWxa6tQm1dT26shRlRVGALtuL6i1k0xo6O1E7t8HO7ajO7oq+pnqiOzajQ8Fer6+jUag+CGtXYNbXxKoHj5xfWwt67QpURdnxg0CtsdrbsLZ8hLnpI5QVPZ1HIIQQQgghhBBCCCHEJcdMycp54LTO6OxA5eShk1IAFQvsqipg3UrUupWo5sbDe/J1BMBmR2fldncH7q7ka22GrRswVryHqiiLB3EqGoXGOpQvCZ2UDDZb9zkWdPhh/x5Y/i5q2wYI+I9tTKItVGszuq0V7XKB04Wy2UApdDSK7vCjDx5ArV2OsWwxqqn+0z4/IYQQQgghhBBCCCHOmW/c8xUAampqzuj8nJzY1n6n3R1Y1Vaj330dDpajnQmoQDuqtCRW9dfa3KM6zwh2odd8QLQjgJmbj2W3o0IhVPVB2PMx1FbDUcuFjZoq9MJXUAdKISMLy26HaATVUAcle2KhYVfH8efX2QEfb4LmBigsRmdmo50JEImgGuvRB/ZjVOxHt7XFmpcIIYQQQgghhBBCCHGZO/0QMBqBXR/DgVIwTFQkDMFOjOhxltU2NWKu/gCV4AJFrHNwMBjrCtzb+ICqrkQ3NaAdTpShwNKocAhCwdj5J5tjsAtK96IPlqMcTjAM0GCEguhgF2iNkgBQCCGEEEIIIYQQQnxGnHYICLEGIfjbjlmO2+uxSqFCsdDvdGI3FeyKhXlnSGmNCgYh2PO6Ev0JIYQQQgghhBBCiM+a02oMIoQQQgghhBBCCCGEuPRICCiEEEIIIYQQQgghxGVOQkAhhBBCCCGEEEIIIS5zEgIKIYQQQgghhBBCCHGZkxBQCCGEEEIIIYQQQojLnISAQgghhBBCCCGEEEJc5mwXegJCiPNv3YoVF3oKQgghhBBCCCGEOCWRszKKVAIKIYQQQgghhBBCCHGZkxBQCCGEEEIIIYQQQojLnISAQgghhBBCCCGEEEJc5iQEFEIIIYQQQgghhBDiMichoBBCCCGEEEIIIYQQlzkJAYUQQgghhBBCCCGEuMxJCCiEEEIIIYQQQgghxGVOQkAhhBBCCCGEEEIIIS5zEgIKIYQQQgghhBBCCHGZkxBQCCGEEEIIIYQQQojLnO10DnY4E3AnJmF3OM/VfIQQpykcCtLR1koo2HWhpyKEEEIIIYQQQoiL1GlVAkoAKMTFx+5w4k5MutDTEEIIIYQQQgghxEXstEJAm91xruYhhPgU5O+mEEIIIYQQQgghTuS0QkCl1LmahxDiU5C/m0IIIYQQQgghhDgRaQwihBBCCCGEEEIIIcRlTkJAIYQQQgghhBBCCCEucxICCiGEEEIIIYQQQghxmZMQUAghhBBCCCGEEEKIy5yEgEIIIYQQQgghhBBCXOZsF3oCQnwWmYZBekoSOempZKUmk5zow2YaBENh6ptbOFjbQE1TC/6Ozgs9VSGEEEIIIYQQQlwGJAQU4jxzJzjpm5NJcX4uDrsdu81GZzBIJBrFYbeTmZpCSqKPPq1tlFbVUt3QTDgSudDTFkIIIYQQQgghxCVMQkAhzqO05CQGFeaR5E7ANE0O1NTT3NaOv6MzHgL6PC6y01JJ8nkZ0t9JVnoam3fuJRKNXujpi/OlZgW/+88/sTPlDn70/88m33EWx/bv4K3/fpRnV31Ccxg8+dO5519/xk3FzrN4kUvcuXz+QgghhBBCCHGBSAgoxHnidSWQnZZMWpKPaCTKJyXl1DQ20xUMEY5GAIWhFE2tbbS0B8hJT6VPRiqpPje5GakcqKm/0LdwAo1sffNPvPbmSjaUNBEGPPmjGT/3br40axL53gs9v0vLzld+zNtbAR7irdtm882hZ2vkvfztH77JUxWHXwlUhHCkSgB4pHP3/IUQQgghhBDiwpHGIEKcBzbTJDM1mT4ZaYTDYfZVVlFaVUNboINQJILWoLUmall0hcLUNTazv7KaitoG7DYbxfm5uJwXaTlSzQp+85X5fP+RN1jTHQACBCq28OEfvsff334Pv/mg+vxOafE/MuuaGTz2yXm97FlTdNV9DPaAvegLXFl89sYNbXmdZyoA+0S++6f3WPz+cha//jOuTD1717gUnOz7ca6evxBCCCGEEEJcSJ/RSkAfU6+fTp+6lby0pf1CT0Z8BiR6PWSmpeCw26hqaKKsqo5w5PjLezXQFuigsq6BJJ+HrNQUstNSKK2qPX+TPiV7+dsPfsx7FeAZdR8/+/7tjMqOVZWF/NXsXPwEj/9xKe/9+SWum/CPjDpPFYHN+7acnwudI46hd/PbN+4+6+P6a2tiIe3cu7m+oLv6z+vjIo2Xz5mTfT/O1fMXQgghhBBCiAvp/IaAScO44+oCfId+Dhxgwbs7aDqvkxDi/EvyeUj0uOno6qKmoZlQOHzykwB/RxdVdY1kpaaQl5V+8YWAnyyKVZZl3cev/+tuio54y+HNYdRtD/DYtFvYypjzFgCKU/FZi/2EEEIIIYQQQpy/EDBpGHdcnc7BpYtY3Rp7qXj6bOZNb+GplQfP2zSEuBDsponTbqOjq4vmdv8pnxeORGj1B4hEo+RkpJ3DGZ6ZpooDscqyglRSjndQ9hhGnb8pAY3UVpz8KPFZJd8PIYQQQgghxGfTeQwBPfgCDexqPfzSvpWL2HfeJiDEhaGUwjAUpmGgNURPsAz4aFprwpEI4UgEjyvhHM7yzDg83eV9B/ZSEZpN6ikUmJW8cCfferKGrL//P/7y+QG9H1TzOv9098PsyrqPPzx/qMKwkZ2Ln+NvL7zDmgo/4CVv2g3c9bm7uX5oGtDI6p9/jV8tO7wv4YL7Z7Dg0JgTfsgL/z6bHtvf+fey7M9/4pnFK6kMAJ4Cpsy6m7s+P5shR+2T17T4X/j8f65j5oNv86PpULHuDf7vD8/F5mJPZfC0u7nn23cwKhUgSM26l3n80PueAqbM+ipfu/eaU+s0+8nvmHX/y8DtPPL+PzLkuPPw0bTlJR7/y+ts2HqAAA5ShtzAPd+5j+uLfUeM9xJf+8GjsXsEePWbzHo19sfx33+NX846HDD7973PM395jg/X7aM5DPaUYsZfdTdf+rtrKOqtmrN7roc+z6Ytz/G7R2L3bR/1Q578r9lks4PHrvkmCw59nk07eOvPj/Ls4sMdiq/7u/v42lV9YzWKPd53kDJkOnf9/f3MH32cINxfzvrFf+LFN9exrcIP9HbOaXw/TvD8z9ZzOvp8T/507vrOd7nrePcohBBCCCGEEJ/S+QsBWwO0ewqYVLCDRQeOd1AfZs8fSU73T+2lR+zZd/RS4vptR1QQ9mH2/GJal+4j6eqR5NDBrqUfsro1Vm04I6P7sGOWHycy9frpDPbEfqreuOgEcxPizEWjFhowDAXq1M+LBYgGpmFgWfqcze9MeSfO5kb7Ut6ufZkf/7ODX/7bN7pDsOMrmnY3/Z98mP1/XsTOzw/oNWCpWb+IXUDW3IndAWA17/7gSzy8PnTEUX4qV73Mw6ve4LVbf82vv12AP3A44DkZ/5bH+d4Pnmf/kScEDrDm1YdY8+br3PM/v+Wu4mO75jbXruO1f36Yx7ceUdEZbmLXskf5fkkjj/zXbEoe+SaPrvIfNe6DbKgI8eS/zyb7FOd4Is21W3jrpw/1vA4hmne+wcP3baH5iWe5K97UovpwAHhcjaz//fd48NV9PZ5huHkfa1598P+xd/fhcdV13sc/VdrS9EnSURqlNQQanjpCdYo7LS6PHdJLo0XXdscFe09lA3Tv1HLHessqjKOsuOJIIWuR2O1sF3QsulAd2YYBRW3pcZvxLjAFJIU0NsWkOg22QICmkvuPc87Mmcnk+bGT9+u6cm2T8/Q7ZyZx58P3+/vJiP1AK79zrz53fv6VhA+3v6a2R7+g67+1J31851lzs+/1cKuef+Ib+va/1mc999dbdmn77Xt0SPerZvqP9eXbfuLYflyvPP9Lfa/mRbXV/rtuyrr+ET0dDSm0+Sll3559zC4lvni//uVq839VBvL+6NkQn1PbQTV8945ux7/esktbavbopdDD+udLZuY9FgAAAACGYhRDwGf1499N15oPLdeaD+UEfJLMxTo+oBkHdmnLU6/KXrxj+fwd2nFwppZ8eLr2PmxVDs6+QJ++4gNaPv9lR2hXpHOveJ9+8/AO7bB+cvYly/W3RQe1/WEz+Cu+6FJ9eL7Sx8w882zplzu05ai5bcWHLtbZB/dQnYhh1dXVpS5Jxzs79fZf31bRtFN1vLN/LcHveMckFZ06VUXTTtWx1/pMcUbflA/rxu/8nZ6u/okOPf9DffHTP9O5lwV07eoKLZ7fQ5Ax/2J99Dyp9vmf6bGnbtB5F+WGJUf0zJPPSZqrjy42KwVf23WfGQDOq9AtX6vRZfOnSnpL7S/u0raNYXUuPl8zNFW+b/5GPh1R/EvXKNwgraj9jW46P88YDv5UX675oZomn61lX7xFay5fYFYxHj+il564T9/4Vr223P4Tef4je55DSXpmU0jPWMfdePUCzdBbattTqy/f8jMdavmhNnzmJ+rsnKtlX7w7vb3libC+enu9DjWE9fBzy/OPaYCe2fRlPaP5WvbFu9PjP972P/relzbokZaDuj+2V9fcvMisrDt/nR79xbp0FaE+ea8e/acLss73UvTz+spDByXN17IvBjPnbN+vX30/pHD8RT34f76sef/xbfnypZgNYX35Iemy9ffq2qsv0Ny8FY8/U+3t5iIy37IXkXltv35++02qbTiuxL9ep892HpfO+4y+9ZWAtf1ZbfvS57Xl+YPa/p+/1Kqcas7DTz+l42ddoRuvD+jSi95vvY6tavjuBn3l5weVuOsHevryL+jCKXP6//7oxZCf089D+oqm6Ny/v1u3rF5kPifHM/j1j36pNZd8YliCYgAAAABweseoXu3gHm15eIe2/O6IZp55idZcc6mWzLa2zT9P5+qgfpEOBl/V7t8fUcn895n/jjvCuaMH9fLr0ozi7JCh9XeOfWZfoEXv7tDv/ydT+df+1K+zKv1ePfD/0vMTth9IiXWCMVLeeOu43njruGZOn6YSVx+lcg7Tpk7Vu097lzo7T+jlP6VGcISDN+X8dbo3EtSKC2dIek2//1WtvhL4qD72d1/Qtj1/UPe4s0SXfeoSScf1yBNP6Xju5vY9+nWDpLP+QUusSraWlj2SpA/4A1YAKElTVXz2lQWajcIAACAASURBVLrp3/5b6y7OX3WV36v61eawfq+5WvHNe/WFqxdk2pinzNFZV/+zvrr+fKklokeeeqv74ZMvVs1/bNEXrl6gGdY45l5crRs/Zm7u7JyrFbX/nrV93uXVum6pJB3XMy/9YQBj7cXki1Xzgweyxj9l7od149qPm+N49H/0Un/P9dovdP/mg5Km6KN3/Hv2OYsXyPd/71XwsilS5x7d8/2deV5TSS1tmvvFO/WFyp4CQNMZn7xb//mdf0ivIq0ZC/SxtdUqk6TO49LiW7T53250bL9Aq9YHdLokNTyrl7LeMHPk+8oj+lHdV3XNxe93vI4lWnxzUGtOl9T5M+1+rr8Pog/D8Zw0XyvCD+vuf1yUeU7OZ/D8Tv2e1bIAAAAAjIDRDQFtVhj4mz8X6dwPX6BiScXF06Tp87XimuVaY399KHtupOKLLrW2ZVp4ezR7umbqDf3paB/7AaMg9cpfdOQvx/TOd75TxTNnaNb0oj6Peec73qHiWTP0vvfM0V/fflt/TI3fZGDK/Ct103f+W7Ef3K0bLztf0yV1vrJHW265Tn9f9Q39qi17/xlLP62PTpb08x1K5CQlrz29UwlJZZUXaZ71s3nzLtFkSc9Ef6yn+7+uSn7tu/TYk5IuDOiablWI1vXOukiTdVyJ5/PMD3DRlfJ0K9OaqnnnX2T+85M1OS2rkjRT884zD2o6ONQb6G0c0pT5F+gDkhmo9VP7kztkSNJ51VqZN1CdqSWrzZCq81c/VSLvW/HjuvbqknwbsnguX6RuU+bNn2+OWRdp3fo87dJz5+tcSVKbXsl9fDNmdj+feVKVLTb/dejwkT7H1R/D85wu1mUX5amSTT8DdQ/GAQAAAGAYjF47cB4vHjyiv/3QdBVLerH9Dek9qZw5+2zmXIEzDuzSloczrcLv6+3kR1/Xq3LpPbOlFwkCMcbeOt6p9mOv6t2nzdZ7T3dp6tSp+n/PN+ovr+Zv8Z0yebLe9+5inT3vvfprZ6de/lNKR/5ybJRHPXBT5i7SNbd+T9fcbC7UsOX7v1TTS/W643+1Sz/8ti6ziyCnLNKyyil65KFfKt5QoyWX26HIq0o8sUvS2frohe9Pn3fGJTco+LHn9JWf/0Rf/ES9zlh6ha752Kd12cXv7yEA6kXbfiUk6ek7tPrKO3rd9XB7/+OYKUqXoeXdflrxfEltebcNqyk9jaBnh180Ky1PX3p+z22o88/WByQ1aY+eb1PmtRwWjmeXb/Azell92nb8iFpefEpPP7lXiYbn1NL2Yj/mQRyYkX1OA33VAAAAAGBgRqkScKaW+JZrje8Cx1xOM7Xk3DnSn182W3gPvqzW6fN1pbNCYvZMc//Z79IMHdFeu1V4/nl9VwIePaiXX89UGprHvU9n93YMMEJmFE1T8ayZmlE0TVNOOUXvPm22Fp5VqnNK56l49kydOnWKJp9yiqZNnaLTi9+lc0vP0IL571PRtFP15l+71HSoTX99++2xvo3+m/F+Lf7UV3XvD+/UR0+X1LlHWx7dn7XLeVebLZ7Go7sywf9rT2n3k5LO+4Q88517z9Himx9QtLZGHz1vig4/+TPV3nKdPlWxQl+O7s3zHw561t7C6j/ZjqilxfzXvOLeEqtinXXhqAxoYF7br/hdN+qTy6/R9dUh1f7oZzJeGv4A8KR/TgAAAAAmvFGqBHxVu+M79KdLlmvFNY5P9lkr/L6sHQ8f0xLfJVpzTWYXc8XeZ7X3z8v1t9cs199ax20/ME1X9nnNXZLvksw1X+9Qa/ExvfjUcN4b0LuiU6fqzPfNVWnJ6So69VS9efy4jr3WIddpszV75nS9p3i2Tvz1bXV1dWmSpFOnTNbM6UU6ceKEDrzcqtSx13Xs9Y6xvo3BKf6wVq6+SI986ykdfvpFtfsXZEL5s6/QyvPuU23DT7W7bbk+Nld67alf6NeSzr364ryVVsXnf0Lr/u0TWvfaH/T0kz/VA9/9iRKbP6/PPn1Lv1fdLZ43X9IeafEtiuYsMjExzdG8eZIapJb2dklzetivXS89PYrD6o/jz+re/32TtrdImn6+Lr16uZYsPV/nnj1XxTNm6qXv/q3WPzRcFzuJnxMAAAAAaJTbgV/ctaOPlXfNsHB3v459WT92/HvHwy/nHtLr+XbHd2T/4Oiz+vHDvQ4OGLAZRdNU+t7TVfre0zVrepFef+NN/eGPh3W4/S9618wZevdpszRj2jRNPuWdeuc736m//vVtvXn8uP70ylH9uf0VtaZeUcebeRanOIlM6bHN0VwgpPb2XXqsoVUfqyzW8w2/lHS+li3uY265Ge/XhVev04WXX6l7q27S9oGsujt3gTySEg079cxry3XZgPuJC8/pZ18saY8OP/mc2vwL8oepB1/UM5Kki3XeOFm69qX/Cml7izR5cf9D4KE4WZ8TAAAAAEhjtTAIMAEUnTpVpSXv0ZnvnZsOAA+2/UkvtvxRL/8ppcaDh9R48I968VCrXmz5o/YffFn7D76sxoMv64XmFv2h9U/jPAB8S89/91p97l9/0ctMd6/q93vM0tvTLzy7W9XdjKWf0Ecl/f7RPWrTi0o8Kum85d0XvGjbr5fyracx5Wx5LpSk43kXf+h8Lc/zK75Yly6WpF26f+uzLMIgqXjxlfJI0vM/0MP5VkTWW2r4r1o1SdLS5fKMi/LJI2p53nzn+f4+TwDY/j96rKH3M+R9f/Ti5HxOAAAAAGAiBARGwLRTp+qsee9V+fvP0KwZRep48y01//GwXmz5o17teEOTJk3SiRN/Veufj2j/Hw7p+aaDevalP+j5AwfV/HKbXjn2mk78dZzPAdi+S9tiB3UoHtLqj6/TvY8+qzZHqHK8fb/i/3qTQr86Lk2+WGuuXtD9HFMu0qUfmyI9v0OJR5+S0Sl5Ki/JDnSOP6t//9LntPbv1ujbsWfVlk7t3lLbnlp97+eSdL6859ntmTN02unmvx556Gfp8PB4+6tW4DdHvutv0BmSDj10k27615/q+TbnuP+ghv/6qjZ8fwIFhMXLteZ6c+GS7V+6Sd9+dL/sNVHM1/Fz+srPj0u6WDVrrxz4YiwjYo5On2dWmcZ/9FO91G69hseP6KVHv6GbPrNBj7TkO66v90cvTsrnBAAAAACmMV0dGChUZe+dq7PnvVfTTp2qt4536g+th/XSoT/q1dffyLt/lyR1dY3qGIes+Ep99YfF2nb7l7Xl6ae0/Vs3aXu+/SafrzX/9i89rJI6VRdWBnT6z+9T7beek3Sxrl2cM9falPm67FOX6JGNu/TYxpv02Mbcc0xR2d9Xy5dODqfqwqs/ozN+/kMdaqjV2k/UWj//uG7f8QUtniLp7H/Q3eFXteFLP1RTPKz18XD3YZ81V8/7L9CFEyTJOct/t25v36DQQy/qsW99To99K2eHyWdr5Xf+xfGcx955lTXy/NcdSjSEtfbT2a/h5PM+o5oLn1P4R7mTwPbj/dGLk/E5AQAAAIBEJSAwIs4tm6epUybrrc5OvXToj9r/h5d7DABPasWLtOo7/63/ui+olZddpLLT7ARlik476yJduvZObf7J97Tq7Kk9n+PsK7TyPOvfi6/M00I5U2dVfkMP/fhe1Xzyksw1JherbOnHVR3epnv/8YKsmQennH+j7gxX69LzijU5ve8MTXG0FM+46Ebd+5P7dfvaK/SBeXbSN0NnXHiFbrzjfv2o7sYJEwCa5mjxP23Rj+4LasXSs3XaZPOnk087W95PBrXpJ1v0ufN7eR3Hwtzl+pcf3q01S+fLXDB+ik477wrdGN6mh/7tRvmW5l8Pvj/vj56dhM8JAAAAACRNKnN/sN/lR+9+3/y+dwKgDyw4U+97j0sth/+sAy+36fU33hzxa/755YP93nfPzp0jOJKBe/77K7T+R+3yfuURffXymWM9HAAAAAAAxo3Jk05Ikvbu3Tuo4xctWiSJdmBgRDyz/4Ce2X9grIdxktivZ55ol3SJLltMAAgAAAAAwEigHRjAmHpt1w90/2Fp8sc+rSUTqv0WAAAAAIDRQwgIYMy0P/U9ffn2X6pT5+vGTy1SH2syAAAAAACAQaIdGMAoe1b3Vtyk7Z3291Pk+WJQH2PKUQAAAAAARgwhIIDR1damQ1MkdUrTz7tC111frWsumjPWowIAAAAAoKARAgIYXXOv1L/87MqxHgUAAAAAABPKgOYE7Dz+1kiNA8AQ8LsJAAAAAAB6M6AQsOPYUcIGYJzpPP6WOo4dHethAAAAAACAcWxA7cDH33pTx//85kiNBQAAAAAAAMAIGFAlIAAAAAAAAICTDyEgAAAAAAAAUOAIAQEAAAAAAIACRwgIAAAAAAAAFDhCQAAAAAAAAKDAEQICAAAAAAAABY4QEAAAAAAAAChwhIAAAAAAAABAgSMEBAAAAAAAAAocISAAAAAAAABQ4AgBAQAAAAAAgAJHCAgAAAAAAAAUOEJAAAAAAAAAoMARAgIAAAAAAAAFjhAQAAAAAAAAKHCEgAAAAAAAAECBIwQEAAAAAAAAChwhIAAAAAAAAFDgCAEBAAAAAACAAkcICAAAAAAAABQ4QkAAAAAAAACgwBECAhgWXV1dYz0EAAAAAADGzHj/XHzKWA8AwMmrq6tLJzrf1Injb6mrq0udx98a6yEBAAAAADAmJk+eoknveIdOmTJVp0w+VZMmTRrrIWUhBAQwKF1dXep49RWdOnWKTnvXbE2fPn2shwQAAAAAwJh6/fXX9frrr+uNV1/RtJmnjasgcJhDwLn60Lr18p8ze1BHv9HymO765kNqH95BARgBJ46/qVOnTtF73vOesR4KAAAAAADjwvTp0zV9+nQdPnxYJ46/qclTp431kNKGOQS8VFcslH63aaN2dgz02CW67gsL5dFDig/voACMgM633lRx8bvGehgAAAAAAIw7M2bMUPsrfynkEFCSOnTkqRd0aMDHXaQTwz+YQVqlDXXLpMev150P5t9jwbp7dHNZk+5av1H7R3dw2TzrdUdVmfbXrdOWxFgOBBPJ22+/rS510QIMAAAAAEAe06dP15H2V/T222/rHe8YH+vynrRzAvpu3awV85w/6VCCIAwYFZMmTdKJzuNjPQwAAAAAAMatE53HC3lOwFHW8pjWfn2b+e+Vt2lT1WYtWHKfbrmnYWzHBQAAAAAAAIwj46MecTg8+DWtffygZi9cLt9YjwUAAAAAAAAYR07uSsBcD76gA1ct04Urpbg1l19223BOy7Bnve6oWih7LeMD3eYANOcGPDPfsZaP3LpZN9vnd1Ymdjs+z/ac62dvX6UNdUt1pO5JzalapjPT11+sNRtvkKfI3Otoy8H+Px8AAAAAAABMSIVTCShJatKRDql47mLz25W36fKj92lt1fVaW3W9trcUyXPtei2QJC3WmmsXSvvs7ffpyDn2NtOZV52jp/MeaylaqDkvXJ8+PjFnme5YZ13bCgCLHedPzFmmTbeusrYv1pprZ+kJ6/xr6/bp6Lxl2rAy6wLyVNljcASA2qe7rOO2HHVlQkQAAAAAAAAgjxGoBCzSnIvO0RkdAz1stoZ90eQHv6ZbHN/GXzioFVfN0plSekXf2bPLJDVIatCWr2fPJXjg8a8p7jx2Sc75O/Zpe7pysEE7m66Tp2ypFqhB+1eeozN1UNvT8xM2aMsDS7WgaqnWeLZpS6JBW9Y7rpd4UvuvXagFcxdb4+k+BnmWakFRhxJ1mRWJ9+9u0tGFZQN7LgAAAAAAAJhQRiAEdOkjazfoI4M6dqitrWWaUyS1tznDvJyW3PQ1zBBu57p7tKlumYZjdeH9bSlpoRkyaq5L6mjSAecOiVa1Vy3UnDJJ1nUWrLtHNy8sSu9ytNfbm6XZSukQKyADAAAAAABgAAqrHdiqvnvaqs5bsO4ebarLtPSufbx7yLj/nnXWtpQ8VbcNaVGRBXNdUscxHZAVCBbNcoSPkjwlKlaHjjRJZji5WWt0f6ZduK/qyaZjOiqXzvAMYZAAAAAAAACYcIY5BPy1jBeOqnOQR3e0vKBBF7mtvE2brpqf1T575uwiHd23w/p+sdYsme84YLHW3OqY428wAVtRmT5i7+9ZrzULi3Rgt9Wq++ALOqD5ujw9R6A5B+HslifNakNPiYp1UE/Y7cIrl6cX++hR4knt7yiSZ/mq9I98yxcyJyAAAAAAAAB6NcztwG3aFa7RrtwfX7lB3151jjIZV6cad/wfbXz4jaFdbt4yq5VXMtt5r89q543v2KfLq27QprobrO2P6UDVOeZGT5mkMt1ctzm9/4HHrx9YO3BLk3TtZm2qMr89uu8+x+rC23RnlbShzr6+slf/TWzUE8s3a0XdZq2wtt21z6U1vV6wQVvWl2lOXea+Dzz+mA7MWzqAQQMAAAAAAGCimVTm/mDXSF/kb750rz5bNjn7hy3/rbVff2ikLw0gjz07dw7p+K6uLh1rP6yyMhalAQAAAAAgn6amJs0qPl2TJk0a0nkmTzohSdq7d++gjl+0aJGkEVkYpLvffvMm/XY0LgQAAAAAAACgm8JaGAQAAAAAAABAN4SAAAAAAAAAQIEjBAQAAAAAAAAKHCEgAAAAAAAAUOAIAQEAAAAAAIACRwgIAAAAAAAAFDhCQAAAAAAAAKDAEQICAAAAAAAABY4QEAAAAAAAAChwhIAAAAAAAABAgSMEBAAAAAAAAAocISAAAAAAAABQ4AgBAQAAAAAAgAJHCAgAAAAAAAAUOEJAACg4KcWqPfJ47K9qxVJjPSZIkpLhCfGapGLVfd9j+lmYX9Xddk4qzHsYAAAAGDaEgABQSFIxVXsqFDKcPzQUqvAonByrQSGtpFxeSVKpSl1jPJaRkoopFJK83l72SYblCUiRREKJREKJ+qAUCjmCvpRi1QE1B+vN7ZFShSrC4i0MAAAADN4pYz0AAMDwSW4Nycz//IokauSWpGRYYdWoxj2mQ4MkuSpVm6gc61GMoJRioZBKIxEpUNfzbu4aJRKO711e+bwhNbZKcklKGYobflXVWkmpe7WC3grFkzVy8z4GAAAABoVKQAAYaamYqj0eecJJq03SanGsjimrwzGnPdKTU7qXDFttkUnrfLltkqmY6qKS5FWw3goAJcmdGwD23i5sjzGcdLZjmpWEWeN3js9xj+Y4HfuknOPNrebKHYtzu3X96phS6WeT2Z51nax20uxxd3vOOdd1tqGmz5m+t0GOL/e1tH+efhbO8/T39cjer3v77NhLxUIKKajVAwzqUrGQQoZfPuu4lBGX4S1XSXoPl0pLpebm8XfPAAAAwMmCEBAARks0oJCCSiTqFfRKMkLamkm05AlEJX/Ean/0S9FAtyBQMhSqk4L2PjIybZKtjVYVYG+tpinFqisUMrwK1iessRgKVXSfcy0aiMuXvo4UDXiyxx8NdG8xjgYU9yWUSETkt773hMzx1psHKZAVsDnHEpFfUQVyQzsjpIpA1Py33ye3FZqZj8tqJ00kVFvpkhnMBRSV32w1rQ/Ka4RU0W2gLlVWmfdlxA3reik1N0uSV8HV7sGPLxVTdSAqeYOqT5jHRSKrVZI3vxrI6xGSgtY9STJCW8dXe6zVBhwMVqq/nc526FrRWKVEwhFcS1JpadZ5Ssq9Mhpbh2+8AAAAwARDCAgAo8avqkqX7Komya5sSilmlvDJb5dCuX1WiFbXLQzy+rxmOGLvo6ji/U2DklvN+QK9PnldkuSS1+eVZCi0Neckfp8ZyqTnsbPHn9G9Msuu5ipRuTUnnL8qJxRqbjZDNHss/iqZp3XL55dkxGVkndYOyBJK1LgzxylTOWZLxeoUleQNrjbH7vLK55UUjXcPzOznZ18vZSjufDaDHZ8dxhohhWIpSW653S658iVjA3o9rHG4SmW+fZo1fgrj7DbgWlUOYK5Dd4313HxxFv8AAAAARhhzAgLAmGtVo9HTNiMzT1pfrLDOsMIhd55jUmapW37NzUpp9CZcS48lGpAnOojjstpFTa3WgzRCFfKE+jqTW6uDXkVD5jNONcdl5nFmyDrY8cldo/pgsypCRnoc3mC9VanYw73kM8qvx5DYYabhUdajqvAo3sO9Z3HXKOL3KLA1qcoat1ylpVLcvH/7yNZGQ97y4MiMHwAAAJgACAEBYMxZVXN5g0CvynOTrp72sareDMNQKBSTt9aqwEvFVL21VLV2uJL/Qun2y9EqxkqPxRtUfW3/W0jTxxmNys1HS+wH6Y+YVXl9ncvrk1eGovGYypsNSV75zJK8QY9PklyVtUpUKt3mbYRCinlrlbskyHh6PYbEXaNEosbxg6TCnjqV1w+sMjCtpFzerNfXbNUu9RXqksoAAADAyKMdGADGXGZ+uqjd15uMmxVV6VbUjPS8aPY+jlbSyqA5X5yMkCrshSYqQjLs+fvcq635CO2W1pQMswfWmgdvFKXH4pgbUSml+kq97OOcbdCplFKSXJVV3duorW15pduFQzltuUMYn5IK23MQpsfax72Mh9djhJnz/5nzV6Zi1dkLtliL2qTb4V1e+bxR1dkvYnJr1sIhAAAAAAaOSkAAGA/cNUpEJE/A0XraQzWbt7lOHo9VPZZbpeaqVG3Cay02kT5CwXRFlkuVtfVSdYVCFR6Fum0fTY6xBJxtpH5FcheJ6M9x1vOqMR+k4/7USzWfNQefYT6s7PkLBze+ZDigaFSKpg9wPN9uAeJ4ej1Gg9mqXuINql4hVTh6tv2RhGMVa5cqayNq9Nht3eYzIQMEAAAABm9SmfuDXWM9CACja8/OnUM6vqurS8faD6usrGyYRoT+SIbNFXF7ml8OAAAAADB+NDU1aVbx6Zo0adKQzjN50glJ0t69ewd1/KJFiyTRDgwAAAAAAAAUPEJAAAAAAAAAoMAxJyAAnCTcNQllLcAKAAAAAEA/UQkIAAAAAAAAFDhCQAAAAAAAAKDAEQICAAAAAAAABY4QEAAAAAAAAChwhIAAAAAAAABAgSMEBAAAAAAAAAocISAAAAAAAABQ4E4Z0ZNfuV7BT56jaT3t0JnS77Z9Q1HjjZEcBgAAAAAAADChjWAl4AX69JULNWfyZBX19FVUor+59LKRG8KwWqw1GzfrjnWLx3ogAAAAAAAAwICMXCWgZ5k+4JKklJ7+9T615W6ft0hXl83WoaYnNW3WNL1xbDDVgKu0oW6Zzkx/f1Dbq76meL+OXaw1G6+THlinLYlBXBoYBsVXbtCGT56iR75wh3ZREAsAAAAAAEbIiIWAZyyep9mS1DlZxWVl3VqCZ82ZLemgno5drM/eukjGP9+pZwZyAc963VG1UNp3n9be02D+bOVt2rRxvQ6s36j9fZ6gTHOKpCMDuSYwjIqv3KANq8p0bPd9+i0BIAAAAAAAGEEjEwKWB7Rm0WxJUsfRo+qeb8zWrCJJqRb99oKFulxH9cgAL+FbvlCzWx7LBICS9ODXtPbBwQ8bGC3OAPDO/3hKJ8Z6QAAAAAAAoKCNTAg4z6VZkqROHWlp0oFjOdvnLlS5pCMHduv0Jf8ktd2vQwO6wCpdOK9Dibptve+28jZtump++tuj++7TLfc0pKsIZ0s6s2qzPFUdStSt05bEYq3ZeIM8RfYRfbUX5+zfsU935VQhLlh3j25eWJR9WJ79MHEQAAIAAAAAgNE2AiHgNF2yuExm7DVZ8xZdpnl590vpuV+for/5R2n/toa8e/TIU6JipfR0r3P5rdKGJcd0V9X1Zti28jZtuuo6rfE0aEtio25JrNKGuqU6UpeZE3DBuus0Z/f1VjWhGfCtuHWV4l/PFzZaAeCRx7R2vbndd+tm3bxxfSbgW3mbbl6YSgeJvls3a4Ue09q858PEMFfnL56n2Z0p/Xb3CwSAAAAAAABgVIzA6sAfl7dsct+7dbQpoaUqL2rpI8wbrG2601lt9+ALOqAizSnr+Yj996zTnel24gbtbOqQ5pRoQb6dPUu1oKhDiR2ZQC/+9cd0oGihVqw0v18w1yW1vJCuJIy/cLDn82GCaNOub27UD1tm6+rPb5CvPHe2TAAAAAAAgOE37JWAp1xTpjP6sd/Rpid1eMmnNK3pcf1uoBdJtKq9qkxneCT1ESD6bt2sFY5SxAN9ndvRKixJ6uhhv7JZmq2UDmVdv0lHOqQFcxdLatD+tpS08Bz5JLMS8Jz50pHHaAOe8Jq065sbdaLmn/TZz2+Q7r5T8UZWBgEAAAAAACNnmCsBL5J/yVnquw6wQ81PtchXPluHnn18ENfZpqdbiuRZvqrnXTzrdUfdZl34wvVaW3W91lY91mcA6Lt1szZdK22pMo+5a19PCaCkpmM6KpcZRKaZKw63t1ntzQ/uUKJjvlbUbdamus1aMWef7qIVGJKkJv02/F39Z9Nsrfj8Bl0yZ6zHAwAAAAAACtkwh4AlmlPU914drXv0SMOlOnP2QSV+PbgrxXfs09F5y3THusWZH668TZvqbpNPMiv1OvZpu9Xeu2DdUp3Z7SzO9uDFOmOOdGC33UK8SityF/RwSjyp/R3ZQaTv1mU603FNrVxuzhlohYprWQwEWcwg8K4Htum3R8Z6LAAAAAAAoJANcztwh97oTGnn3SFF+2hvLP5f39SZbXt112C7INOLe9ygTXU3WD90rOb74A4lltygm+s2SzJXBt7ecoMuTJ9gm7bvW6qbr9qsTVdJBx6/XnfuXq5N1vfSQW2v26fia+39G7Sz6Tp5FtqLizRoy3pJG2/Qprpl1u3nrPr74A4lnNstBx6/3jH3ICa2Ju03xnoMAAAAAACg0E0qc3+wazhPWHzlBt286hz13d14VEbkK7rfKNy50Hy3mu3IWYHfytu0acmx7LAQGGV7du4c0vFdXV061n5YZWW9rLQDAAAAAMAE1tTUpFnFp2vSpElDOs/kSSckSXv37h3U8YsWLZI0AguDtP/iTt36i+E+68nIbC8uthYJsX+2ZgmLgwAAkAxXq3l1rSpdYz2SfFKKVVcoZEjyqpSiTQAAIABJREFUBlVfW6nhHWZS4epmrR7KeZNheQJSJFEj93AODQVqGN5zo4n3NwAAI2KY5wRERoO2rH9M7Qtv0CZrYZBNdTdoQdN9WsviIACAQpOKqdrjUXUs1W1TMuyRxxNW0rFvXdRQ3Oi+77iQ3KqQgqpPJJSorZRi1Xnvy9w3nH1vklKx6vw/q44pJSkVq1PUiGu83n6/JcPyeDwKJ7N/nIpVy2P/0HpfePJ+ZT+jbufox36ZofS9X/Y5HV9ZN5BSrLp/23Lv23m/Pb5fcvZLX8d6b4yUkXnP5Twr66vPex8h/XkPAAAw0Q17JSCctunOKgI/AONIKqbqipAyU1F6FawfP9VYqVi1KkKG/JGEauzyj2RYnkBU422sfbOryfwTqprFiBtKVTqrjZKKR3N2clWqNlE5ugMbgFRzs1TqS99Da6Mhlfews9snvwKKJ2vkdjv2l9ScktyuzM+8vqB5zspajePbH7BoXaznCjPna93P6q5UrFoVcZ/qE7VyWd+HYinV5v3lTyrsCSj3LZZ/KLnP3TxWPns05u9s3FevRK3L+j6kWMr8u5MMVyhUGlGi1m39La1WzPE3yf77JUne3gaSiqm6Ii5ffUK11rHJsEcV4VIlakbmL0X3ex8+3mB95rVJxVRdUaFwqeNv+Ijr/3sAAICJjkpAAJggUrFqebICQEkyFKrooaJlDNjhSZaScusDdalKT5oAUJJale92CprXL79yqo2ScUX9fvnHbFAjrUTlXqm52b7ppOJRv4JBOSodU2pulkpPrjdw/3j98iukrcP2NySprSEpGMyEiq7K2h4CQElyqyaRUCIy8HdYMhxQ1B9x/AcHswI0mL6WS5W1dsiXVDzqVXC12x6UqvzZ1ayuylolEvUK9poASmptlOH1yeu4JXdNYsQCwFHlqlSVX4rGR/N/VAb/HgAAYKIhBASACSGprVaFivwRJRIJJRIJ2Z+ZooFx3ELlqlRtIqHEBKqmO2kZUrlPWcFIMh6V3+fL2TGpcLd2yp7aMJMKe6oVS5nHeDzVMrsNc/bPbafMabfMvpZ9ru4tn+lqrmggvT0QlYxQRQ+tji6VlkpGY6t1gmY1e8vlLS11/MxQ3PBnCs5yWojt9tmsdtVuyXz2mMPx7o8/u93Vfk6OZ5Vzn9mtk/ZztofY31bVcq2u8g/f35BkXNGcgGxEpGKqi/oVcQRvyXhUXp83f0VjMq5ozn+IKCn3Zl7jgSgpl9foKzjNfr2z3nfJsPmaWO3YnuqYGvO0oJu/A9Zrmqdt3W7n7vH90uN7cQCyrpHn96fX39Pu5xmrVmMAAAoFISAATATJuNUqlf2h110TsSq0orILN8wP/9WKJZ0fzpwfEE2582s5P7ylz5HKfJANJ3OCl6y5vsxtAaufKxpwXDP9ITF736wPwfnmDcv58Nn7fFXdxxZOZj4IO49JhyPhZA/XCSuZDMuTbk+LKpATpPTr2eV5/s5gZrx+GC6trFJpaGv6tYpH/fKVNKu516Os1ulSR0CtOsd7zlCoIi5fIqFEolaVrjz7l4ZUkX7GKcVCISlYb22vV3nc3ma2DjY7tgWbA+nX01VZq/qgt1tY7rX2z1eR5vb5peZmc74/Iy75vHKVlMsbjZvPobVRhrdcJb09gmhAIQXNa9YH5Y0GHO8Lq93RMSZfTvOjGV6WKmJtT0RKFaqwf29dqqzKjFFKyYhLXm/m9z4rfEuGFYj6M+eqauw9sHLXKOKPqm4Y3pOpZvOd0tprIDp0KSMuw+9z/IcFs1pTau153r+c19BVWup4pgPgqlRtxG/9ncv3u5xSrDr7PeqLV2SPxQipIu4zt9dWqryySn7H3/HMPVbln0IhGZYn0KxgvfUa1/sUt17kdNtz+ncx0P+/N6mY6qKS3+eWlFS4rtycW9Oq1DNCoczvtTU9RWnE2p6ISHV5AmfHWHuuCAUAAP1BCAgAE4D9wTr3Q6zdytidoVCdFEy3WBkKVWRXLlWEjHQwEvFL0UBuUGgoVBFIh4++khL5gsF0sFAf9EqKKhBOymznyrTR+SN22NPLTTk+BJsVjY4QIhVTdSBqruyavlbO3FWZp6NYdUBRedMfiCORiFaXSJXBoLySjKxQS5KstsCc6yQSEUUiq1VSUmMGOda9R6wP6vb8Zv16dtbzN8dutm3HfeY1/FL2h+lxxS2f3wojknFFs4KWHiS3mnMnZgXU2a+/P+KoBE0ZihuO1kxZgXZOdVWmSsulyhqrvTQZV1R+VTlbPoNBeaN1g3+eJeXyGo1qldnSXlrqklxe+bzNak7ZcwyW9r4qq9fRhuryyuf8vbTGnPV8fM7Wx5SMuCFvcHXmGblrFPEbCtkPxO2TP70wRKsa5VOVz5tuY+5eBWeO3T5XX52q7tVBKf17MkRGSHV2IJqIyB8dQAjVL+bz8vu635Rh/uKlQ6vuv5vDxF3jCMYqsv9DS7625Cp/Tott9vtBcmt10OvYx2qrXp3vhUspVheVNxjM/I65KlVb485bIeleHZTiRo9hp10l6/F45LFCPfNwt2qcc0W6ffLLkP1rmdwakuFsx87dX0r/jfVHTqb5YAEAGL8IAQEAeaUDAbcvp1rQbi3OBClmINF9tVdvupKlRm6XS+7KynRI4fL6zJDMrpYa+AjTH3BLrCTTDn1SRtyc+9AKXlylpb2cx567z1AoZFahuN1uuVwuRxhj3XvKqmizK6ZaG83rGCGFYilJbrndLrl6/LA6gGdnPf/02L1BZX+ez3yYHm/cPjOwMFuB+27iTjU35wmoe9HaKKPbHJHOuflcqqxNqL68rlsla95ruUpVOpTn6SpVqZrVnEqpudmr8hLJbBM2X9fWRkPe8n7fXTd9Px/zPZw752CJ+UCs8KZE5V7rHpNxRUtL5fb6rHAnZ85Cd40SiSo1VgygEs9VqSq/HeoPnqu0NDsQtcKtQbXd9sQKkbNfErOtOysYc69W0H5mjqA3fZr+hLt9scLAiD/z9yfV3Gz+Rw5nhXGg72UvXF5fpvq017bq/O8Xc1OjDLt62RHs9Ta9aebvvPmVGxhnKpidi3eY77nefy+iClTEpaw5NwEAwFAQAgLABJAOknI+xJofhiUp9wNxL+wgzPlBsR8fUK2DM612fXywHIr0/dotmlYlZP6FGdyqsav27A/e6bZSq41S5kT3drjor7KqVdw16SrDnueMcxjSszuJuH3yRwMKNOcGl/m5zEn11O+Yp6RcXmelmqR8wYa5UIPdGmtWsua9VqpZzQP5Heg+IDNgMwzFlQle3D6/jEZDzc1e+YYwyV3fzyd3cRJTq/lArJDKJa/Pmx3OurzyKS4jmTNnoTl6c7EFq126P5V47pqI/NE6GeotdO9DnrBt2OUNkfuY4y8d9DpPM7Rw18nt86dfYzsIrXcEa4lEPxYOcXnls1q8e53fsIf3i7mpXF45WsHtr55Wf+6NNZWDWcGcqWK2Bps9l2YP/JFa1dZGVDpuK58BADi5EAICwETgqOZzVuokt1pBXL8m4rdCElep9RE/0z5rf/U6X1MqpmpPhUKGdVy6XXYE2OGcFerZ7bc9foZOLz5ifUhNV/Yp8+yam2U0mlV8zrAkEzSZT7jXNt3BPruTjls+v3oJIXJ398mf895MJZM9z7Xm8srndbS6ylrpNV0tmVIs7JhbzBkaWtfKzF9nzh/Y49xplt7DCjNga47HZTgrw0rK5W2OK24McWXrfGOuc4bH5vUNZztuMqxANLtl2uX1meNptt/DZrViY7wxe368ZNgx/1z/whproFodlEKhIQTb3SoKzepZu6LUrCrr7yIk1lyf+aoT81RWuiqr5HfOxWi1qfus1lafs706FVNddDDhrvUfQrIWW7FeT/s1cPvkd/4NkqRUqh9zD9pBb1jxXsdmv1+cf6uSSiaVDhKzKzpTSg0mgGttlOGoYE7F6rJmsnT7/FLW3JcpJZPOC2Wevfm+6m2BGgAA0B+EgAAwIbhVk1kKOGvVU8lR2eaQ/tBvLyqSDgrN9jwpO4RJ9fUp0W6dtc6TbtlNM8MGaRhav5LhrHn3+grZkmE7VLDvzcn6mRFSKKrMB3XzSIXtT7Du1co6NB34OauHBvnsTkLumoEEm27VWHO/2e/Niro6GT0mPS5V1loLetjv5eag6u1qpVSrpHimnbIipNL0nGLmtUrT85hZiyD0UmXlXm0u1NFba6yrtFSGkTPPnMsrn4y+FwXpk1mtqvSYQ1JVdohuLmjS7KgwbVawPmceNVepSo2oosqMx+3zKxqNZlW0JSUp4Ml+tn1VoaXHEVS3X6GB3m2N87U1F8jIvnzmdyq9yE4gqnyL8Ji7Zy/ekZ4jtfuVVVMfVHPA+Qwzc1FmjSvrPSVlFheqUMjIVAZ3f7uYreqRUme7b+570Jwj1Rd3zrVX0cdqwtbZK6vkj0b7XGHZfL9IIbvl21OnunhMKXt8yvxumfc0iL9R7tUKKnOfIQXTK9Kb22useRcz16mrM/IGvK7KoHmuPCtV9+s9AAAAJEmTytwf7BrrQQAYXXt27hzS8V1dXTrWflhlZWXDNCKMGms1xkz45u0WFCTDZjjo9XplGNaeXkfAkj6VucCFk9+aED59jpyFOOyfm6eMyBcPmAtCJOwP2tYqqM7zldhjtvez98mMPT0Wv/1B2lo9tlu/sfNa6UF1a8nttoCI47n5I5k5r5z3k/d5Zp07c+0BPTv7HOnXIPOMnGMBAAAAML40NTVpVvHpmjRp0pDOM3nSCUnS3r17B3X8okWLJBECAhMSISB601OAdzIxQzZlBXLdg8KBsIO3PCEiAAAAAOQx3kLAU4Y0CgAAxqFWc7lfc1VPsz9UhrkCSr9Wq81lz2XlDa4mAAQAAABwUiIEBAAUHHPurgqFAh7HRPTdW5/75Gzn9UdO2spIAAAAAKAdGJiAaAcGAAAAAGBkjbd2YFYHBgAAAAAAAAocISAAAAAAAABQ4AgBAQAAAAAAgAJHCAgAAAAAAAAUOEJAAAAAAAAAoMARAgIAAAAAAAAFjhAQAAAAAAAAKHCEgAAAAAAAAECBIwQEAAAAAAAAChwhIAAAAAAAAFDgCAEBAAAAAACAAkcICAAAAAAAABQ4QkAAAAAAAACgwBECAgAAAAAAAAWOEBAAAAAAAAAocISAAAAAAAAAQIEjBAQAAAAAAAAKHCEgAAAAAAAAUOAIAQEAAAAAAIACRwgIAAAAAAAAFLhThvd0i3XdN9bowtmSOlPa+f1b9dNnh/cKw2Ox1my8QQua7tMt9zSM9WAAAMiSDHsUiJr/9kcSqnGP7XgAAAAAnPyGOQR8Qb/9zZM6Nkc646LL9JF/uE1nvtGPw47u03/e85DaB3g1362btWJe5vsDj1+vOx8c4EkAAKMrFVN1RUiGJHmDqq+tlCt7B8WqKxQyMj/JCsKSYXnshEw97JN1uWpVhAxJfkUSNTJ3SSrsCSgqr4L1tap09Xxee4ytjmCuO+e5c8fpuEY/pGLV5nX8ESUKMf2zXn8F61Xby0PJvG7q81lk7as87wXna9vtPWe/F9TDdsc+ecbhDGwL9jUDAABAQRjmduBj2l//gH76gwf0REuHilzzVT6vH18LF8ozwCv5bt2sFXpMa6uuN7/q9qn4qnu0ZqAnAsZQ8ZUbdMd3b9El08Z6JMDoSRlxpeMaIy4jlbW1WwAoSdGAR+Fk7+eNBjyqjqV620N1vW4fZiXl8kqSSlXazwBQklobzZv3+woxTEopFgpJXm/vuyXDqgiVKpJIKJGoV7A50ONrm4pVqyLuU30ioUQioUTEr2ggrGRmB1UHmhWsN7dHSkOqSL+ZzHBPEevYRL2CCinkvFYyLI8zJMy5dqA5aF2793ECAAAAY23E5gR8rm0k/5/gxTpjjnTghW2ZHyU26paqddqSGMHLAsOo+MoN2rCqTMcadui3/amYBQpCSkbcrMoLBr2SDDW2OjcbihuSWVlnBTP1QfmD9d2r/LzBdPAT8Zs/MuKGevtfHyO0VX1kiVnnTSQSSlhVYe4a+2cRWZeTPx0e5VQBSpKrUrU9betRSs3N/d75pJOKhRQqjaiq1Oh1v2Q8Km9wtfXcXKqs8vf42roqa9OvkSTJ7ZNfzWq2dk4ZcRn+qnQlpnt1UN5o3HofuFWTcFYNuuT1eWU435Tumqz3mONuZMQN+avsa7tUGQxK/XmPAQAAAGNg5BYG+U2L2kbs5A06dEQ6c8l6Lehxn8Vas3GzNtXZX7fJ1+s5c/a/dVXWVt+tjm0be7su0Ld0ALj7Pt35H0/pxFgPCBgtdsjnLZe3tFSSFI3ni0wcVXuuStX00Uvr9nVLaLrx+/0a1WrAVEzVHo88HrsqLamwxyNPdUypZFgej8f6srdnV0FGAx550hVrKcWqPY5jqjWuCs6S4TxjMu83cwsxhUJScHVfkWhS8ahU6iyfLCmX12hUa88HOYYSUNTrk9cl2UGdt7wks4OrVKWOkDBLKqZQyBh8FWZv5wYAAADG2MiFgG0v6FDHiJ1d8a/fp4QW6uYeAr4F667TnN1Wq3DVfUp0zNeKnGDPyXfrDfIcybQXb9cy3bFusblx5W1aMe+gttutx7tnacXKkbs3FDYCQExorY1mK3BpqVx2u2y6KkuSq1JVdlVfqCInJBua5nKfgt5+VgOOJCOkirjPUV1mB5MuVdbWK2h1yvojCWt+OTsc9FotrfUKeg2FKsZREOheraDXUNzZ252MK+oNysz8rDbgYLCfcyN65czt+g7XMiFpXXl9dmWgcgJFlajcm1OBaoeyFY2qSvR3IRaXSkuzQ+xkOH/bMAAAADAejFwIqN06cKTvvTo7O3W0tUnPDfj8Ddqy3hHw5VTv7b9nnWORkAbtbOqQ5pTkr+DzrNfl8w5q+9cz7cXxHfuksqWO/V06w55v8MGvsQAJBmmuzl88T7M7U3pu9wsEgJhwknEzIvGWl1jBjiRF5SwGdNeY87plRBXw9D4noH3eTGtmPiXy+rwyQzepvKdp6YyQKka04s6broYrsQaR1X6aK7nVrA5MV7e5rPswFNo6XhpPc1t2U4rVRdOvh90G3NtCIEO+fq3Zmh1UaODBsdXym0j4FPf0Nbek8zBzHkC7QjPuy7SKAwAAAOPNMK8OnG1/W0qaV6S2lpSOdbTpQFuHjrXt0/6WYzrW0qRjwzIPWoO2rG/QFs963VG1TBtWbssEdJ71uqNqoWbbu/ZUmVg2S7NlBokrnD/v2Gf+3we/prUPrtKGus3aVCWp5TGtdQSGQP+1adc3N0pfWq/PfH6D3rj7TsUbmRAQE4XZ5illKrPKzSxL0XhSNW5H+ZW7RolEjZwrt3bbxwipwhOyvul7BV6jsVWumqCC8QqFQnGV+s1rd5N3ddixk+ptksDmZqXkHh9jdfvkN+pkpCpVKUNxw6+qWklKamvIkGTIk1UmVyFPPN+zdlTq2RtSzWpWqXz9uFFXpfka18VWq7bSrNaLN6ckt31wqxoNr8qDeW9CNRG/PIGtSlb2Zy5HM3ystL9NxVTdz3ECAAAAo21EQ8COTklHm7R92w61Z22ZrFnzztEsSZ3HDupw2zCEIIkntf/ahVowd7GkBnP14Dn7dFfV9dovacG6e3RzWQ/HNh3TUR3UE1VfU7zHC2zTnVXbZM4deIPuWNekW+5pGPq4MQE1adc3N+pEzT/ps5/fIBEEYqJIxtOtktGAJ7ttMhpXssYtt9X62lhlt2S65fNL0Xw9lvnCumRYnkC0lyDPrFgLGdH85xyHXKWlyp9WymyrHtXR9MYtn99QnZGSV+ZiHLXWz2sSCdU49kyGzbbd/JWBeYK71kYZ3nLlze36UFJuL/RhnWsAgeJApYy4DK9vUOMEAAAARtoItgOX6SNnuqTZC3XjFzbon3v4CtasGfgiGytv06a6zdrgnJdv5XJ5ijq0f3eD0qsH796o/ZKkVVqxsKjn8yWe1P5ucwYu1gK7/XflbY5rmYuSzJ7dU6II9EeTfhv+rv6zabZWfH6DLpkz1uMBRp7dsit/JLPybn3QnBfQmu8tGTYXxogGMotgBKKSs4W2N+mqud4WkXCvTs+7l1dWO/DwzUk4aPZ4jbjMKffsFZb790xGk9vnlxHfqq3xgS2ukYpVZ7Veu31+x9yNZmux1+e1YjxrgRWrPzwZdi6gIqt92iuf11qz1+uTN1qXPndya0iG32dW+aViqs5q+TavJXt7X5KxzLH2oiK9tqQDAAAAY2cEKwFbdeSNTkmdSjywTlt+k7P5gip9/fMXa07HUR0e6Kkf/JrWNq3XHVWbtekq+4cdStSt05aEJDVoy+7l2nSVvf2gttftU/G19r4N2tl0nTwLr9MaT4O2JMyW4kO3btamumXpyxzdJ92SaDAXHbnKca2OfbprPe3AGCozCDzindyv+TOBk1oqpjo7A3SGQy6vfF7JMMz57RI1CSVWx1RdEXLUvvXd6ps5nU9eGZmQJ/9e6WrAk4O5YIiqKxSq8MhsgO7/MxlV7tUKqkIhw69I7UAPdrQAu2tUH6xWhcf6r3H+iBK5N9vcrJRKVLI6ochWj+xduz0bV6VqI43y2M/OG1R9rduxrxzP1bpWemWQ7BWbpYA8UckbNKsYk81xxQOh9LH+SH8XFQEAAABG36Qy9we7RubU03TJl76jz5T1EQK2/kpfCj6gYyMzCAB57Nm5c0jHd3V16Vj7YZWVURELAAAAAEA+TU1NmlV8uiZNmjSk80yeZC4runfv3kEdv2jRIkkjWgn4hnZ98ybt6mnzs3W6tapu5C4PAAAAAAAAQNKIzgkIAAAAAAAAYDwgBAQAAAAAAAAKHCEgAAAAAAAAUOAIAQEAAAAAAIACRwgIAAAAAAAAFDhCQAAAAAAAAKDAEQICAAAAAAAABY4QEAAAAAAAAChwhIAAAAAAAABAgSMEBAAAAAAAAAocISAAAAAAAABQ4AgBAQAAAAAAgAJHCAgAAAAAAAAUOEJAAAAAAAAAoMARAgIAAAAAAAAFjhAQAAAAAAAAKHCEgAAAAAAAAECBIwQEAAAAAAAAChwhIAAAAAAAAFDgCAEBAAAAAACAAkcICAAAAAAAABQ4QkAAAAAAAACgwBECAgAAAAAAAAWOEBAAMIySCns88ng88njCSvbjiFSs2tw/nLR/oOoBHD/mRn289jOuViw1KhfsB+frnvs1nsYJAAAATFyEgAAAh6EETCnFqgOKSvJHEkokauQegRGmx1gd02hkS3ZIGT4pEsmx4lZNIqFEIqFEfVBeeRWst75P1KrSNdbjAwAAAEAICAAYJq1qNCTJL9/IpH+mVLOaR/D0uVrNmwIAAACAkxohIABgeIxyOIeTSypWLU84md3+nQznVHSmFKv2qDqrDNX8Wbq9mJJMAAAAYFAIAQEAfcgJYTy5IY3MefEqQjJr5qIK2O2zyXDO/ICZcw0my0nFquWxr2OEVOEIhZJhu405Mz+dmTN5+jHnYPc57cJJ82eBqLlHNDCwNul02OVx3m/m/p3PsNsYuz3zk2R+xL5EAwopaLYJ1/SvXDQZrlCoNGK1FicUUaD7+w8AAABAnwgBAQC9SoYrFDLsef4Sqo9EVOXN2clVqdr6oMwf+xVJJNTPjGdAXJW1SkT85jfeoOq7hUmGQhXmvIT9b0u25zLMzGMXiUS0uqRENYl6Ba17Ne+/f/PbpWLVqggZ8gbrzfP5pWigWrGUS5VV5viNuGFVwKXU3CxJXgVXu63xVChk2OOJyK+oAqM0B+KI8gYVHMgEgamY6qJ+RRyvsXt1UEo/OwAAAAD9RQgIAOiFHVBJ0YBZjeZyu+V2jd+VHuzgrf8Lk9hzGRoKhcygze12yzXoe0xqa8iQ5FeVFXi5fX5JhuJGSnL75JckIy4jJSllKG5I8vrkdUlKbpV5eJUVOLplHm7tP5G0NsqwKkvTVZHpilMAAAAAA3HKWA8AADCeuVRZG1GjJ6Coogp4ojIr/UZq5d+x4FZNfVDNFSEZRkgVnpBZZVhbqUHFgOm5Ee3n1f16q4NeRUOGGlulVHNcZgbolUtSKpO6Ku/hE0lJubzyq6qg3m8AAADA2KASEADQB7dqEgkl0q2xUQUKbXEGV6VqE3brrSQjpNBg551zlapUkhztxfZXrVUZ6PL65JUUjcdkmGWA8nmtbaXm0el25/RX/1qRTyol5fI6KhxTsZBZBWlzeeXz5r7fUkpNtIpIAAAAYBgQAgIAepWKha3FMDLz2fVbSbmypg+0W1+Hwj6n0ajWfu2ePYFhyoh3aydNhu2FN8wqvQyX7Eyuubm/yZN9DkOhrZnwKuVMrlxe+bySolboZbcCS5J7tRm2GiFlDi/Q4MtVqSq/oVCF2eobUlCRrLeYS5W15mIgmUVSKhSacH3RAAAAwNBNKnN/sGusBwFgdO3ZuXNIx3d1delY+2GVlZUN04gwfiQV9tiLZNSqUs5Vfy3+SP6VXdMrBGe3C9uLZEiSvEFFfHEFQob8EXvxEHshjMy5M8fkbz3OPWd9baVaw+ZKvt5gfbrizto7c35J3mBEvnhAIcM6dzIsTyC77zb7HPYzsW+/+6In+cabNcY8xzq3dz9n9pitozPPIj1m63UqtApBAAAAoAA0NTVpVvHpmjRp0pDOM3nSCUnS3r17B3X8okWLJBECAhMSISAAAAAAACNrvIWAI7owyDTPtfps5SItcE3WsZY9im56QPuPjeQVAQAAgP/P3v3HuHXed75/G7D+8PyhASQC0QCWQc1CIyARm6r3qOixk6ZJJIa+Bbfadtcqt05VanXpXWUpy5cREBe1CcrFyoDKWtU02hWvrlg1SVlpu3fVEoXn0rrNeh3rGNFZOC6nATRCR4RkQApwZED6Y/yHDPj+cc4hzzkkZzi/R6PPCxBikYfPeZ7DM1T4mef7PCIiIiIStWxrAj5pHuX13G/w5ZFhhjYMsWX0N3jlxKt85anlOqOIiIiIiIiJgDWUAAAgAElEQVSIiIj0skwzAbfwm6mdDEcf3vAv+NaLO/jJ/3V9ic6zn2OVvWxr//0Wl3PHaSxJuzv4aEnaEulv0zePcey3n+Tvv3uCn3y62r0RERERERERkfVqmULArWzuSgC9Ez61cWlOYRzlRG4nTJ7l8Olr7mMvvM6ZU0e5efQUNxbV9giblqKPIrPY9M1jHNs/yoOrZ/lAAaCIiIiIiIiILKNlCgEn+fgeGEPdzzy4d3tJzpB8fifDt9/pBIAAl45z+NKSNC+yrIIB4Mm/+BmfrXaHRERERERERGRdW6YQ8FMab3/IV3O72Bx8+P4kf/v/3F2C9vfz5a0z2JWLsx5zrPIc9ypHOG+7j2w/cppXRqd5y5spuP3IaV7Z6SeVXinxC69zZs8zAOyrnGNfoMQ4fPwMdqDt9vmuTLN9j18K7b6W186xb6t/Cc7yajC4DJwv2ub2I6d5Zfh93rr/nHve2+9w+A1CJdBd7cmapwBQRERERERERFbaMoSAo/zakSy/tWMDrXff4edbdvCFIfj07nXuPrWTb594k9a7Fc7+9+mFn8IYYRMOH9lzH9q/jaMc3Al25ZAbuhlHOXZkN43Txzk8fZQTuY38OLAmoBsAOp01B194nTO500AwCBzCeBbeyh3iBrs5eOol9lXOcfPKIQ6/4b1mz/Mkuea2YRzlxJ5YqA8ncq+TtANrEW7dy8H7Zzmcc4O+5Gvn2Hb7HQ6/cdH7++ud9uQRsIUv7t7K8EOHD65eVwAoIiIiIiIiIitiyXcH3vh7WX5/5wjDG2J8+Wt7+eqOEZ7eMsIXd+/lWztHGB6K8eXnc2S+tNRnXoghNo96/2mf4mTfGXW7+eroEPcn3+6EbZeOc/n2EMbz+0NH3rzqr0d4jfemZ+D2O5z0S5SnH3CfGE8b7l+Tz++EyR90QkT7FD++/QxffiHQ4Mwk56P92jzCdu8/G29o85JHy11+8uYp/ur2MN96+RjJMW2XLSIiIiIiIiLLb4lnAm4h+aWRyGMbGNoQPS7GF5/dAf+0wF2C7Tt8kht1w7SFzga0T/GqvZuDp85xZg8wM9kuE+42yuYh+ORuOIy7eX8GRt1Abv4bkezm6c0wvPUlzlReCrc7y2VpvHHILVmunHOPvXKoEzLKI2Kan7x5is8K3+H3Xz4Gf3aSxpR2BhERERERERGR5bPEMwF38XSfXYGjNm/55UWc5yIf9ZiFN3/XOH/0EIdzh7h8byevvNavvWnuzcCmLbtDj24bHoJ7dxa4E/E1Pr7nrul3OHco9GfOUO/ScffYyiSb9pzmoLGgDsiqmuaD8vf5y+lh9r18jK9snvsVIiIiIiIiIiILtcQh4EY2dM36Wx6Ntye5v3UvJ44EgrkXXudM5XWSgBvcDbH9We954ygHdwa2K/bWAPTdvD8TKrMlULbrl/YO73zea9s9176tM9hvz7Y5yRxjuH6L4Z3fDoV4243d/V+Avwagx77DJ8GSZnnEuEHgWz+8yAf3VrsvIiIiIiIiIrKeLXE58AMePgRWIgi0T/GqvZ9jlWA5bWcnX7jG+avPc2aP9/zMJG9ducUrz7pHbh8FRqOv9cqB7VP8+Plz7Mudw8h5O/aePsJbR07zSuUc+4Du3YEX4JK/Cck5zuT8B29x2e630Yc7U3Ffuw/e7sAqB36ETXPDWu0+iIiIiIiIiMh698Ro4lc+X8oGN73wOsU9z8yRA97HqhT4wWICNBFZsJ++996iXv/555/z4JNfMDqqaagiIiIiIiIivUxPT7Nx0xd44oknFtXOhic+A+DDDz9c0Ot37doFLPlMQPjk0nFe1sw0ERERERERERGRNWOJ1wQUERERERERERGRtUYhoIiIiIiIiIiIyDqnEFBERERERERERGSdUwgoIiIiIiIiIiKyzikEFBERERERERERWecUAoqIiIiIiIiIiKxzCgFFRERERERERETWOYWAIiIiIiIiIiIi65xCQBERERERERERkXVOIaCIiIg8XpplDKNMc7X7MYtm2cAoL3UPHep5g3zdWdir63mWvEsiIiIismIUAoqIPM6cOnnDwGj/WdvBSJgbaET73Cx7Y8nXWVjUIYvh1POB+2nhgVOf1qnn8yxpkz1PE/m5CN1LK9SHFdb+uenxx30Pm1woWdQaj84nhIiIiIiEPbnaHRARkVXi1MmnSlihB2tkDajaBRKr1K3B3WHK6n50ZMwELIjHia14nx5vzbJBtpahao97949DPZ+iHLcpLMkN5b7nY0vRVD9OnXyqQXLCZty7gZplg1Q5jl1IrEwfVkGiYGMXwH/PGskJxtPBn6AYBdumsEr9ExEREZHFUwgoIvKYcqyGGwBmql64AU69jGU+CgFgf7H0OHZ6tXvxGHLqVGomxYng/RMjPW6vYqcW4M4UlpmkGMi/EgWbR2wUIiIiIiJdVA4sIvK4q1XapY2xdIHQ5J92yW2vcuEmZb9UslnuPB/873Yzfnllp4wyWjYaXGvMLU3MU3e8c0Sed9d0y1JzB0A2ULLZbtd/gX/ucjNc8lhuRso+o6XQs409qNPH3mWw0XbCpaR+f8vN8HFdZbTt67ocZbaL51gNrEwucv/0EBpH8Fq4449eh/b77tTJG1lqWJRSwdc2KYfuFe/xhV6vkTFMq8SFXm923z7Mdq/MMa6e16VMo/vk8zpH5/YP/JzlLzA12FXoNfjIeoL+OYP3v3s9QufsHmjo52Wt3cciIiIi65lCQBGRx1QsnSMD0A40ol/Y3bLAkmVSnLCx7SoZamSja+1ZJVJZN44jkySROEDRBKjRXj7szpQ369ANiZx6nlTJwixOYNs21QzUstF11ixKKT/oy5AMTk9MFLAnipjec1Xbxh5Pz17+W8vSSPrjcP9ulKBo20wUTaBGtpM4DTZ2tzMUbBu73Q6QqXqllNF2JiiaFqVU95pytWwJinZ7XFbpQifkaZYxsjV31qZ3HquUWlObNNyZsjDHRmY/yKmTz7a8a2FjTyRppMLhavs6eOOsZb3nY2nG7SoZ/Gs5HggcLUqpBknbf7xJuTLGhPe+2NUMVqk02Dp+sTTj1Qy1bI+Qqk8fnHqJqZx3LnuCohm8l+YYF7Tf30zVbyOJd+MHLt38zlFI+D9ndK53cYxWjxL6xahl/etuU824nyUlit77W8QM/JLB/XnI0vJ+7m17gmRjbd3HIiIiIuuZQkARkceWG15VM4GHatnODKPmBUoW7eAOEiQzgNXACoUpZidkKCSAGGbSDcP8TQSaDS/KSybwNxiADDkvxUm4DdMIN9wOCe0lWaPQDxJHGPOzulwkOGy13JBv4LEHOHVKJQswKR7weuu3YyYxY9C5Nhal6FQz/1yxOHG3M7T8WWaVWqjdmJnEhEduk4bmhRIUi53wLpYmlwmExYAZeN4f5yAy1eA9kqAQDIUTSTJYTN0ZsLFEIRAeprpmb0bF0uOBNQ+999i/lzyzjavZcAPeThve/baIc4CD1bDCj8VMkoNe0AGZxQPt655IZsAsUmwPNE48eN2bFygReJ4Y6VzmkbuPRURERB5VWhNQROQx194QwJ9tRo1Gs8BIq+UeUMti1GZroVssnSNTsqh5IYWbAXohnNPCbblGdr4NrxBnAWNvXiiFZjuG2uml1cIZKNr0N0DxZ1mtTSNjJtbUHeg7H9Oh1QKrlsKIDCKTXJ4+uRuVBM4z3wYSBWy74LZTqmPONts0utGOOeig3OtiJueYRTnvc7j3TTy3drbHcdwbgNRK3QAiIiIiEqIQUETkceXUyaemyPmz7BJJMtTaVYixeBywwCwyMVepbRd3JlOt1sCqx902M0n3PN5MNwuT4sT43GvIrYJ5j92pU6lBaBZgsJ1evN2L565Q9WYuWpCpLtUuu0svZiYxSxXqB/q9pzHicTC7dp1dBl5YFq/6O942KRvZBTeXSGYgO0W/iLNZNsi2ikzYtvue1vOkuhf168O9LrMHqAs5h3vfNFoOJNbGD1nMvQEW8HkiIiIiIktB5cAiIo+lJuVUCcvfVMMwOhttmEUOJAB/bb/QJgkOzoDr+PslvqVSsBQYIMGBYndJrDNow76ustklNM+x+7MAw+WYwXb8MmK3RDMaFs7OLZkEqFU6axLO+3ott1iaXMailOresMJfVy+R7F6bb/7jGKCs984Uln8fA069El1irw9vY43Q2o9eObYfYnf1wZ3J1ykt98vdB5dIZkIb9HRC5cWcwy0ZDq8t6ZWnr5ZEkoxVohS+AQYIwkVERERkKWgmoIjIY8ldD/CAt0FHW2jmW4z0+ATkU5SyRiBEyVAdZI2+4MzCQCAD7vpmE+RJlcLltvOb6ZagUM1Qy9a8Mlm3XwMUVQ5g8LE79Xy75NQqdUpdzaI7463dTruUdwEzIBMF7CoY2VKolNI/x1qRKNhMjOVJGUb7sVAfEwXsiTr5UFnzgPeT2wAHiiYp7z3pe78kDlAk1b5WZnGCaibV2XE3kSRDlmw56a1j6YuRHreJl41wyWqmGjiuRx9yGYz2fZKhOlGkNZ+67USBiWKelH9dzCLVoonV3srXDYLne45YepzqlNEpu89UqWZqVObRtaWVoGBPUM+HS8LX8gxXERERkfXkidHEr3y+2p0QkZX10/feW9TrP//8cx588gtGR0eXqEciIiIiIiIi68v09DQbN32BJ554YlHtbHjiMwA+/PDDBb1+165dgMqBRURERERERERE1j2FgCIiIiIiIiIiIuucQkAREREREREREZF1TiGgiIiIiIiIiIjIOqcQUEREREREREREZJ1TCCgiIiIiIiIiIrLOKQQUERERERERERFZ5xQCioiIiIiIiIiIrHMKAUVERERERERERNY5hYAiIiIiIiIiIiLrnEJAERERERERERGRdU4hoIiIiIiIiIiIyDqnEFBERERERERERGSde3JpmxvlK9/7Dvu2DgUee8iDu9f5aNJh8+7n2PZwmn/472f58c8+XdpTi4iIiIiIiIiISE9LPBNwN+boMEMbNjAE7v9uGGLL1l1862ujTP3FeT5iB//m8B/zbfOppT31I2c/x04dZftqd0NERERERERERNa9JZ4J6HHe54/+sAp/8CZ//GzMfWzoX/BvDz/PX505yz/83kt8I/vHwB/xA2thMwKTr51j39bIg7ff4fAbFxfV9eWxn2OVHXyUO07De2T7kefYNgRfNeCGvaqdExERERERERGRdW551gQcivH0xo08vXko8rgbBN790Vn+4c4QZnaRMwJvv8Ph3CHvzzvc3LqXE0d2L67vy8EYYVPkoRunj3A4d4TzCgAfa5u+eYwT33+VrzzuE2NFREREREREZFktUwi4g3//J3/Kv98x1OO5JQ4C2y5yeXKG4dHnVGIrj4RN3zzGsf2jPLj2Nh9oiUwRERERERERWUZLXA58lwczQI/sL2SJS4N728+xynPcq7zP5txetjGDXTnCeXs3B0+9hOH3cWaSt46e4ob31+1HTvPK8PtcZm+73Pj+5FlevfocJ3I7GQbgFpcDpb3t1+1sN+qdC3jhdc7seQaAfZVz7PNf+8LrnNlDqJ2+bfQcT49jjKOBPsLNK4c4eWnxV1KWXjsAvHqWk3/xMz5b7Q6JiIiIiIiIyLq2xDMB3+W/Xr3Fw0EOXfIZgfvZt3OI+9PvtwM9GMLI7eCj3CGv9NYLAO91yogv39vJK9ENOrbu5cvXvTLjK7cY3vkSZ16E87lDHM6dxZ55hq8Hyo7d8M7hsl+afMXByJ3moAFcOs7hyiT3ueU9Hw4PB2qj53gOcfn2EMaLft93c/DFnTB51hvbWe7t0MYja5ECQBERERERERFZaUteDvzJpeOUrswjCNy/g795831uM4z52wfnF1pt3cuZyjnvz142TZ7l1dPXQofcvBII3Yzn2D40g/12Z/OQxhvvcHNoJ/teCLxoZpLL/gy6S9e5yQz2D/3Zgtf4+B4MD496B+zmq6ND3J98u3OeS8fdgO75/QMOZPA2guNpXL/V1VKnX9c4/8apQCAqa8MWvrh7K8MPHX5+9boCQBERERERERFZEcuyO/Anl45T4nWKe55hw6xHPuTm9WtsSr/IFuD+7Q+5OZ8TzXc34NGNDOPwcWgzjmnuzcD2LbuBa31eOGujbB6CT+5Gwsf7MzA6wnYYIIhbijaucf7oNd47cpozlb10lxPL2nCXn7x5Cr53lH/78jE+/bOTNKa0IKCIiIiIiIiILK/l2RiEQWYEPuTmlZP837zIH+55hpnrf83J01eXd2bU9APuE+PpUIlt7wBuHo1ybwY2bQnvSrxteAju3RlwJt5StOFydx32y4lfJzmP18pKmeYnb57iL6eH2ffyMZJj2hpYRERERERERJbXsoWAMFsQGA4AH17/a06Wr/DJcnYGwH6fGzPhEtvka3vZFiz/nbdrvDc9w/DO5zuB2wuvs29ruOyYrvBxIW3MZjcHXwusAdgz8JS1Y5oPyt9vB4Ff2bza/RERWc8c6nmDfN1Z7Y4skyZlw6DcXO1+iIiIiMhatqwhIPQKAh9y891T/OVKB4CAWzJ7FntzZy3BfZvDuwMvxI3TR3hrMsY+f33CPbFwKa59ih/fHsLIneNMJbrZx4BtzMUYBUZ5xX99biefXFE58NrmBoFv/fAiH9xb7b6IPHqaZQPDWLlgx6nnMQwDQ0lLf06dvOG+L4ZhYOTrDP7uONTzedZDTuffm/6f+d0yTcpGmbV6l7k/B5H3qVkOjXe+73/7Z8swMHqNPdh+tM3QuXvdP25A2v/5di+o543Z+zHL8dH3ODymOe6B6M9N1+fM7OfqP4Yen5HeuXp9brr37dq990RERGTxlmVNwCh/jcBjX4vxi6vf58+v/jL/8fAID67/NX++wACw8cahnrvsdlzkZK7XLDp37bzzfV514/QRDs/RTq9zd79ujv7axzkcmX04exs9xnMp0IZ9kfP2xb7jkrVqmhvWavdBHmvNMka21vm7WWRiPE1s9Xr06PKupVmcYDztXUGnTj5VwgIyVZtCYlV7uLycOvlUg+SEzbg3/GbZIFWOYw808DtMWTC2rJ1cbg71fIpSvIpte2N26uRTBvngfTFrEy1ay9vJBfLGZgGY4acSBWy70HVsI2nO+VnSLBtkW0Um7HFiuOFZKl/vfA45dfLZFsUJm3QsfE859TypUpyqbZNwG8NIlYnbBffvONTzWVrFCWz3xZHno/2dwPZu3mbZIFtO9r13m2XvfR5PeO9xnvrEOOmYN4ZGsj0m97OhTLLrvJ47U1izfPbOdq5euj+DUpTj4c8fq2HhpIPna9KoISIiIuvcss8E9H1y6TivfucIp350nc9uXuTUsf/A8RWbASgiIl2iASCAVSI1r9lb4nNaPaKbWJw4ACZjIyvcoZV2ZwrLTGIGgolEwR4wAFwfnHqJkpWhGhxzLM14NYNVuvCIz7CKkR63sSeK0Qiwi1MvUaJIcYDQM1GwsQPhV8xMYloNLO9DyLEaWJlcO/BKHChi1ho0gVh6HDsYrCWSZKjR8C+0Y9GwMuQ6L6ZoBp6PjC0Y0iaSGWi1+nwWNmnUTIoHvDPH0uQyFg2v07H0eGhMbr9atBb0wTr7ueYUS5PLQC04aDNDhs41dk/ToJbJkFlIF0VEROSRsWIhoIiIrC1Nb9qHWZzAtm1s26aayVDVTMAllKBg29h2/1k768bIGKZV4sJsSVekbLRdkujUyRtZaliUUsGyzSblSAmnU88HSkLd8sdys1MG6ZdKhsox8xeYGrQvzXKPstHB1ty7M2VhFg90z/aKhlPtMUdKPJtljFQJixrZaElqpL89+9IKttld+tq/7Lb/dZy/JhdKUCwu5nMkTtydBojVsDCDCXosTnzWQK0TuDtWA8sco/PqGPE4tOZM45qUszXMwEzGUKlss0Gt3UfXyJiJNXWnd2vlLLVAQN6zpDoe73295nmugVgwliQUJDYbNTJJbScnIiKy3ikEFBF5zAVnKCUK0XK14HpakfW4/BCj3OyEC/k6U4H/bh/bDjD84GG29be8c+brOF2vm0ukv3OtLxboZ3QNr8HXG3THknLrJLFKqUCI4ven84XfDRPy1JvdgU1wLbmuc/cLrdYKb8ZbLduvf03KlTEmvMDZrmawSiX3usTSjNtVMpgUJ+YfmtayJSi67RYSXjlmCa8tG7s4Riu09MIsfUkUqEZnWjUb1MwiB2ad1OjQakE83qvjI4yZgfDJKxOPV73z21Wo1HESBW+mXYaqbXdmuTXLGF5JrG27s/Fa2e6grtaAYntMcUqpcIjol866z0M2Mus3eh0XpNkIBV7zfvmFUiS4i17TEcZMi14ZmFOvdAVm0XBt1gCtHcxWGJuwe5RvB8LHSB9jbroYuJ6dz7jK2ER4ZiAAnTE4rRbUsv0/t+Y81yycOpUaZJLhNzSezhFvf/Y3adQyJEfWaim6iIiILBWFgCIij6nEAb+sz591FA1umpSNLDU/kJgoYlolUl3JQ7YdgJlJk7F0zi0pC5b0eaWy7iwpf20xP/CpkqHWFUhglUj55cqZZO+1tEIi/fXbDXyhdup5twQ6U23Pfmx/OTeTFNuzIqtkoBMMzcotJax6dXT+zMrZQxSLUsUNbCaKpvv3lEEj2efcfum21++JoolVSq293WAThUColorMdkpQ6CqR7B3mzJdZLAZCQ2/2WPCxmEkyVMM6e18SyYy7Zpr3dLMRnhW2WM0LJaxMNXCPRPoTPb5Rg0BJLLE0xaJJrRL+mcnkomPyZx861Cs1MtVg6ewBipGS0PB1XODYFnOtmmWyNXNhswidOqWSFR7jfMXSjNs2tl2EUnhzjkRhvuG0Vz5t2xQphYI9t4y58xkRS+eotgPhCYpmj8/DefB/EWEYBoYXNnd/HiVIZrz7o9mgNtBnrIiIiDzqFAKKiDyuYmnG7QmKgXDEKqUCM+Mq1KBT3ugHKd56XB2Z9uwid+ZMgqSbAnqzqdxQBkySZgyaF9zNBdqhhne8FVmjqj0rbLB15fz+dgJDvx81KnUHt0zRDSujs2IAYrE06fY3/OgYlp4flMTice+B6EwzP5RyAxzorAsWM5O4b8VaSwE9XhhYzViUSuEwozPbMcvy7EPgbjDSe0ZeWN++JA5QxC9tdmdJ5eZMf2YrNQ32yZ0xaA68SGTv42PxOFhT9M9Qg7MP3fP7szTdP/4mH0vJ3VxikGvfxamTz9YiQWSva3qHKSu6xmaTcioarPaeMXdnyhrg2sdIF4uYtUrvXwKMjGFGrr3jTgPtGV7G0kWKpv851EuCRLvf3rn99ud5Lggv8TDbLyQSyQy1RtMrBVYEKCIi8jhYkd2BRURkrXJnq6TxSygtL4xLE58KlLeW5tequ3h/yS27c1q4GaBbIuhYXsFZLYuxhCnQnan+iYbfD28+Yv9NOnptlrLq3ADHny04z7diVSWSGci6AUYsWAJbAH/m5tJzw69Gy4FEn5hkzr7EMJMmpUaTAu4sqULvlkISyQxW9gLNdGQ2WrPhzlB103Tc/O4ODDTfrffxTqsFZpL+cZYXPObc14yZkMkt8w7VTosWJsl5b4LTCfHsSNjaKd/1F9Rr0SJOMjDzs57PUjOLTEQHFwjQYt6xrRbEk4uc7hiLE6dB8BZzw8Xi4tpd6XMlkmSyWbJmkYkEaEcoERGR9U8zAUVEHlfNcmjdPn92mW9kzPtbsHQ2uE7ZbAKzButWAzcD7J75NhFqd3GbZ7T724M5NhLYqbd3CWqzbIRKbqtrZptMN9QCyFTt8HuxZnbe9dY/C5UwejMY/ZmZd6awArMd2zM3Q6Lvjbv+W3s2plfyOTs3wAvtxuvPPvUN0JdYOkem1qAcmSXlrh3ZZ41Kb/fZbHTtzGwttGFIIpmBWjZQzu3QbAYTmPDGF+7xgVlpfulrLlw2G5wZ6m5G4Y/RvSa1bLjfjrMcqU9kTT63N5T7rmPplfH3CvHwPpcCY3dLqf3Zvv7SAn02NIqZJIMz8JoXKFkZuie9dW/84q5N2FnbMLQxCAmSGYuSvwuOU6dS82Y6+8eGG6NkdZ4PbQzi1MlHN2kpBcc4+7kWx53xvJSl7iIiIrK2aSagiMjjyAsmAFLRaX5+mW46R6ZkUatVqB/wAjrHwYnFBvjC6IYOWDVKJWiXAkM7KClZJS40097MJAfHiRFbxDfRWLu/DZqFBAmvNBH8Us4YB4omtZJFrdGkkEgEzuvOEAK/VNh/7eDcENKaxwyvgUdGOpehZNWoVeoc8MIOx3GILeaCLSl3Rmm8bITvp0y1E1QmDlAk1X7eLE5QzaRotA9OcKBoksoa1HADz0LCG3vWm41qFpmoZkhV5uhNepzqlEHWn2qaqVLN1Gi/bM6+uP1JZrJkaxmqgWmA7oxTi0azECjhnP06ZKJrsiUK2FUwvLECmGaR3HiaRCxNLlMimzIoYVKcGCedKGBXyxiBmaBdbWJSHGtgtGc0ZqjanWAslh7Hjruby3ReUmRi0N3AI7NkrZRBiQzV4C8F7kxhAbnoa71ZuFbDwkmHz9cOYK1S73snlma8OtUZu1lkYtw7YzvcrXXe69C4YqTHq0wZ/mxm93p2vW3OCAfsKhcMA6OrjaBWe0ZeojBBMZ/Cv5yZqu39EsNh5IBN9YJB51J772OoMS/wHjEpTkDJMGjn1MGfG2Y71+IlCjbjS9OUiIiIPAKeGE38yuer3QkRWVk/fe+9Rb3+888/58Env2B0dHSJeiSrpVk2CFW/Rr58djbbCPC/HHsllVY0CPC1n+/Vrj+DJ/gCvx3/nL2+OId63+6bWZzw1iOM9re7b+2y5+gxwf6SoVqFbLYWaDvQ567xdI/Jfd2drrH417zdrh+utEOHzhhCQU+PUuVO32Q5OPU8qalc13vdLOdpHVjczNXHjlMnfyHO+JqZvSoiIiKy/Kanp9m46Qs88cQTi2pnwxOfAfDhhx8u6PW7du0CFAKKPPX9kLgAACAASURBVJYUAoqIzMGpk081SEaC6H7BoMymSdmoMDZrqC8iIiKy/qy1EFDlwCIiIiJt4ZmY4dCqiUURu6Akaz6ceouk3aMMV0RERERWlEJAERERkbYEBdvusxtwgnR6hbuzDsTSA647KCIiIiLLSrsDi4iIiIiIiIiIrHMKAUVERERERERERNY5hYAiIiIiIiIiIiLrnEJAERERERERERGRdU4hoIiIiIiIiIiIyDqnEFBERERERERERGSdUwgoIiIiIiIiIiKyzikEFBERERERERERWecUAoqIiIiIiIiIiKxzCgFFRERERERERETWOYWAIiIiIiIiIiIi65xCQBERERERERERkXVOIaCIiIiIiIiIiMg6pxBQRERERERERERknVMIKCIiIiIiIiIiss4pBBQREREREREREVnnFAKKiIiIiIiIiIiscwoBRURERERERERE1jmFgCIiIiIiIiIiIuucQkAREREREREREZF1TiGgiIiIiIiIiIjIOqcQUERkmTn1PIZhYJSbq92VATQpGwaGkafurHZf1gCnTt4wMIwyj8K7J/041PMG+XV7U7s/t4/ER4yIiIiIrBqFgCKyTrlf+g3D/7OGQq12sLTEX9qbZQxjmYMO7xxGvk7nLJ1rPZ/xNMtGj7YeIf616POn3GT53uu1KjDe+b+3DvX8Gvo5XYT2vb2g975JeQ2Hzu4vNSLvU7+fhQHf//YvSvoF7sH2o22Gzt3r/vF/sTH3vwNz9iN8dOjfmOh7HG5rjnsg+nPT9Uuj2c/V7zj/T+jfBO9cvf6dcO/btXvviYiIyOKtYAj4FF/49Szf+U+n+ZOTb3DwhWfZ+NTKnV1EHiNOnbyRomQFH7QopdZIEBOLEwfAZGxk6Zp1Wq2la2wFjIyZ7n/E48RWtyvLZ5ne6zXJqZNPNUhO2Ni2+6caL5Ea+IfuDlPW3EetbW4Ik6Xavgb2RJFWdh7hvNNibf4ku2NLlXq8SYlCZ7y2jW1PUDTBTJpz/mw3ywapRpIJ77UTxRbZYNDn1MlnWxQnuu8pp57HyELVP281TikVDLEc6vksreJEn+dDHSFVirfb6upH1+EpSvFq4D3uBIxOPR8ak13NUMvOEq7dmcIyi53jbRu7kBjoXL2Y/ni94ymluv7tsxpWZGxNGrX+bYqIiMj6sPwh4FM7+KU/eJXXT41TfHEnQ3ff5/K1B3zh2YO8+WenOXZkP9s3LnsvROQx0rxQwv2amgl8OcyQqdoEvletogQF28a2x0mv2/RrbrH0eNeX3UdKIPioZrzHMp3wxx3WY/Re35nCMpOYgXEmCo/w+7sATr1EycpQDY45lma8msEqXXjEZ1jFSI+7oZI5x5FOvUSJIsUBbvpEwcYeT7fDwpiZxLQaWH6gZjWwMrn2z0/iQBGz1qCJ/xlSoH21E0ky1Gj4F9qxaFgZcp0XUzQDzwf73GpBJtluK5bOkbGmuNOz100aNZPigYR/MLmMRcPrdCw9HhqT268WrQXNcp39XHOKpclloBYctJkhQ+cau6dpUMtkyHQ1ICIiIuvJsoeAX3n5KP/+l4e4OfEWhVyBk6cv8pNLJzlxNM/3qu/zYMtv8Mrxo2xf7o6IyOPBqVOpAZgUJ4JfDguRAHCAcuFoiVtoKoVXYpav47SP82d6hMvPLkxFO9m97p5bhpWn7gRfG5y5GH48fL7wDB2rlAq/NjKO6IykUNlauTHwpZ6VX95WbobbD8ysCa+V2Hk/gv1rl1V2BhO+DtEZQ9Fzes9HS/Par+tVhrek5cmzvNfN4Lnd54NlpF0zx+Z4H1fdyBimVeLCbElXvzE4dfJGlpo3Y7dzvZqUIz+bTj0feI/c+6bc7C5JD993F+j+MezTl2a5x+fBYGvu3ZmyMIsH6Io9o+FUe8yRn/VmGSNVwqJGNlqSGulvz760uu+poP7lrv2v4/w1uVCCYjG9iBm+ceIxt19Ww8IMTqONxYnPGqh1Zt06VgPLHKPz6hjxOLR6vDiWzpGpZdv3gVOvUAuEgqFS2WaDWruPrpExE2uqT2RYzlILBOQ9S6r7zYie57kGYsFYklCQ2GzUyCSTC29TREREHgnLHgIObdgAQyMY3/wdfvObX8KtAH6Kjea/5F+nfpUvxjbA0Ea2Laj1/RyrnONM+8/rLPX/fdl+5DQnjuxe821KxAuvc+a1/avdizlt+uYxTnz/Vb6i0vilc2fKmwUY/tIU5lDPpyhZpldiNkHRtCilAl/KmmWMbK0zs6uagVq2e3MPq0Qq69VQZZIkvPKzGpCp2th2kbHWoDWOFqVUg6R/PqBW8cOqEZLFYqBUzQRqZMtN/Bk6/mw0vxSskOgex0TRxAqWhjXLbnjol6IlYUkrwmpZShTb5YH0DYlipHPuADplag5uhbM/C6ZJ2chS82d4ThQxrR7lprVsOxA1kyYxf4z+ezlRpZrz5zKZJIudMrxqxu1jadkDNotSBYrt99INvxpJG9uu4naj1Pd+7Hof1wJvxlst2y+kbFKujIVKJNtjjKUZt6tk8H8m5zdzspYtQbEzA9Op50mVaJeQ2sUxwj+Gs/QlUaAanWnVbFAzixyYdVKje7/Ge37wjDBmBsInp04+VSJe9cs/q1Cp4yQK3kw7fxaz94uMZhkjUBLrlxh33foN957qWfoaKXe1q3SVu0av44I0G6HAa94vv1CKBHfRazrCmGnRKwNz6pWuwCwarvUP0BIUvNJZwzDca9V1EQLhY6SPMTdd7LlWamVsIjwzEIDOGJxWy/33pd96hHOeaxbeL8YyyfBY4ukc8fbs1CaNWobkyFotRRcREZGlsmJrAm4YfoZv7H+FcqXMGyfHeTP7HJvv/ZSzP5zk/kIaNI5yorKXTZNnOZw75P65AvtOLe2swm3DQ0vY2vK1KWHbt6z9urtN3zzGsf2jPLj2Nh98utq9ecw0L7jrBba/qMYwk14Qc8GbleZOJ+x8cUok3TKpWiUyu8bsfDEvJDptk8F9qd/2YNqziEbG3JI7vxwtFiORTndK1cyk+7xXFtebP45OKZn/Orc0rDPO9tpd/jiXjF+K587Agd6zcAie2y8FdCwagffJ/YIfuEYxk6Q7mMg16JSBj6djnbUSa1k3NIklSCRi7nhjMdLpzpfzRDIaRC4f/5rH/AvTFTL5IcFc7+Ma4pdIVzPejNTgbKcEha4Syd5hznyZxWIgNPRmjwUf8++VTkdn7UsimQndA81GbaD17QbVvFDCylQDQVukP9HjGzUIlMQSS1Msmp1fEngyueiY/NmH7j2UqQZnRx+gGCkJDV/HBY5tMdeqWSZbMxc2i9CpUypZ4THO89yGt6al/0uWSuDDPlGYbzjtlU/bNkVKoWDPXwqh0K7wzVFtB8ITFM3arOsRzsWfDW4YBoYXNneHugmSGe/+aDZCsx5FRERk/Xpy5U85zOaZ9/ne61UefAoYRxfUSvL5nQzffofDp691Hrx0nMOXlqaXIsupHQBePcvJv/gZn612h9YTLzyzvBkbiR5f2GbdQMObXdF/gwIvKOjzRbDddmTmxtLwZzAOery/0YI7y6zU9/l+s5dWWoIDRZNayb3GTquBmwG6gUJzKlDu3D2YvmLpcapTBtka1LJGe5Zm50uxP8NwrZrrfVyDEgVsu0CzbJAt1TEDAVez7L4XvqVfg8y9XvHc3Pd0374kDlAkxYVmmkLCnSWVs+dqzw26Gz0/eIJ9cmcMmslBPyF6Hx+Lx9u/JOjdM3f2odsf9/w1y4jc5ybFAXsxGHdziXh1AZ8nTp18toZZnAgEbb2u6R2mLJOxUMeblFNusDoeXI7RfTEOifY1ujNlYY5FR+2HpLZ77vQ4tunO1qybPYK/kTHMyLV3Wi2IJ3u+F7F0kWIjRaV+gPGeKWKCRLvfMdLFIo2U1/48zwXubPDe54mcNZkh22iSpEYmWQDNAxQREVn3li0EfHLLs3z1hef5+tYeT342w4NP3ZLgTHoHw8BXv5flXv2/8b/+6cEAre/ny1tnsCsX5zzuWGVvp9T49jscfqPzmu1HTvPK8Pu8df85Xtk5FDlmNwdPvYQxBGx9iTOVl7g/eZZXT1/rarfz+GLapKtfl9nLvq2Bc1x9jhO5nQwDcIvLueO0V+8yjgaei451P8cqz3Gv8j6bc36/Z7ArRzhv+y8I9K1X+9Fr6bl55RAnL+GW3+55xns03PaCxhPtzzzGk3ztnHeevZyp7O1631ebAsBl5s34sSyLUjB8cOrkL8QZLyS8mVd9krR4nJj35bn3IbPv8jpr24vhlQ9amBQnxknj/302nXH03hTFmWWc/Zr0Qlar5AUkBGY/Ln4HXHeGm0WtUffKqE2SXl3hSGcw895swt2gwi8TtahlyyTtAgm/zJYM1dDf15K53se1K5HMQNYLMIIlsAXww9elFwy/+qX1c/XFncFbajQp4M6SKgxw5kQyg5W9QDMdmY3WbLhl7N7sYDe/m+W3CSG9j3fcZHCWXzaEw9AxEzK5Zb5/nBYtTAbON9s6IZ4dCa865bv+gnotWsRJBmZ+1vNZamaRiejgugI0r2Q72eu6Rz6/YiZJs9T7lz6xOHEaoV809Q4Xl8ByniuRJJPNkjWLTCRg2ac/i4iIyKpb8nLgp4z9HCyVKR8/yG9umeGD6kn+y7v/zN2ZwEGbd/HqqXHezP4qG+/+D/7Lmf/GR+wk8/Kf8icnX+Vf//qO2dNJY4RNOHxsz3aQG1p1yoXPYm/e271O3Na9HOQH7jGVSe5v3cuxFwCucf7oIS7fdgOrw7lDXli3m4Onwu3eGH3Je81C2+xh616+fN0vc77F8M6XOPMinPfHMvMMX2+vK7ibgy9u5Md+WXTonL4hjNwOPvKOuXx7COPFTun09iPfZvPVQ51rNfMM+9rXKjLmyiT3mcGueAGgcZQTe2LYFf/802zPRdZnnNd4IPnaSxj33mmXel9mb2Qdxf7jabxxiLcmZ9zwL3doTQWAsIUv7t7K8EOHn1+9rgBwWbizKNxS2hKpQEmU5ZeDJg5469P5pXBu+WCn3LKzPl273LLZcGfQBEvyemmXtPpr3/ltL5K/1qFfGms1urI7NyQjsN5VYByBskHHcdrP+6XK7ef9cfbj7TQJtNd+a4dmc12bQbRLfEuRkm1v4X63s50SU8eZ+3urU6dc93ftzIVmnrVnbnqlcM3GWgsAYe73cS3w1j8LlTB6Zcx+meGdKaxAybNf3h0WLQ92139rr8/nlXzOzr2vQ7vxtoNqzwB9cTeKaFBu1ELrqbmbOpR7l+F7u89moxvWZGuhDUMSyUynPN09iGYz+H6GN75wjw/e917pay5cNhssD3c3o/DH6F6TWjbc7+W5h3qtx+purNJ7MxtvJm6vEA/vFwOBsbul1H7pqj87OkO1Vzl1zCRpBsp6mxcoWf5SDaEDMZNQKgXet8ixoY1BSJDM+MtH4K271/mFRbMc2UiqeYGS1Xk+tDGIUycf3aSlFBzj7OdanATJDEta6i4iIiJr2xKHgM/zUnYvxrDDfz2e57t/eIK/ta7zjz86wfGjeUpv/zMzAEMxhqb/mj962d0t+B9/doW/ebPAd7/75zQejPCNF3NkfnmRXXlhB9u4xY/bIds1zv9wkvtbn+OgEThuZpLz/jH2+9yYiTYUbfd5DAKv4Rrnr95i245AuDjfNnuZmeSyX9p86To3mcH+4SlueOf8+B4MD492+nA0MIvOO+emLeHNR25e6RzTuH4r9NyN00fcQM9r773pGdg84oWEo2wemuHG1eCYhtjsnT75/E6Y/EFnVqF9ih/ffoYvB0PI+YzHOMrXt97iciC8a7w9CaPPhdZ7nG08a9ddfvLmKf7q9jDfevkYyTHtCLIsYmnG/Y0o2ty1+wreF+L0uL8ZiIFh+JuEBMq+EoXOZiB+0DXQDDR3cXkTPyQrQXIJCh4ThfamFSnDoEQuMj6v5Mw9cWdjBn8cgUA0lUq1v4zH0uOhdo3GWFe73V3pbELStoDZeb2F11AMhxwJCnaVTHsHWQMjlSI169pZ7hfqWnuNLH9jEXemVvSaNZLVcHmqt/Ya1Mj2C35Wwhzv4+rzNqeJB4J3I0UpHrgvEgco0nm+RDFyH3nl4Nng7rRuANpe46wExa6br0dv0uNUM/4OuwZGIxk+15x9cfuTzNSo1cKh0Z0pC6I7/c52HbwZh6HyTO/9bAfpRopKxXLvr1iaXCayS3Ki4G30Mds6bybFsUZ7LbhsLRyMxdLj7mYggR2GU6V5rH3p706cKmG1fwYjPxPtjZkiHHfDiV5rbbYD2OAvbYI7gsfSjAfGnm0FwsJ2uFsLjasTRsdIj1eJ+/dPthXeNT4glh4Pv289j+2Es4nCBMVWNvB++P9+OIwcsKkS2Ogj2wr/+wJ0Am+T4sQYlX4/N7Oea/ESBXug0mERERFZH54YTfzK50vXXLBkdIa70x/y9/Ur/GLLHn7rm7v4UmyImYcP3R2DAWbuYF99m7/5n/f5pX/1u/zmrhGGZ+4zs2EDP68GS1V7nec57lX6H7P9yGleGZ3mraN+0NTpH14Ja/cxbgnq5quH2oFY8rVzfP1+pNx3Z4+NPbyS04W0OXffu8ebfO0c++hR3hzoW7R82R834JbvPvsgfH2iJcUzk97z7hi2T3vtGUc5kRvlRuUI5+1oGXHHzb7XeY7xhEqLA9r9mXs8fgny2poFGDTKrxW+w++P3ufyn52kMbWyO4P89L33FvX6zz//nAef/ILR0dG5DxYReUQ59TypqVxXwN0s52kdWLog5rEQWJJBRERE5HExPT3Nxk1f4IknnlhUOxuecOsIP/zwwwW9fteuXcCybgwyxJbR5/h3Lz8HD+/zT9f+jv/05hWe+oPTvLLTCwGHRjD2HMTYAzPOP/Ne9Y/4e2srv3/q23O0fZGPbu9l3/P7OW/3Dnlu3HVg50a2QSDkGmETM9yYXviobtx1YDQSnq26YOmzX7L80rx2SU6+do59myd5K3eoE6K1851rnL/6PGf2uOsYghvwuQHeNT6+FwgIl8L0A+5zix+H1ghcb6b5oPx9KHyH33/5GDOvH+cn91a7TyIi0ubUKZWgOJGIPJwnS4459wmRgCblVIPkxPhqd0RERETksbbkawL2cvPdAt//iyt83HfPj1s0/vAEf2vdHXiNtMbb7rp3oXXiXnidMxVvLbpL17lJdN28nQzffn+WGYa9dcpuvXaHdnIweF5j97wCt642F8sYYVOw9PmF53vOzOtvN09vhptXOzP19oVmO+7m4LOBNf9ygRl4uKW4wzu/HSqz3m6ES5HnxX6fG6E1Cd0+bDf6vqK3djnzWuUGgW/98CIfKAAUEVkj3PXrepddNrEoLlHp++PDqbdI2po5KSIiIrLalngm4ANmHgIbej33FF/49d9l3+gs6dTGL/GV3/uXfHHoIR/NlQbap3jV3s+xSmd2WniH2YuczBF+fgG7xDbenuTrufAusydz0xw8FTwv3By9FgrG5tvmotin+PHz59hXOcc+gNvv8NZkjIMDN+DP9DvHmT0At7hcmWTTi5Hnc+cwcoGX+eW5l45zePooJ3LnONN+/haX7WsLnMl3jfNHr/Hxa+fca+S5Pwmv2oPNNrxx+n1uVvbySuVcoIx4LZrmxjJsJCsiIguVoGDbfXYDTpBOr3B31oFYusemHSIiIiKy4pZ4TUB4cuxr7Nv/O3xjayfsuzv5Pg+2PsfY8H2mrr7NP9zdwbdSu9jWPsThnz58yNO7Rthw/5957+L3+Vu777RBWWnGUU68COdDQVr3Wofy6NCagCIiIiIiIiLLa92vCfjZ1Lv8zRvvcjkQBm7ZuZMHV39A6eK7/OJTgCv848RGnk59m0xqF9uGYmwb/Wfeq/yfCv/WotGNDA8RXl/xhecxhmawF7G+ooiIiIiIiIiIrIwlnwkY9eSWrQzdv82DvpufPsXGLRt4cFfh31rWvStysPRaHjWaCSgiIiIiIiKyvNb9TMCoz+7eZvZ471Me3O2bEMoaceP0EQ6vdidERERERERERGRBVmR3YBEREREREREREVk9CgFFRERERERERETWOYWAIiIiIiIiIiIi65xCQBERkXlqlg2MfB1nxc/sUM8bGOXmip9ZREREREQebQoBRURE5sOpU6mBGY97DzQpGwaGkafuBA/LYxidwK5ZNty/9/xTpkmP13p/8oGG43ETapXQuUREREREROaiEFBERGQemhdKWGTIFRLElrx1d6ZfqmSFHrVKKS9MjJEo5MhgUbqg2YAiIiIiIjK4J1e7AyIiIo+OJo0aYI4xMs9XJgo2dsFto2xkqQGZqk0hEWz+An7+13muSbkMhfaBI4yZQK1Bs5Ag+HIREREREZF+NBNQRERkUE6LFmAmzeWZBVipAWAWJwLhYCIQAALEMJMm0KKlkmARERERERmQQkAREZFB3ZnCmvuohTbOlNd4PD5IxGgxdWfZOiMiIiIiIuuMQkAREZF5GiykWz6x9qYkIiIiIiIig1EIKCIiMiCn1VrG1r21/oCW6nxFRERERGSJKQQUEREZkD8DLxzS+eFdcMfeJhe8HT7MsUG3EPHX+gOrVKLePoVDPV8muBfw8oaRIiIiIiKyHml3YBERkUGNjGF2PRgjnctQsmpQy2LUgs9lyKUHLx2OpYsUGylKlkUpZVAKPllOYoc2CDEZOF8UEREREZHHnmYCioiIDCoWJw5YDYtQwW6igF3NRA7OULULJJiPGOlxm4liOGo0ixOBANDBalhAnFVemlBERERERB4hmgkoIiIysATJDNRqU9wBQhlcooBtFwZqo2DbzHZkLD2One73rLeLcCY5z4BRREREREQeZ5oJKCIiMg+JA0VMalTqq7N5h1OvUMOkeEARoIiIiIiIDE4hoIiIyHzE0uQyYJUuhDbrWBnehiOZHPNYalBERERERETlwCIiIvOVKNgMVPm79Gees5RYRERERESkF80EFBERERERERERWecUAoqIiIiIiIiIiKxzCgFFRERERERERETWOYWAIiIiIiIiIiIi65xCQBERERERERERkXVOIaCIiIiIiIiIiMg6pxBQRERERERERERknVMIKCIiIiIiIiIiss4pBBQREREREREREVnnFAKKiIiIiIiIiIiscwoBRURERERERERE1jmFgCIiIiIiIiIiIuucQkAREREREREREZF17slVO/PG3fzW4d/g04snsXcfI7Phf3D+R9f4dNU6JCIiIiIiIiIisjbt2rVrUa9fvRBwyy6M0R1sfvU/85tsYMP9GTb/6Bofr1qHRERERERERERE1qdlLgd+iq8UTvMn3z/N0Re2dB7+0h5+69nNPMl9/unK33F5+j5s2Miv/d4enl7eDi3Afo5VznGmco4zr+0H4ygnXtu/2p3qsv3IaY69sNq9EBERERERERGRtWhZZgI++ctZ/uO/GuIf/vMkX9o6xNAG+MLWHWz69d/h333zIX8/tYVvPfsMzEzyg0tv8/MvjfKNl3fxja9t4MGPrsxjNuB+jlX2sq3991tczh2nsYRj2X7kObbdfofDb1wEIPnaOYa3biQJS3qe+fXpNAf5Aa+evuY9sp99O4fYNrwfuLhKvRIRERERERERkbVqGULA53np/3iOsQ0wdrxTqzy849v88Q73v1/67B1KJ6b5/Vd/g4P/6XXuDT3DZuenvHXmr7kx6GmMo5zI7YTJsxz2w7AXXufMqaPcPHpq8HbmsG14iPv3p9t/b7xxaNXCP9+24SG4H3zkIidzCv8eRZu+eYxjv/0kf//dE/xEC2KKiIiIiIiIyDJZhnLg/8GPr8+0/zZz/w5Tt29xu/3QDB9d+Tt+sSXGJmADD/kMYHgzmz9+MPBZks/vZPj2O4HZcMCl4xxewgBQZDlt+uYxju0f5cG1t/lAAaCIiIiIiIiILKMnRhO/8vnSNfcl/rc/2MtXv7SDseENzFz/a75XvuKGfE89y8ETBzGGHnJ/+kM+uPZTPng4zFPX3uXjHV/jizM/5R+nBk1C9nOs8hz3Kkc4b891XKBcOFDWC25Z7SvD7/PW/ed4ZedQ1zHJ186xb6t/tFtqfPPIaV4ZneatdtgYLUl23bxyiJOXuvu5PfL6rj7cfofDb0xz8NRLGEPhczfYHXkc7k+e5dXTcPDUS2yfPhsqEV7M2GV5tQPAq2c5+Rc/c39GVtBP33tvUa///PPPefDJLxgdHV2iHomILCeHej5FIznBeDq22p1ZBk3KRhaqNoXEavdFRERERHzT09Ns3PQFnnjiiUW1s+GJpUkNlngm4E6+8exOxoY3ADP8/OqVTrjx6VXem54BNjA8+qt869kd/OJ/vkvrU/jsZ+/OIwAEjBE24fDxAAHgpsmzHM4d4nDuLPbmve7mHkFb93KQH7jHVCa5v3Vve4ONxhuHuHzbDdoO91xrcDcHTwXOUZnkPjPYlUOcvDT4cEJ9eOMi2498m81XD3X6PfMM+17bD1zj/NFgnw6FZ0Iu4dhl+ax2ACgismycOnnDwPD/5Os4g7+Yej5PffAXrFnNcuAaGAbl5rxeTdkoM6+XrCCnnscwIu9Tsxwa73zff7dN/3U9xh5sP9pm6Ny97p8m5Vmfb/eCet6YvR+zHB99j8NjmuMeiP7cGAZG6AWzn6v/GNw/+eCgvXPle1wI975du/eeiIiILN4Sh4B3uevM8BCAIZ7eEZwltIUvbnZnnD18+JD7Mw/gqafcRQn9/11KL+xgG7f4cTsku8b5H05yf+tzHDQCx81Mct4/xn6fGzPRhmYzyuahGW5cDb5+iM3znRwV7ANw4/SRQIh4zQ1PN4+wfdD2VmTssjBb+OLurQw/dPj51esKAGXlRb+szy+dWCXel/h5BUqrwLu2vb5wzz8IegQ5dfKpBskJG9t2/1TjJVIDD/wOU9ay9nAFuCFMlmr7GtgTRVrZ3qFL7yZatJa3kwvkSvuDFwAAIABJREFUji1V6vEmJQqd8do2tj1B0QQzaTLXvMtm2SDVSDLhvXai2CIb/Fl36uSzLYoT3feUU8/jToD0zluNU0oFQyyHej5LqzjR5/ngce5M0fa9m6mRneXebZZTlOLVwHvcCRidej40JruaoZadJVy7M4VlFjvH2zZ2YErnbOfqxSxOhO4/Sqmuzx+rYUU+T5s0av3bFBERkfVhiUPAd/nBHx7he+/eAWDLs0c59gd72D72LF//3jG+NQLg8N6f/Ade/f+28saf/Smv/N6z/NZ3/5TTJ7/DLw16GvsOnxDjaaP/Idu3xGDmATe7XreAkK6vae7NDLH92d3uX43n2D40w73p2V81EOMoJyrnOFM51ynXHdDKjF0W5i4/efMUf3V7mG+9fIzk2FOr3SF5jDTLBkY28i2vll374dqaDUXCnFaPXsbixAEwGRtZ4Q6ttDtTWGYSM5D6JArhMGO9c+olSlaGanDMsTTj1QxW6cIjPsMqRnrcDZXMOY506iVKFCkOUHqdKNjY4+l2WBgzk5hWA8sP1KwGViaH31TiQBGz1qAJxNLj2HaB9tVOJMlQo+FfaMeiYWXIdV5M0Qw8HxlbsFQ8kcxAq9Xns7FJo2ZSPOCdOZYml7FoeJ2OpcdDY3L71aK1oA/a2c81p1iaXAZqwUGbGTJ0rrF7mga1TIbMQrooIiIij4xl2BhkDwef9b/pDLHt2d/lle8e5N+MDnuPxfjqi7/NU9cdHrCBbV/7Nt/YugFm7vPzgc9xkY9uD2E8v7/vETfuOjC0MbxWnzHCJpYopAPgGuev3mJ450ucqZzjTG4nn1yZa53CuSVfO8eZF+F8zi0JfmtyflP0VmbssnDT/OTNU/zl9DD7FATKSnHqVLz8rzNLZIJipshE8MuqLLEEBdvGtsdZl0vRBY2MYVolLsyWdEVmouY7U6fIG1lqWJRSwbLNJuVICadTzweCa3d2WrnZKYP0ZzyFyjHzF5gatC/Nco+yUXc26lyTGu9MWZjFA3TFntFwqj3mSIlns4yRKmFRIxstSY30t2dfWsE2u2eL9S+77X8d56/JhRIUi4v5XIkTj7n9shoWZjBBj8WJzxqodQJ3x2pgmWN0Xh0jHofWnGlck3K2FprJGCqVbTaotfvoGhkzsabu9G6tnKUWCMh7llTH472v1zzPNRALxpKEgsRmo0YmmVx4myIiIvJIWIYQ8Aq1d2/x8KGD/e5Pue3WBjNz56f8v5MODx/e4b27O3jjT/53tj28zl++/B8oXLzOzMhvUP7+q3xlwLM03nbXsDtxZHfnwRde50zldZIAl65zk2f4evv53Rx8cSfDt99fdEjXsZuDz8awK/76fdG1AKMzBY9ycM5Zfbt5ejPcvNrZeGRfj9cMD88ypW9Fxi6LM80H5e+3g8CvbF7t/sh617xQwgLIVAOzXWKkC+nIl9xAiXA7pOiEBe4xeepOZ52tcrP/424z/dfG6vW6rtemvL5bJVI9S5g7wUU4yImUEHetWxYMQcLnN6LliN5522MJzZ4Ml0lapVRgDH67nS/87TE3uwOb4FpyXeWj/UKrtcKb8VbL9utfk3JlLFQiaZVK7nWJpRm3q2QwvbLP+YWmtWwJim67hYRXjlmiXUJqF8dohapYZ+lLokA1OtOq2aBmFjkw66RGh1YL4vFeHR9hzAyET06dfKpEvOqXf1ahUsdJFLyZdhmvxNWb5dYsYwRKYv0S4+iPQq0BxX6lsc0yqVI8UDpLuOy2x3VckGYjFHjN++UXSpHgLnpNRxgzLXplYE690hWYRcO1WQO09mdehbEJu8cmMoHwMdLHmJsudn0uGIZBZWwiPDMQgM4YnFbLnZXdbz3COc81C+8XQJlk+A2Np3PE27NTmzRqGZIjj8asaxEREVm4ZQgB4ZNLx3n5O9/j/I9+wP/y/h/Kpx+/y9+e/h4vf+c1/ub6Pe7NPAQ2snELbNjgrgj48P4DHgx6EvsUr+be4RN/Fl7lHGf24O2iC3CRk6HnX8K4t9S7317j/FUHI3eu04fKOc6cOuqt3xeZKfginL9ya4A2b7Ftj9/eDj6qTHI/cIQfgJ6pnOve7ANYmbHL4rlB4Fs/vMgH91a7L7K+ueEEEJ5Rs2AWpVQWd2Jhhs53y+7H3TDGas8+rGag1rWelUUp1SDphTEAtYobTsTS4+3H8NfMWkg64dTJZ2udNuwq1eoBRtqzzbLU/OBloohp9VjLrpZtB33htc7cUsJONycGCFEsShU3sJkomt41MGgk3b5loBNKgRcC1SBT9dZNM7F6rPO16vy14aoZLwwNvtcJCl0lkr3DnPkyi8VAaPj/t3fv4VGW977/PzmScwwMhxAOIcRwHBAIhxEXKkhI1bjRrf7Mry0YtOy2blrXCt0q/bnyS93VupfZPbC6200rKWh3XNVVXcZDDIJVwXAIIAwipEAOEk4ZCDknJCT7j5l5MpMEyGkSGN6v6/JaK888z3N/n5kJ15VP7+99O2aPuR4zWZTk1sN69VrMSalua6ZZ83O6tb5dd1k3ZaogNdvlO9Khno7n5+dILi2xMqUoI8Ni/J44pa7u+EzO2Yc25W7IUWq2a+vsSmV0aAl1fx97+Wx9ea+sWUrLsfRuFqEtV5mZBe7P2FOmFK0vLFRhYYaU6f4/OJjTexpOO9qnCwuVoUy3YM/extz+b4QpZbWyjUA4TxmWnE4BbU84/4eIxMREJTrC5s7/HpmVlOr4fljzlZOa1Pv3DQAA3DD6fT8Odw3Kz3iy8666n23QS3se0k9+fa+WP/dHLZck2w49uy67+yGgJHvYdbVg6+qv//03P9IP3Y7s0can3XfbzX/BvX63axKf1ku3V+uXq590zNqT7DsG/xctf1T2WYF/+Zl+2GGnYNefO9fQ9TX5rjP4Cn+l5zrM6OtYd388OwbCCf39hl8IHzcjS0ae2ywZa5fHrcrKLJDUviaXOSlVyslRfoFNKS7XGy2U0QmySCooKNJpqf/alE8XGbMJM3MtWp9iltnxF6999pBLDY7AqCAnX9Z0s8sfxqnKLuxDwNCBEZTExkoqkDrNNHOEUiZ7gCO1rwtmsiTJogLl5FuVbr4O/3Q3p6uwMF3WrESlZebKst59xqnr0pT9vwaZfYOR2NXX/vZcsRbzSmUoWZusKUo322dJrS681v3srab5JTbJ3PFc15rsobwlqbuBfNfnm2Jjpav+nthnH9rrsY+fU5Ao91VBLcroZhXdY99cIja7F7+5jqDekpHnErR19Z6eVlGBRQluhVuVlWwPVte7Lsdov1g2mY336HRRgSwJ13pqk1IyMpSfvEG5K7sI/qITZOnw3ttKSqTYpC4/C1NKhjLyk7Uhd2UXswslqf3fo/axHffv4VhS53+fr8SclKq0fKuSlKPUpHSJeYAAAHg9j8wE7JZJkfJvblbxxy/qXw9VqV4BGjloxfRSXIQiO6699+i3lNhfm4MAQL+w/yEtqW/rSPWUsaGHc32zLjYmGSjmdMeMu/ZZMs521dNF7m28iYnJ6moD1MHj3DXXuV5eYnuL9HXOnJRqBFXOVkv7bMf2GY/9r0PrbVeuWYtJliSLfTOFHsySMiddYQMQa75yjFmz9t/H7v8udn2+raSkU5uoO0fwGGuS8z1JNWabOf/r57UqbSUq6dUmOC4hXoeCOrXv2kpU4tbya98BOMeSobyO091cAjTnuVdu2e6BLtYltIeLHtj9x5NjmZOUmpOmtJJrtboDAABvMXgh4JfZeumpH+hf/nJCh3+TrrXrNrjMprtB/OVn+uUhk5a7tgLfI72zuu+bgwBAfzInOSKOnLQOa/J13jyg37jsjGusZeb4rzuzVPq9HEcLnrO92NluG53g6BN1tNq2/9d/s/76xh7gSF2EONfNzruO9c86rpVoX4zM/j6eLlKBy2xH5wxMdx3bg+3rvxnr8zlaPq/OHuC5hXHWTe7BbjdqMaWsVmpOvrLyc9zWU7OvC5nV9U6/jt1n0zquKZmW47ZhiH1GrOvvok1Wq+svonvoYz9/Q/vvqrP1dbV726zrDrD2zSicz+gINdPc67bZPPHL32FNPns1yrriOpaOdvyuQjw5Zr26PLu9ldoZytqUuybZviNzV+3UJouSLDna0H6xMgtclzBwr8/t38ZNmW67XbttDCKzklILlLmpff3UDTkWJTlOtmZ1WLvUukmZBe2vu20MYsvVmo6btGS6PuPVx+obs5JSOy5vAAAAvJmH24G9X5ftvABwvTGnKzs1R2k5Uk5ah5bAEnu7pj0Ma09KbAX5fZxtZtbKDItyMu1/wKY4/sC32WwymXrwJ+c1W4RNRketkzW/Y6RjVVaWlJ5uNoIaZyhkSlmt1MwC5eS4tP7ZbLKZTD36w9j5/tlnLfXnn9QmpaxOVWZBjnI25GqlI+zo8fvoUfb1z2KzEpWcmNl+ODW7Pah0tNg6X7dk5Ck7NdllyQ379yXZ8f1MzS5Uutnx7GnJSsyUfU3H7FQlb7hGNSnrlV2UqLTEHKOO7NQcGZddsxZ7PUmpaUrLSVV2evtR+8zRAuVb09W5E7vr9yG145ps5nQVZkuJLr+LFkuGVq9PkdmUotWpmUpLTlSmLMrIW68Uc7oKs7OUmJyozCvdUxZlJOQrMTHNeYayC9uDMVPKehXG2jeXab+kB7uDO9eldChITlRmxxZ5R9v96o7XOmYFF+QXyJbiPp4RwBZkdv3dMaVofXZR+7NbMpTn7Pk1wt2c9s/a7blMSlmfraJEx/fH8X52+ths0VpZmK1NiYlK7HQPV/Zw1mySzOl5yliTLOfbmZpd6JhVaVP0ykJlb0pU+1vt+BzdbuYIvKMtysiTMhMT2/8Jc/290dXG6jtzeqHW98+tAADADcAnzjy7bbCLADCwdn/+eZ+ub2trU/WFs4qLu8ou1bg+dfhD3v2PTeesGvtPloxsJeWn2WfZOP7Qd66h1mlNwCscl9o3B3HlDDA6XefYNbWgQ7jgdo8u/zh3bu7hvH+2lOaYXbQ+Rac7rP3W+Y9y9+vdxrlCTZ11fP/ytD7ltOO+7eN1embnZ2I8V3stbkFPx89O3V/7C71jy12j5KLVnWZcWrPWqKSrteJwZbZcrdkUq/XXzexVAAAAzztx4oQiho6Uj49Pn+4T4NPSL/UQAgI3IUJAALgGW67WJOcrqcMMrisFg7gaq7ISNyih02w4AAAA73a9hYC0AwMAABjcZ2K6h1ZWFShDhekkWT1hyy1RUmEXbbgAAAAYUMwEBG5CzAQEAAAAAMCzrreZgIO3OzAAAAAAAACAAUEICAAAAAAAAHg5QkAAAAAAAADAyxECAgAAAAAAAF6OEBAAAAAAAADwcoSAAAAAAAAAgJcjBAQAAAAAAAC8HCEgAAAAAAAA4OUIAQEAAAAAAAAvRwgIAAAAAAAAeDlCQAAAAAAAAMDLEQICAAAAAAAAXs5/9OP/w/ih7A9PD2IpAAAAAAAAADyBmYAAAAAAAACAlyMEBAAAAAAAALwcISAAAAAAAADg5QgBAQAAAAAAAC9HCAgAAAAAAAB4OUJAAAAAAAAAwMsRAgIAAAAAAABejhAQAAAAAAAA8HKEgAAAYFBYsxKVmGXt4z3WKNfWTwW131SJiVnqW2UAAADA9cV/sAsAANysbMpdk6zMAik1u1DpZsdha5YS03IkpSq7MF1mW67WJGeq4Ap3sWTkaXVRstJyrjSO4z6yKisxTZ1OS81WoTH4NThrs2Qob32KTB2ew5KRp/UpJtcLOo3p9qxOnZ7RWXP7vbvkVsdNyJarDTkFUoJNKSk37bsAAAAAdAszAQEAN7ecNCWuyVV/TyazzybrHDrmpCVqjevUtS5DzhylMRPt2kwpWl9Y2CF4BQAAANAVZgICAK5vphStL0yRJNly1yjZPuWuwwy4QhWmS64z77qccSdJsigjb71STGqf2VeQrwJbivovS7Ipd4Mj/nOp1Vl/QWamci32GmwF+fYA0GVGoi03SwWWdJklmdcXKsV+0BEWutQPAAAAAN3ETEAAwM3LnKRUT9zXVqD8AkmyKCOjPaw0pWQowyJJBcov6DD3MGeDsbadKSX9hgz5rFmJSkx0/tfFWn3WLJfXs5Tv9qJNuWsSlWW1KqvDPWy5a9qvc1tD0H6ucciaZZ/V6TpOt2Z5uo6ZqKz8rk7JusKz9abuzmNefW1E5xj2/2vU2emWrjV2fN2qrMQ1yrXmas0Vz7n2c17xfXW899ZOz9z5fTHumLtGiVlWt+/NGvsb51JjxxmxHero9H1Yo1ybc8z28dy+m261u38Oa66xwGR37+NeV2+/IwAAAP2LEBAAMOhy0lz+eL7y4n7Xj4JMJRt/zHexZt/pIkd7b6xi3cI8k2Jj3U81pax2BJEFyky+gcMAa5Y2JOSpsLBQhYWFyk4tUGamS0jimHWZml3oOCdJnRdolHLS8pXkeo/kRGUqw35NXoYsLmFplwoylZyf5BgjW6kFmcq86gWO2aOp2UbtSR0Ls+VqTVqJMvIcteclKT/ZPZzqWd32MUsynO9XnjJK0q75ueekZUoZ9jHyMizKSXOpwZqlRLcaM1SS1jHkK1DmBinDUWdhduo17pGk/E1WGetexra/R9mxmUruGAQWZGqD2zOnKTGxw/uyqcMz5qQpP6m9noLMZCVmOmvMU4YlRxtcPj9rVoc6lNYhuCtQZrJzTPuMWWtWotJKMpTnuCYvKV/2MmzKXeP+OSTlJ3cORo2xr3Sf7n2eff5uAwAA9BEhIADg5mXNt8c9qasHceadWemFhcp2nZKYk3bj7U5rTndbm8+clCoVFOm042drfo6Umu3Som1WUhfTMC0ZK2V2vYclQxnO+5piFasCFZ3ufF27VGUbg3Q9hhtrvnLcrnGM63rKpkwpI6P9O2JK0erUHOW7fEA9qtsx5ur2Gyol49ohkMWlBpMlSRa3x8hx/x6bUpSRYVHOBvegLnW1Sxu9OUmpcj6HvYXd0uE516ebHTNbLcpY6fIepdsDVvdMz+WZTBYlWaTU7HTjfYlOsEglJe7BoSVDK9vfOKW6zZ61h+YFzjfOlqsNOR0+q5UZUn6B+zO6jGm/puOM3PX276F1kzLl8jnJpJTVqcrJ7+I376r36d7n2ffvNgAAQN+wJiAAYNB1vTuwpzhn4Nh13tG3G66wO7AhOkEWSQUqUYlNMhu3tyrf8Wix7lMEZU53rGtoPH+O8q3pMndz4+LrQ8fdkJ1hmk0lJZIlKXpwynJy+27Zd2COthemK1dmr70gxz5DzVVqUu/KsHU1pmsI1ONAuuv312RP0HTlW0YrwSLll9gk82kVFUixq7s483SRChQr95dcrx2gBP10kQqUo4LEDv8+WDKucU3H2u1s9g9Wyd35YK91n379PAEAADzD8yHg6EQ9/Nh3tWp5osZcKtbOD97Ur/7nf+iwxwcGAKArA7CxhmMWVEGBvSXWYmwMssERkKUqyRnu2XK1JrlIqwsds5ccs7NugKZoN/ZNT2KVXVgo+x4tWUpMc77qOqNrEBMRc7oK7TvItLtmUGav3ZLUi7D4CroM52wlKpFFvctJu35/uwyn3LgHf1cM9aITZFF+h0D7KqGhp0QnyKLU9t+Vbl/TsXY7k/2D7bDJUC/v06+fJwAAgGd4qB14tBaseEFvvP+Jjm7NVtaKGdKRHdpZHqFZK/67Pvx6h/b89dd6ZnmixnimAAAABpGjHVByWz8w2TFdsL0t0Kqs5EwVKEdpxhqDjpl0rm2SN4DTRQUuz+WyO7KDOSnVbfMTe3vlABfZFUfo2r7uXNe1F2Rmum9qYevD4m1djZmZqQKjndexgUQP1obs6v3NzCxwb/+V3FpdrVlpyjG+ZyZZkiwdntMqq1WOUNt9PT/3aweIyaIkS47SOmy6cdWPwlm72/qUVnurvTmp85qRNptxnn0TEEdb/rXuc9XPEwAA4PrQzzMBR2vV+t/r6X+YoMgh1frmy0JtfO5/6eV3jrqds2D5o1q14j/p2y9l64f/v01fbf1fWp3+pk72cLRX3rfqkbj2n4+9bdaSdX17glWbduhp/U4zVr7etxsBAG5uphStL4zt0B7bofXZsR7gytw1RkAoqUO78Y3BvDJDSna2zFqUkZet1GSXbXbN6crLWKNkZyu2JUPZGRYVFA1OvS6FKT0vQ2tca8/OkMW1MHO6CvNytcaljdzZTty7DMys9MJsZSW6tBinZqswvcPdSkpkk7l73wNzugqzs5ToUqP7d81Zdb4SjSmaqcoudF/jLk8un5EssqQmKcOcopT1edKaZCUmOk4elO+oSSnrCxWbldheh67V0m8yajfafi0WpSZlyJxiVnphnnLXuLd6u79vzpb+a92nG58nAADAIPO5I+vjNucPZX94uo+3e0Fbv16u4eXb9LvnXtbv9py66tlj5q7Sz1/6oe6KKdarUx7Rz3ow0ivvW/WI3tH4+563H1ixUQefm6TDLy3UY5t7/wSvvG9Vku1lQkB4tX07d/Xp+ra2NlVfOKu4uLhrnwwAuA7Y12tUF8EgAAAAPOPEiROKGDpSPj4+fbpPgE9Lv9TjkTUBI2MW69nNi/V0RbH2b/+LfvWvr2unMw+cvFA/WPGEHl4yV/ERUlVFtaQhiujRCN/RGJN0bOvz7Yc2r9KMPoR/wEC7e9E/6GjR33Xm3Dm1trYOdjkAutrgw0VXs6oAAAAA4Ebh0Y1BgoZPkOXBZ2R58BlVnTiik0NGa1pMhFRdrIKtv9TPNm/Up/M26uBzPW0meV0nbc/IsmSjVmmVNnZ4ddWmHcqYd15vTnlAa50H3WYK2mcsxjteqtr9smaslN7Y9YwsEZLinlHp1884jr8u5wxH9/Nfbx/LtE1varnRmly1+2XN2LpYB5+bq0hJUrF7LbjpDRs6VE+tflLvf5SvnDf/XY2NjW6v+/j4qK2t7QpXA/AMe6thymCXAQAAAAAe4KGNQTqLjJusiU07lLlimcbPf0CPrduoT4/0/n5r73tZBZqrjK+tKv36Xb3i8trGlb9TQfUEzXqx/diqJZMUeWKbHtssvfL+csWfeEfjp5g1fopZ+aZH9Ype12PzzXrzhD3EGz/F7Aj6vqM3di3XcMex8VNe1uHJz2iry70Vt1yzDtjvNf7tYkXOe0alT0m/cpxfUD1BSZu+0/uHhdcZNnSoKi9WafGdizRlUoJxPDg4SFMmJeiJFd9R1C23DGKFAADvYl9/ktmsAAAAN68BCwElqcl2UBuvsU5g99lDO2fI9sjXVpW+/4LxWv6RasXPdP78HSVNjtCxAy7tw6YYrXL8v2vvu8osvRcflUV79CtjjcDX9djWYpd7S6reoz87NyRZd0DHVK2C3zpnKL6ukzYp0jSprw8ML1JSVqbtXxQoMiJCSUsWa+jQKMXHTdBjD/9nrVubrqVLFmti3ITBLhMAAAAAAHiJAQ0BPcMRBr60R1Vxy40ZehtXbtOxuMV6Y4WkFYs1Ve1B3dr7zBq/1eSYRWh1n9XXwaqYYVLEXOPc0q+tKn2QcAZ9c+nSJf1t+3aVlJXpzjsW6gdPPqF//K9P6aEHUtTc0qzX/s8bOl5cPNhlAgAAAAAAL+EFIaDD5m06XC0Nj3G23T6v/SciNHXJd7RqySTpyDb3tQPXPWBv331pj4Y/uMMeFnZhY/l5qXqPMh2tw8Z/9z3f9QVAN31zsly5H+TplshIPZhyn8aPG6v8bZ/o+RdeVP7Wbbp4sWqwSwQAAAAAAF6in0PAQh0v7+65k/TtrHd18Lm5GnLigN7qyTAvvtt5Bt+Lj8oSUa3DW183Dq39tz3S5Ef17clyO/7K+y5rCG4uV4UiNHxy+63cWnfXHdCxiLl62nVNvxXfMVqJgd5qbW3V3v1fKufNt/TZji/08v/8lTa8mq3yU6d0qbmZjUEAAAAAAEC/6efdgf9Dq+/Zo5Rn/7ueeWyuxg7p6pzR7a83Fetvm36in/4iTyd7Msy6BzT+yEYdfM6q0gedB6tV8NJCPbbZ5bzN23T4qWdk0R792ThuX8vvka+tesRxpGr3y5rhbBX+tz1Kem65Sr9eLp14R+Pve15LphzVG7vsOwY7HZv8ujauE9AnFyortf73GzQ0KkpV1dW6fPnyYJcEAAAAAAC8kM8dWR8b043K/vB0P956kr6d9S965t4JinQcqTqxRxWmuYofUq59H7yqn657U4f7ccSuvPK+VUm2lx07/QKQpH07d/Xp+ra2NlVfOKu4uLh+qggAAAAAAO9y4sQJRQwdKR8fnz7dJ8CnpV/q8eCagEf15/QHNGPJT/Tq7nI1SoqMmyTtflX/9d5kPTgAAaBefFePxBUrnwAQAAAAAAAAN7F+bgfuwqk8/Wxlnn42eaHu1A59esTjI0orNurgc3MV6WgRXjsAQwIAAAAAAADXK8+HgE5HdujTgRpr8yrN2Hzt0wAAAAAAAICbgQfbgQEAAAAAAABcDwgBAQAAAAAAAC9HCAgAAAAAAAB4OUJAAAAAAAAAwMsRAgIAAAAAAABejhAQAAAAAAAA8HKEgAAAAAAAAICXIwQEAAAAAAAAvBwhIAAAAAAAAODlCAEBAAAAAAAAL0cICAAAAAAAAHg5QkAAAAAAAADAyxECAuixtrY2+fsHDHYZAAAAAABct/z9A9TW1jbYZRgIAQH0mI+Pj9ok1dXVDXYpAAAAAABcd5x/L/v4+AxyJe0IAQH0iq9fgGprawe7DAAAAAAArju1tbXy8bu+Ouj8T/3pvykkIlKSFDFs+CCXA8DT6qur+nwPHx8f+foHqrGpTufOnVNoaKhCQ0P7oToAAAAAAG5cdXV1qqurU2Njk/yDwq6rmYD+g10AgBtTYGCgWltb1djcrMYLlTp//oJaWpoHuywAAAAAAAaFv3+A5OMj+fjJNzBEgYGBg12SG0JAAL3i6+uroKAgNTf76fLly2ptbZW/f9BglwUAAAAAwKA/G2JUAAAek0lEQVRoa2uTn5+f/Pz85O/vL1/f62sVPkJAAL3m6+urIUOGXFe7HQEAAAAAMJiupxZgV4SAAPrsev0HDgAAAAAA2F1f8xIBAAAAAAAA9DtCQAAAAAAAAMDLEQICAAAAAAAAXo4QEAAAAAAAAPByhIAAAAAAAACAlxuw3YHjYsdr5WOPKPG2mRo2NEqXLjWruKxM736Yr3/PfX+gygAAAAAAAABuOgMyE3DN91bp9d//qx66/16NGxOj0JAQRd0SqdkzzMr4b/+kP//v32rGtCkDUcp1LWXZUr3z2kbNmz2rR9fszH9P1u3b9M5rGz1YXd/15vkAAAAAAADQdx4PAX+0+gmtTH1UYaEhOnnqlH77xz/pB2uf1boXXtLWTz/XpeZmzZg2RRk/+SfFxY7v9TiZz66Vdfs247/+CMQyn107oMHaA99apnFjYjR39sweXXPm7DmZ71is5d9d5cHqeiZl2VJ9/PZflLJsqXGsN88HAAAAAACAvvNoO/C82bP0wLeWKTAgQDsL9+npn/6z6usbjNdzP9qiR5en6Mf/5Xu6dWKcfrBqpX7yzz/r8TiZz67VssV3ad0LLyn3oy2aN3uWXnz+Of3hV6/oe0+v7XX9o0eN6vW1vdGbWocPG6qK8xc8UE3fjBsbo8CAALdjffksAAAAAAAA0HseDQGXLb5Tw4cNVdnJcv3i1/+q+voGpSxbqoXz56ny4kX9Keff9Jd3cjVuzBh9++EHNcs8XfNmz9Lufft7NM7oUaN05uw55X60RZK0e99+3fPgo554JAAAAAAAAOCG49EQMGFinHx9ffXloa90oqTUmPUXER4mSZo1Y7pW/eif9NkXO5W85G5FRoRr2uRJPQ4BT505ozkzzXrqycf12z/+ye21zGfXKmXZUr365xzjtZRlS/XT9B/ro21/U8YvXtE7r23UxAmxkqSzFTate+ElrfvHNcYx6/ZtOl5couXfXWXMMhw53CRJxnHnfX+y5oc6cOgrLZw/VwEBAaqrr9fPs36tJ76TatxvZ+G+LmfFOWc0/jzr18r9aIv+8KtXjJl+CxJndxrPWffECbHamf+e23XO85ubm92ePfPZtVo4f572HTiob92zWGcrbNr8xpta8dgj+vpokebOvk2hISHGdbdNn97l2M57PXT/vcbPzudyPf7i88/pp+k/1s+zfq3EWTPdnk/SVWt1vp+fbN+hZYvvcqur4+cMAAAAAACAK/PomoDhYWFqbm7W6bNnJUnTJk8yAkBJMg0bpumTJ2v3vv2qra2Vn6+vQkKCejxOxi9e0d4DVn3/8RWybt+mzGfXur1WdrJct02fbhxLnDVTtXX1ej9/qzKfXatRI0do3QsvyXzHYu3YtVv3JS3R8u+u0s7CfTpeXOK23t66f1yj2tpame9YLPMdiyXZgyynwMAATZmUoO+nP6snfpSu2rp6vfj8czrw1WGZ71isv773gcxTJ7utlXc1zuDQfMdi/f5PmzVuTIzxfMu/u0rHi0u0s3CfFiTdbwSA5qmTjefJ/WiLnvh2qp568nHjniOHm5QwMU7mOxbrngcf1ZG/H5MkzZ19m36e9WuZ71isspPl+v7jK9zGHjVyhHGflGVLNXPaVD3xo3TjuZxBbMYvXtHv/7RZlRertO6Fl4zaOupOrYGBAUZw6KzrwfvuZXMRAAAAAACAHvBoCHi5tVX+/v4aFjVUklR5sUotLS3G6/UNDTpbUaFpkycpKChIbW3S5ZbWXo31vafXynzHYu0s3KeH7r9XO/PfM4K2A18d1oTx44zgaOa0qSouLTNmHAYGBGjc2BhJ9tAw4xevdDnGU08+rqFRUXr19Rzj2JZPP9OY0aPcQqkdu3Zr97792r1vv4pLy3S8uMS45zmbTZKM8a7lbIVNf9j8Z0nSnn0HdOFi1RXPnTd7liaMHyfr4SNG6OYMQZfeucg4r66+3u0ZnFyvO/DVYbexy74plySNMNlnQOZ+tEXLv7vKeA8L9x/QpeZm4/Vr6W6tkvTRtr+51QUAAAAAAICe8WgIeKKkVD4+Ppo+ZZJCQoK1YfPr+mDLNlVerFLR8RPa8KfXVPrNSc2aMV1Do25RQ2ODTpSW9mnM7z291piB98R3UiVJ7+dvlSTdl7REKcuWKiwsTO9++JGk9tDvu48+fM1dhUeYTIq6JVIvPv+csQvx9x9foYCAwD7V3F9GDjcpLDREp86ccTtecf6CwsLCPDJ77p3XNsq6fZtefP45hYaEdPu6wagVAAAAAADgZuXREHBn4T5V19QqfkKsnvzu/6v6+gb99Oe/0KL7H9R/Xvmk3sv/WHGx4/XgvckKDgrSseIS5X/yaZ/Hdc7Ac4ZJzp9nTptqbwWurXVrT839aIsWJN2vJ36UrrCwMLf2XlfnbDajxdXZDuxsqe3pOoaecLbCptq6+k67Gg8fNlS1tbX9WuNTTz6ufZ98ZLQ5r3vhJdXV11+XtQIAAAAAANzsPBoC/nvu+/rb9i/k6+unxx97VP/ys39WXOx44/X/58H/pN/+j58rIX6izldW6rV/e6vHY6QsW6qd+e+5zeBLWbZU5qmT3Vp+3/3wI4WFhWnh/HluLaWZz6411thzrk04fNhQ43XXWWl79tlbXp0zDCV7W2t31/fzNGfY6brmYOazazVuTIy2fPpZv441wmTShYtVxizLB761rNNMwMDAgCu2PQ9krQAAAAAAADc7j4aAkvTzX/5aO3btlq+vn5IX36W/bnpVu/Lf156tH+r/S/+xxowerfOVlfr17/+orZ9t7/H9cz/aoh89+7zCwsKMFt0Xn39O1sNH3Hbgzf1oi2praxUWGqLC/QeM40NvuUXLFt9lXBsWFqYXf7lekiM4DA3Rq7/J0sdv/0WSdM+Dj0qScf6rv8nSA99a1pe3qF997+m1sh4+YrQsd9wZub84w79Xf5Ml6/Ztkuy7Bzv99o9/0pmz5/T9x1do3ycfuW32MdC1AgAAAAAA3Ox84syz20IiIj0+0KpvP6ZHlz+gUSNGyM/Pnj3W1zeo8MBB/e8/bdbBr772eA1/+NUrGj5sqLHTL3Azqq+u0u7PPx/sMgAAAAAAQDcE+LRc+6Ru8O+Xu3TDxj+/oY1/fmOghuvkqScfl3nqZL32l563HAMAAAAAAAA3sgELAQdLyrKl+mn6jxUaEqK/vvcBraYAAAAAAAC46QxYOzCA6wPtwAAAAAAA3Dj6qx3Y4xuDAAAAAAAAABhchIAAAAAAAACAlyMEBAAAAAAAALwcISAAAAAAAADg5QgBAQAAAAAAAC9HCAgAAAAAAAB4OUJAAAAAAAAAwMsRAgIAAAAAAABejhAQAAAAAAAA8HKEgAAAAAAAAICXIwQEAAAAAAAAvBwhIAAAAAAAAODlCAEBAAAAAAAAL0cICAAAAAAAAHg5QkAAAAAAAADAyxECAgAAAAAAAF6OEBAAAAAAAADwcv4DNlCAvyZPn6lxcbcqPCJczS0tsp09o68P7FfF2TMDVQYAAAAAAABw0xmQEHDCrQlKXLhIwcEhxrEhksLCwjVuwkSdKivV9m1bdKmpcSDKAQAAAAAAAG4qHg8B426dpAWLFssvwF8XbBU6uHePzlecVeCQIMUnTNGtU6ZpTOwE3bXsXm378F21NLf0eIzps+Zo6sw52vLe26q0VXjgKQAAAAAAAIAbl0dDwODQUJnnzJNfgL9OHD2iHZ98LKlNklRXU6M9tgqVnDimu5bdq5GjYzRjznzt27nDkyUBAAAAAAAANx2PbgwSOzFB4ZGROl9xTru2fyKpTVGm4bpt3gIlTDXLx9dXFWdO6cvdO9V6uVVjY+MUHBrqyZIAAAAAAACAm45HZwKOiB4tX19fnSwpVktzi4aPGq27lt2r4BD72oBjYydo6we5OllWrKk1sxQcGqqhw0wqr6vr1zqiTMO19P4HFRQcJEk6d/qU8t5564qvO+3buUOH9u/t11oAAAAAAACAgebZduDgYLW0NKu66qIkaWR0tBEASlJYRKSCQ0PUUFenpsYGhYaHKSBwSL/W4Az4ysuKtWPbFgWHhiop5SElL39Yee+8peDQUC26J9l4PTY+QfP/4U7t+vxTlRwr6tdaAAAAAAAAgMHg0Xbg1rZW+fn5K9TR4ttQX6/LLZeN1y81NelSU5MChwyRf2Cg2tqk1tbWfq0hZuw4SdLhg1/aa6ir04HCXYqMilJsfIKCgkPkF+Cv8rJSSdLZ0+VqbGhUWHh4v9YBAAAAAAAADBaPhoAVZ87Ix8dH0WPHSfLR8aNHdGj/HtXW1uhs+Unt/GybLre0aNjwEQoLD1dzU5MuXjjfrzVERg1VU2ODGhvqjWNVFyvV1uajsPBwNTbU63Jzi2LGjZckjYyOUVBwkGpravq1DgAAAAAAAGCweLQd+GTJCcVPnqIR0aMVlzBJJ4qO6EDhbh0o3N1eQIC/zLPnKjBwiE59U6bqi5X9WkNV5QXFjJugoGB727EkRd4SJR+fNtXW1Kihrk7Hjx7W7AULNXHSFEn2tQBpBQYAAAAAAIC38GgIWHH2jIq+smr6nHlacOfdumXoMB3cu0stzS2SpBHRMZp3xyINNQ1XTXW1vtxV0O81lH9Tpqkz52jqjNuMNQFnJs5XVWWlSo4VKTg0VLHxCfpsSx7BHwAAAAAAALyST5x5dltIRKQnh9D8RXcpfso0+fn66nJrq1qaL8nXx1cBgYGSpNqaan2a/6HOnzvbqxGmz5qj2QsWuh1raWnWF59sVcmxomvuDtzV9VWVlcrP/asxexDwFvXVVdr9+eeDXQYAAAAAAOiGAJ+WfrnPAISAdjHjYzVr/u2KjBoqP1/7UoRNTY0qPXZM+3Z9oUtNjR6voSux8QmaPmuOtn7wrhH4OXcQPn70sA7t3zsodQGeQggIAAAAAMCNo79CQI+2A7sqLy1ReWnJQA3XbWHh4QoJDXdbM3BiwmSFhoexOQgAAAAAAAC8woCFgNerQ/v3KjJqqFIeSTWONTY06sO331KlrWIQKwMAAAAAAAD6x00fAkrSjm1btGPblsEuAwAAAAAAAPAI38EuAAAAAAAAAIBnEQICAAAAAAAAXo4QEAAAAAAAAPByhIAAAAAAAACAlyMEBAAAAAAAALwcISAAAAAAAADg5QgBAQAAAAAAAC9HCAgAAAAAAAB4OUJAAAAAAAAAwMsRAgIAAAAAAABejhAQAAAAAAAA8HKEgAAAAAAAAICXIwQEAAAAAAAAvBwhIAAAAAAAAODlCAEBAAAAAAAAL0cICAAAAAAAAHg5QkAAAAAAAADAy/kP2EAB/po8fabGxd2q8IhwNbe0yHb2jL4+sF8VZ88MVBkAAAAAAADATWdAQsAJtyYoceEiBQeHGMeGSAoLC9e4CRN1qqxU27dt0aWmxoEox2PuuX+5jh05rJJjRYNdCgAAAAAAAGDweAgYd+skLVi0WH4B/rpgq9DBvXt0vuKsAocEKT5him6dMk1jYiformX3atuH76qluaVH958+a46mzpyjLe+9rUpbhSRp4eKlihk3odMx04hRys/9qxrq6vr9OWPjEzQiOloN9XWEgAAAAAAAALiueDQEDA4NlXnOPPkF+OvE0SPa8cnHktokSXU1Ndpjq1DJiWO6a9m9Gjk6RjPmzNe+nTt6NEb5N2WaOnOOYsaOMwK/8IhI+Qf4KfKWKLdjtnNnPBIASlLJsSLCPwAAAAAAAFyXPLoxSOzEBIVHRup8xTnt2v6JpDZFmYbrtnkLlDDVLB9fX1WcOaUvd+9U6+VWjY2NU3BoaI/GaGyoV1NjgyKjhkqSokzDNSQoWOdOn1bMuPGS7GHkkKBgVVVe6O9HBAAAAAAAAK57Hp0JOCJ6tHx9fXWypFgtzS0aPmq07lp2r4JD7GsDjo2doK0f5OpkWbGm1sxScGiohg4zqbwHs/Ua6urU1Nig8IhISVLkLVG6fLlF5yvOamR0jCRpZHSM/AL8Vf5NmSR7KJiU8pAio6IkSY0NjUbrsPO1suJjGjchXpFRUcbsxImTpqqs+JjMs+dKkqoqK4324ijTcC29/0EdPrBXh/bvVZRpuO7+1v0qOnRQU2fOUVBwkFpamvXFJ1uNGYPOa4KCg9yead/OHTq0f68WLl6qiZOmdKoRAAAAAAAA6AnPtgMHB6ulpVnVVRclSSOjo40AUJLCIiIVHBpiBHmh4WEKCBzS43FOlhZr4qSpCg4NVcy48ao8b1Pl+fOakDBZUabhCgsP1+XmFjU21EuSZs+/XcePHtah/XuN0G/+HXcq7523jHtOmXGbW2A3fdYcRUZFaWRjjDb/7jdGgDd7/u3asW1Ll3X5+wW4rVeYvPxhzUycr7OnyyVJi+5JVnlZsXZs26LY+ATN/4c7tevzT1VyrEix8QkaMz5Wn23JM36+dfJU7d7+aY/fHwAAAAAAANzcPBoCtra1ys/PX6GOFt+G+npdbrksP38/SdKlpiZdampS4JAh8g8MVFub1Nra2uNxamtq5Bfgr6DgEIVHROpkabHOni7XpcZGRd4SpciooWpqbDDWA3QN7Rrq6mQ7d0amEaPcWpFLjx/rtMZfY0OjdjlCuEpbhaovXru9+PCBvcbsPWdYKUlBwSH22YllpZKks6fL1djQqLDwcONaP39/42fWHAQAAAAAAEBveTQErDhzRqNGj1H02HH66sCXOn70iMLCwzVxyjTVVVVp947PdLmlRSNGRSssPFzNTU26eOF8j8epulgpSRo+YpT8AwJUW1Ojhro6tTQ3K2bceIVHRKqmusrtmtj4BN1+9xL5+wfY71FZ2fcH7oHGhnpdbm5RzLjxKjlWpJHRMQoKDlJtTY0ke+h39nS5klIe0uwFC91ajwEAAAAAAICe8GgIeLLkhOInT9GI6NGKS5ikE0VHdKBwtw4U7m4vIMBf5tlzFRg4RKe+KVP1xZ6Hcc5AbfTYsZJktNueLC1WbHyCJBkz7iQpefnDGhIUrLf/z2Y11NVp4eKlMo0Y1ZdH7bGGujodP3pYsxcsNNb927dzh9tsv4a6Ov3HG68ZNd+59FtuLcsAAAAAAABAd3h2JuDZMyr6yqrpc+ZpwZ1365ahw3Rw7y61NLdIkkZEx2jeHYs01DRcNdXV+nJXQa/Gcbb0jooZq7qaamO2XG1NjYYEBatNbcZsQedOwcePHjY29IgZN0FNjQ3989DdFBwaqtj4BGPNv45i4xM0YlS0sQZgTXWV0bLMbEAAAAAAAAD0hEdDQEk6ULhHQSGhip8yTdNnzdGUmbPU0nxJvj6+CggMlCTV1lTrsy0fGhuI9EZV5QVNnDRFRw8dMI6dPV2uluZmSTI2BXGdgTd7wUI1NjTq8IG9xozBgdJQV6eSY0VatDRZi5YmuzyHve03LDxcYybEabJ5pqN+++7ABIAAAAAAAADoKZ848+y2kIhIjw8UMz5Ws+bfrsioofLz9ZUkNTU1qvTYMe3b9YUuNTV6vIbrSWx8gqbPmqOtH7xrBHvOnYqdOxcDnlBfXaXdn38+2GUAAAAAAIBuCPBp6Zf7eHwmoFN5aYnKS0sGarjrXlh4uEJCwxUUHGKEgBMTJis0PMzYHAQAAAAAAADoDwMWAsLdof17FRk1VCmPpBrHGhsa9eHbb6nSVjGIlQEAAAAAAMDbEAIOoh3btmjHti2DXQYAAAAAAAC8nO9gFwAAAAAAAADAswgBAQAAAAAAAC9HCAgAAAAAAAB4OUJAAAAAAAAAwMsRAgIAAAAAAABejhAQAAAAAAAA8HKEgAAAAAAAAICXIwQEAAAAAAAAvBwhIAAAAAAAAODlCAEBAAAAAAAAL0cICAAAAAAAAHg5QkAAAAAAAADAyxECAgAAAAAAAF6OEBAAAAAAAADwcoSAAAAAAAAAgJcjBAQAAAAAAAC8HCEgAAAAAAAA4OX8B2ygAH9Nnj5T4+JuVXhEuJpbWmQ7e0ZfH9ivirNnBqoMAAAAAAAA4KYzICHghFsTlLhwkYKDQ4xjQySFhYVr3ISJOlVWqu3btuhSU+NAlHNVsfEJip88VR+/985glwIAAAAAAAD0C4+HgHG3TtKCRYvlF+CvC7YKHdy7R+crzipwSJDiE6bo1inTNCZ2gu5adq+2ffiuWppbejzG9FlzNHvBQu3buUOH9u81jgeHhiop5SFJUn7uX9VQV3fNe02ePkMRtwxVlGm4Km0V1zw/ODRUS+59QIf271XJsaIe1w4AAAAAAAB4mkdDwODQUJnnzJNfgL9OHD2iHZ98LKlNklRXU6M9tgqVnDimu5bdq5GjYzRjznzt27mj1+ONGT/BLQQcGR2j0PAw1dXUdvseee+81aMxg4JDFBgU1KNrAAAAAAAAgIHk0Y1BYicmKDwyUucrzmnX9k8ktSnKNFy3zVughKlm+fj6quLMKX25e6daL7dqbGycgkNDezVWVWWlhgQFK8o03DgWM268qi9e1OXLPZ9dCAAAAAAAAHgLj84EHBE9Wr6+vjpZUqyW5hYNHzVady27V8Eh9rUBx8ZO0NYPcnWyrFhTa2YpODRUQ4eZVN6Ntt2uXL7copix41Rpq1BwaKiihpl07vQpjYge7XZe8vKHjWMtLc364pOtRivvwsVLZRoxymgfXrh4qcIjIlVTXaWJk6ZIks6dPqW8d95SbHyCbr97ifz9A7RoabJuv3uJcS9ni/KVxrjSPZ1cr5ek40e/1o5tW4zXJk6aqrLiYzLPnivJHoJ2bHl2fU7X16NMw7X0/gcVFBzU6d4AAAAAAADwPp5tBw4OVktLs6qrLkqSRkZHGwGgJIVFRCo4NEQNdXVqamxQaHiYAgKH9Hq8oq8OKWHadB0vOqKR0TGSpObmS/Lza3/M6bPmqKa6ygjckpc/rJmJ83X2dPkV1wwcET1aNdVV2vy73xjB3/RZc3Ro/15VXazU3d+6X/sKdhghX2x8gqbdNlufbclTybEixcYnaLZloaouVhrrDF7tnlGm4RozfoLe3PyqGurqNH3WHM1InKfyslJjjMioKI1sjNHm3/3GCPVmz7/dCPOSlz+sIUHBxj0WLl6qiQmTdbzoiBbdk6zysmLt2LbFWDfROTYAAAAAAAC8j0fbgVvbWuXn569QR4tvQ329LrdcNl6/1NSkS01NChwyRP6BgWprk1pbW3s9XsW5M5LsawHGjBuvyvM2NV+65HbOof173Wa9nSwt1pCgYAW57FzcUVVlpfbt+kKSdPZ0+TXXGJw8fYZOlpYYgV3JsSLV19QoZuy4bt2z0lahvHfeMkLJ8m/K1NJ8WWHh4cY5jQ2N2rX9U+P86osXjNdi4xMUGRWlA4W7jHvs2LZFh/bv1cSEyZJkjN1QV6fjRw9rzPgJV30mAAAAAAAA3Lg8OhOw4swZjRo9RtFjx+mrA1/q+NEjCgsP18Qp01RXVaXdOz7T5ZYWjRgVrbDwcDU3NenihfO9Hq+xoV6V522KnRivsIhIHdq/1y04c+rYDtvY0NjrMTsKDg3VkKBgjYgebbT6Op0sLe7RvVzbeXsiLDxcbW0+qrpY2em1yKihioyK0iMrnnA7fu70qR6PAwAAAAAAgIG3cuXKq76+adOmTsc8GgKeLDmh+MlTNCJ6tOISJulE0REdKNytA4W72wsI8Jd59lwFBg7RqW/KVN1FcNUT5WWluv3uJbpQUWGszedq4eKlihk3QVvee1uVtgpNnzVHU2fOucLdes7Z2nz86Jler7PnbA8+WLhbee+8ZYSW3VVbUyMfnzZF3hJltB87VVVe6HL9QAAAAAAAANwYNm3adMUgsKsAUPJwO3DF2TMq+soqH18/Lbjzbs1esFD+Ae2544joGCUvf0SjYsaoprpaX+4q6POYztbaK826C4+IVHlZsbF5yMRJU/s8pr9fgNuMw5OlxRo/MV6x8QnGsWiXVuBrCQsPV11NrY4XHZEkTZ1xmzFrsTvOni5XY0OjZibON3Zbjp14q6JMw1X+TZmGBAVr9vzbjfOjTMN7vSszAAAAAAAABl5XYd+VAkDJwzMBJelA4R4FhYQqfso0TZ81R1NmzlJL8yX5+vgqIDBQklRbU63PtnxobCDSFw11dfqPN1674utHDh3U7Xcv0cRJU9TS0qyDhbv7FARW2ipUXlas2QsWavaChdq3c4cO7d+r2poa3X73Ei1amizJ3nLsnH14LceLjmjipKlGy+7xo1/3qF23oa5O+bl/VVLKQ8Y9mhobVPz3Iu3e/qly3/yzklIe0oof/Mi4xlk3AAAAAAAAbgyuMwKvFgBKkk+ceXZbSESkx4uKGR+rWfNvV2TUUPn52icgNjU1qvTYMe3b9YUuNfXfunwArqy+ukq7P/98sMsAAAAAAADdEODT0i/38fhMQKfy0hKVl5YM1HAAAAAAAAAAHDy6JiAAAAAAAACAwUcICAAAAAAAAHg5QkAAAAAAAADAyxECAgAAAAAAAF6OEBAAAAAAAADwcoSAAAAAAAAAgJf7vzUGHVndf6emAAAAAElFTkSuQmCC' height='800' width='600' /></a></td>  </system-out>
  <testcase name="getLocakSystemtime" time="14.239" classname="tests.SystemInfoTest"/>
  <system-out>
<img src='data:image/jpg;base64iVBORw0KGgoAAAANSUhEUgAABQAAAAKjCAYAAABCy6I5AAAgAElEQVR4nOzd91sU5+L+8e8f8gk7Q5ITz0mQXqQp2AABBbuoYEMRxRZ7l6LYW1SMGHssMfaCCioqYgcRBRVQqkrvnfv7A864uyzLYogreO91va5zws7Mzu7O2XOd93meef6foZEZiIiIiIiIiIiI6OvRkY//p+83Q0RERERERERERKoYAImIiIiIiIiIiLowBkAiIiIiIiIiIqIujAGQiIiIiIiIiIioC2MAJCIiIiIiIiIi6sIYAImIiIiIiIiIiLowBsDPJJpYNTO20vu5EBERERERERERtYYBsB1EEysIfdwhTpgOcXE4hFWbIc4PheHIiRCsHPR+fkREREREREREROoYAHXVoxcMps6DEHkK4vn7EKKTIMQkQ7j2FMLJWIgLV0N06KP/8yQiIiIiIiIiIlLyzQZA0cQaYh93KHwDYDhlHhRDfaGw6aV5+x69IC4MhXAuHsLtVxDi0iHezWgWlw7hThqEs/EQghZBNLbU+3sjIiIiIiIiIqJ/5mcTU1hZWcHW1ha2trawt7eHs7OzXjg6OsLW1hamlp93K7pvLgCKRmYQnd1gsCAU4skbEGOeQ7jxAsKlh1Bs3g/RY6jq9iZWMJg0G8Kp2xDupEFUjn/KEfBGSvP+9r31/h6JiIiIiIiIiOjz/WJihkn+/li/fj127NiByMhI7Nu3D4cPH9aLAwcOIDIyEsuXr4CVrX2730+XCoCisQUMHPvDcMAQiP0HaRzRJ3oMw3c7j0G48aJFzBNupsBg834YKkU80aEPDDfvhxib2jL8Ke976xXEiBMQnF31fpESEREREREREdHn+cXEDIGB07Br1y6cPn0a0dHRuHfvHh4/fownT57oxePHj3H//n1ERUVh3fr1sOvp1K731KkCoPiL5r9/b2wJA+cBEJetx3cnb8LwagLEC/dhsPkAFF4+EI0tmrft2R8Gm/ZBceOF5oh3Jw3CsWgoBo6Uj61w9YKw5xSE269bD4Bx6RBupkDYsBeGNj31fqESEREREREREVH7/Wxiikn+/ti1axfOnTuHO3fuIDExES9fvsSbN2/w9u1b5OTkfFGZmZl48+YNXr9+jaSkJMTGxmLtunWw7dnKrew0+OoDoGhkBtHCDopeLjDo6wHBsS8EU+tPzxtbQPQaBTHyFMQ7aapB70YKFFsOQOjrDrG7ORS+ARBOx2mexns3A0JcOoS/bkAxeLR8fKH/QAgRf0G4/ar1+HcnDcLft6DwmwbxK7hYv5QfTSzRzdwGP1vZ4hcrO/xsZYtu5jb40YT3QSQiIiIiIiKizsfKygrr16/H6dOncefOHbx48QKZmZn48OEDiouLUVJSgvLy8i+qtLQUxcXFKCgoQHZ2Nl69eoXo6Gi4ubnp/L6+6gAoGltC6OsOYW4IDH7/GwbHoiFs/xPiqEkQzHo0b+fqBcXe05oDXVw6hGPXII4YD8G8BwzmBkNx7WnrI/luvWyextv70wco2jhAsTgcisuPVRf/kILh7dcQz92FuDAMhj10L6+d1ffdzWFkbY9erp7wmTAZ85auwJqNm7Fp+06s3bwNi1aGYFzANDi7D4KRdfvnpBMRERERERER6YutrS127tyJmJgYJCYmIisrC0VFRaiqqkJ9fb1e1dTUoKSkBHl5eYiPj4enp6fO7+urDYBid3OIA4ZC/O0QhOvJn6Lb7dcQfjsCof/A5gU6Fq6BGJ2scVSfEJcOxdFrEEaMh2BhC4MFYVBEJ7U+/ff8fQgzlkAws/l0HkYfpwGv+x3iuXtQxCRDuJEKxY3nEC4/hnDgIsSZS7+J+NfN3Ab9Bg7G0uAwREXH4E1mFkrLylCndDFWV1fj/Yd8XIm5jgmBM/CDNP2aiIiIiIiIiOgrZ2tri8jISNy7dw8vX77Ehw8fUFlZifr6+g6NaJ/zaGxsRHV1NYqKivDkyRN4e3vr/L468tGxAdDeGcKGvc2j8tRH9f15FYL3aCjsesPg95OtTs8VbqZAsf0IFP08IXa3gDAhCOLpO82r+aodU3HxAQxWbobQq3/LczFqXjlYCJyP70K3Q7HxD/zfmggIs5dDMWAIBPMeer9A/20/W9nCZ8Jk/H32PN5/+ID6+no0NTWhqakJjY2NcgBsbGxEY2MjcnLzMH/ZSgZAIiIiIiIiIuo07O3tsW/fPjx+/Bhv3rxBcXEx6urqOjSg/ZNHQ0MDysvLkZSU1EUCoG8gFFcSNY7UU+z5G8KAIRB79Ydw4ILGBTqEO2kQTt+GYuo8OdAJjv0gLt8I4dQtCNeeNY/mu/QI4uErMJgbAqFXP6338BONLSFYOcDQzgkKa0eIJlZ6vzC/hP+YWmGY7wRERcegsqpKDn81NTXIys7Bo4RExMTeQszNWDx8koA3mVm49/ARvH18Wz3m993N9f6+tPm+u3mHn+O/ccx/8rl+7d8BERERERER0Zfm7OyMw4cP48mTJ3j79i1KSkr+UQBsbGxEZWUlKisr0djY+I/jW0NDAyoqKvDs2bPOHwBFIzMIyze3nNYblw7h6lMolq6HYNe7+f58G/ZCuJH6aduP9+VTnIuHsDgcokOfT8f9xRSGjv0gTJoJgyXr8N3yjVDMXgbDIb4QLOzafY7/5D1+390cv1jZwcjaXh4l95OpFUzsesK2jwvs+rjCxK5nmyPoupnbwNzBGXZ9XGHXxxVm9k74ybRlmPzRxBLWTv1g388N3W0cmvc1s5b37dG7P7rbOGiMQrZ9XHDgyDGUlZfL8a+0rAwxN2OxNGQ1RvhNRF9Pb/T19MYw3wmYt3QFFixfBVO7Xirvt7uNA/p6emPkuEkYHzAdY/2nwtvHF/b93NDNzLrF52Pu4Iy+nt7oN3CwvM1/TK1g28cFQ8eMk4/hPnQkzB2c5XP/xcoOzu6D5NfxmTAZzu6DVF7DuIcj+ng0H9vRxR3/s7TFjyaWsOzZB57DfTAuYBrGBUyD53AfWPXqKx+7m7kNHF3cMWzsePhNCYTPBH+4eA1t9X6H3cysYdfHFUNG+2HclGkYHzAdw3wnoKerB362spW3+8HYAnZ9XNFv4GD0GzgYPXr3x/fdzdHN3AZObp4YNd4fflMC4TncByZ2n1aa/o+pFWyc+2HgiNHwmxKI8VOD4DNxMtyHjoRVr774j9q1YGRtj94eXhg13h8TpgZhrP9UeI0aCxvnfly8hYg61PxlK3Ho6HEYGpnh0NHjmL9spd7PiYiIiIioLcoBMCcnB+Xl5ToFwKamJjQ0NLSIfDU1NYiPj0d8fDwqKipUnmtsbERDQwOampp0jm8NDQ2orKzEq1evukgAXLlFNQDGpUOIToaw/TCEQaMgmlhC7G4Bg5ETIez+CwaXHkFxLQkGlx5B2HsawsxlEHr2a45+6sc3toRgbgvB0h6CmY3OMU8w7wHByQWi10goho+DONgHQu8BEDUEt7ZY9uyNpcFhWBocBic3T9j3dUPgnHnYums3Dh07gSMnTmLLjgiMnxqkMS79z9IWA4aMwLylK7Bzz178eeIk/jxxEjv37MW8pSvgNni4SvCy7NkbazdtxYEjx+AfNAt9Pb0xe+ES7NyzF0f/+huHjh7Hui3b4Tt5KoxtHeX9fjK1woSpQUh/81aOf9XV1YiKjsGo8f74n6Vti3P7ydQKRtb2cjT7r0UPeA73QcjaDTh3KQqPEhLxPCUVT58l4078fRw7eQpzlyyHo4u7yvubOnsuzly4hMvXYrArch88ho3C+KlB+OPQEdx78AgvUpuPEX0jFuu2bIer9zD0cvXEguWr8PfZ83j4JAHPU1KR8DQJp89fQNDcBfJ5DRnthzPnL+LytRj8cegIRk+aghF+E7E9Yg9u3o7Ds+cvkPwiBTdvx2Hnnr0YMGQEzB2cMWPeQvx54iTuPXyE5BcpSHiahEtXrmHhimD06K06fdzcwRkz5i/C4eN/4e79B0h+kYLkFym49+ARjv99GnOXLId9Xzf8YGwBI2t7hG/agktXruHytRhs2PYbrJ36Ydqc+Th55hweJyTi2fMXOHP+IoaOGYcfTSxh49z8/N4DhxF7Jw7JL1LwIrX5/cbcjMWO3yPh7eOLH4wt8JOpFVy8hiI4fD3OXLgkfweJz5Jx+248Ig8cwlj/qfjFqn0hnIioNa/TMwAAScnP5X/V9zkREREREbXlcwNgXV0dCgsLUVJSovL3iooKnDx5EidPnkRxcbHKc9KCHrW1tTrHty4VAA2NzCCMnATxrxsQb72EcCMFBmfvQli3B+LgMRCVFukQzHpA4Tkc3wUugPDrquZ/HTgCorW9xvhnaPQxMJrZNAdA87YDoNjdAoKTKwwCF0DY+AfEAxcg/HkV4sELUGw5AGHyrxAcerdrVGBfT288SkhE8osUbNy+A3v2H8TT5OfIyc3Du/cfUFpahuKSEiQ+S8bcJctVRnIZ93BEwKxfcflqNNIz3iAnNw9vs7KQk5eHgsJCvM3KwuWr0fAPmiXv19PVAzdv30FxSQmuxtzAsZOn8CL1JXJym/cpLS1DQWEREp4mIWz9Jpg7OMPQyAymdr3w2+5I1NTUyAHwdXo6Zs5fpDH+qfvFyg7jA6bjQtQV5Oa9Q21dHRobG+VjSVOJ0zPeYO+Bw+g/aEjze7R1xLot21FaVoaGhgbk5OXhr9Nn8SghUWUkYmNjI+rq6pD77h1OnjmHQ0ePIy0jAzU1NSqvU1NbixepLzFlxhz8ZGqFgJlzUFZWjoaGBnzIz0dUdAxu3o5DYVGxyv0NGxoaUFxSgnOXorB1126kvHyFqqpqlWPX1tXhVVo6Fq8MkeOpjXM/bNy+A6/S0lFdXS0Xfemcq6ur8fJ1GjZs+w12fVxh4eiMS1euobauDg0NDXj2/AWWha7B02fJKp99YtIz+E4ORF9Pb2zZEYGUly9RXlGhcnzpvNMyMjBn0VL8z9IWQ8eMw/G/TyP3XcvvoKGhAaVlZYi7dx8zFyxWGZn4JR06ehy34u62y6lzF/T+Xw7fkqTk54w4pEL6z+3OyD9U/u43JRBJyc9RW1sr/+uDx0/0fr5ERERERG353ABYUlKC+Ph4xMbGIjc3V/57WVkZdu/ejd27d6OgoED++5s3b3D69GmcOXMGRUVFOse3LhcAFdYOEHwDIKzcAsXyjRD8Z0Po6wFDDffdE38xhWDWA4aWdhDMerQe/rpbQHTsC8WYAHy3OBwGoTvw3YpNUPjPVpkq3GIftyEQQrZDOB0HITZVXkREiEuHGPsSwt+3YLAwDKJDb53fX7+Bg/Ei9SUqKiuR8eYtEp4m4eSZcwjftAXLQtdg78HDyMzKRl1dHRKfJaOvZ/OX+l+LHvAPmoWHTxJQWFSMuHv3sX7rdsxasAQLVwTjwJFjeJOZhaqqajxOfCrfh6+Xqydux8Wjvr4exSUleJr8HH+eOInQdRuxcvVa7P5jP5JfpKCuvh7ZObmYu2Q5fjK1Qk9XD0TfiJWDUX19Pc5fjpLPR5v/mFph2NjxuBpzAxUf57rX1dcjOzcXiUnPkPHmLaqrq+UI9SE/H7/vOwDLnn1gbOuI9Vu3o7yiAk1NTairq0NZeTlqa2vxIT8fGW/eoqSkVCVilZWXo7ikBGXl5cjJzUN2Ti4qK6vkc29oaEBUdAwsHJ0RMHOOyrErKitRVVWN4pISZGZlo6hYNQRWVlWhoLAQNTU1eP8hH1nZOSohsr6+HjGxt+DiNRS/WNlh9YbNyH33Tn7dgsJCxD94iAePn6CwqPhTpEvPwLylK+Do4o5LV67Jr1lWVo7UV69RW1uL8ooKfMjPR35BAS5duYYJgUH4bXcksnNy5fBXU1uL7JxcPEpIxKOEROTk5uHBo8cYPXEyXLyG4tjJUyguKUFjYyNq6+rwOj0dt+PikfLylTxEuaamBnH37mOY7wS9/MhmZed81g+Pvv/LQZP5y1YCQIsoog2ADg+a6p/pPz1+WVk5ysrKtW5zK+5um9t8DZKSnyMrO0fv59EZ+U0JlK9t6Rp7nZ4BQyMz+e/q19ytuLtf9X9miYiIiIgknxsAGxoa8PjxY5w+fRrx8fEoLS0F0BwAIyIiEBERgfz8fABAUVERLl++jK1bt+LChQvtWmG4ywVA0cgMgqk1BFtnCLZOEM17tDrCTjQyg8LaEYb2vZsX59C0jYll88jANTuh+OsmFNeeQnE9GYroZCjOxkMRsg2Gjn1b7Cc4uUII2Q7x8uOWqwdLC47cfg3F37cg+M+GqOOqt1IArKurw7PnL7A0OAzO7oNgbOuIn61sYdfHFRF796G8ogLV1dWYOX8RDI3M0NvDCxejrqK8ogK378bDb0ogzB2c0c3MGv+ztIV9PzeErN0gj/Q6/vdpmNj1lANgQ0MDXqWlY3noGji5ecK4hyN+sbKDtVM/zJy/CNk5uWhsbMTd+w/g5OYJ96EjkZT8XGX6b8Te/bDs2XbstHbqhx2/R6K4pEQOXo8SErF4ZQiGjh2PSdNn4u+z5+URbg0NDXj5Og1TZ8+Fmb2TSgCUIty16zcxb+kK+E4OxG+7I1FSqhoB09IzsCtyHwJm/Yppc+bj8tVolWPk5ObB1XuYSgCU3lf8g4cIDl+PSdNnYsO231QCW1NTE0pLy3D0r78xY95CTJkxB4eOHld5/fQ3b+E7ORDDxo5HUvJzOax9yM/Hxu07MGjkGIwcNwkH/zyGisrK5vhYX49LV65hsI8vLl+NlgNgQ0MDampq8PRZMtZu2oqZCxZj/rKVCJwzD8Hh65Hy8pW8bVVVNc5cuISAmXPg7eOLwT6+CJwzDzPmLYSz+yAsDVmNrOwc+d4C9x8+xox5C+E+dCQmTA1CYtIzeWRiUXExftsdqZepwA8eP0FWdk67SNHha/M1BEDpM/o3X2Nn5B8tYh8DYMcB8NXdN89vSiDyP/6/lq/TM+SpCrW1tXIMTEp+jltxd5FfUIDX6RnYGfkHXqdnICs7B1HRMXp/D0RERERE2nxuAASAzMxMxMTE4OLFi0hJSQHQPAX46NGjOHr0qDzS78mTJ4iMjMTevXuRmJjYrvjW5QKgoZEZRGMLCBa2EE2sNEc9IzMY9uwPReAC/N/GvVDsOIbvNuyFMG6qvPKvoVHzKD7FwBFQbD0IMTrpU8iLS5cpLj6CMHuZysq+orElDALmNY/8ayX+yRHw+nMowiMgWjvo9N6kAFhWXo6Dfx6DVa+W8XFC4AzkvXuPhoYGhG/agh9NLDFtznzkFxQg7917hKzdoHG6Zo/e/XH+chRq6+qQlZ2DoWPGyQGwpqYG5y5FqdxvT2Js64gjx/9CU1MTCouKETBzDoaM9kNaRoYcucrKy7Fx+w6V+wRq8n13cwwdMw6PE5/KEa2ouBir1qyTF+z4ydQKHsNGIfXV60/HLyvH3oOH4dB/QIsAeO/BI4zwm4hfrOzwg7EF+np6q8TJ8ooK/HHoCBxd3PGTqRW6mdtgwfJVyMnNk7cpLCrGkNF+LQLg85RUzJi3EMa2jvjPx5GPt+LuorauTt7mVtxdOA8YiG7mNuhmZo1xAdNUXv/9h3wEzpmHbbt+R2lpmTw9OSb2Fhxd3PEfUyv8z9IWU2bMRlr6p880PeMNAufMw5WY63LUa2xsRGZWNmbMWwhTu17oZm6Dn61s0dvDC8dOnpIDYlNTE65dvwlX7+Hy4i/S4iG/WNmhj4c3Tp45h5raWvnzDVm7ARaOzvjRxBI/W9liy84IlZGEV2NuoJerp95/dDuzryEAtvf1P8epcxcYAP8l0jX0NQbAtu5Pkl9QAL8pgXjw+InK32/F3dX7+RMRERERtaU9AVB9Zd+qqio8f/4cFy5cwL1791BXV4fq6mrcuHEDN27cQHl5efO6ClFR2L59O6KiouSRgkBz3Pvw4QNqP/5veE2PLhUAxe7mEDyHwWBROAw27IWwYhPEwWMgmH5a1EI0MoNi4HAYbD0ExcWHEG6kQIh9CcXNFIjHYyCMnSxHQ9GhD4QVmyFcfdo8bVdTxLv1EopdxyHaOcuvIdg6QVj3O4TYVK3xT9pf/O1PiPa6TQOWAmBxSQl+2x2pMeQNHTNOHrm1Ydtv6GZug4i9+1H7cdTg6ElTNB77B2MLLA9bg4rKSlRUVmLRyhA4uTUHwKqqKhz/+zTM7J007jtn0VLU19ejuroa67Zsx7Cx45GhtABIWXk51m/d3mYA7GZug5nzF+H9h3x532fPX2CY7wSVlYa7mdvI0VG6n17MzVgMHDG6RQA8c+ESbPu4yPtaODrj7v0H8vNFxcVYu3mbyr0J/YNmIT3jjTwNuLS0DMPGjlcJgI2Njbhz9x4GjRwj72fcwxGXrlyTw1lTUxNOn7+Abuaf7j/pNWos4h88lJ/PLyjAwhXBuHb9pjyqsb6+Hs+ev8CuyH3YuWcvdkXuw7lLUcgvKJD3KygswrLQNYi5GSsHwLq6OlyJuS7fi1Ey2McXd+8/kN9PZVUVFixfpXHl5++7m2OE30Q8SkiUty+vqMClK9fk89mz/yDu3L2nMk36UUIiBo4Yrfcf3c5MUwDcGfmHyg+meuyT/qY8bVc5mNyKu4us7JwWx9H2+tqCi3S8U+cuyMeSwp20aIP6MbKyc+R7ACpvo3wuUgDU5Tz1qa0A2Nb3JX3G6g/p89Ll+1a+PpSDn/J3Ij3+7ZjbHlLYq62tlc9rZ+QfchiURvlFRcfIMZCj/4iIiIios9AlADY2NqKkpATPnj1DSkoK8vLyUFNTA6D5XoAJCQl4+PAhKj7es//du3d49+4d6urqUFxcjCtXriAqKgpZWVkAgPLyciQlJeHixYvYv38/3rx502p07DIBUDC1gWHAPIgnY6G4/rz5nnsxyRD+OAPFMD856gl9PSFsOwThxovmqPcx7Alx6RBupuC7tbuhsHZoXsBj5AQIR69BiGt9FJ9w+zWEgxdh6Owmn4vo7AbFruNtjv4T72ZAuJkCYfN+GNr20ul96hIAh4z2UwmARtb2OHfpMurr6xH/4CHcBg9v9fjjAqahsKgY1dXV2LDtNzi7D5ID4LGTp1oNgGMmBaCsvBw1NTX4fd8BDBzug2fPX6hMld39x35Y9tR8z0RJdxsHBIevV7lP3u24eLh4DVXZ7vvu5ghdt1Fl6uuDx08warx/iwB46tx52Dj3k/c1d3BG3L37KgEwfNMWlQA4cdoMpGVkyIGrrKy8RQBsaGjArbi7GDjcR97PuIcjLkZdlat7U1MT/j57XiUADho5RiVA5hcUIGTtBjxKSETdx5GD0j33yisqUF5RgYrKyhaLgpSVlWP1hs24fuu2/DnU1NZi/+GjKmHv++7m8JsSiKdKow4LCoswetIUlagq+dHEEpOmz8Tr9HSVadJVVVWoqKyUz0f5PTY2NuJp8nOM8Jv4xX9ku/IUYCkGSf+sKdBJD2kbKQJJI8Cke6gpR6uysvJWF+Vo655r0vPS/spBS4pV6uegHAClY2gaAdie89QXbQFQ1+9LOep9zvfdWgBUPsbXNAIwfNMWldF/h44eV3lePSaHb9qi93MmIiIiImqv9gTAR48e4fr167h//z7S0tJQXl6OxsZGFBcXIycnB9XV1S3iWUVFBV6/fi0Hwffv3yM6Oho7duzA8uXLsW3bNmRmZnbtACh2N4dhwHyIV5+qxDohLh1C9DMolm+EaOPQvILvryshXHqkcUSfcPs1xMhTEJ1cIJj1gMGMpVBcfao94N1+DUXkaZX7AApOLhC2H4Zw+1XbATAqAcK8EJUpxNp8TgA0tnXE1ZgbqKurw+278XD1Htbq8Uf4TURBYRFqamqw4/dI9Pbw0ikAjp44GWVlzQFwx5696OXqgUtXrqkEpKsxN+Dq3Xp8NDRqDmhh6zehqqpa3jf2Thz6DRzcYtvg8PVy+Kqvr8e9h4/gM2FypwyAoes24kniUzkASlGtvr6+VWVl5VizsWUA/H3fAfxoYim/3vfdzTFp+ky8SE1VeU2fCZNbDYABM+fgbWaWvL30GWuTlPwco8b7f/Ef2a68CIh6ODM0+hRLpH8GVIOS+jE0xba2RrGpj1JTDk6ajqfpPLW9j9YCYHvPUx+0nVNb35cU59SPJwU+Xb/vzhYA1Uc1qo9KbOt5IiIiIqLOoD1TgPPz8/Hs2TPcuXMHsbGxSE1NRUVFhc7/e1ZaDGTVqlUICwvDgQMHkJycjIaGhlb36RIBUBgwGOK5u5oj280UiOEREO16Q+znCXH3X82hr7WYt+MYDO17w9DSDuL8UIg3XmgPeDdeQFixGaLSNGPB3Bb/tzgcimttxMPYl1Ds/gtCP93vm/a5IwBPnTuP+vp6PHj8RF7hVxP/oFnyCMDVGzapTAHWFgAD58yTpwCHrd8EU7te2LIzQiWE5b57h3lLVqiENnVG1vZYERauEvASniZpnFr62+498jZ1dXWIvROHwT6+nS4ASvc4vPfwEeo+hrzaujpcjLqKJatCWzV/2UqM8JuIqzE3tAZAQyMz+EycjISnSSr3PZz+64IW2xkaNQfACYEzVO6xmJ2bi12R+7A0OKzV85k6e67K5/ylHDp6HLfi7rZLR6+a21HU4x3QcgqoeuDRtI3yMVqLbbqGtbKy8jaP928FwPac55eiLQB+zvel/M+67t/ZAqDflEB5cQ+g5RTz1+kZAJpHf96Ku4v5y1aqjIr0mxKo9/dARERERNSW9i4CUlVVhbdv3yIpKQnPnj3D+/fvdQ5pb9++xalTp3Dw4EHcvHlTXiVY26PTB0CxuzkMFoZBuPVSc2SLToZi+SaINg4wHDwG4uEr8rRfle3i0iHceAFx+QaIJlYQzHrgu8AFMLj0SOP2Ylx68yjCY9cgDBqpek5GZhC9fWC49yzE2FSVqcZiXDqEO2kQbqTAQG16si4+JwB2M7fBjt8jUVdfj/SMN5j+63yNI7++726O4PD1qK6uRkFhISZOmyEvAqItAP7H1AoRe/ehqakJJaWlCJg5Bz+aWGL0xMkqEa2hoQH3HjzCWP+p+E6LiD8AACAASURBVK9Fjxbn8IOxBX6xskPArF+RnZsrx6e8d+8RNHcB/mvxaYEWU7teuHk7TiVoHTlxEr1cPTtdAMwvKMDshUtw5vxFVFdXo7GxETW1tTh49DiMrO01XgfSZ2fu4IxLV661GQD7DxqCa9dvyts1NTXhwuUrsHZqGey+724Or1FjcVvpHn+5794hYNavKt+BpvOhf6Y9AVDbNsrPd0RYU56KywD4eQFQfYq29NA2Pbi177uzBUCJ8uIe0shHKf4pfxZZ2Tmora1tMd2ciIiIiOhr9rmrANfV1aGmpgb19fVtbis9amtrUVZWhqqqKp336fQBULC0h8HmfRqn2wpx6RBP34YwaSZEY0sYevlAPHhJ4735hNuvIB6JgjBgCAyNzCD+YgqF53Aofj8J8dZL1SnDcenNi3dceADD8UHNU5DVzks0toQ4xBeKrYcgXnjYHCJjkiFceQrxRAzENTshugzUuK82nxMApXu65b57h9KyMhw+/hfs+7m12M/RxR03bt1BXV0d7t5/APu+bnIArK6uxolTZ2DhqLq4xA/GFnAfOhLJL1LQ2NiI+AcP5ZWCLXv2we/7DqCkpFQlAj5Nfo4VYeEYNHIMHF3cYd/PDf0HDYHv5EDMnL8II8dNUlnZtrauDldjbsBngj8se/aGbR8XhKzdIN8nsLGxERlvMzFrwWKY2Tt1ygA4dfZczF+2Ennv3qOxsRENDQ3Iys5BcPh6OA8YCAtHZ5jY9YS5gxOc3QfB28cXFo7OsHDULQAa2zpiy44I5BcUyu+porISO/fsRV9Pb5jZO8HM3gn2fd3Qx8Mbzu6DsCtyn8p7jbkZi/EB02HbxwWmdr1gYtcTVr36wtV7ODyH+7QaB/9t0mih9vha7zHWEVOApb91ZABUPg8GwM+fAix9Lrp8zrp+350lALa2+In6Y/6ylSr3gwTARUCIiIiIqFNoKwBKt9aqra1FTU0NampqUFtbi/r6epUVgXV91NfXo7y8HEVFRcjPz0d+fj6Ki4vlBUTUH50+ACqse+K7rQdVp/V+HJ0nXE+GuHY3RGdXGBqZQXTsAyF8F8TopOZ7BX4cmSfEvoR4MvZjKPx0Lz7BrAcUYwMg7DkFIeoxxJhkiNeeQbj4EIq9Z6EYOxmiiXWr5yYamUF07AvDMVOgmLMSBvNDYThxNgQ3LwgWdp/1fj8nAH7f3Rz2/dxw4tQZVFZVISs7Bxu375DDj7mDM/oPGoIdv0eipLQUxSUlmL9sJX40sZQDYG1dHW7F3cWo8f6w7NkHJnY9YdmzD4aM9sOZ8xdRU1ODouJiLA1ZjR+MLWBo1DwqbOBwH5y5cAklJaUqC1hUVlUh481bJCY9w/2Hj/Ei9SUKCovwNPk5JkwNwsIVwXiblSXvU1Nbi+QXKTh17gKuXb+JwqJiOf6VlJbiyImTsOvjCmNbx04bAB36D8CpcxdQUVkpv7fS0jI8SkjE6XMXcOjYCZw6dx4PHj/B48SnmDhtBmyc++kUAL/vbo5hY8fj+q3bqKqqkt9XTU0NEp4m4dS58zh+6jRuxd3FlZjrGO43AWMmBeDu/Qeora2Vo2ROXh5u3LqD43+fxoEjx3D+chRSXr7Etes34eSm+1T2jtSZ7wEohQ7lf1aOYJ+zqIT0t88JgNL5aFqFuCOnAKsvEtLe89Snf7IIiHqsa+/+hkYtF0aRHtIxpX2+xmnup85dQH5BAQ4dPS5PLVf+51PnLsiLhUjnr7xysL7Pn4iIiIhIm7YCYF1dHbKzs/H8+XM8fPgQDx8+RFJSEt68edOu+/9Jj6ysLBw+fBjLli2Dv78//P39sWrVKpw4cQIFH2+/o/zo9AFQNLGCOHcVhOhnn4LenTQoriRC2HUcoucIeYqtaGQGwdsH4qZ9EE7fgeLiQwh/32q+79+YqRoX4hDMe0AxYAiEGUsgrNgEYclaGE6cCcNe/ds1ek80Mmv3aD9N2hMAGxoasGHbbzA0MsNPplYYOW4Sbty6g9LSMuQXFODGrTv4fd8B7Nl/UL4/U05eHvYeOAxTu+ZViaUA2NjYiPKKCjx8koBDx05ge8QeHDlxEk+Tn6OsvBw5uXmI2Ltf3k/yH1MrePv44tjJU8jMykZVVZVKCFTW2NiIrOwczFuyAo4u7tiyMwIZbzPlabHq29fX1yO/oBDnLkXJEe7fCoAlpaU6B8ALUVdQU1PT7gDYzdwGA0eMRlR0DIqKi1UWBFFXUlKK4PD16OXqqRIAa1sJgIZGZuhmboOAWb/i7v0HKCsvR0NDQ4vPtbGxEW+zsjB38XKY2vXCrAVLEP/gIcrKyuX/V0LT9/bydZre7tOlPIVQ18fXFBOUV90FWsYh9QUSNMW+jgqA0mhK9Udboa69AVD6m/TYGflHpwqAmh7Sd9DW96X+fat/xm3tr/689Fmrf0fSQ/1+e18L6T+36tfF6/QMlJWV48HjJyr/zGnARERERPS1YwBs+/HPVwHu5wnFpv0QTt2B4txdiH9ehcGKzRDchzZP/VXe1tgSYu8BUIwLhEHgfCiG+cHQvneb9+ETjT7GRh1X622xf3dzCKbWzcf4ByHQyc0T0TdikfA0CcFr12ucduk+dCTu3n+Al6/TsDQ4TP77fy16YITfRBz88xgSk54hOycX7z/kI+/de6S/eYsbt+5g5eq16NG7v7yPFADr6uqQmZWNRwmJyHibibx375H37j0y3mbi9t14LA1ZDcuevTWe8w/GFujp6oHFK0Nw7lIUkl+kICcvDwWFhSgqLkZ+QSFy897h5es0XL4ajclBs/GTqRXs+7phyapQXL4Wg1dp6Xj/4QMKi4pQUFiErOwcPHj8BNsj9sDVe5h8Dzoja3ssDQ5D8osUpGVkIC0jA7v/2A8Lx0/nZmLXE3+fPS8/n/A0CQtXBKtEOp8Jk3Hzdhxep6cjLSMDTxKfwnO4D8b6T8Wz5y+QlpGB1+kZOH7qNPoPGiLvZ2Rtj8gDh5Dy8qV8/Ii9+/GT6afrxtV7uMrrP058Cr8pgfjJ1Ao/GFug/6Ah2B6xB3fvP0DGm7d49/4DCgqLUFhUjHfvPyD9zVvce/gI85asgEP/Adh/5Chevk5DWkYGUl6+wpqNm+VRmOq6mdtg9KQp+PPESSQmPUNWdg7yC6TvoQBvMjNx83Ycps2Zj59MrWBkbY/Rk6bg0NHjeJSQiMysbOQXFHz63t69Q8rLVzh3KUovKwATdSanzl3QGDQ1BdJvmfK9AoGvczQjEREREZE6XaYA19bWorq6GpWVlaisrERVVRVqa2u1rt7b2qO2thZFRUXIzc1FZmYmMjMzkZeXh+LiYo33E+waAdDIDKKzG4Rx06CYNAuGQ8bC0KanTlFP59cwsWyOd8aW7dvP3AZiXw8Iw8fju4mzYTAhCMJQXwi9+n9WTDSytseYSQGYNH0m+g8aojH0mNk7YUJgEAJm/Yp+AwerPPeDsQVsnPth9KQpWLIqFGs3bUXouo2YMX8RXL2Ht1ihV3kRkDMXLsF3ciDmLlmO0HUbEbx2vbyfcjxrTTczazj0HwDfyVOxNGQ11m7ehq27dmP91u1YuXot/KfPQl9Pb5VRjf+16IHeHl6YOnsuwtZvwpadEdiw7TfMX7YS3j6+6G7joPIaP5pYoq+nN6bMmIOAWb8iYNav8Bo1ViWUSqMhpecnTZ+J3h5eKp+ljXM/+E0JVNnGwtEZtn1c4B80S/77MN/xMLZ1VDm216ixmDJjtrzNoJFjVBbJMLHrieF+E+TnJwfNhm0fF5VtfrayhfvQkZgxbyFC1m7Axu07sPm3XQhZuwEz5y+C16ixMLXrhW7mNhg6Zpx8rCkzZsPFa6jW7+H77uawce6HUeP9sWD5Kqzfuh1bd+3G2k1bMWfRUgz28YWJXU+Va8aqV18M852A+ctWqnxvy8PWYOK0GS2+NyJqSdMox695yq6+PHj8BPkFBdgZ+Ye8GIi+z4mIiIiIqC2fuwjIl3p0iQCoTJc4J3a3aF7p19Ra6/aikRlEKwcILl4w8AuEQcBcCBOCIHqNgmjj2MZ5mENw7AvBfxbELfshnrgOg4sPYHDxIcSjV6FYGwFhtD9EK82rvH4JP5pYopuZNX4ytWp1FVdNqwB/390cP5la4T+mnzcaUvm1f7ayRTcza52O9ZOpFf5naYtu5jatjnDrin4ytUI3cxv816IH/qPlu/ocPxhbqHwPbX2u6tv/k2uA6FukaQqx8j0XqZl0SwF93VqAiIiIiKi92hsA6+rqUFZWhoKCAhQWFrZrRd+amhoUFhYiPz8fpaWlOoXGLhEARVMriDaOEO16QzDTsiiHiSUEJxcIPv5QBC6AInA+xKG+ECxbRjixuwUEZ1cIQYsh7PgTilO3obj0GMK5uxAPnIcwLxiineYpr6KROcTeAyAsXgvF6dsQbr1qvj+h8urEN1MhHI6CMPlXiNYO/+j9/5s0BUB9nxMRERERERER0dekPQGwqqoK+fn5yMrKQmZmJgoKClBTU6NzSKurq0NhYaE89ffDhw+oqqpCU1NTq/t06gAoGltAcHaDImAuhBWbIYZHQBG0GGJvt5Yj+yztII6aCGHtbghHr0Fx8QHE8/chHL4MxfTFKhFQNDKD4OQGxZJ1EM/EQbitGvDEO2lQXHwEcWEYBLOWU1/FHr0gzAttPv6dtE/7KYtLh3DrFRSHL0MYOQli969zRBsDIBERERERERGRdroEQGlB07y8PGRkZCA7OxtFRUWora2Vw15lZaXWe/gpb1tUVITs7GxkZGQgNzcXtbW1rUbAThsARRMrCF6jIKyNgHgmDoqYZIg3UyCcvwdF8FaI9kqj8yzsIPpNg/DHWQjXkyHEpamGuLPxEEZNlrcXrB2gmLkMQmsB7+Nqw+K5eCjcVe+3JhqZQ/AeDeHQJQi3X2uOf0qEmGQowndBsHXW+8WqCQMgEREREREREZF2ugbAuro6vHv3Du/fv0dZWZkc+6Sg9+HDB9TV1cmLhtTW1qKxsRH19fXIz89HYWGhHAHr6+tRXl6ODx8+IC8vDzU1NV0rAIpGZhAGjYD422GI156qBD0hLh2Ks/EQRzWvSCp2/xjk9vwN4UaK6kg+5aAXHiGv0KsYOALCH+daH70nvdbtV1BMmaN6bhZ2EGcvg3A1sc34J97NaH6NgxchuOn+4X9JDIBERERERERERNq1ZwqwFPWU41xJSYk8nVf6W0FBAQoKCuRImJ+fj8zMTBQWFqqMEpRiYZebAiw49IYYuv1j/EtvEfOE6GQoZq9ojn/WjhDmhTQHOU3x76Pv9p2FYGkP0cIWQuB8iFeetB3w4tKhWLgaotKiDKJ9b4jB2yHeeqlTABTj0iEevw7Re7TeL1ZNrHr1xc49e3E15gaCw9e3WHWXiIiIiIiIiOhb909WAa6oqEBOTg4yMzNRUlICoHl0X3Z2NrKzs+XjlJaWIjMzE9nZ2SgvL29XfOt0AVDsbg7F8HEQ/ryqOpVXeVRddDIMZi9rDnN9PCBuOdTmdFyDvaehsLaHYNMTiiXrdZq+K95JgzBnmer59ewPRfhu3faXguWxaAgDR+j9YtXkRxNL2Dj3Q09XD1g4On9Tq+8SEREREREREenicwNgU1MTCgoKkJ6ejvfv38v71NXVIT09Henp6fICIXV1dfjw4QMyMjLw4cMHrSP+1B+dLgAKZj0gTFsA4cJ9zfEvLh3CpYdQ+AY0TxUeOAKKAxe0jv4T72bgu7DfIBpbQrB1giJkG8Q2pv+KdzMg3kiBMGK8yvmJNj0hLlkP8WaKblOAb7+CGHEChj376/1iJSIiIiIiIiKi9vvcACjdEzAnJweVlZUqf1cPgEDzCsJ5eXnIy8uT7wWoy6PzBUBzWwgBcyGci28lqL3Gd3+chaGTC8RfTKHwGArF3jNaR/GJN1MgjJoIQyMziFb2EOYFtz2F904aDA5fhsKmp8r5iabWUEyaBfHCA92mEF96CIMZSyGaWOn9YiUiIiIiIiIiovb7JyMApcU+lEf01dfXIycnBzk5OSrHkRYS0bbgh6ZHpwuA33c3hzB6EoS/bmiOalefwjBgnnxfPqFnv49Tcl+1HgC3HYLi473tRGNLKEZOhOL0Ha3xzvBqAgz8AjWeo+DsBsXWg22OAhRupsBg2yGITq56v1CJiIiIiIiIiOjz/JN7ADY1NbWIeQ0NDSgsLGyx4Edr27f16HQB0NDIDIJTf4ib9kG4+aJ5ym9cevM9964+hcGyDRCs7D9ta9YDikmzIPx9C8KdtOZFQ+LSm+8feDMV4u4TMOytGuBE+z5QLF0P4Wqi2j7pzSHxwgMYBMyFYNZD4/mJxpYQB4+FYcRfEK4nazjGawjXkqDY+AfE/gP1fpESEREREREREdHn+ycBUNOjqakJ9fX1qK+vb3fs0/TolAFQNLaEOMQP4q5jEC88hHj+Pgz+OAvDgHkq8U8i2DpBMWs5hCNXIFx6COHyY4h/x8IgeBvEvu4tj/+LKQQnFxgsDofiWDSEix/3OX8fws6jEEb7tzllVzS2hMJtMITlGyAeifp0jHP38N2ek1DMWAxDh956v0CJiIiIiIiIiOif6egA2NGPThkADY3MIJpYQejtBsXgMRAGj4Zhr/7ytN8W2xqZQbCwhdB/EBRDxsJgmB9EFy8I5rbaX8fCFoauXvI+Cs9hEGx7QWzHeQrmPSD09fj0ul4+MOzZt9VzJSIiIiIiIiKizkU5AGZmZqK0tPSrC4AVFRV4/vx55wqAREREREREREREXwNHR0fs378fjx8/xps3b1BcXPzVBcDy8nIkJSUxABIREREREREREbWXra0tIiMjcf/+fbx+/RoFBQWorq5GY2Njh0a0z3k0NjaitrYWJSUlSEhIYAAkIiIiIiIiIiJqL1NLKyxfvgJRUVFISkpCdnY2iouLUV1djYaGBr2qra1FaWkp3r59i0OHDsO5X3+d3xcDIBERERERERER0UdWtvZYt349YmNj8erVK+Tm5qKoqAjl5eWoqKhAZWXlF1VRUYHy8nKUlJTg7du3OHPmDHr3d2nXe2IAJCIiIiIiIiIiUmLX0wlr161DdHQ04uPj8eTJEyQlJeHZs2d49erVF/X8+XMkJSUhISEBhw4dbnf8MzRiACQiIiIiIiIiImrBtmcvuLm5wcPDA97e3l+F9kz7VcYASERERERERERE1IUxABIREREREREREXVhDIBE1CEKSiqJiIiIiIiI6CvEAEhEHULfP2ZEREREREREpBkDIBF1CH3/mBERERERERGRZgyARNQh9P1jRkRERERERESaMQASUYfQ948ZEREREREREWnGAEhEHULfP2ZEREREREREpBkDIBF1CH3/mBERERERERGRZgyARNQh9P1jRkRERERERESaMQASUYfQ948ZEREREREREWnGAEhEHULfP2ZEREREREREpBkDIBF1CH3/mBERERERERGRZnoLgD+aWcPUyQXWLoOI6Cti6uSCH82sGQCJiIiIiIiIugi9BUDz3gP0HjqISDPz3gMYAImIiIiIiIi6CP0EwO7msOo/UO+Rg4g0s+o/EIbdzRkAiYiIiIiIiLoA/QRAIzO9Bw4i0o4jAImIiIiIiIi6BgZAItKIAZCIiIiIiIioa2AAJCKNGACJiIiIiIiIugYGQCLSiAGQiIiIiIiIqGtgACQijRgAiYiIiIiIiLoGBkCiLsDG1QsDRvjCP2g2Fi9fiQ0bN2Lr1q1Yv2EDFi1fCd8p09F3yKh2HZMBkIiIiIiIiKhrYAAk6uQc3IdgtH8gVoWGIXzdOmzctAlha8IRHLYaa8LXYv2GDVgdvhbzlyzDyAmT4eAxRKfjMgASERERERERdQ0MgESdWP+hozFj/iKsWBWM9Rs2IGjuAozxD8SgMePhPtIXXmPGY7R/IGYvWIywNeFYvioYMxcsgb172xGQAbBryczNR0joGixYuBiJyakdfuxNW7bB3d0D5ubmGDPWF9dj4/T+nr82icmpWLBwMUJC1yAzN1/v50NERERERN8OBkCiTqrXwGHwnTIdIWGrERwaBt+A6eg/dDQcPYeih5sXbFy9YOvmDUfPoXAbMRaTps/CypBQrAwJxaiJAbBx9dJ6fH0HwNS0TGzasg1jxvrC3Nwc5ubmCJwehINHjjGefIaDR47Jn+OmLds69NgLFi6Wjy1hANT+OV2Mitb7+RARERER0beDAZCoE+rh5gXvsROxZMVKhISthm/AdDh4DIVV/4Eat7dx9UJv75HwCwhCSFgYVoWGoY/3CK2voc8AeDEqukVQUubu7vHFA5MU0OIfJuj9h/tzpKZlYsxY3w7/7BKTU1tErdS0zG8y0rZ1jVyPjYO7uwfGjPVFalqm3s+XiIiIiIi+HQyARJ1Q3yE+mDp7LkLCwjBrwWI4eg7Vab/e3iMxZ+FibN26FaP9p2rdVl8BUDkohYSuUZmuej02DiGha+TRgF/yx3LTlm2dOgD+W6RYO2asr97PRd94jRARERER0deqUwfAiIgIFf2G+Oglxgzxm6TX16dvj9fYiVi8YhWWLF+JYeMm67yf3YDBGDZ+MjZt3oz5S5Zp3VZfAVCKKAsWLm51m4tR0V98hJk0fZNxR5U06k3b9/Wt4DVCRERERERfq04bACMiIhA0d6H8z/qMcAyA9KUNHeePVaFhWLB0OXp7j9R5PxtXL/Qf6oPwteuwYeNGrdvqKwBKEeXgkWN6/4HUdF6MO6oYAD/hNUJERERERF+rThkApeCm7wijfj4MgPQl9HD1wojxkxG6eg0WLF2h8/Rfa5dBsOo/EL29R2JFSCi2bt2qdVt9BUBpiq+uQSkzN19efVbbve0i9uxtsQBGZm4+Dh45prLQyIKFi1UWaJDOpzXqrxP/MAEhoWvkc3J398CmLds03vMt/mECzM3NEbFnLwpKmkc2Bk4PUln0RDkmXY+NU3lefYp0W6T91AOV+nlI70HafsxYX/x16qzKPonJqfJ7VKceb1PTMhGxZ6/Wz1mdFNOk70kaGap8/lJ8vB4bp/G7DAldo/K5Kz8vfS/aRpJejIpWWbijtX10vUakz1nTdaP8muqffWvXz+d+d0RERERE9O3plAFw3NQZiIiIwBC/SVq3C1kTLk8PDlkT3upz6vEuZE04guYuxIJlKxAREYEFy1bA2mUQ+g3xUdlHGoGoHACVn2/r/Ig+11C/SQgOW42Fy1agp+ewdu3bd/AohIStwabNm7Vup68AeD02TiXg6DLVV4pDIaFrWt1GCj9SJMzMzVeJaeqkUKhphdvWAqC2xUvc3T1axDop3gROD9IakdSjjvpxdZ0O3VYAbOs8lEOScszSFgC1hULpNTWdv/S5X4yKbrG/9DlKATAkdE2r3+WYsb6If5jQ6vOaQvP12DiVkNjWOet6jbQVAJUjpyaagunnfHdERERERPTt6ZQB0NrlU8BTD3vKzytPEV6wbIUc8hYsW6HyXNDchdi4eUuLY4+bOkP+mxT5lP8m7SM9pzwqccGyFSrHJOpIg/0mYdmqEMxfvBTuI/103s/G1Qseo/ywZctWrAoN07qtvgJgQUnLELJpyzatI92UFw7RFJOk593dPeS//XXqrPw39VF2mkZNtRbPlPeTjnfwyDH5PFLTMuVQpb5QhnpEi9izVx7pJa0Yq/y88og25dioa9xpKwAqf97S66SmZcrxTNNCH9qmAKemZcrvQXk0Y2ZuvkrY07SvFNXc3T0QOD1IJdyqv7a03V+nziIzNx+Zufny96seJqXnpRGhykFR/dpQv+7a+szbuka0BUDl81G+fhKTU1XCXkd+d0RERERE9O3otAHQ2uXTSED1+DbEb1KL+CaNztN0HPUpvCFrwuVYKNH0t9b2Vz43fYci6prcR43Dr4uWYsWqYEyZNVfn/Rw8hmJS0Gxs3rwZU2f9qnVbfQbAgpLm2KI+CkvbtFEpdGh6Xgo60jTJgpJP8Uj5bxJNEbGtuCOda2vPS1FTeZqycrzRdN7qUai1Y+o6XVqXiKTpPJRHZapPRdUWAKXzGzPWV+Nnqvy66uckBcDW9lV+bU2jK5Wvida+F+k7U/9sM3PzW51yK30nmt7v5wbA1LTMNmOu9Hmov+4/+e6IiIiIiOjb0akDoER56q21S/OIPvUVglub6qvpOU2xT330nzJNAfBru08hdS0OHkMxenIggkPDsGjpcvTX4f6Ttm7e8Bzlh1UhYdiyZQu8x07Uur2+A6BE/b54UgRRj0LS6KzA6UEtjiHtrxyJpCg4ZqyvTmFEW9xRnobZ2v5SiFGOTW1NCVUecabp+fYuwKFLAGzvvtrOQVuYkkhhS/nejMp/17YYTFvvv61A+jkLziiP9GzPNaLtc25thGhr+ypfr//kuyMiIiIiom9HlwiA1i6fIuC4qTNaTOlVJwVCaRqwtC8DIHUmA0b4Yt7iZdi4aROWrAyG2/AxsHH10ritnftgDB3njyUrVmHFqlWYMXcBHDyGaD3+1xIAJfEPE1TutaYe25QXA1EOJNLoKk1xRXmqceD0IHkKqabX1xZRlKeitqU9AbCt57/mANhasNL1PXREAGzreV1eI/5hAg4eOYYFCxe3GJHanmtE2+fcWgTV5fgMgEREREREpIsuEwCtXT5FurZW5d24eYtKzNMlALZ3CjADIP2beg0chrFTpiMkbA22bt2KzVu2Yt6iJfCbGgT3UX7oNXAYHDyGoteg4XAf6YtxU4OwZMVKrAlfi8UrgtF/6Og2X+NrC4AS5VFx6iPLpKCnHHQ0Tf9VP576CENNK70yAH5+ANR2TsqfnfLf9R0ADx45pnXxkn8jALY1EvFzriFdzouIiIiIiLq+ThkApam7yn+TRvUpb6M+ClBalXfj5i0qi4Bs3LylzQAo3dNPORxqWgVY+bUYAOnf4DRoOHynTMeq0DBs2rQZ6zdsxOLlzXEvOHQ15i1eipnzFmLGvIWYOX8R5i9Zhu6UPQAAIABJREFUhuCw1QgODcOUGbMxZNxknV7naw2ABSWfpvSqBxNpsQ/l0X6apv9qIi3WobxohfLzugRAXUOc5FsJgNpWKf4aRwCqjww9eOQY4h8mIDUtU+tn9U8DYGuRWtvxGQCJiIiIiEgXnTIA9hvi0+I+f5qm/Krf40+Kesqr9krhrq0AqGm/kDXh6DfEhwGQvpheA4dh3NQgrAwJw9atWxG+dh2m/zofXmMmwDdgOuYuWoplq0IQuiYca9auQ9iacCwPDsHsBYsxxj8QfbxH6Pxa+gqA2mKRRFscUg5+mbn5LYKgLq8vTfVUHmGoLaJIEcbd3UOn81ffrysGQOV99HUPwM8JgMorSmv7rjsyAPIegERERERE9G/rlAGQ6FvUa9BwjJ0y7VP8W7ce0+fMl6fz9nDzwsDR4zFq0lT4BQRhwrSZGDd1BkZOnIoBI3xhN2Bwu15PHwEwMzdfHnGlbRtplJ6msCRNEY7Ys1fl36tvl5ic2uq96TSFISkKtrZKq/R8W/dxU9bVA2BHrAL8pQOgdE5tLSyi6bNq6xr5t1cBbu93R0RERERE3w4GQKJOoNeg4Rg3NQjBYas/xb9f57d6n0sbl0GtLgiiK30EQGmFVSkaXYyKVol012Pj5BF+rY2WkgLhmLG+cqxRn/4rjfJzd/fAwSPH5NfIzM2X7xmovl9I6Bp5Sqi0vfLzyuceErpG5bnE5FRs2rKtRRzs6gEwNS1TZUq1tG9mbj4uRkXLz2naV98BUD3GKV97rX1WbV0j2j7niD175ecOHjkmB9PE5FT5uB393RERERER0beDAZCoExg/dQbC1oRj69atWLdhA2bOX6TTQh7/hL6mAF+PjWtz8YUxY3213tNP/R5umrZRDi6aqMc65cCnTHlkm/ICJa2dt/Ixu3oALChpDljavs/A6UEaRwfq8x6A6qFPmXIg1nTtartG2vqcla9bTTSNeGUAJCIiIiIiXTAAEnUCa9evx6bNm7Fh4yZMU5r2+2/S5yIg0kg8KdBIFixcjL9OnW3zPnutjeJSl5qWiU1btslTN6XXaO2edeqjwEJC17SYRtyeY34LAVD6TCL27NX5cy4o0W8AzMzNR8SevXK4dHf3wKYt2+TvWttnpe0a0eVzvhgVrTLiTxrJ2tp0dQZAIiIiIiLSBQMgUSfgHzQby4NDEDDrV/QdPOqLvKY+A2BHkKJHa+GEiIiIiIiI6FvBAEhEGnXmAChNxWxt+i8RERERERHRt4QBkIg06swBUJraqW2KKREREREREdG3ggGQiDTqTAFQuidgZm6+vJBCa6sEExEREREREX1rGACJSKPOFADVV191d/fQukowERERERER0beEAZCINOpMAfCvU2dVVl1l/CMiIiIiIiL6hAGQiDTqTAGQiIiIiIiIiFrHAEhEGjEAEhEREREREXUNeguAZk6ueg8cRKSZmZMrAyARERERERFRF6G3APijqRVMnVz0HjqISJWpkwt+NLFmACQiIiIiIiLqIvQWAImoa9H3jxkRERERERERacYASEQdQt8/ZkRERERERESkGQMgEXUIff+YEREREREREZFmDIBE1CH0/WNGRERERERERJoxABJRh9D3jxkRERERERERacYASEQdQt8/ZkRERERERESkGQMgEXUIff+YEREREREREZFmDIBE1CH0/WNGRERERERERJoxABJRh9D3jxkRERERERERacYASEQdQt8/ZkRERERERESkGQMgEXUIff+YEREREREREZFmDIBE1CH0/WNGRERERERERJoxABJRh9D3jxkRERERERERacYASEQdQt8/ZkRERERERESkGQMgEXUIff+YEREREREREZFmDIBE1CH0/WNGRET/n727eY0rS/N9/5d0DTSpgm5NMqbXf4An+gNsCryhsUeGBFNQokg2SWJaA9/MkcSmUE4kOD4IRMiGtgwtDyyC0qBpD4oqCDjk4XR2ws2qqD73Vp4z6OzJuoM8T/iJJ561XyKWYq/Q/n7gR6XiZb/Flor4ea29CSGEEEII8UMBSAhJkr7/mBFCCCGEEEIIIcQPBSAhJEn6/mNGCCGEEEIIIYQQPxSAhJAk6fuPGSGEEEIIIYQQQvxkXQAeHB2Hk4vLlfP42X7vpQghQ0nff8wIIYQQQgghhBDiJ9sC8PGz/fD25kM4ODpeKYenZ+H86rr3UoSQoaTvP2aEEEIIIYQQQgjxk30B2Nf7CSHd0vcfM0IIIYQQQgghhPihANz9JByenoW3Nx8WcnB0nGxfTi4uw+HpWeO27j141HuJc3B0zMhJslJS/3Ga/b//mxBCCCGEEEIIGVwoAG/p/YenZ+Hk4nLhsbc3H5IVYRSAZAhJ80fpf4f/5/vvw//4138N33zzDSGEEEIIIYQQMrj8j3/91/D9n/4U/vL//S8KwJTv9wrAnd1Pko0EpAAkQ0iKEX/ffvtt+NOf/hR+/PHHpH+cAAAAAADYFj/++GP4/vvvw7fffptsRGBKd64AtDcSOTg6XpgmvP/8xcLrTy4u58/p90kBqN+v1yfbKv8rsXcxtuu3haFev33+5OJyfnOUtzcf5oWkXScFIFk165Z/f/rzX8Kf//znpH+UAAAAAADYVt9//3348+zfk5SAKd25AnD/+Yv5Mvafv3BLOynZ7DIOjo7nBaEUczKacO/Bo4UCUZbllY2yfPnZbpuUhFIw6vfbEtKWlrJe/VjKqc9kWFnnD9Gf/+f/Cv/2b/8W/vM//zPpHyUAAAAAALbVjz/+GP7tu+/Cn//n+lOBU7rTBaAXXZ7FlrGz608BPr+6nhd2sSnA+jXeiMO6ddpletvgPcYIQLJq1vlD9Kd//yF88803Sf8gAQAAAACw7b755pvwp3//4e4XgAdHxyvl+OzVrRSAddOAY3cQjpVvTQWgvC/2vFfWxaYBe9vglYoUgGTVrDP99/u//JUCEAAAAAAA45tvvgnf/+Wva08DTulWCsB102ZdddcAlMdle/Trzq+ulwq0nd2PRaBMz73NAlD2Uf7bTjOmACSbCgUgAAAAAABpUQC2yOv3N63W5RWA9jp9h6dn7jRerwC0r1+1ANTrb5oCbLelTQF4fnXNFGCSLBSAAAAAAACkdecLwJ3djwWXjS36zq+u3dfFyrnYevRjdrSffY3cTVff6EPftVeXa20LQP2a2B2I5Wd7ExB9vUD5uakAtDcakdKQApCsEgpAAAAAAADSGkQB6EVKKp2Xb96ttUwp83Tsdfx2dj9ZeF7uCiwFoL02oC4L2xSAMoKvbvqyXYceMWhHTLYZAWiXKdtAAUhWCQUgAAAAAABpDbYA/PzLQ3e67737e70XIIQMORSAAAAAAACkNdgCcGf3p9FuOg+fPO29/CBk6KEABAAAAAAgrUEXgISQ/EIBCAAAAABAWhSAhJCsQgEIAAAAAEBaFICEkKxCAQgAAAAAQFoUgISQrEIBCAAAAABAWhSAhJCsQgEIAAAAAEBaFICEkKxCAQgAAAAAQFoUgISQrEIBCAAAAABAWhSAhJCsQgEIAAAAAEBaFICEkKxCAQgAAAAAQFoUgISQrEIBCAAAAABAWhSAhJCsQgEIAAAAAEBaFICEkKxCAQgAAAAAQFoUgISQrEIBCAAAAABAWhSAhJCsQgEIAAAAAEBaFICEkKxCAQgAAAAAQFoUgISQrEIBCAAAAABAWhSAhJCsQgEIAAAAAEBaFICEkKxCAQgAAAAAQFoUgISQrEIBCAAAAABAWhSAhJCsQgF4d5VlGUaj0TyTyaTvTcL/URRFGI1GoSzLvjflVk2n0zAajUJVVY2vkXjHhPMYAAAA24YCkBCSVSgA757ZbLZQmOiMx+O+Nw8hhKqqBlEAjkajUBRFtACU8m82m80fs6/XP8u5PZ1Ob3fDAQAAgDVRABJCsgoF4N2jR/6J2WxWOwoLSK2qqoV0eZ8Uo1IQxp4HAAAAckUBSAjJKhSAmyGl3HQ6XSjobDFip0Pq5+W5sizDeDyev6YoCvf9TaOk7BRhPQpLlj8ej+ej1fSINZnCqqdk6u2bTCYLyw4hLCynab/1NE/v2NkRYd70UX2M7P4JvU1abN+6bp9+j/6c7Ovseu3rY+tpml7bF/n8QwidCkD5POX4jsfjpeMwmUyWHgMAAAByQwFICMkqFICbYcs2HSnqbGlmSy1bQnmv0aVXHV3gedtiy7OmNG3fKvstJZB37CaTSfR90+l0odhrKgHt9sh+SMm06vZ5x1iW2VRk2mPb9hzKgZ2m26YAjJ234/F4abSfNyoQAAAAyA0FICEkq1AAboYub6SEskWSFEZSltjRfPpnuZafLk5ms9n857oRUrrQkm2R7fOKRLt9XuFnt0/2QRdxUgjZfZDlynqkQJJt0cdOF12xG2noMk32T/bZuwaiLN8eU9mHVbfPKzrtOu1x0p+bPU5tzqEcFEWxcJy7TgHWx4UCEAAAANuKApAQklUoADfDm/IpxdJ4PF4orbySazweLxRsUgDZ97UZAejdgEKXgiEEt0isG7VmC0DZPm85sf2OjX7zjl3seNl9sfGuHSevt4XedDpdefv0cfZKOvsefUxin1PTOZSDplGgXZYhhTZTgAEAALCNKAAJIVmFAnAzNlUAtrkG4LYUgLHpst66tboCMDYSTW+3Pg6rbp+IXdPxrhaAnq4jAHUBGLsJSI7XPQQAAAA0CkBCSFahANyMNuVNlynA+iYJdnSVnaobwk9FlndNu6YpwLddAIbgT2PV1+prumGGLjJ1aaS3wy4z9vnY6b/rbF9VVfPX2esKrjMFeNsLQNlXPWVdK8ty4TMty3LpnMvpmocAAACAhwKQEJJVKAA3o015s85NQLy7Bdctq+1NQDZRALa9yYYt2GLvm81mnW4C4i1Ll32rbF/sM4iNAOxyE5BtLwDtFGt7wxlvmrZ312kAAAAgZxSAhJCsQgG4GW3Lm9iUUfucviFEbDqkLflsSWTvKqvLsU0WgN5+F0UxLyO7TLEtyzJ6J+OqqmpHjnml26rbZ0ci2mKraVSjPWax92xDAQgAAAAMEQUgISSrUABuj9jUVgAAAABAXigACSFZhQJwe1AAAgAAAMB2oAAkhGQVCsDtQQEIAAAAANuBApAQklUoAAEAAAAASGtwBeDeg0fh4Oi4Np9/edh7CULIUEMBCAAAAABAWoMrAA9Pz8Lbmw+Nefjkae9FCCFDDAUgAAAAAABpDaoAfPjk6bzge/nmXTi5uFyKPH/v/t7K67El48HR8a2VJQdHx+H86rr30obcvTx88jR8+tkXG18vBSAAAAAAAGkNqgDcf/4ivL35EF6/vwmPn+0v5dPPvghvbz6E47NXK5cf51fXS4Xc+dV12H/+otX7Ty4uW792Z5cCkNxOHj55Gl6/vwlffX268XVTAAIAAAAAkNZgCsB79/fCyzfvWk3/3X/+Inz+5WHnkXspyrguZWGqdRKiI+Xf4elZL+unAAQAAAAAIK3BFICPn+3PC77YyD6ZArz34FE4ubjsPALw/Oq6VWmoy0Yp7/YePFoqImVZB0fHSwWlLMsrAPW+2tfH1nXbU5XJdqTv8m9nlwIQAAAAAIDUBlMA6hLNu/6fjA58+eZduHd/L7y9+dBp+VKqPX62X/u686vrhdecXFwulC22sNt//iKcXFzOf5Zyb+/Bo/l+6QJQnpd1yHbpcs+uo812k7ufvQePei//dnYpAAEAAAAASG0QBeC9+3vh9fubVtN/D46Ow/7zF+H47FXn8mSVIs0WeN6IPRv9Gvt+Wyju7H689uHO7seCUD9/eHrG6D8ynyYvJXhf20EBCAAAAABAWoMoAPXdf5vy8MnTcHh61uk6fDu73QtAbxqwPO6tOzYNuE2BaEcNeiMAu+4vuZvJoQSkAAQAAAAAIK1BFICHp2etyj8p0l6/v5mXZV3S5hqAcp1BKQr3n7+oLfCkvNPTgPWNQroUgHqdXPuPxNJ3CUgBCAAAAABAWne+AJTr+bXJV1+fhsfP9sPLN+9WWlfTHXlllKAuF5sKwMPTs6UpvXUFYNMUYFlH3yUTyTtSAnadCp8iFIAAAAAAAKR15wtAPYKuKXsPHoWvvj4Nn395uPL6zq+ul0pAGRlopwnLz/r151fXCwXe4enZwug/Gc0oBaAtEJtuAuKVkIR4uXd/r5fzhAIQAAAAAIC07nwBuPfgUTi/um41lfHe/b1wfnUdHj55utY67ZRjKf92dhev5Sd3BPYKPD3t11777+Ticl4ASqHn3SnYXi9QYq8nKKEUJDmEAhAAAAAAgLTufAG4s7t8zbu62Omzdy1SINrHvanDhPQRCkAAAAAAANIaRAG4s/vT6L7Hz/ZrM4QRcN51CmUUIXcCJjmEAhAAAAAAgLQGUwCSj/HuiizXDCSk71AAAgAAAACQFgUgISSrUAACAAAAAJAWBSAhJKtQAAIAAAAAkBYFICEkq1AAAgAAAACQFgUgISSrUAAC6FNRFGEymfS9Gb0Z+v6jH5x3AADcPgpAQkhWoQAEkNJsNguj0SiUZdn4nPxcVdVmN7KDqqrCaDQKo9GotjCRfbGvKYoijMfjpWWWZZls/8fjcSiKYq1lrEuO02w2W3h8MpnMt208Hs+PpRf73iEpy3LhWNxmOXdbv3eTyeTWPtccznEAALqiACSEZBUKwOGZTqdLX9Cm02nfmzUnJYEuTfQXy5y2tQ053l4hdhdJuTAajZaek89xW46F7Is+54qiiJ6DtuyLlaGpR1/lUI5IAWhLJV0A2se9c8Rjy7EmRVE0Ho+6MlLTj9vPUW+XV6a1LdrKslxa9m2XgLfB+0zlsXVLwFXO8TbnAQAAt4kCkBCSVSgAh6XuS68dpdQXKRK8ImUbC8BtK73WpUsPW2BI0bEtx0LKW11e1J2DMrJPTCaT+fmspT6PcykAvVGA6xaA9nyRY+rR/7ixyvEoy3Jh2fbvkD6nq6paWIctf/Xf2qYCcBv/rnlin2lZlmv//0uXc3zd8wAAgFQoAAkhWYUCcDh0iaa/kOopjjlMwZNRNbkUkuuSImBbSq91yXk2Ho8X9jn2eGzarDfqSooSeV7eZ4ttex7r52wZo0dx6bLAGylrY7fbll1SGOlRg7Lc2P7LPurtsr8Ldtu8ciS2X96IrKYRaHXHT+9rVVVLn+86BaA9Vm3F1tnlPXY/LFvaxfZHjkuM/r2oY89xb1vk9+K3v/2tWyrqgrrL750932JlZV0BKMfAjub0pox767LneJvRlaucBwAApEQBSAjJKhSAw6G/QFq2aJAvafaLn/3CWFe86GXIf8uXNVukyJe8WMmit0PWofclto269LTxyk7vy6kuSL1jJuvz3msfs19Ym8qnsiyXvhCHsFja5nb9PDnm+n9D+OnLuIwEqisAvYLanh/6s5NzUMjxkvfYkVly7T35b70tdrSeHQHoTQnW7Oul+JNiTB+Huv3X67CFnazDvkefP037FVun3Y+m46fZcklv/6oFoB1R2dYqxY89Jt61G4U3MtSe76KpAAyh/m+zPF9Xqsb+/trtt39r2/ze2RI2tp+yXd4+yLHUvweyX7Z0tb9vst/2tXWfj94eCkAAQJ8oAAkhWYUCcDikbPK+UNuCziuubDGhSyivWPOW8Y//+I+1hdwqBaAXUfca74t603bJF2bZHvlyGXvvr3/962gBqEfb2BKwzegz7zPJgS4I9JRJKTNtqaOPa9M0P1taxB7T64gVBV6JY1/ftQCU7ZlOp/PXhrBY+tlCyCtivBJb1mmnqYaweNza7JfeBino5fOR5TUdP0sfc7096xSAUmLp3682hWDX4sd7vRxz/XtqzwvLOzfaFIAhLP9jhV5O7POMlXkhLP8ueaVhm987fV7offLOCe8ztaWeZs9Vbz+8/Wl7TCkAAQB9owAkhGQVCsDhsCWf95x8udblndAFlv6yqkd46S/Jehl2qpy9ppr+4idfuPUXzLoC0CvNZrPZws9Cll03+k9/yZfX2Rsc2OsUtnmvHcGjt12/To+68dapj6ctJnKgC0ApvnQZVlcAeuWWZguCWNnlFWL2PIyVHnobVikA5QYfuvTT+28LlaYCUB5rW/a02S97Z16J/gcAW3Y17bf9XPVxWKcAtPt7GyO/YqPlYp/9bRSAmvydsn8LbPQUbXtO2HO1rniu+72Lrdt7fewuwJY3Wjr2uyzkvLYjfOtQAAIA+kYBSAjJKhSAw7HKCEDvWoHetFQdWyK2/aIoX8C7FoDyJda7UUhsJGPd9DXvC669s60tEuve6xWAsRGDst/e/spIGjsNLucCMISPRYMuMjdRANriwRbCdUWZbN8qBaC+Fp7+XGTEln3/JgtAW0jKFEspmuR93j56hbrdb2+aql6u1nYKsDfasWkUYNfix9tf707NUhSmngLsKYpiPg23rhiT7fdGzulis+68ayoA296NuOkztXd418esTQEo51/bu/tSAAIA+kYBSAjJKhSAw7HKNQBXKQDrSkS9rk0UgN5dj5tGjujX2uuqyfrsc3Xv7VoAxqY8b2sBqEc2ys+bnAJsSbFzW1OAZeSfFGt6m7xismsBKMWQ1nUKsD4Oentk3XWfgVeMyf7ZYy7bumoBaK+XGEK7u8F2KX7qijv7e6WLMnsexNa5agFo11VXwsWeryth2/7eNZXydn11n6k9d2L/WOCR3x096pFrAAIAckcBSAjJKhSAwxG7C7A33Vce8y40HxuhJuuwy9Dr0sVhCIvFni0A9ftWLQBt8VZHpiva/bWj/LzSre69UoB5F7u3X07tjR7uQgFoy4e6AtC7s6feN68gaLoJiH5Olq9HPnnFrPDKtKYyJjZSTkoWez52LQC9GyV4ZXXdfslj9nXys50qKuzx85bnHYtVC0BZf+z4yH55d5L1fre8f5CIbYf97O3PbW9K0VQAyuepy0Q7UtS7jl7dKFJN/gZ6U5zb/N55N53pehdg4ZXQ3j8W2Jv8yP823c3a2x4KQABAnygACSFZhQJwWLwRcbZIC6H+JiD2y1rsea8ArLuelb5Bgd2uVQrAujsAe1/Uvdd5o2a84rPuvbHpwW1vArLtBaBVVwDqxyT6mnmxoiN2N+rpdLr0nDeqK/Z5ewWg/jxjx12221uWNyK2SwFo91dGVdltr9svvR/2rqx6/W2On4iNuizLcq0CUPbfW7/sY9OUf9kX73Op2w7798q7vp/9vfa2WZ/Llr1eqff3JYTlczx2Qw/LHqO698R+7+z26RuQaE2fqV2O97fC7qccV2+UouxbbJ+98wAAgE2iACSEZBUKwOFp82VTvkDZL1JNX0rlmlV6Gd50Rf0l014XKoTFckxfB0tvg/zcdQqw92U+dmdhy5vO2+a9uijwphXrcsMWAttWAAIAAACgACSEZBYKQHhi5d028UY4hRDcArAtKdzaXhQfAAAAwDBRABJCsgoFIDx3oQCsG/3X9bpQsRF8AAAAAOChACSEZBUKQHjuQgEYgl8CrjJdlutIAQAAAOiCApAQklUoAAEAAAAASIsCkBCSVSgAAQAAAABIiwKQEJJVKAABAAAAAEiLApAQklUoAAEAAAAASIsCkBCSVSgAAQAAAABIiwKQEJJVKAABAAAAAEiLApAQklUoAAEAAAAASIsCkBCSVSgAAQAAAABIiwKQEJJVKAABAAAAAEiLApAQklUoAAEAAAAASIsCkBCSVSgAAQAAAABIiwKQEJJVKAABAAAAAEiLApAQklUoAAEAAAAASIsCkBCSVSgAAQAAAABIiwKQEJJVKAABAAAAAEjrzheA9+7vhYOj43BwdBw+//Kw93KDEFIfCkAAAAAAANK68wXg3oNH4eTiMpxcXIbX72/C518ehsfP9ltl78Gjzus7ODoOb28+zHN4etbpvedX170XMITs7H4SHj55Gj797IuNr5cCEAAAAACAtO58AahzfPZqoZxrysHRcaflS/mnHzu5uGxdAlIAklzy8MnT8Pr9Tfjq69ONr5sCEAAAAACAtAZVANrReakLwJOLy87vsdtHAUj6jpR/XUavpgwFIAAAAAAAaQ2qAHz8bP9WC8Dzq+twcnFZ+5qTi8uFdehpxl4BaEvLuudWmbJMiE7f5d/OLgUgAAAAAACpDaoAvHd/71YLQF0wPn62v/T84enZwjJt4ef9rAvF/ecv5s/vP3+xUAg+frbfa2lDtj97Dx71Xv7t7FIAAgAAAACQ2qAKwJ3dT8LLN+9urQCUnF9dt1qGFIYycs8WgN6ovvOr6/D42f5SAUjIurl3fy+8fPMuvHzzLty7v9fbdlAAAujLaDQKRVHUvmY8HofRaNT5taPRKIzH44Xnp9PpwvOz2Wxpe3Q8RVG422GXPZ1Oa7cVAAAAd9vgCsDD07No4ffyzbtwcnEZvvr6NBwcHYeHT54mWZctAWPTgHUBWDddef/5i4XlNE07JqRtcigBKQDRl7oiJoQQJpPJwmt06WLLlqaCSL9+MpksrUO/z1uulEl2m2zKslxY72w2i5ZRTe56oVSWZbRME3K85fyoqmrpGIvxeLywLDn28nnbn2XZwp4bVVVFzzm7zfKcfEbys3deAwAAYBgGVwB+/uVhOL+6DgdHx+Hxs313qm7KHJ6ezUs9uWafFIJ7Dx41FoBtrusnReA6NyAhRNJ3CUgBiD7YcsuWY3Yklx2VFSsAYyO3YuXNbReAIfw0YqxrAaiLwzYj33Ihx8eWlba4m0wmoSiK+f/GlGW5cNzkuLQtQ4uimL9/PB4vfT76+di+eI/bba6qKlRV1fgYAAAAhmNwBaCUbFL+xZKq+NCl3vnV9Xz03s5ufQG4s/vJwmi/pujrAxKybqQEPD57tfF1UwCiD1VVhdFoNP9fW8x4xWBVVfMRVbrQk8d0aaZHctnXe6PAvALQLsOSkvI2yjlv/7aFLe1CCAulnS7xmgpA73OQ4rCJHT1YlmWnkq4oCve5tgVg074BAABP8YoLAAAgAElEQVTgbhtcAfjV16fzqb6xvHzzLnz62Redlisj9uwoPP2YjDyU5+RagVIA2hJPRgzqUYAyYvHg6HhhWXqkISEpcu/+Xi93lqYARB9kVJwu7bSmabOxgiw22k5eL89LMbOJAtAuT943Ho/d69t5owz1/uQ+MtBOxbVFmB5116YAtKP9vILRPu+Vyt777KhAfV7FRhl622zLRjmvc/x8AAAAsBmDKwCPz16FtzcfogVf0/OxSFESu17fzu7ydf3sCED5WV/TT0pASd01AvsujAhJEQpAbJotR6Sw0YWbPBYrAr0CMHadP/2cjAKT17SdAuwVOesWgF2mGY/H46VpwXVTnvtkp+nq0XGxqcAxqxSAQj5zOe5tCkC7Hm/bYttsy1xGAAIAAAwbBWDH5wkhtxsKQGyaFCVSCtmfhYzW86bu1l0DsO4OrUVRRP9bbLIA1OWUPga6BBRSXHrb2vUGI7dNl226xIt9ZrERd+tMAQ5hcTRi1ynAsfW3LfbqykUAAADcfYMrAHd2P2m8vl9fdz8lhFAAYvPs6L6m6ay2CJzNZtECMFbm6NfrbehzCrB+n70WolcAetObY9dQ7JuUZNPptPEuv6vcBKTtdRF1ARi7CUjd57xOAVh3gxEAAADcfYMsAAkh+YYCEJvWdRRYCMs3+Oh6kwxbAMauCai3jwJwPbJddSWYLdNkv+1IT/mM7RTioigWRvh5N5Ox10+0N4DR69Hnn3xOTdssdPkcey8AAACGgwKQEJJVKACxSd6IuxA+jsiTssYWPfbmDE0FoJRlUujYAlCvc1sKwG2aAhzCx+MbK3VDWC7T9A1S9Gtio0T1MZrNZo3XjrTXUdQ37fBGlXr7471GRho2jWYFAADAcFAAEkKyCgUgNklKLDtVV5di3k0wJFKQ1RWA+jlZj1cA6seargHYtM11UhWA23ITEAAAAAAUgISQzEIBiE2x03g1XXjd3NyEEJaLOF3ApRgBGMLHUV3bUAB628dIMwAAACBPFICEkKxCAQgAAAAAQFoUgISQrEIBCAAAAABAWhSAhJCsQgEIAAAAAEBaFICEkKxCAQgAAAAAQFoUgISQrEIBCAAAAABAWhSAhJCsQgEIAAAAAEBaFICEkKxCAQgAAAAAQFoUgISQrEIBCAAAAABAWhSAhJCsQgEIAAAAAEBaFICEkKxCAQgAAAAAQFoUgISQrEIBCAAAAABAWhSAhJCsQgEIAAAAAEBaFICEkKxCAQgAAAAAQFoUgISQrEIBCAAAAABAWhSAhJCsQgEIAAAAAEBaFICEkKxCAQgAAAAAQFoUgISQrEIBCAAAAABAWhSAhJCsQgEIAAAAAEBaFICEkKxCAQgAAAAAQFoUgISQrEIBCAAAAABAWhSAhJCsQgEIAAAAAEBaFICEkKxCAQgAAAAAQFoUgISQrEIBCAAAAABAWhSAhJCsQgEIIKXRaBRNVVV9bx4AAACwERSAhJCsQgEIjxQ2k8lkrfePRqMwHo8bXz8ej8NoNApFUbTehrIsw2g0CtPpdKVt7GI6nYbRaBTKsoy+RrZnUyWXbNNoNAqz2Wwj6+yqKIpWnz8AAABw11AAEkKyCgUgPOsUgEVRLBSAbcqpVQpAWc8mCsDJZEIBuAIKQAAAAAwVBSAhJKtQAMKzTgG4yntXKQDl+U0UgLJ9FIDdeAVgWZZhPB6Hqqrmx0v2RZtMJgvnQwgfPwcJAAAAkCsKQEJIVqEAhMcr36TgipVOs9ls6ZpvZVm6RZUt/LoUgHp5dntkOePxeGGZbbYhto/2sVjJFysAvffJiEJbYHrLiK13mwtA+7m2KQDH4/FCAesVhAAAAEAuKAAJIVmFAhAeW77JaC2vdBM5FYC2NGuzDbF9/PWvf71SAegdD/28vF4XZHobm96/zQWgPX5tCkBvP6XcBQAAAHJDAUgIySoUgPDY8s2WVdPp1C2ddGklxUzqAjC2Hr0cW6y12Ya6fZRysMsUYD3FVch1C/X6ZZmyjbaQjL1/SAVgrPSNnR8AAABA3wZXAN67vxc+//IwHBwdh8+/PAz37u/1XngQQj6GAhAeW67oKauxEXAh5FMA2qmhbbahbh9XKQDtzVB0pFyUn/X2SGHW9P4hFoC57icAAABgDaoA3HvwKJxfXYe3Nx/mefnmHSUgIU4ePnkaPv3si42vlwIQnlj5pkso7/pr21wA1u1j6gJQtkHeM51Ol+5q3PT+u1gA6v3wpgAz2g8AAADbYlAF4PHZq4XyT3J4epZ0PYenZwvLPzg67r3MIaRLHj55Gl6/vwlffX268XVTAMLjjQDU5UuseGoqAOUxW7CtUwDq59sUgLFtqNtHKQDrbjphC8DYTUH0MdOj/uzym95/lwpA+Tzl+Nvp0CF8PFZ6X7n+HwAAAHI1qALQK//e3nwI51fXydZxfnW9tLzzq+uw//zF2ss+ubhMshxC6iLlX+pivG0oAOGx5Zo3Cq3tCMDY+2PTb70RdF7BZUfI6ZuAeNvWtA1tt88r5UJYvInIZDJpvImHPV5Nz9nX6OdzvRtu2wIwhMXrN8rNY+x+2Zu85LrfAAAAwKAKwNfvb9wC8OWbd0mWf3B0nLRMtElVJBISS9/l384uBSB8tsjSj0k8sQJQF2hFUcxf541482780DQKUF5TVwDWbUObfdQFX6x48oo8u0y7L7Lf9pi1eb8uxHIdBQgAAAAM0aAKwK++PnULwFRTdM+vrhuX9fbmQ3j8bH/+896DR+HtzYew9+DRwmv09GR5TWyb66Yzy/r0tQ/3n79YWqbdzpOLy/lzJxeX88cfP9ufb688v/fgUTg4Ol5Ynt4fsh3Ze/Co9/JvZ5cCEAAAAACA1AZTAN67vxcePnm6dH2+r74+DY+f7a99IxApxHS556WpALQl4snF5fw5Ke/s8vTrz6+uFwo7W8jJ/uuRiudX1wulz8nF5cIyD0/P5s9LAajfv//8xUKJ+PjZfu8lEumee/f3wss373q/MQ4FIAAAAAAAaQ2iAJRpjW9vPoTjs1dh//mLcHB0HD7/8nB+Y5Dzq+u1Rq3dVgFo36sLQG/Ksd0O+x49gk8vR0pDGS3oLTP2flsAku1NDiUgBSAAAAAAAGkNogCM3f035d2AUxWAUrB5y7Jl3snFpbvN+nVdC0A7lddO6/XeL9tipwuT7UzfJSAFIAAAAAAAaQ2iAGxT/r29+RBev79Zaz2prgG4s7tYBOr3ti0AZTtWKQDrbmQSKwD1NqW8riLpJ1ICHp+92vi6KQABAAAAAEjrzheAukhrk3WmAbe5C7At5GIFoETf+XdTU4Drtqfp+Z3dn6YE3+bdkMlmcu/+Xi83c6EABAAAAAAgLQpAk6YpvE05v7peKr/0yEB7ww1bPOoRf1LmSYFn3yuvb7oJSJcCcGf3p1F8dh/kuMTeb28aQgFIVg0FIAAAAAAAad35AvDhk6edCsAU1zyzdxo+ODp2r/EnZZ++vp69Bp8u1vR7vTv9etcxXKUA3Nn9OJXXLtd7v1ey9l0ike0NBSAAAAAAAGnd+QJwZ3e5kIvlq69Pey8/CBl6KAABAAAAAEhrEAXgzu4n8xF2sfRxrTNCyHIoAAEAAAAASGswBSAhZDtCAQgAAAAAQFoUgISQrEIBCAAAAABAWhSAhJCsQgEIAAAAAEBaFICEkKxCAQgAAAAAQFoUgISQrEIBCAAAAABAWhSAhJCsQgEIAAAAAEBaFICEkKxCAQgAAAAAQFoUgISQrEIBCAAAAABAWhSAhJCsQgEIAAAAAEBaFICEkKxCAQgAAAAAQFoUgISQrEIBCAAAAABAWhSAhJCsQgEIAAAAAEBaFICEkKxCAQgAAAAAQFoUgISQrEIBCADoqiiKMJlM+t4MAACAbFEAEkKyCgUggNswm83CaDRaSI5Go1FtkVWW5cI+9FF6lWUZqqpKuszpdBpGo1GYzWbu47FMJpP5Z5t6mwAAAO4SCkBCSFahAIRX1NhSIGfj8TiMRqMwHo/nj00mk/m+TKfTHrdumOT467JsMpmEoiiSraMsyyRlXF2pV5ZlKMsy+vrxeLyREmyTBaAmfxv4HQIAAOiOApAQklUoAIetbrTPtnzpr6pqqQDUpea27MddsomRcqmmoNZta9P5U1UVBSAAAABcFICEkKxCAThsMr1Rj3KaTCZbdW0v2QddAKI/MvqviS2fdclUlmUYj8fz0Z36HPVGrMpnL8spimJe7Nn12CItVgDKemLnlazDbp/eZrts2RZZb6yktvttC8C6dYzH4/noyNFotDDq0h6zdQpAvV5dJtqRxHo0rh1N6W0TAADAXUEBSAjJKhSAw+YVgB5bOOjSQF/fTf77N7/5jXvdN6+wiJUzemqv/LedQhq7RpkufWRb9c+2fNElhV2HLZBi5ag9Rk37atcjn8V0Ol247pwtrOo+ixxUVdV4PukiLISPRZPsiy115Xl7LO1nYY+JvM++pmk5Qh9rjy3mJpPJwr7bUXb6XBJVVS2cC7aYk/fIeprWIe/3ik79mBzjlAWg3g8pSGWdsc9QL5sbiwAAgLuEApAQklUoAIfNlklecSNTbG1ssWafs6ObbEngjeTShYFXqHmlRtcCsE2keNLFYFMJGCsA6/ZVF0H2ZhO2pGzzWeSgTQHoXb+vqqr5cfemvBZFsTBCLFYANhVIdtlN7/EK49iyPF5Rpj8vO2LS256m9ej3jMfjpXLZe2zdKcBN++WtU0Z2yvN2n2y5CQAAsM0oAAkhWYUCEF6pZEft6C/3UljoaZfeKCk7isuOTJL16hJARg3p1+tleOQ9+jV1BaCUErrc08WTLkL1VFJ9PJpKCvs+2VdvOqZdt7fN+s6rdZ9FDtoUgLGiU84Fr/DS5ZEso20BWDcNuE1pKORzlUIsVszFpuh6RZkeDRkr5bz1xNYRK97s+/suAGOFd8obxQAAAPSJApAQklUoACFsESjXAoyVNVLyxEbFyXvldXqKawjL11Czo6xi036trgWgLS30a+QYlGVZO2rPlp2abLcuwbxt1OvSx8crRMfjcavPIgdtrgHYVLqlLADt52Vv3NGlAAzhp88kVlTKOWU/+5QFYNM6tqkA3MQNVAAAAPpCAUgIySoUgLD0tbvqSif58h4rAPVzukyz6/Eym82yLgBj2+Rd4y22jSkLwNyKlFUKvqbnVykAJ5PJ0me1bgGot81up3dX4C4FoHedPLuepnV4xZu9zmBsW6zbngLMaD8AAHCXUQASQrIKBeCweaO1pFQaj8duSRZCcG8C4pUoehqwLaq8wksvu2sB6I3EWqcAjO1bXWFip/6KLlOAYwVgm88iF3Je2TLOjnSzd8gVbQpAPRJP1K1T/2yPcd01HfV2yXbrazLqz9ROf5bPvW0BKPupl2m3uWkdddf70/sp51ZfBaAsQ38Ws9ksy/MZAABgFRSAhJCsQgE4XG2nuLa9CYhXothRa7ZIqxvN1rYA9KYupyoAU9wEZDwed7oJSKwAbPNZ5MTbZ3k8hOXr8hVFUXttPVse6ffrwtYbPafPLXvzCTmmtuSazWZL2+gda7t/9jzRNzxpUwB62+yNWoytIzayzu5L3yMAvX2J/W4BAABsIwpAQkhWoQAcLvmybi/G75UHttyqqmpeCjR9cffKrtjzdiRTmwIwhMXpxLJtKQpA+zpbVMW2wRaA3r565UhTAaiPi/dZAAAAAMgDBSAhJKtQAAIAAAAAkBYFICEkq1AAAgAAAACQFgUgISSrUAACAAAAAJAWBSAhJKtQAAIAAAAAkBYFICEkq1AAAgAAAACQFgUgISSrUAACAAAAAJAWBSAhJKtQAAIAAAAAkNYgCsDPvzwMB0fHC9l//iI8frYf9p+/CAdHx2HvwaPeiw9CCAUgAAAAAACp3fkC8PGz/fD25oObl2/ehb0Hj8Lh6Vl4/f4m7D9/0Xv50XfOr645DqTXUAACAAAAAJDWYArAl2/ehcfP9sPh6dlSCXjv/t788XXKL7vstzcfwvnVde+FStvsPXgU3t58CIenZ71vC+k/D588DZ9+9sXG10sBCAAAAABAWoMpAL/6+jTs7H4SPv3sC3ckYIoS8PD0LJxcXC49lmsJeHJxyWg/4ubhk6fh9fub+e/NJkMBCAAAAABAWoMpAKXMOL+6jk4HXrcE9ArAnd1PwtubD+Hxs/3eSx0bpvsSL1L+9TUSlAIQAAAAAIC0BlMAtsm6JWBdASjLkjJQikh5/ODoeGFb9E1JZB9kiq5+zf7zF/Of7brtvsu67HLe3nwIB0fHS9uqt19iS6GTi8v5jVVi23FycbmVU6KHmL7Lv51dCkAAAAAAAFK78wXgzu4n4fX7m42UgF4BKGWbjAD0Cj4pz+RnKfXkPVLk6fJMCkQpamQ9sr3yHlmGPC9Fn2yLV/bpx+x7zq+uF/ZRyj15jd0Oe0zkDsx9F11kOXsPHvVe/u3sUgACAAAAAJDaIApAGdXUtQQ8PnsV3t58aH0jBK8APLm4XCju2pRudll6BKA8f3B0vDSaTkbjyX/bIkeKxbbb4q3DFprees6vrufbERsVSfLLvft74eWbd/Pzv6/toAAEAAAAACCtQRSAO7vdS8DHz/bnNww5PnvVah3eXYBt+WVLN6/c29ldLN9WKQC9cs8up6kA9Mq9Nq/R2yGvtyMJSZ7JoQSkAAQAAAAAIK3BFIA7u+1LwMPTs3kR8vr9TXj45Gmr5bcZ7dalAJTReqkLQD0dedUCsG6koS0A9ftyvSEK+Zi+S0AKQAAAAAAA0hpUAbiz21wCrlr+7eyuVgDGHtvmKcCxAlD2q+9rzJHmyO9A29GvKUMBCAAAAABAWoMrAHd24yXgOuXfzu7qBWDbm4B0KQDb3ATk/Op6qYxb5SYgdQXgycXlwog/b50kz9y7v7c0MnUToQAEAAAAACCtQRaAO7vLJeC65d/O7uoF4M7uxxLQu0vwKgWgfp8kNiVYX6swNipQHye7zroC0O4XNwQhTaEABAAAAAAgrcEWgDu7H0tAKbCkVFul/COEpAkFIAAAAAAAaQ26ACSE5BcKQAAAAAAA0qIAJIRkFQpAAAAAAADSogAkhGQVCkAAt2E0Gi1kNpv1vUkhhBDG43EoimIj65pOpwvHYBPr3eT+IW9VVS39HtpzoyiKMBqN3PfXPQcAAJpRABJCsgoFICaTycZLilTG4/FGt1kXOrFCqyzLMBqNwnQ6nT+mv4gPwWg0CuPxeP6zHLe2JeBtFoabKsjk3PTOg7b7Nh6PQ1VVnde7qd+HoiiW1iX77aUN+f2JvUcv367bFq76HBT6+clk0no79OfY9Pq6z6zL3yvZH7u8pn0UVVWFsiyXHtPrl5LP7t9sNhvU3ywAAG4DBSAhJKtQAA7bul/W+5ZjAeh9oZaStSiKbEbC3RY5RquS4mGbC0DZB69gKstyqZSJqaoqywJQ/x60WVdZlq32oyiKhdfZfZHfIzk3dMFlnwshLH0GevnyGXnFnt1eb9maV6p5xVxZlm5pGiPHV2+LLf3qikyvAJT3yH7L8u3nMx6P56UmAABYDQUgISSrUAAOmzeKpKqqrSmpciwA244YuqukLKnbfztSS8oHOxpVluOVipPJZOFzL8tyPmJOL9MbFWbPF28ErBREtsiRbawj52Xd8dHnj52qGcLHIlmiixw92swbgVcUxdKxtPQy9LL1aM2mc91+Bqu+JsaWdPIZx563dAHmnUOxgqxpO+xIzljhr8lxsMdDXmtLPCnldDnnHcu641tXAMr6pKy02xt7HAAAtEcBSAjJKhSAw9ZmGlkI8cJBvlSXZblQtPzyl7+MFgv6i7MtZ/SXYD2VVv7bG6USK0GapvrZgsXbzrrnbCnivU9eZ7dTHzevqNGFUGyfm8qZPsnn5ZUPUqZo+jPypgu3LQDtZy3v04/Z86UoioXyRo/+8spCW0J56oolr9SyhZAs3xs5Z0cQyrki5PzQ77PrsPugSyY5Zm1KuzblXt0ItSZ2NKi3LCnVPHq/vM+ybTlpR/jpv03e+Wq3W3/mdp3yeenPQxeITQVg3YhZ7zy0558cP/lbZF9DAQgAwOooAAkhWYUCcNjsda68YsMWZV6RZZ/TjwtbTHijvfQXfLtt3pd/rwD0Lnyv902PbLLPx7bJ298UBWDb2JFH3jpy0zQCTdNF1zoFoFeWeQVqXeljn9fHv+305DYF4GQyabw2ot3+2Ov1lFNv/3ShM51Oo8/XrcPTVKCtM/ovhOXiTX8WIlbI2mnYMqVVayq46v4uNi3DlmyyjKZj4o02tNOW7bTmLgWgLYOlAJxMJgtlaVVVrUa7AgCAOApAQkhWoQCEV/DJF0x97TohJZQe/eKN9rLllR2hJeu1o05kOboAjE3xs8WaLvf0F39dQjXdkMO7eYV8wW6aAqzXr7e5rgCUL916u+S9uoDwpmTK59M0Iq1PsZsJxKYBpywAY6WxV8B4hW8IyyOw2kwZbTsCsKmMtPsUe33TqEXZPxldGCua9TmeogBsM1qybtn296hLAVgUxcJnsEoBqN8bOyZNBaA9F5qOmb1+oL0+n/29qfu8vH8wsMdACkBdAss/4lAAAgCwHgpAQkhWoQCEsEXgbDaLjjiT0qmuEJP3ypdZXQLFRuHp18Sm/Wq2WNOjzoQt5WQ/m+6eabfJFp6pCkBZjjeaUW9rbHSi96U+N3bkkv2MvCmomyoA9XROb7l63W0LrbriRD+XsgCUc6BNAVi3zpQFYF15X0e2wR5r7/P0pgDLZ6qtMwVYlun9LWqaAlz3d84em6aRwZ66ErPNNQ718ZNpwPbvKQAAWA0FICEkq1AAQrMj6OoKQD2F0SsMvOvcyZfRui/G8uWzjwKw7gt4zgVg1zvF9kHOGa90aVsA6sfaFID2DqohLBZB3pReb/v0TTXaTrf2yirZTvk92NQUYP2+pnWmKgBXvZuzrN87p20B661D/m7E/h5pXe6yHCsAQ/BvAhI7Ll2nRTdtY13J17UAtCOKKQABAFgPBSAhJKtQAA6b/YKoiymZomhLqRCCexMP74u+PCfLsTdjsI95X+S7FIBtpgDrqcV2vVJ46tFUqxaAer9SFICxded2/b/Y6Ct5zJYK8nPddc7sY96NKmLX+9PHS5Zjzxd7jT9vpJg+L/Q2xG5A4U1htTfsCOGnz9iOONTXf/NuQtLmJiD2OnF1NwWR9er9WrcAjJVHdcfNngux9+rfV30s6q6HF8LiOVJ3B2H7DwSy3thdgG3paqfx2n1scxdgYQtArxBucxfkGDuCUu8XBSAAAOuhACSEZBUKwOFqO6W07U1A2lyDyo608tZtbwJSVwDqZXjX0tNpuglI0/XRptPpwntjxYc3lTpFAVi3bzmVgHp/Y8dKl7BVVc1vOiD0+/XINn1+2ptZxEZo6fdJ2eHdhVWe926SEcLyiL6msiqE5RGlsXNGHw+7Hv2493rvDthSGnm/z7F11o3AbHqv3T59fKy64+b9rbHbr3/nvSIt9rvrrcMr3fQdh2PLsNPGQ6i/c7fd/6a7AGt2dKz39yVmlQLQbisFIAAAq6MAJIRkFQrA4Yp90Y1NvbNlWpubYtTdJMQ+rwsYvc6mKXryulipE/uiH/uCr/dVbhygn9fLbhoFaIvFdQtAb9+qqlrpOmtoT98gQdN3TkV7HDcAADAEFICEkKxCAQgA9WKjC3MbfbktOG4AAGAIKAAJIVmFAhAAfDL6MzaFFt1x3AAAwFBQABJCsgoFIAAAAAAAaVEAEkKyCgUgAAAAAABpUQASQrIKBSAAAAAAAGlRABJCsgoFIAAAAAAAaVEAEkKyCgUgAAAAAABpUQASQrIKBSAAAAAAAGlRABJCsgoFIAAAAAAAaVEAEkKyCgUgAAAAAABpUQASQrIKBSAAAAAAAGlRABJCsgoFIAAAAAAAaVEAEkKyCgUgAAAAAABpUQASQrIKBSAAAAAAAGlRABJCsgoFIAAAAAAAaVEAEkKyCgUgAAAAAABpUQASQrIKBSAAAAAAAGlRABJCsgoFIAAAAAAAaVEAEkKyCgUgAAAAAABpUQASQrIKBSAAAAAAAGkNvgC8d38v7D9/EU4uLsP+8xe9lx+EDD0UgAAAAAAApDXYAnDvwaPw1den4fX7m3B+dR0Ojo7D+dV1eP3+JhwcHYe9B496L0IIGWIoAAEAAAAASGuQBeD+8xfh7c2HcHz2Kjx+tr/w3KeffRFOLi7D25sP4dPPvui9DCFkaKEABAAAAAAgrUEWgCcXl/NRf/fu7y08t/fgUTg4Op6PBFxl+YenZ+HtzYd5Vl0OIX3m4ZOnvZTgFIAAAAAAAKQ12AJQF3SHp2fh08++mBd3JxeX4eTicqXi7vzqOpxfXS89lvL6ggdHx+Hw9CzpMXn8bH9pu0n6bMtxfvjkaXj9/iZ89fXpxtdNAQjgNoxGo4XMZrO+NymEEMJ4PA5FUWxkXdPpdOEYbGK9m9w/5K2qqqXfQ3tuFEURRqOR+/665wAAQDMKQFMEyrX/Do6OOxeAch3B297+w9Oz5AXg/vMXW1FMbXu24ThL+Zf6HGubu1wA9vHlO2Y8Hi9sg/5idhvrGY/Hay2nLMswGo1CVVVLz00mE3fbY4/X0e+ZTqdrbfNtqjse8iU5lul0emufd67sOSi/i21LwNssDDdVkMnvoj6v5Txou2/j8dg955res6m/dUVRLK1L9ttLG/K7FnuPXr5dt/2b7/0d1M9PJpPodthl1b3WbnfdZ9bl/4tkG+zymvZRVFUVyrJcekyvX/5+2b+/s9lsUH+zAAC4DYMsAF++eecWgPo1q5RsMq246XUHR8cL69U3HDk4Og4nF5fh8bN9d9vOr64XHj+5uJw/p4tN/bgsa2f3k4X3yvUP7ZRleyz0MvYePFradrmmol2v3aau+6rXq0ta/bxet7dv9v36mo/ysz6m+89fLO2jPRa3eZz7Tt/l387u3S0AvZEPfX6ZsQWgFO9O7MwAACAASURBVF9FUSQtOmS/t6UA1F8y73IBeFufd46ktFiVnBPbXADKPnilUVmWS6VMTFVVWRaAuhxrs66yLFvtR1EUC6+z+yK/R3Ju6ILLPhdCWPoM9PLlM/L+7thzsO61sh22VPP+Bpdl6ZamMXJ89TGxf9/rykmvAJT3yL7I8u3nMx6P53/3AADAagZTAMq1/WSK7uv3N0tlzL37e+HzLw/nz8trvWsFesu3BZMXKf9sgSXvk+d1sXR+db1QyJxcXC4VNHbKsi4wdQmmn9cj0ZpGL8oy9GukOJP1yDGQ6c6Hp2cL22TX0bSvsjy9HXr5upTUP9tttp+RvN6WklLQ2X20x/42j3Of2XvwqPfyb2f3bhaA+sup/qJUVVVv5YstAG+LfGHblgJwW9QdD63taKG7TM6DukLXjq6S46rPIV2geqXiZDJZ+H0qy3I+Yk4v0xsVZn8PvZHCUvrY3yXZxjry+153fPTfIvsPFiEsF8u6yNGjzbwReEVRLB1LSy9DL1uP1pTnY3837Wew6mtibPEmn3HseUsXYN45FCvIvG0uy3L+e21Hctpt8M4RWaZdtrzW/s2QUk6Xc9521R3fugJQ1idlpd3e2OMAAKC9QRSA+tp+clODe/f35tMxpbR5/f4mvHzzbuF6ffvPX8xHfNVdD61tAagLLL19UoJ5BZF+XkooXdJ415XT5ZktymS/dFHVtgC0I/jse+qunWiX0WZfbfS+ywhC/fz51fX8Mzi5uHSPtWyf/Sxi+yjr2MRx7jP37u+Fl2/ehZdv3jUW3reZu1gAyhfbplE2sRJCs9PZ9Jc0Pd3WK/jssvXz9vWyLWVZLm2X/vJtn9NfzrzRZ7K9TdPZvGOxbgHYZp/047PZbF56eIWEfp/9XOyoH9kGvb9Nn7dXPIl1C8C6z9sranQh5I3Mie17Lup+B6W00bxz1TvvNa8AtMde3qcfs7+nRVEsfdZyzL2y0JZQnljxovdfl1q2EJLleyPn7AhCOVeEnB/6fXYddh90ySTHrE1p16bc834f2rIj8bxlSanm0fvlfZZ126+Pod0OOdd0Oa3P17oRhHad3mUbdIHYVADWjZj1zkN7/snx0wWnfg0FIAAAq7vzBaCUMjLV1D7/6WdfzEtAXR7ZZci04VjB16YA9AoiWwp5BZEtumwBaKcU2ym33nrt6LjbLABj04Db7Ktet50GHBsBaEf42cj7uxaAmzjOfSeHEvAuFoBSjNR9SfdGGtnCIjaNWJbrXetKvqh572tTANZtU2ybZRmxAjD2vlg5WFeS2e2oe7zNPtlyT/8sbKER+1x0SeCVebH90yOdYsu8rQKwbeTLetO+56RpBJqmi651CkCvLPMK1LrSyj6vj3/b6cltCkBdSseWZ7c/9no95dTbP13oTKfT6PN16/A0FYDrjP4LYXlqrf4sRKyQtdOwZUqr1lRweX8vrdgy9Lbqz6fpmNiCTheA3tRy+UeTtgWgLYOlAJxMJgtlaVVVrUa7AgCAuMEUgBIZ4aen+tpi5/zqOnz+5eF8hKDcDbWp4Gu6BmBdASgl0aoFYNfybhMFoOyX/Gyn4LbZV29Krd53e109e42/ursvr1IA3vZxziF9l4B3uQCsG3UiX5q8aYLT6XShFNJfIHWZoX/2Rm/oL3FSILUpAPWXMP0aeUx4I+Nkv/Tr5DE7ukO+GHo3qEhdAMb2yduH2LGbTCbutERZr+yzVzp5xaI+P2TZdv/lNbdZAHrFpuy7Pr/a7HuOYjcTiI3ITFkAxj4Lr4DR26KftyOw2ly/r+0IwKYy0u5T7PVNoxZl/2R0YV3hnbIAbDNasm7ZtvDrUgAWRbHwGXQpAOVxPcIvVoQ1FYD2XGg6Zvb6gfb6fPb3pu7z8v7BwB4DKQB1CSyjYikAAQBYz+AKQFsE2qLJFoH7z1/MS5CmArBNubPKFOCmAjBWLKYsplYpAOX4yXNdC0Dvjrn2mnttpwu3+SzaTAG+7eOcS6QEPD57tfF13+UCMPbFM3bjCV2eeSWXfV/sun52um8IywVQmyIsVrR5X+r0SBO973Wj2/SXPVtu1RVesS/E+kYXbffJe429kYl+fWw0o/5iGyvh7DXV7Bdmb9l6KuZtFYB2WrN3h057TjZ9qc+NHblkzx9vCuqmCkA9ndNbrl5320KrrjjRz6UsAOUcaFMA1q0zZQHoFXZtyDbYYx37vbaPyWeqdZkC7H3O3vmltzU2Bbju7689Nk0jgz11oxjrimihj59MA7Y3qwIAAKsZbAFoR+q1fU3TNf7kxiH2MTsqTp7zbgLSVADaG0vs7P5UdtnH7J1w64op2Y4u5VabAlAfQ5lq3aUA9LZRSj2vIPS22ZZ8+vPsUgBu4jjnlHv393rZzrtYANZdfyyE7S0A674crlIAyrrXKQD1l95198leF1BfH69pGrTe1lgJp7fRvia2zG0pALveKbYPcly80qVtAagfa1MA2juohrBYBHlTer3t0zfVaDvdOnYO6rJuU1OA9fua1pmqAFz1bs6yfu+ctsWctw75XbXrjd0EJHZnb+93OPb/Kfb/S+qOS9dp0U13gq4r+boWgHZEMQUgAADrufMF4MMnT2vLvb0Hj5amkda9pk0hYpd3cHS8VCp518ST59pcF0+/X5dTba6V5xVT9v226FylALTl6ypTgPU2yQ087F15vZGbdrv1c7JvqxSAt32cyd0sAHVRYqdS6Tsf6i+Z60wB9u7CacudLlOAY2WZFIt6pE+sANRfGL1SyvvC7N3AJPbF03u+7ph2KQD18mUfvesV2hE3dfsr+2k/I32dK2+bcioA2+x7DmKjr+QxWyrIz3XXObOPeTeqiF3vTx8vWY4tAO01/ryRYvp3T29D7FID3hRWe8OOEH76jO2IQ339N+8mJHo7YjcBsdeJq7spiKxX79e6BWCsPKo7bvZciL1XjxbWx6LuenghLJ4jdXcQ9u5+q/8e2LsA29LVTuO1+2hv+lJ3HtkC0CuEY6MsuxaAsp/27zUAAFjNnS8ApYTxShsp6g5Pz8LjZ/tLxZ19zTaM2hpS9B19dZqu/Ufyzl0sAEP4WEJ40dc2svG+WNvYm4A0XU9MZ50CsO7aXbGbRNzGTUCatiV2h19vn2Kllt2Puufsa7wSLra9+kYMdZ+1XmfdtSVvswBss+85mM1mS8fbK7H0OSY3HRDe9TX1Y+X/ubN0UwFo3ydlhzc6V573bpIRwvKIvqayKoTl361YWWb/XtlCRv/O2Nd7/wAhpZH3dy22zroRmE3vtdunj49Vd9zsNH1v+/XfEK9Iq/v7aNdR97tsz2Fd6Nlp4yHU37nb7r93/sUKQzs6tulSBva9XQtAu63eZwgAANoZRAEosUWgV+rZEYEUf/nGu8bfNk2xJX7uagEYgv+FUIvdhECLTRnVz3lf6u3UWztiadVrAOov3jIlre4LrjcaTxcd3rHS0x2bvsi2Pb5dC0D9uPcF1n4uVVUt3TjDjiCr+0JvyyXvS3mbL/exYiFVAdi077gd+gYJmr5zKtrjuAEAgCEYVAEoefjkaWNBtPfgESXSFkSuK+hNiSbbmbtcAAJACrHRhU0jsODjuAEAgCEYZAFICMk3FIAA4Ku7oVDud17OFccNAAAMBQUgISSrUAACAAAAAJAWBSAhJKtQAAIAAAAAkBYFICEkq1AAAgAAAACQFgUgISSrUAACAAAAAJAWBSAhJKtQAAIAAAAAkBYFICEkq1AAAgAAAACQFgUgISSrUAACAAAAAJAWBSAhJKtQAAIAAAAAkBYFICEkq1AAAquZTqdhNBqF6XQ6qHUDAAAAaEYBSAjJKhSAwGrKslwo4YqiCKPRKIzH44XX6cdns1kYjUa18dYhmUwmIYSPBWBZlhvZVwAAAADdUAASQrIKBSDQnRRwVVXNH0tZANa9TpZfVRWjAAEAAIBMUQASQrIKBSDQ3Xg8XhiRF0K7AlCTEnE0GoXZbLbwnB75J2az2ULhKO+3ywUAAADQPwpAQkhWoQAEupOCThd3qQpA/Xjd6D4ZJcg0YAAAACA/FICEkKxCAQh0512vL1UBKKML7fI9smwAAAAAeaEAJIRkFQpAoBsZeVcUxcLjqQtAu3yPLNtOIQYAAADQLwpAQkhWoQAEuokVgDItOFYA6usFhpBmBKA3FRkAAABA/ygACSFZhQIQ6KapANQ36gjh43ThtgVg22sAhsAIQAAAACBXFICEkKxCAQh0543Q0yP3pJCbTCbRO/3W3QVYij17F+DYtGMAAAAAeaEAJIRkFQpAoLvY1Fsp7WzsqMAQ6gtA/ZyN3PWXuwADAAAA+aIAJIRkFQpAoDsZ7Wen9YawOHrPuyagqCsA2yxLRhfGlg8AAACgPxSAhJCsQgEIdCflnTeyb1Oqqmp1nUAAAAAAm0cBSAjJKhSAwGpkGnBfmP4LAAAA5IsCkBCSVSgAgdXIKMA+puDKFGRG/wEAAAB5ogAkhGQVCkAAAAAAANKiACSEZBUKQAAAAAAA0qIAJIRkFQpAAAAAAADSogAkhGQVCkAAAAAAANKiACSEZBUKQAAAAAAA0qIAJIRkFQpAAAAAAADSogAkhGQVCkAAAAAAANKiACSEZBUKQAAAAAAA0qIANNl78Ch8+tkXYWf3k/DpZ1+EvQePei9ECBlSKAABAAAAAEiLAtDk+OxVeHvzIRyens3/t+9ChJAhhQIQAAAAAIC0BlkAfvrZF+Hg6Dg8fra/8Pi9+3vh8PQsvH5/M//fr74+7b0Qacr+8xfh/Oq69+2w2XvwKLy9+cAoStIpFIAAAAAAAKQ1mALw3v29eeF3cnEZ3t58CMdnr8LO7ifzx9/efAhvbz6E/ecvws7uJ+Hg6Hj+WJd1yehBycHRcdJ9kWLt7c2HcH51PV9fbkXb/vMXC8eTbFcePnk6nw6/yVAAAgAAAACQ1iAKwHv398LLN+/mpd/r9zfh7c2H8Pr9zbwMPDw9CwdHx+Hlm3fh+OxVePxsPxyfvQonF5fh8y8PW6/r/Op6aTTe+dV10hLs8PQsnFxc9l4Q2eRYQpLV8vDJ095GwFIAAgAAAACQ1mAKQCn9Ynn55l24d38vfPX16cqj9w6OjjcyFffk4jK7axMy3ffuRMq/vs4xCkAAAAAAANIaRAG4s/vJvNh7/f5mPuX38bP9eTEoo/w+//JwXgauMvqvTWGopxbb0uzg6DicXFyGx8/2F14jz8uIRcnjZ/tu8WinIevlnFxcLm2nHqUo69ZTjfcePFrabnm9TPW126WXI+ux+2VHRsp79X6mnkJN4um7/NvZpQAEAAAAACC1O18ASqEhZZK9ppkur86vrsPDJ09XWo+UZfbGIjZSotn1y/vkeT3FV67zJz/bEYC2APR+1strWwDqZew/f7GwDFvu1ZV99jWyr3LM9LboAlEfH0YW3n72Hjzqvfzb2aUABAAAAAAgtTtfANoRZ7aga3q+S3nS5v3eqDd9Tb/YaD5b4NUVgLbgk22LPb+zGx8B2HZf2hSA3tRlKfhix6ftcSXrR66VKSNg+9oOCkAAAAAAANK68wXgvft785t7eNNJj89ezUfcHRwdh70HjxamCLctQtoUVbFiTRd4XgHojeDrOgKwriDc2W1fAMamAbcpAL3ys81rKAA3lxxKQApAAAAAAADSuvMFoETf3EPu+Cvlny4GTy4uw+v3N/Oiq8t0yKZrANYVgDIKLkUBKNviXUNQ3t+1AJTH7NTkVAWgFHwUgP2n7xKQAhAAAAAAgLQGUQDqm1nURd/oQm5C0eUmIG3uArzKFOBVRgDWFZHeVNymMu/w9Kzze1JMAZbHKAA3GykBj89ebXzdFIAAAAAAAKQ1iAJwZ/enounlm3fh08++mI+O0z/vP38xv1mIFFD6zsFt13N+de2OxpNCrs1NQNYtAL2yTufw9GxpSnDTdF57HUK5y7C8R0pWXd6tehMQCsA8cu/+Xi83X6EABHAbRqPRQmazWd+bFEIIYTweh6IoNrKu6XS6cAw2sd5N7h/yVlXV0u+hPTeKogij0ch9f91zAACg2WAKQB2Z+mtLsuOzV+H86jp89fXpws9d74oq5ZieXqyLFHsdPftciinA3ghH/R5745OTi8vGawDaa//p99j9Ojg6rh0VaK8hqNdBATjsUAACSG00GoXxeDz/WYqwtiXgbRaGmyrIxuNxGI1GYTqdzh+TQqbtvo3H41BVVef1bqoALIpiaV2y317aKMuy9j16+XbdtnDV56DQz08mk9bboT/HptfXfWZdimDZH7u8pn0UVVWFsiyXHtPrl5LP7t9sNuv0uQEAgGWDLADroq8V6JVR25Dzq+vo3Y77GNFFSJdQAA5TrqOz6mzLl1EpArziZxu2f11SWqxKiodtLgBlH7yCqSzLpVImpqqqLAtAXbS1WVdZlq32oyiKhdfZfZlMJgvnhi647HMhhKXPQC9fPiOv2LPb6y1b80o1r5gry9ItTWPk+OptsaVfXZHpFYDyHtlvWb79fMbj8fxvGQAAWA0FoMlXX5+Gl2/ehcfP9uc3A+m7EOma2HUGm65PSEgOoQAcFvki66VphEuftmk0ijeiRo57URRbUbauQ/a17nyyI7WkfPDOz+l06paKk8lkoUgpy3I+Yk4v0xsVZgsYb4qknHO2yJFtrCOj1OqOjz4P7FTNED6eRxJd5OjRZt4IvKIolo6lpZehl61Hazb9A4H9DFZ9TYwt6eQzjj1v6QLMO4diBVnTdtiRnLHfd02Ogz0e8lpb4kkpp8s571jWHd+6AlDWJ2Wl3d7Y4wAAoD0KQCdy59M+7oCaIt5NT/QUYkJyDgXgsHhf+CeTSe1UuBzoEid321Co3jYpl7zyQcoUTRcS3nThtgWgLVLkffoxW5oVRbHwWenRX15ZaEsoT12x5JVathCS5Xsj5+wIQimjhJQ2+n12HXYfdMkkx6xNadem3GuaalvHjgb1liWlmkfvl/dZti0n7Qg/PcrXO1/tduvP3K5TPi/9eegCsakArBsx652H9vyT41eW5fw46tdsw99cAAByRQFICMkqFIDDoa+dFSNfbO2UM/3FWy9DP6e/FNvl2FFY+gu7/gLsXd/Lu6aY96W9zbbrx2Kjp/Tz+kt13f55+6iXIcuV9clr5Uu3HamlR4R5U/Ni25iTphFomi661ikAvbLMO351pY99XpclbacntykAJ5NJ47UR7fbHXq+nnHr7pwud6XQafb5uHZ6mAm2d0X8hLBdvXrEeK2TtNGyZ0qo1FVxy7tYVvrFl2JJNltF0TLzRhnbasp3W3KUAtGWwFICTyWShLK2qqtVoVwAAEEcBSAjJKhSAw1E3Ksu+pk0BaEsoe9F8eU9s2rH+Yu4975WC6xaAdlqlXpZ3x0z9xTq2f2KVArBt7NTD2DbmKDZ9OzYNOGUBaD+jEOIFYOz8siOw2kwZbTsCsKmMtPsUe33TqEXZPxldGDvPZrNZ0gKwzWjJumXbwq9LAVgUxcJnsEoBqN8bOyZNBaA9F5qOmb1+oL0+n/29qfu8vL8X9hhIAahLYBkVSwEIAMB6KAAJIVmFAnA4vIKszWvqCkDvvfZLupRudnqZfBHVhYS8xm6HLhFTbLtsn90m/UVa1qmnY3r7p+nl6NfUFYCyvfrLurxXF6FttjFXduSS/Sy9KaibKgD1yE5vuXrdbQutuuJEP5eyANS/T00FYN06UxaAdb8rdWQb7LH2Pk9vCrB8pto6U4Blmd7fzqYpwG2KfbusWDx1JWabaxzq4ycjkuWYUAACALAeCkBCSFahAByO1CMAY1+69XubvgCHsFyOhfCxDJNtTVUA2hEx8njdzVFkG9oUqKsUgFIceMdBytPxeNxqG3Mmx9srXdoWgPqxNgWgvYNqCItFkDel19s+fVONtqMtvd8R2U75vDY1BVi/r2mdqQrAVe/mLOv3fs9sAeutQ35P7XpjNwFpe5flWAEYgn8TkNhx6Totumkb60q+rgWg/QcFCkAAANZDAUgIySoUgMOR+hqA6xaA9hp/mygAQ/CnntaVa7K8nAvAtiXGJsRGX8ljtlSQn+uuc2Yf825U4RU0duqmLMcWgPYaf95IMVu0ejcY8d6jzwN7w44QfvqM7YhDPeXbuwmJ3o7YTUDsdeLqbgoi69X7tW4BGCuP6o6bPRdi75VtswVX3fXwQlg8R+ruIKxLML3e2F2Abelqp/HafWxzF2BhC0CvEG5zF+QYO4JS7xcFIAAA66EAJIRkFQrA4dDllL0mlS256qbndikAY6/XX9C7FoB1X+6btr2qqvn7dYnkFXJ2O7sWgN6NTtYpANtsYw70NQ9t2Sv0dOqqquY3HRD6/Xpkmz5/7c0sYiO07I1lYndh1edC3RRa0VRWhbBcNsfKMn087Hr0497rvRvZSGnk/b7H1lk3ArPpvV45HyuP6o6bd41O7++Vt+91Bbl3SYJY6abvOBxbhp02HkL9jXvs/jfdBVizo2PtMar7nFYpAO22UgACALA6CkBCSFahAByWVW64sW4B2PYmIHUFoB1J6BUpTdseu76Wdw0+7wt2mwIwhOUSo+kmIG0LwDbbiNuhb5Cg6fIc7XHcAADAEFAAEkKyCgXg8HjTcutGyEjptGoBGII/EkrW2aYADGG5SPRKr7pt19c/i42MsiViVVXz7WxbANrjq++8um4B2LSNuB2x0YWUr6vhuAEAgCGgACSEZBUKQADw1d04ZxtuvJIjjhsAABgKCkBCSFahAAQAAAAAIC0KQEJIVqEABAAAAAAgLQpAQkhWoQAEAAAAACAtCkBCSFahAAQAAAAAIC0KQEJIVqEABAAAAAAgLQpAQkhWoQAEAAAAACAtCkBCSFahAAQAAAAAIK0sC8D/6/++CpKf/eLvCCEDCgUgAAAAAABpUQASQrIKBSAAAAAAAGlRABJCsgoFIAAAAAAAaVEAEkKyCgUgAAAAAABpUQASQrIKBSAAAAAAAGlRABJCsgoFIAAAAAAAaVEAEkKyCgUgAAAAAABpUQASQrIKBSAAAAAAAGlRABJCsgoFIAAAAAAAaVEAEkKyCgUgAAAAAABpUQASQrIKBSAAAAAAAGlRABJCsgoFIAAAAAAAaVEAEkKyCgUgAAAAAABpUQASQrIKBSAAAAAAAGlRABJCsgoFIIC7oCiKMJlM+t4MAAAAIIRAAUgIySwUgAD6Nh6PQ1EUK79/NpuF0WgUqqpKuFU/KcvyVpYLAACAu40CkBASfvaLvwt/8/O/C3/z87/tfTsoANG38XgcRqPRUgFUVVUYjUahLMt5wVOXyWRS+3xZliGEnwqd2PvbkmXYYqgoijAajcJ4PF54fDqdLq1vOp0uLdfugxyTNvu/zdYtAG8TBSAAAABWMdgC8Jd//yScv3odrie/C7/6zWe9lx6E9JW/+cXfzou/v/n53/ZeAlIAom+5FIBecRfTpQCU/WtaX93rKAD7QwEIAACAVQyuADz5L/81/Ldv/nsIIYQ/z/6y8N9v/+kq/PLvn/ReyBCyqXiFX98lIAUg+tamANT0aLrZbNZpmSH45Z2sq20J1bYA1MWdtz69D14pWFXV0j622f++2TLTjq60IyJtASgjJOV4yjJsEarp9cjy5fG6UZd1216WpVsA1pW4ZVkulNGyX/ozbxohWjcaVdZh32Ppotue1952esvQ22yfr1t+WZZhPB4vvF+Oof5M9eexynvsdui/FXJ89Dkjvy91+9XlHwTs8bP70+X4tzlPAADAdhlEAfgPL74Mv//DH8N//Phj+OsPP4R//pcP4R9efDl//pd//yS8/aer8OfZX0IIIfy3b/57OH/1eqV1XU9+t7Azv//DH3sveQhx8/O/DT/7uf9cn9OBKQDRtxwKQP1FvI22BaAukyz7Jb/tl/7cC8DJZBItYvTPuuSyn1WssNGvKYpi4fh7BaA+7lVVNRa88nnZbbXr0UWPvvmIvF9er8sneY2ca3Ydskx5T+w8kHXoY2yPhRSXet/1sbDbKe/Rx8f+PJlM5tvUtHz5/bD7bD9Tu75V3mMLc9knOa5eORnbr7rP1rLnymw2Wxhl3OX4tzlPAADA9rnzBeA/vPgyhPBTEXfyX/5r4+t/9ZvPwj//y4fwHz/+GN7+U7f1S/mnH/v2u+/WLgGvJ7+jSCRJ02aU30+v2fy2UQCib3VTXzdVAMpjXUcAxqKLEm8fvO2wy4wVQLkXgB5dbHgj6rwRgLp4sSWivEcfV68A1K+XQqXtdgq9vTJCTdOFpzeVOTaCUIom7/m6bfXWUVXVfBu8fQ/hpzJLF9N2GVJCTafT6DLaLj+2z95nKrq+R0aIevsQ2866/Wr6bC3vXKlbR9PxbzpPAADA9rnzBeDRb49DCCH8x48/ht//4Y8LI/9sfvWbzxZGAl5PftdpXd9+913n97TJ7//wRwpAkjjx8u968rv5CNg+RgFSAKJvfRWAXtreCKRrAehdQ84rB/VUx9g2bUsBGJsG7O3TJgpAXR7ZqZuTySRa3OhiJva5y7avUuzUfcaxoio2pTT2vN2O2GtkW+quydhm+ZsoAJuumRk7Z2L71fTZal0/H7t/FIAAAAzDYApA7a8//DC/+YfcDESuBfjtd9+F81evwz//y4fOZd5ff/ghfPvdd+5zv//DH0MIwX2PrOfb775b2EZ5XtPL16/Xj8s+/+o3ny2891e/+Sycv3rtvocMK3VTfG2RvelRgBSA6FtfU4C90qCttlOAu4wA9JbjbVvuBaBsny02cyoA67a7qQCsuyFI6gLQK3/WKQCbXrNuAainwG6iAKwbsbtKAdj2Zi+rFoDrjBQFAADbZ5AFoPXXH34Ib//pauFuwNeT33UuAPW6jn57vPR8CGHh2oLy+p/94qeCUBdyehSWN43YljR6lKAsV0rEn/3iY5Eor5FycNVrHZI7kMgU32+/+27h/N309QApANG3HK4B2FXbArDLNQAt77pgIeRfAOrrsAldr1ttTgAAHUJJREFUANrr1YWQRwEox7tpCnBd6dTXFGB9LFadgqrfty1TgOt+B1aZAtzlTtTeuVK3DqYAAwAwPIMvAGOj4FYpACV61J5exvXkdwvr06WdLQBtIaMLwKPfHi+Uez/7xcdCT++zLTTte25ryjLZnnjFXgjLBfYmrwdIAYi+3eUCMHYXYD0KUejruNn91CXANhSAej/kc7Q3ytA3T7CfVR8FYAj+DSLsZ2d/nv3/7d3Pa2Tnge/hv+RmkZXhVjbZaFEL4VWt1KCFQVjMQs2gRnhTNo5bTSgaGSSBjAf1RjBTBuGJZIJgRnO9Mr7ZZDJ4YcPA/GiwFxlm7E633XY7Sbcvsbx576J5y2+9OiWV6pS63tN6vvBAVJLqVKkzgflwTp2vvx4cZ5Kwc95NQOJrSP9+ZwXAeMyqf4P05/O/cR5mV1ZWho4TPxtwnOd/FgEw/k5VyEx/tirEjXpfZ/3bxvc46usQwtg3SREAzczMrsYEwEsIgFG87Dc+T4x0Mcz9+fHjodASlx83D4D5nYbT/eKXPQGQi8kiYAih8rMyx7lxyDQIgDbrPc8BMH0tVarueJqb5P3Pevl7vH379lDISf8m8ezAEgJgCMNxNp7NWBVmqv4dJw076b9p/t7j3+qss8fyv0X+Pqp+Pga/Uf89y58jf11nPf+zCoBVrzG/C3DV/42c9b5G/dvG30n/3fL/2x4V+Uf9/cf5mwmAZmZmzZ0AeIkB8CcvPI2AaXiL0S29/DcXF+NgVQDMY17VexYAGUca9mKkjv/9//v3fh32/u6dwX8Xn8VZgAKgzXrPewDMX3PVa4//Of+ZqtfYhABoZe+il7uamZmZ2cUnAI4IgJPcBKRKHt7+4f+8P7jxx1l39k0vD666BDiE4cBX9Z4FQMYVI+Avftkb/Hfz83v3hm40k/7sZb4WAdDM7GpNADQzMzO7/D33AfCv/vrGUMTIlwfAvb97J3x+7174/uQk/P17vx77ODG65UGt6rH4GYHp5b/5jRf+/Pjx0OcDVsW7/LH4+wIgkxj3Zh+XfSmwAGg2vPSyyCrOurOmTwA0MzMzu/w99wEwimfe5YsB8Be/7A19Zt9f/fWNCz1/jG35qu6yWxXj8s/1y8NkuvhYHjbzuwALgFzYmDf7uMwIKACaDU8ANDMzMzOzursyATD64P/+Jnx/cjI42MOvvxmEv3//z7sjL6udpn//z7vCG8UaOwC+IACamZmZmZmZNWFXLgD+5IWnlwX/8798NAiBn9+7V3nX08tw3uf3QQnOOrtv3EuFJyUAmpmZmZmZmU13VzIARr/4Ze+Zh78Qhj/7D0pUdYnvZX/2XyQAmpmZmZmZmU13VzoAAqOll/k+q/j3kxcEQDMzMzMzM7NpTwAERvpfL/zvZxr/fvKCAGhmZmZmZmY27QmAQFEEQDMzMzMzM7PpTgAEiiIAmpmZmZmZmU13AiBQFAHQzMzMzMzMbLoTAIGiCIBmZmZmZmZm050ACBRFADQzMzMzMzOb7gRAoCgCoJmZmZmZmdl0JwACRREAzczMzMzMzKY7ARAoigBoZmZmZmZmNt0JgEBRBEAzMzMzMzOz6U4ABIoiAJqZmZmZmZlNdwIgUBQB0MzMzMzMzGy6EwCBogiAZmZmZmZmZtOdAAgURQA0MzMzMzMzm+4EQKAoAqCZmZmZmZnZdFdkAPzpz34eWu0XgSvkpz/7efjpz34uAJqZmZmZmZlNeQIgUAQB0MzMzMzMzOxyJgACRRAAzczMzMzMzC5nAiBQhGkFwM8//zx8//33U/0fJTMzMzMzM7Om7i9/+Uv44osvBEBg9uoGwG/+9P/CV48eh4dffxMePHgw1f9RMjMzMzMzM2vq7t+/Hx5+/U346tHjWv8/twAI1DaNAPjw2yfhwdd/Cp9//nn48ssvw8nJyVT/x8nMzMzMzMysKTs5OQkPHjwIX3zxRXjw9Z/Cw2+fCIDAbE0jAH79x+/CV48eh/sP/xgefvMo3Lv3h/D73/8eAAAArpx79/4QHn79KNx/+Mfw1aPHtS//FQCB2qYRAPMI+Ievvg33vnwEAAAAV84fvvp2qvFPAARqm1YAjBHw4bdPwlePHocvv/kzAAAAXDlfPXocHn77ZGrxr9EB8MZrb4T3P/gwfPTxJ+Gjjz8Jv/nt70Jve2fmMQSummkGwDwGAgAAwFUz7f//urEB8F//7T9Gvoj/+u//CTdee2PmUaQE73/wYXj85LuZv47L0tveCSEE4XfGLisAAgAAANPRqAB447U3wjePvh2KffEMwLuffhZOTn4IIYRwcvJD7Sh07/6DoTf3/gcfzjy0XNTdTz+7cCB7/4MPB+/57qefzfw9jPNam/hv8zwRAAEAAKBsjQqA8cy/k5Mfwt/s/e2p7/e2dwaB8JtH3058nHv3H4R79x8MPTaN0HTv/oPiY9XjJ9+Fjz7+ZOavo8pFYybPhgAIAAAAZWtMAIyXe4YQKuNfdOO1N8LjJ9/VCnYhhPDOr96b+nt4/OS74gPgNELnZf77C4DlEQABAACgbI0JgB99/EkIYfiy1Pc/+DCcnPwQTk5+GDprLV4amp/FN44YmkadBff4yXennjf+ToyG6e5++tlQvIxLn3/U4x99/MngrMG4+Jl+8fLes17rRx9/MvQZgPfuPxhcMh2Xvpd8+d8+Lo1w+WuMx4t/jxhjQ3gaFvO/Rfp63/nVe6f+dum/Z7p3fvXe4OfT15M/Rx4z4++ml3iXesZjUwiAAAAAULZp7lIDYAw2v/7Hfwqt9tMz/eJn/sXFMwNvvPZGCOHppcKTHCsNXvn3qqJTjGCt9ulLaO/dfzD42bOCVPw6PUswj55pPIs/E+NY1ZlxVQEwDV7x+dLXlH8dX0P8Oh4vvuaqMBufJ31dMVimr+fxk+9Ovbf8OeJrOSv2xcfi1/G1VcXcuPgzZ/39GI8ACAAAAGWb5p5JAIzh5m/2/vbUC8hDVh6ULiI/Uy2NdPFMuvh1Gu3O+gy9/DXGm5ekP/P+Bx8OYmIe8OKxq2Jb1SXLVQEw/9389Vb9HfNoeffTz858jVW/d144HfVvHl/vOAGw6v3FwDfqdeVnb3JxAiAAAACUbZq71AAYzyBL4016R+CTkx/CjdfeCK32j3GwKkxNIl7Gmp41Fp87P3MtvQQ1j0r568/vNBwXn/tZBMA8ZqavsSq65c877QA46jLgcQJgfsxxf2bU34/xCIAAAABQtmnuUgNg1ef63XjtjfCb3/4ufPTxJ0NhKMbCPHbVkV6umkajUWexpSEr/Z08AJ71GksOgPF9TTMA5n+vu59+NrUAmH4+owA4XQIgAAAAlG2au9QAmH7m329++7uRP5eGt2l+rlsez2KcijfAGPV76eXBeXwaFc/O+v6zDIBVX8f3Pu1LgNOzKvO/8ajfn8YlwGf9/RiPAAgAAABla0wAbLVfDL/+x38aHCzeXTd+78ZrbwzdvGPSO7vG50iDUH4WWas9/BmBeUzKfyb9fMCqeJc+1tveGbyvEgLgODcBmVYArDpOfpOQs55z3JuACIDTJQACAABA2aa5Sw+AMQyld/89Oflh8Bl9cf/6b/8x8fP3tndOfQ5dGplSeVCLlwSnS+NT+rxVl77GpXcBnnUAjM8z6m8xzUuA089EvPvpZ6dukpIH3rPOCsz/lme9v1F/P8YjAAIAAEDZprlnEgBb7aeR7u6nnw2FwBBC+K///p9nGnIeP/lOOOLKEwABAACgbI0MgKn0ktln6bzP74OrQgAEAACAsjU+AD5r6WWos34tUAIBEAAAAMomAAK1CIAAAABQNgEQqEUABAAAgLIJgEAtAiAAAACUTQAEahEAAQAAoGwCIFCLAAgAAABlEwCBWgRAAAAAKJsACNQiAAIAAEDZBECgFgEQAAAAyiYAArUIgAAAAFA2ARCoRQAEAACAsgmAQC0CIAAAAJRNAARqEQABAACgbAIgUIsACAAAAGUTAIFaBEAAAAAomwAI1CIAAgAAQNkEQKAWARAAAADKJgACtQiAAAAAUDYBEKhFAAQAAICyNTYAznUWwnJ3Paz2tsJqbyus3Lwd5heXZh5D4KoRAAEAAKBsjQyAr7z5Vtg5OK70+tt7Ya6zMPMoAleFAAgAAABla1QAnOsshN7eu0OxL54B2N3eDZv7R2Hn4Dhs7h/VOhtwo38YVntbMw8r0AQCIAAAAJStUQEwnvm3uX8UOi+vnPr+/OLSIBD29t6d+DgCIIxPAAQAAICyNSYAzi8uDc78q4p/0VxnIWz0D8POwXFY7q5PdCwBEMYnAAIAAEDZGhMAV3tbYefgOHS3dwePLXfXw+b+UdjcPxoKdsvd9bBzcBxu3elPdKzzAmB8LVF+uXE8fu7a9bWZxxqYNgEQAAAAytaYAHjrTj/sHByHl9ZeDa320zP94mf+5WcGznUWBpcKT3KsswJgjH/x6xj7Yty7dn1tKArGr2cdaeCyCIAAAABQtsYFwBjaOi+vnDrDLr3kNz42ybHOCoBVlxZ3t3cHZxuu9rZOnXm40T909h/PLQEQAAAAytaYANjd3j0V39I7Am/uH4W5zkJotX+Mgxv9w4mONSoA5mf3Rau9rcGxRp0BWOeuxFAyARAAAADK1pgAWPW5fnOdhbBy83ZY7W0NBbYYC9PPC7yISQJgerZhPL7P/uMqEAABAACgbI0JgOln/q3cvD3y52Kkq3PWXZ1LgK9dX5v45iPQRAIgAAAAlK0xAbDVfjG8tPbqIO51t3eHAt9cZ2Ho7rxn3cX3PHVuArLcXZ/40mNoIgEQAAAAytaoANhqPw1s6d1/N/ePwkb/cOiS21fefKvWMfLny88oTENj1ZmG8YYlKVGQ55UACAAAAGVrXABstV8M84tLobu9OxQCdw6Ow+tv78388/a627uVZw9WXToMzwMBEAAAAMrWyACYml9cKuoOu7fu9E/dfCReJlzS64RpEQABAACgbI0PgCWquoR41q8JLosACAAAAGUTAIFaBEAAAAAomwAI1CIAAgAAQNkEQKAWARAAAADKJgACtQiAAAAAUDYBEKhFAAQAAICyCYBALQIgAAAAlE0ABGoRAAEAAKBsAiBQiwAIAAAAZRMAgVoEQAAAACibAAjUIgACAABA2QRAoBYBEAAAAMomAAK1CIAAAABQNgEQqEUABAAAgLIJgEAtAiAAAACUTQAEahEAAQAAoGwCIFCLAAgAAABlEwCBWgRAAAAAKFtjA+BcZyEsd9fDam8rrPa2wsrN22F+cWnmMQSuGgEQAAAAytbIAPjKm2+FnYPjSq+/vRfmOgszjyJ1LXfXw0b/cOavA84jAAIAAEDZGhUA5zoLobf37lDsi2cAdrd3w+b+Udg5OA6b+0cTnw240T8M3e3doce627vh1p3+0GPL3fWwc3B8ae+1u70bdg6OndVI8QRAAAAAKFujAmA8829z/yh0Xl459f35xaVBIOztvTvRMapi30b/8FTs627vngqFcBUJgAAAAFC2xgTA+cWlwZl/VfEvmussDILdcnf9wsfJz+ybX1wKG/3DcOtOP1y7vjZ4/Nadfljtbc08vsCsCYAAAABQtsYEwNXeVtg5OB466265ux4294/C5v7RUIyLES8/k28cMTTGS2+Xu+uDs/3SY+wcHA+C4LXra0OfQ5i+xvi9NGDG/3zt+lq4dac/eDx9/tXe1tBnAK72tgYRMj1W1WvPxedNj+XzBZkWARAAAADK1pgAGOPVS2uvhlb76Zl+8TP/8jMD5zoLg0uFJzlWevZgDH/L3fVBUIyhLf/PVb8fg10e3OJrjhExRssYHqsCYB41888rzM96TJ8/v7Q5vqdZxyOaTwAEAACAsjUuAMag1Xl55dSZbnn8mvQmHenlvRv9w3Dt+tpQ6DvvDr237vQHYS49AzD9mfz1pmcFttrVATA/Zhr14nHy78f3UfXZhjANAiAAAACUrTEBMN4VN41m6R2BN/ePwlxnIbTaP8bBSS9zjZf85mf3xRgY7zqc/s6oy4DHDYDxsYsEwHhZ8KjnHBVFfXYh0yQAAgAAQNkaEwCrPtdvrrMQVm7eDqu9raHAFmPhpHfpjWf4xc/oS583Rrf88wDTUJjeIfhZBsD4Nzov9OWXH0MdAiAAAACUrTEBMP3Mv5Wbt0f+XHomXh7dxhXP/FvtbZ26uUh3e3cQB+NjVZfmzuoMwHHfY/oaoQ4BEAAAAMrWmADYar8YXlp7degS2zSqzXUWBjfKmMZlrlVnyV27vhY2+odDoS2edZd//awDYH734ly8g3D8Or+BCExKAAQAAICyNSoAttpPA1t699/N/aNBlIteefOt2seJNx3JH6/6bMH4szH8pZ8R+CzPAEwDaGp+cenU99wQhGkRAAEAAKBsjQuArfbTs92627tDIXDn4Di8/vbelf1cu+XuemXUS+9IDJdBAAQAAICyNTIApuYXlyb+rL/nSdUZgvGy4PxMQ5gmARAAAADK1vgAyI/i3Y9TV/WMSJ4dARAAAADKJgACtQiAAAAAUDYBEKhFAAQAAICyCYBALQIgAAAAlE0ABGoRAAEAAKBsAiBQiwAIAAAAZRMAgVoEQAAAACibAAjUIgACAABA2QRAoBYBEAAAAMomAAK1CIAAAABQNgEQqEUABAAAgLIJgEAtAiAAAACUTQAEahEAAQAAoGwCIFCLAAgAAABlEwCBWgRAAAAAKJsACNQiAAIAAEDZBECgFgEQAAAAyiYAArUIgAAAAFC2xgbAuc5CWO6uh9XeVljtbYWVm7fD/OLSzGMIXDUCIAAAAJStkQHwlTffCjsHx5Vef3svzHUWZh5Foo3+YVjurs/8dcBlEQABAACgbI0KgHOdhdDbe3co9sUzALvbu2Fz/yjsHByHzf2jWmcDbvQPw87B8YW/l5tfXAo7B8ehu70780gDl0UABAAAgLI1KgDGM/82949C5+WVU9+fX1waBMLe3rsTHydGvmvX1049f4yPl/k+dw6OXc5MYwiAAAAAULbGBMA0vlXFv2iuszAIeJNeervRPwzd7d1TZ+6t9rbCrTv9Sw2A8X0KgDSFAAgAAABla0wAXO1tnbqcdrm7Hjb3j8Lm/lFY7W0NPb5zcBxu3elPdKyN/uHgeOM8nn4G4Ub/8NT30hAZzyyMIXHn4Hjw2uPrTsWzEK9dX6t8vNV+Mdy60x9cCh2/n7/39Hv5a4phMz9G/nfpbu+O/H76ePpvwfNPAAQAAICyNSYAxmD20tqrodV+eqZf/My//MzAuc7C4FLhSY4Vb9xx605/EMrimXkxkqU/m8e4NFJWBcA04MXoF8/4i8+fngGYHzM/SzD+bWJ4i9+Px43vJX+++PsxDqY/E8+CTN9XGjfjHZjje0r/Bm58crUIgAAAAFC2xgXAGJo6L6+cOluuKrRNcqwYsJa764MIFm80EoPdqN9d7W0NhbKq15V+nYbFVrs6AKYhMupu7w4CXB4d43s460y89HXkrzk+fwyCVa8pfb/5sfPgyPNNAAQAAICyNSYAxstP0xCW3hF4c/8ozHUWQqv9YxzMo9a4YgCMcS4+du362sgAOOoy4PMCYHzsrACYh84ohreqABgvC04fG3UZcFUAjJcFj/p+epyq1zbp357mEQABAACgbI0JgFWf6zfXWQgrN2+H1d7WUDCLsTCPYuNKL2GNZ9/FoJUHwPzMxPRnW+3pBcCzLqk9LwDG58wv8Z1WAJz078zzQQAEAACAsjUmAKaf+bdy8/bIn0tvZDHpnXTTOBaDX36jjla7+o69lxEAz4ts5wXAqjsaXyQAnncJsLP9rjYBEAAAAMrWmADYar8YXlp7dejy1zRIzXUWhi5xrXMn2vwmFmn8qgqAMd7Fr+sEwPwGHq32jwEufyz+53ECYHr2X3459XkBMP5N0p+5dn1t8Brysy3nF5cmjq80jwAIAAAAZWtUAGy1nwa49O6/m/tHYaN/OPT5c6+8+VatY5x1F9v8EuA0OsbPCawTAPPnzC/jzY/Vao/3GYD5Z/+lNxYZJwDG5zzvpitV3+P5JgACAABA2RoXAFvtp2eYdbd3h0LgzsFxeP3tvaGQBlw+ARAAAADK1sgAmHK5KcyWAAgAAABla3wABGZLAAQAAICyCYBALQIgAAAAlE0ABGoRAAEAAKBsAiBQiwAIAAAAZRMAgVoEQAAAACibAAjUIgACAABA2QRAoBYBEAAAAMomAAK1CIAAAABQNgEQqEUABAAAgLIJgEAtAiAAAACUTQAEahEAAQAAoGwCIFCLAAgAAABlEwCBWgRAAAAAKJsACNQiAAIAAEDZBECgFgEQAAAAyiYAArUIgAAAAFA2ARCoRQAEAACAsgmAQC0CIAAAAJRNAARqEQABAACgbI0NgHOdhbDcXQ+rva2w2tsKKzdvh/nFpZnHELhqBEAAAAAoWyMD4CtvvhV2Do4rvf72XpjrLMw8isBVIQACAABA2RoVAOc6C6G39+5Q7ItnAHa3d8Pm/lHYOTgOm/tHtc4G3Ogfhp2D4wt/D64iARAAAADK1qgAGM/829w/Cp2XV059f35xaRAIe3vvTnycGPmuXV879fwxPs46ukApBEAAAAAoW2MCYBrfquJfNNdZGAS85e76RMfa6B+G7vZu6G7vDj2+2tsKt+70BUBICIAAAABQtsYEwNXeVtg5OB6Kcsvd9bC5fxQ294/Cam9r6PGdg+Nw605/omNt9A8Hxxvn8fhY1dmB+ffSS5PTx9P3de362sjvpe8vF89YzH8/P5Nx1OuL7y89Xv77McSm7+Os49X9fconAAIAAEDZGhMA45l3L629Glrtp2f6xc/8y88MnOssDC4VnuRYG/3DsNxdD7fu9AdnEcZwFWNV/Nl4VmD8erm7Hjb6h4P/nP7stetrg7gWY1v6/uYXlwbHSV9PejZjPH4MaPnryb+uCm7pa696rosEwPOOV/f3KZ8ACAAAAGVrXACMManz8sqpM+DSS37rfFZfDIDL3fVBDItnxuVRrypWbfQPw7Xra6d+Nv+ZNACe997T15Gf2RiPF382v/S5u71beayqy6TTY8WfOSvgnXe8ur9P+QRAAAAAKFtjAmB3e/dUsErvCLy5fxTmOguh1f4xDsYz8S4qBsD0bLyqqJdfuloVI2O4zKNd+rtVl7yOugx41BmA6Rl3VfLLiPPfiy4aAM87Xt3fp3wCIAAAAJStMQGw6nP95joLYeXm7bDa2xoKWTEWThqRYgBstX88Q63qst5REa1KDIH5mW1p6IuP5V/nNySJ72/UZ+6Nc/OTaQbAs45X9/cpnwAIAAAAZWtMAEw/82/l5u2RP5cGtUk/Ry4NgDH4xXBXdQnwuAErDYmjjln1M2kAvHZ97cybm+QBb5QY4sa5BDj9mapLeM86Xt3fp3wCIAAAAJStMQGw1X4xvLT26tAlomngm+ssDN3Rts5nyKUBsNUe/py/PADmN9JotV8cnPG22tsaeh3d7d1B3Ku68UUMgOn34tcxkp0VEeOx8+g26q66t+70h54rP1b8W+RBsOoS5FHHq/v7lE8ABAAAgLI1KgC22k8jVXr33839o7DRPxy6JPaVN9+qdYw8AObHz2/skYbH9LMHqz4jMD6e/05+R+A0dMYbkFR9Pz9m1XHTm4Tk8mPlZ+Tlz9Vqn77xyVnHq/v7lE8ABAAAgLI1LgC22k/PmOtu7w6FwJ2D4/D623vPfTi6yB19J+GSXC5KAAQAAICyNTIApuYXlyb+rL8mqgp08azEafwdBEAuSgAEAACAsjU+AF5F+SXP+SXJdQiAXJQACAAAAGUTAIFaBEAAAAAomwAI1CIAAgAAQNkEQKAWARAAAADKJgACtQiAAAAAUDYBEKhFAAQAAICyCYBALQIgAAAAlE0ABGoRAAEAAKBsAiBQiwAIAAAAZRMAgVoEQAAAACibAAjUIgACAABA2QRAoBYBEAAAAMomAAK1CIAAAABQNgEQqEUABAAAgLIJgEAtAiAAAACUTQAEahEAAQAAoGwCIFCLAAgAAABlm+b+P53eLW2CO0X5AAAAAElFTkSuQmCC' height='800' width='600' /></a></td>  </system-out>
  <testcase name="getOSInfo" time="13.282" classname="tests.SystemInfoTest"/>
  <system-out>
<img src='data:image/jpg;base64iVBORw0KGgoAAAANSUhEUgAABQAAAAKjCAYAAABCy6I5AAAgAElEQVR4nOzd91sU5+L+8e8f8gk7Q5ITz0mQXqQp2AABBbuoYEMRxRZ7l6LYW1SMGHssMfaCCioqYgcRBRVQqkrvnfv7A864uyzLYogreO91va5zws7Mzu7O2XOd93meef6foZEZiIiIiIiIiIiI6OvRkY//p+83Q0RERERERERERKoYAImIiIiIiIiIiLowBkAiIiIiIiIiIqIujAGQiIiIiIiIiIioC2MAJCIiIiIiIiIi6sIYAImIiIiIiIiIiLowBsDPJJpYNTO20vu5EBERERERERERtYYBsB1EEysIfdwhTpgOcXE4hFWbIc4PheHIiRCsHPR+fkREREREREREROoYAHXVoxcMps6DEHkK4vn7EKKTIMQkQ7j2FMLJWIgLV0N06KP/8yQiIiIiIiIiIlLyzQZA0cQaYh93KHwDYDhlHhRDfaGw6aV5+x69IC4MhXAuHsLtVxDi0iHezWgWlw7hThqEs/EQghZBNLbU+3sjIiIiIiIiIqJ/5mcTU1hZWcHW1ha2trawt7eHs7OzXjg6OsLW1hamlp93K7pvLgCKRmYQnd1gsCAU4skbEGOeQ7jxAsKlh1Bs3g/RY6jq9iZWMJg0G8Kp2xDupEFUjn/KEfBGSvP+9r31/h6JiIiIiIiIiOjz/WJihkn+/li/fj127NiByMhI7Nu3D4cPH9aLAwcOIDIyEsuXr4CVrX2730+XCoCisQUMHPvDcMAQiP0HaRzRJ3oMw3c7j0G48aJFzBNupsBg834YKkU80aEPDDfvhxib2jL8Ke976xXEiBMQnF31fpESEREREREREdHn+cXEDIGB07Br1y6cPn0a0dHRuHfvHh4/fownT57oxePHj3H//n1ERUVh3fr1sOvp1K731KkCoPiL5r9/b2wJA+cBEJetx3cnb8LwagLEC/dhsPkAFF4+EI0tmrft2R8Gm/ZBceOF5oh3Jw3CsWgoBo6Uj61w9YKw5xSE269bD4Bx6RBupkDYsBeGNj31fqESEREREREREVH7/Wxiikn+/ti1axfOnTuHO3fuIDExES9fvsSbN2/w9u1b5OTkfFGZmZl48+YNXr9+jaSkJMTGxmLtunWw7dnKrew0+OoDoGhkBtHCDopeLjDo6wHBsS8EU+tPzxtbQPQaBTHyFMQ7aapB70YKFFsOQOjrDrG7ORS+ARBOx2mexns3A0JcOoS/bkAxeLR8fKH/QAgRf0G4/ar1+HcnDcLft6DwmwbxK7hYv5QfTSzRzdwGP1vZ4hcrO/xsZYtu5jb40YT3QSQiIiIiIiKizsfKygrr16/H6dOncefOHbx48QKZmZn48OEDiouLUVJSgvLy8i+qtLQUxcXFKCgoQHZ2Nl69eoXo6Gi4ubnp/L6+6gAoGltC6OsOYW4IDH7/GwbHoiFs/xPiqEkQzHo0b+fqBcXe05oDXVw6hGPXII4YD8G8BwzmBkNx7WnrI/luvWyextv70wco2jhAsTgcisuPVRf/kILh7dcQz92FuDAMhj10L6+d1ffdzWFkbY9erp7wmTAZ85auwJqNm7Fp+06s3bwNi1aGYFzANDi7D4KRdfvnpBMRERERERER6YutrS127tyJmJgYJCYmIisrC0VFRaiqqkJ9fb1e1dTUoKSkBHl5eYiPj4enp6fO7+urDYBid3OIA4ZC/O0QhOvJn6Lb7dcQfjsCof/A5gU6Fq6BGJ2scVSfEJcOxdFrEEaMh2BhC4MFYVBEJ7U+/ff8fQgzlkAws/l0HkYfpwGv+x3iuXtQxCRDuJEKxY3nEC4/hnDgIsSZS7+J+NfN3Ab9Bg7G0uAwREXH4E1mFkrLylCndDFWV1fj/Yd8XIm5jgmBM/CDNP2aiIiIiIiIiOgrZ2tri8jISNy7dw8vX77Ehw8fUFlZifr6+g6NaJ/zaGxsRHV1NYqKivDkyRN4e3vr/L468tGxAdDeGcKGvc2j8tRH9f15FYL3aCjsesPg95OtTs8VbqZAsf0IFP08IXa3gDAhCOLpO82r+aodU3HxAQxWbobQq3/LczFqXjlYCJyP70K3Q7HxD/zfmggIs5dDMWAIBPMeer9A/20/W9nCZ8Jk/H32PN5/+ID6+no0NTWhqakJjY2NcgBsbGxEY2MjcnLzMH/ZSgZAIiIiIiIiIuo07O3tsW/fPjx+/Bhv3rxBcXEx6urqOjSg/ZNHQ0MDysvLkZSU1EUCoG8gFFcSNY7UU+z5G8KAIRB79Ydw4ILGBTqEO2kQTt+GYuo8OdAJjv0gLt8I4dQtCNeeNY/mu/QI4uErMJgbAqFXP6338BONLSFYOcDQzgkKa0eIJlZ6vzC/hP+YWmGY7wRERcegsqpKDn81NTXIys7Bo4RExMTeQszNWDx8koA3mVm49/ARvH18Wz3m993N9f6+tPm+u3mHn+O/ccx/8rl+7d8BERERERER0Zfm7OyMw4cP48mTJ3j79i1KSkr+UQBsbGxEZWUlKisr0djY+I/jW0NDAyoqKvDs2bPOHwBFIzMIyze3nNYblw7h6lMolq6HYNe7+f58G/ZCuJH6aduP9+VTnIuHsDgcokOfT8f9xRSGjv0gTJoJgyXr8N3yjVDMXgbDIb4QLOzafY7/5D1+390cv1jZwcjaXh4l95OpFUzsesK2jwvs+rjCxK5nmyPoupnbwNzBGXZ9XGHXxxVm9k74ybRlmPzRxBLWTv1g388N3W0cmvc1s5b37dG7P7rbOGiMQrZ9XHDgyDGUlZfL8a+0rAwxN2OxNGQ1RvhNRF9Pb/T19MYw3wmYt3QFFixfBVO7Xirvt7uNA/p6emPkuEkYHzAdY/2nwtvHF/b93NDNzLrF52Pu4Iy+nt7oN3CwvM1/TK1g28cFQ8eMk4/hPnQkzB2c5XP/xcoOzu6D5NfxmTAZzu6DVF7DuIcj+ng0H9vRxR3/s7TFjyaWsOzZB57DfTAuYBrGBUyD53AfWPXqKx+7m7kNHF3cMWzsePhNCYTPBH+4eA1t9X6H3cysYdfHFUNG+2HclGkYHzAdw3wnoKerB362spW3+8HYAnZ9XNFv4GD0GzgYPXr3x/fdzdHN3AZObp4YNd4fflMC4TncByZ2n1aa/o+pFWyc+2HgiNHwmxKI8VOD4DNxMtyHjoRVr774j9q1YGRtj94eXhg13h8TpgZhrP9UeI0aCxvnfly8hYg61PxlK3Ho6HEYGpnh0NHjmL9spd7PiYiIiIioLcoBMCcnB+Xl5ToFwKamJjQ0NLSIfDU1NYiPj0d8fDwqKipUnmtsbERDQwOampp0jm8NDQ2orKzEq1evukgAXLlFNQDGpUOIToaw/TCEQaMgmlhC7G4Bg5ETIez+CwaXHkFxLQkGlx5B2HsawsxlEHr2a45+6sc3toRgbgvB0h6CmY3OMU8w7wHByQWi10goho+DONgHQu8BEDUEt7ZY9uyNpcFhWBocBic3T9j3dUPgnHnYums3Dh07gSMnTmLLjgiMnxqkMS79z9IWA4aMwLylK7Bzz178eeIk/jxxEjv37MW8pSvgNni4SvCy7NkbazdtxYEjx+AfNAt9Pb0xe+ES7NyzF0f/+huHjh7Hui3b4Tt5KoxtHeX9fjK1woSpQUh/81aOf9XV1YiKjsGo8f74n6Vti3P7ydQKRtb2cjT7r0UPeA73QcjaDTh3KQqPEhLxPCUVT58l4078fRw7eQpzlyyHo4u7yvubOnsuzly4hMvXYrArch88ho3C+KlB+OPQEdx78AgvUpuPEX0jFuu2bIer9zD0cvXEguWr8PfZ83j4JAHPU1KR8DQJp89fQNDcBfJ5DRnthzPnL+LytRj8cegIRk+aghF+E7E9Yg9u3o7Ds+cvkPwiBTdvx2Hnnr0YMGQEzB2cMWPeQvx54iTuPXyE5BcpSHiahEtXrmHhimD06K06fdzcwRkz5i/C4eN/4e79B0h+kYLkFym49+ARjv99GnOXLId9Xzf8YGwBI2t7hG/agktXruHytRhs2PYbrJ36Ydqc+Th55hweJyTi2fMXOHP+IoaOGYcfTSxh49z8/N4DhxF7Jw7JL1LwIrX5/cbcjMWO3yPh7eOLH4wt8JOpFVy8hiI4fD3OXLgkfweJz5Jx+248Ig8cwlj/qfjFqn0hnIioNa/TMwAAScnP5X/V9zkREREREbXlcwNgXV0dCgsLUVJSovL3iooKnDx5EidPnkRxcbHKc9KCHrW1tTrHty4VAA2NzCCMnATxrxsQb72EcCMFBmfvQli3B+LgMRCVFukQzHpA4Tkc3wUugPDrquZ/HTgCorW9xvhnaPQxMJrZNAdA87YDoNjdAoKTKwwCF0DY+AfEAxcg/HkV4sELUGw5AGHyrxAcerdrVGBfT288SkhE8osUbNy+A3v2H8TT5OfIyc3Du/cfUFpahuKSEiQ+S8bcJctVRnIZ93BEwKxfcflqNNIz3iAnNw9vs7KQk5eHgsJCvM3KwuWr0fAPmiXv19PVAzdv30FxSQmuxtzAsZOn8CL1JXJym/cpLS1DQWEREp4mIWz9Jpg7OMPQyAymdr3w2+5I1NTUyAHwdXo6Zs5fpDH+qfvFyg7jA6bjQtQV5Oa9Q21dHRobG+VjSVOJ0zPeYO+Bw+g/aEjze7R1xLot21FaVoaGhgbk5OXhr9Nn8SghUWUkYmNjI+rq6pD77h1OnjmHQ0ePIy0jAzU1NSqvU1NbixepLzFlxhz8ZGqFgJlzUFZWjoaGBnzIz0dUdAxu3o5DYVGxyv0NGxoaUFxSgnOXorB1126kvHyFqqpqlWPX1tXhVVo6Fq8MkeOpjXM/bNy+A6/S0lFdXS0Xfemcq6ur8fJ1GjZs+w12fVxh4eiMS1euobauDg0NDXj2/AWWha7B02fJKp99YtIz+E4ORF9Pb2zZEYGUly9RXlGhcnzpvNMyMjBn0VL8z9IWQ8eMw/G/TyP3XcvvoKGhAaVlZYi7dx8zFyxWGZn4JR06ehy34u62y6lzF/T+Xw7fkqTk54w4pEL6z+3OyD9U/u43JRBJyc9RW1sr/+uDx0/0fr5ERERERG353ABYUlKC+Ph4xMbGIjc3V/57WVkZdu/ejd27d6OgoED++5s3b3D69GmcOXMGRUVFOse3LhcAFdYOEHwDIKzcAsXyjRD8Z0Po6wFDDffdE38xhWDWA4aWdhDMerQe/rpbQHTsC8WYAHy3OBwGoTvw3YpNUPjPVpkq3GIftyEQQrZDOB0HITZVXkREiEuHGPsSwt+3YLAwDKJDb53fX7+Bg/Ei9SUqKiuR8eYtEp4m4eSZcwjftAXLQtdg78HDyMzKRl1dHRKfJaOvZ/OX+l+LHvAPmoWHTxJQWFSMuHv3sX7rdsxasAQLVwTjwJFjeJOZhaqqajxOfCrfh6+Xqydux8Wjvr4exSUleJr8HH+eOInQdRuxcvVa7P5jP5JfpKCuvh7ZObmYu2Q5fjK1Qk9XD0TfiJWDUX19Pc5fjpLPR5v/mFph2NjxuBpzAxUf57rX1dcjOzcXiUnPkPHmLaqrq+UI9SE/H7/vOwDLnn1gbOuI9Vu3o7yiAk1NTairq0NZeTlqa2vxIT8fGW/eoqSkVCVilZWXo7ikBGXl5cjJzUN2Ti4qK6vkc29oaEBUdAwsHJ0RMHOOyrErKitRVVWN4pISZGZlo6hYNQRWVlWhoLAQNTU1eP8hH1nZOSohsr6+HjGxt+DiNRS/WNlh9YbNyH33Tn7dgsJCxD94iAePn6CwqPhTpEvPwLylK+Do4o5LV67Jr1lWVo7UV69RW1uL8ooKfMjPR35BAS5duYYJgUH4bXcksnNy5fBXU1uL7JxcPEpIxKOEROTk5uHBo8cYPXEyXLyG4tjJUyguKUFjYyNq6+rwOj0dt+PikfLylTxEuaamBnH37mOY7wS9/MhmZed81g+Pvv/LQZP5y1YCQIsoog2ADg+a6p/pPz1+WVk5ysrKtW5zK+5um9t8DZKSnyMrO0fv59EZ+U0JlK9t6Rp7nZ4BQyMz+e/q19ytuLtf9X9miYiIiIgknxsAGxoa8PjxY5w+fRrx8fEoLS0F0BwAIyIiEBERgfz8fABAUVERLl++jK1bt+LChQvtWmG4ywVA0cgMgqk1BFtnCLZOEM17tDrCTjQyg8LaEYb2vZsX59C0jYll88jANTuh+OsmFNeeQnE9GYroZCjOxkMRsg2Gjn1b7Cc4uUII2Q7x8uOWqwdLC47cfg3F37cg+M+GqOOqt1IArKurw7PnL7A0OAzO7oNgbOuIn61sYdfHFRF796G8ogLV1dWYOX8RDI3M0NvDCxejrqK8ogK378bDb0ogzB2c0c3MGv+ztIV9PzeErN0gj/Q6/vdpmNj1lANgQ0MDXqWlY3noGji5ecK4hyN+sbKDtVM/zJy/CNk5uWhsbMTd+w/g5OYJ96EjkZT8XGX6b8Te/bDs2XbstHbqhx2/R6K4pEQOXo8SErF4ZQiGjh2PSdNn4u+z5+URbg0NDXj5Og1TZ8+Fmb2TSgCUIty16zcxb+kK+E4OxG+7I1FSqhoB09IzsCtyHwJm/Yppc+bj8tVolWPk5ObB1XuYSgCU3lf8g4cIDl+PSdNnYsO231QCW1NTE0pLy3D0r78xY95CTJkxB4eOHld5/fQ3b+E7ORDDxo5HUvJzOax9yM/Hxu07MGjkGIwcNwkH/zyGisrK5vhYX49LV65hsI8vLl+NlgNgQ0MDampq8PRZMtZu2oqZCxZj/rKVCJwzD8Hh65Hy8pW8bVVVNc5cuISAmXPg7eOLwT6+CJwzDzPmLYSz+yAsDVmNrOwc+d4C9x8+xox5C+E+dCQmTA1CYtIzeWRiUXExftsdqZepwA8eP0FWdk67SNHha/M1BEDpM/o3X2Nn5B8tYh8DYMcB8NXdN89vSiDyP/6/lq/TM+SpCrW1tXIMTEp+jltxd5FfUIDX6RnYGfkHXqdnICs7B1HRMXp/D0RERERE2nxuAASAzMxMxMTE4OLFi0hJSQHQPAX46NGjOHr0qDzS78mTJ4iMjMTevXuRmJjYrvjW5QKgoZEZRGMLCBa2EE2sNEc9IzMY9uwPReAC/N/GvVDsOIbvNuyFMG6qvPKvoVHzKD7FwBFQbD0IMTrpU8iLS5cpLj6CMHuZysq+orElDALmNY/8ayX+yRHw+nMowiMgWjvo9N6kAFhWXo6Dfx6DVa+W8XFC4AzkvXuPhoYGhG/agh9NLDFtznzkFxQg7917hKzdoHG6Zo/e/XH+chRq6+qQlZ2DoWPGyQGwpqYG5y5FqdxvT2Js64gjx/9CU1MTCouKETBzDoaM9kNaRoYcucrKy7Fx+w6V+wRq8n13cwwdMw6PE5/KEa2ouBir1qyTF+z4ydQKHsNGIfXV60/HLyvH3oOH4dB/QIsAeO/BI4zwm4hfrOzwg7EF+np6q8TJ8ooK/HHoCBxd3PGTqRW6mdtgwfJVyMnNk7cpLCrGkNF+LQLg85RUzJi3EMa2jvjPx5GPt+LuorauTt7mVtxdOA8YiG7mNuhmZo1xAdNUXv/9h3wEzpmHbbt+R2lpmTw9OSb2Fhxd3PEfUyv8z9IWU2bMRlr6p880PeMNAufMw5WY63LUa2xsRGZWNmbMWwhTu17oZm6Dn61s0dvDC8dOnpIDYlNTE65dvwlX7+Hy4i/S4iG/WNmhj4c3Tp45h5raWvnzDVm7ARaOzvjRxBI/W9liy84IlZGEV2NuoJerp95/dDuzryEAtvf1P8epcxcYAP8l0jX0NQbAtu5Pkl9QAL8pgXjw+InK32/F3dX7+RMRERERtaU9AVB9Zd+qqio8f/4cFy5cwL1791BXV4fq6mrcuHEDN27cQHl5efO6ClFR2L59O6KiouSRgkBz3Pvw4QNqP/5veE2PLhUAxe7mEDyHwWBROAw27IWwYhPEwWMgmH5a1EI0MoNi4HAYbD0ExcWHEG6kQIh9CcXNFIjHYyCMnSxHQ9GhD4QVmyFcfdo8bVdTxLv1EopdxyHaOcuvIdg6QVj3O4TYVK3xT9pf/O1PiPa6TQOWAmBxSQl+2x2pMeQNHTNOHrm1Ydtv6GZug4i9+1H7cdTg6ElTNB77B2MLLA9bg4rKSlRUVmLRyhA4uTUHwKqqKhz/+zTM7J007jtn0VLU19ejuroa67Zsx7Cx45GhtABIWXk51m/d3mYA7GZug5nzF+H9h3x532fPX2CY7wSVlYa7mdvI0VG6n17MzVgMHDG6RQA8c+ESbPu4yPtaODrj7v0H8vNFxcVYu3mbyr0J/YNmIT3jjTwNuLS0DMPGjlcJgI2Njbhz9x4GjRwj72fcwxGXrlyTw1lTUxNOn7+Abuaf7j/pNWos4h88lJ/PLyjAwhXBuHb9pjyqsb6+Hs+ev8CuyH3YuWcvdkXuw7lLUcgvKJD3KygswrLQNYi5GSsHwLq6OlyJuS7fi1Ey2McXd+8/kN9PZVUVFixfpXHl5++7m2OE30Q8SkiUty+vqMClK9fk89mz/yDu3L2nMk36UUIiBo4Yrfcf3c5MUwDcGfmHyg+meuyT/qY8bVc5mNyKu4us7JwWx9H2+tqCi3S8U+cuyMeSwp20aIP6MbKyc+R7ACpvo3wuUgDU5Tz1qa0A2Nb3JX3G6g/p89Ll+1a+PpSDn/J3Ij3+7ZjbHlLYq62tlc9rZ+QfchiURvlFRcfIMZCj/4iIiIios9AlADY2NqKkpATPnj1DSkoK8vLyUFNTA6D5XoAJCQl4+PAhKj7es//du3d49+4d6urqUFxcjCtXriAqKgpZWVkAgPLyciQlJeHixYvYv38/3rx502p07DIBUDC1gWHAPIgnY6G4/rz5nnsxyRD+OAPFMD856gl9PSFsOwThxovmqPcx7Alx6RBupuC7tbuhsHZoXsBj5AQIR69BiGt9FJ9w+zWEgxdh6Owmn4vo7AbFruNtjv4T72ZAuJkCYfN+GNr20ul96hIAh4z2UwmARtb2OHfpMurr6xH/4CHcBg9v9fjjAqahsKgY1dXV2LDtNzi7D5ID4LGTp1oNgGMmBaCsvBw1NTX4fd8BDBzug2fPX6hMld39x35Y9tR8z0RJdxsHBIevV7lP3u24eLh4DVXZ7vvu5ghdt1Fl6uuDx08warx/iwB46tx52Dj3k/c1d3BG3L37KgEwfNMWlQA4cdoMpGVkyIGrrKy8RQBsaGjArbi7GDjcR97PuIcjLkZdlat7U1MT/j57XiUADho5RiVA5hcUIGTtBjxKSETdx5GD0j33yisqUF5RgYrKyhaLgpSVlWP1hs24fuu2/DnU1NZi/+GjKmHv++7m8JsSiKdKow4LCoswetIUlagq+dHEEpOmz8Tr9HSVadJVVVWoqKyUz0f5PTY2NuJp8nOM8Jv4xX9ku/IUYCkGSf+sKdBJD2kbKQJJI8Cke6gpR6uysvJWF+Vo655r0vPS/spBS4pV6uegHAClY2gaAdie89QXbQFQ1+9LOep9zvfdWgBUPsbXNAIwfNMWldF/h44eV3lePSaHb9qi93MmIiIiImqv9gTAR48e4fr167h//z7S0tJQXl6OxsZGFBcXIycnB9XV1S3iWUVFBV6/fi0Hwffv3yM6Oho7duzA8uXLsW3bNmRmZnbtACh2N4dhwHyIV5+qxDohLh1C9DMolm+EaOPQvILvryshXHqkcUSfcPs1xMhTEJ1cIJj1gMGMpVBcfao94N1+DUXkaZX7AApOLhC2H4Zw+1XbATAqAcK8EJUpxNp8TgA0tnXE1ZgbqKurw+278XD1Htbq8Uf4TURBYRFqamqw4/dI9Pbw0ikAjp44GWVlzQFwx5696OXqgUtXrqkEpKsxN+Dq3Xp8NDRqDmhh6zehqqpa3jf2Thz6DRzcYtvg8PVy+Kqvr8e9h4/gM2FypwyAoes24kniUzkASlGtvr6+VWVl5VizsWUA/H3fAfxoYim/3vfdzTFp+ky8SE1VeU2fCZNbDYABM+fgbWaWvL30GWuTlPwco8b7f/Ef2a68CIh6ODM0+hRLpH8GVIOS+jE0xba2RrGpj1JTDk6ajqfpPLW9j9YCYHvPUx+0nVNb35cU59SPJwU+Xb/vzhYA1Uc1qo9KbOt5IiIiIqLOoD1TgPPz8/Hs2TPcuXMHsbGxSE1NRUVFhc7/e1ZaDGTVqlUICwvDgQMHkJycjIaGhlb36RIBUBgwGOK5u5oj280UiOEREO16Q+znCXH3X82hr7WYt+MYDO17w9DSDuL8UIg3XmgPeDdeQFixGaLSNGPB3Bb/tzgcimttxMPYl1Ds/gtCP93vm/a5IwBPnTuP+vp6PHj8RF7hVxP/oFnyCMDVGzapTAHWFgAD58yTpwCHrd8EU7te2LIzQiWE5b57h3lLVqiENnVG1vZYERauEvASniZpnFr62+498jZ1dXWIvROHwT6+nS4ASvc4vPfwEeo+hrzaujpcjLqKJatCWzV/2UqM8JuIqzE3tAZAQyMz+EycjISnSSr3PZz+64IW2xkaNQfACYEzVO6xmJ2bi12R+7A0OKzV85k6e67K5/ylHDp6HLfi7rZLR6+a21HU4x3QcgqoeuDRtI3yMVqLbbqGtbKy8jaP928FwPac55eiLQB+zvel/M+67t/ZAqDflEB5cQ+g5RTz1+kZAJpHf96Ku4v5y1aqjIr0mxKo9/dARERERNSW9i4CUlVVhbdv3yIpKQnPnj3D+/fvdQ5pb9++xalTp3Dw4EHcvHlTXiVY26PTB0CxuzkMFoZBuPVSc2SLToZi+SaINg4wHDwG4uEr8rRfle3i0iHceAFx+QaIJlYQzHrgu8AFMLj0SOP2Ylx68yjCY9cgDBqpek5GZhC9fWC49yzE2FSVqcZiXDqEO2kQbqTAQG16si4+JwB2M7fBjt8jUVdfj/SMN5j+63yNI7++726O4PD1qK6uRkFhISZOmyEvAqItAP7H1AoRe/ehqakJJaWlCJg5Bz+aWGL0xMkqEa2hoQH3HjzCWP+p+E6LiD8AACAASURBVK9Fjxbn8IOxBX6xskPArF+RnZsrx6e8d+8RNHcB/mvxaYEWU7teuHk7TiVoHTlxEr1cPTtdAMwvKMDshUtw5vxFVFdXo7GxETW1tTh49DiMrO01XgfSZ2fu4IxLV661GQD7DxqCa9dvyts1NTXhwuUrsHZqGey+724Or1FjcVvpHn+5794hYNavKt+BpvOhf6Y9AVDbNsrPd0RYU56KywD4eQFQfYq29NA2Pbi177uzBUCJ8uIe0shHKf4pfxZZ2Tmora1tMd2ciIiIiOhr9rmrANfV1aGmpgb19fVtbis9amtrUVZWhqqqKp336fQBULC0h8HmfRqn2wpx6RBP34YwaSZEY0sYevlAPHhJ4735hNuvIB6JgjBgCAyNzCD+YgqF53Aofj8J8dZL1SnDcenNi3dceADD8UHNU5DVzks0toQ4xBeKrYcgXnjYHCJjkiFceQrxRAzENTshugzUuK82nxMApXu65b57h9KyMhw+/hfs+7m12M/RxR03bt1BXV0d7t5/APu+bnIArK6uxolTZ2DhqLq4xA/GFnAfOhLJL1LQ2NiI+AcP5ZWCLXv2we/7DqCkpFQlAj5Nfo4VYeEYNHIMHF3cYd/PDf0HDYHv5EDMnL8II8dNUlnZtrauDldjbsBngj8se/aGbR8XhKzdIN8nsLGxERlvMzFrwWKY2Tt1ygA4dfZczF+2Ennv3qOxsRENDQ3Iys5BcPh6OA8YCAtHZ5jY9YS5gxOc3QfB28cXFo7OsHDULQAa2zpiy44I5BcUyu+porISO/fsRV9Pb5jZO8HM3gn2fd3Qx8Mbzu6DsCtyn8p7jbkZi/EB02HbxwWmdr1gYtcTVr36wtV7ODyH+7QaB/9t0mih9vha7zHWEVOApb91ZABUPg8GwM+fAix9Lrp8zrp+350lALa2+In6Y/6ylSr3gwTARUCIiIiIqFNoKwBKt9aqra1FTU0NampqUFtbi/r6epUVgXV91NfXo7y8HEVFRcjPz0d+fj6Ki4vlBUTUH50+ACqse+K7rQdVp/V+HJ0nXE+GuHY3RGdXGBqZQXTsAyF8F8TopOZ7BX4cmSfEvoR4MvZjKPx0Lz7BrAcUYwMg7DkFIeoxxJhkiNeeQbj4EIq9Z6EYOxmiiXWr5yYamUF07AvDMVOgmLMSBvNDYThxNgQ3LwgWdp/1fj8nAH7f3Rz2/dxw4tQZVFZVISs7Bxu375DDj7mDM/oPGoIdv0eipLQUxSUlmL9sJX40sZQDYG1dHW7F3cWo8f6w7NkHJnY9YdmzD4aM9sOZ8xdRU1ODouJiLA1ZjR+MLWBo1DwqbOBwH5y5cAklJaUqC1hUVlUh481bJCY9w/2Hj/Ei9SUKCovwNPk5JkwNwsIVwXiblSXvU1Nbi+QXKTh17gKuXb+JwqJiOf6VlJbiyImTsOvjCmNbx04bAB36D8CpcxdQUVkpv7fS0jI8SkjE6XMXcOjYCZw6dx4PHj/B48SnmDhtBmyc++kUAL/vbo5hY8fj+q3bqKqqkt9XTU0NEp4m4dS58zh+6jRuxd3FlZjrGO43AWMmBeDu/Qeora2Vo2ROXh5u3LqD43+fxoEjx3D+chRSXr7Etes34eSm+1T2jtSZ7wEohQ7lf1aOYJ+zqIT0t88JgNL5aFqFuCOnAKsvEtLe89Snf7IIiHqsa+/+hkYtF0aRHtIxpX2+xmnup85dQH5BAQ4dPS5PLVf+51PnLsiLhUjnr7xysL7Pn4iIiIhIm7YCYF1dHbKzs/H8+XM8fPgQDx8+RFJSEt68edOu+/9Jj6ysLBw+fBjLli2Dv78//P39sWrVKpw4cQIFH2+/o/zo9AFQNLGCOHcVhOhnn4LenTQoriRC2HUcoucIeYqtaGQGwdsH4qZ9EE7fgeLiQwh/32q+79+YqRoX4hDMe0AxYAiEGUsgrNgEYclaGE6cCcNe/ds1ek80Mmv3aD9N2hMAGxoasGHbbzA0MsNPplYYOW4Sbty6g9LSMuQXFODGrTv4fd8B7Nl/UL4/U05eHvYeOAxTu+ZViaUA2NjYiPKKCjx8koBDx05ge8QeHDlxEk+Tn6OsvBw5uXmI2Ltf3k/yH1MrePv44tjJU8jMykZVVZVKCFTW2NiIrOwczFuyAo4u7tiyMwIZbzPlabHq29fX1yO/oBDnLkXJEe7fCoAlpaU6B8ALUVdQU1PT7gDYzdwGA0eMRlR0DIqKi1UWBFFXUlKK4PD16OXqqRIAa1sJgIZGZuhmboOAWb/i7v0HKCsvR0NDQ4vPtbGxEW+zsjB38XKY2vXCrAVLEP/gIcrKyuX/V0LT9/bydZre7tOlPIVQ18fXFBOUV90FWsYh9QUSNMW+jgqA0mhK9Udboa69AVD6m/TYGflHpwqAmh7Sd9DW96X+fat/xm3tr/689Fmrf0fSQ/1+e18L6T+36tfF6/QMlJWV48HjJyr/zGnARERERPS1YwBs+/HPVwHu5wnFpv0QTt2B4txdiH9ehcGKzRDchzZP/VXe1tgSYu8BUIwLhEHgfCiG+cHQvneb9+ETjT7GRh1X622xf3dzCKbWzcf4ByHQyc0T0TdikfA0CcFr12ucduk+dCTu3n+Al6/TsDQ4TP77fy16YITfRBz88xgSk54hOycX7z/kI+/de6S/eYsbt+5g5eq16NG7v7yPFADr6uqQmZWNRwmJyHibibx375H37j0y3mbi9t14LA1ZDcuevTWe8w/GFujp6oHFK0Nw7lIUkl+kICcvDwWFhSgqLkZ+QSFy897h5es0XL4ajclBs/GTqRXs+7phyapQXL4Wg1dp6Xj/4QMKi4pQUFiErOwcPHj8BNsj9sDVe5h8Dzoja3ssDQ5D8osUpGVkIC0jA7v/2A8Lx0/nZmLXE3+fPS8/n/A0CQtXBKtEOp8Jk3Hzdhxep6cjLSMDTxKfwnO4D8b6T8Wz5y+QlpGB1+kZOH7qNPoPGiLvZ2Rtj8gDh5Dy8qV8/Ii9+/GT6afrxtV7uMrrP058Cr8pgfjJ1Ao/GFug/6Ah2B6xB3fvP0DGm7d49/4DCgqLUFhUjHfvPyD9zVvce/gI85asgEP/Adh/5Chevk5DWkYGUl6+wpqNm+VRmOq6mdtg9KQp+PPESSQmPUNWdg7yC6TvoQBvMjNx83Ycps2Zj59MrWBkbY/Rk6bg0NHjeJSQiMysbOQXFHz63t69Q8rLVzh3KUovKwATdSanzl3QGDQ1BdJvmfK9AoGvczQjEREREZE6XaYA19bWorq6GpWVlaisrERVVRVqa2u1rt7b2qO2thZFRUXIzc1FZmYmMjMzkZeXh+LiYo33E+waAdDIDKKzG4Rx06CYNAuGQ8bC0KanTlFP59cwsWyOd8aW7dvP3AZiXw8Iw8fju4mzYTAhCMJQXwi9+n9WTDSytseYSQGYNH0m+g8aojH0mNk7YUJgEAJm/Yp+AwerPPeDsQVsnPth9KQpWLIqFGs3bUXouo2YMX8RXL2Ht1ihV3kRkDMXLsF3ciDmLlmO0HUbEbx2vbyfcjxrTTczazj0HwDfyVOxNGQ11m7ehq27dmP91u1YuXot/KfPQl9Pb5VRjf+16IHeHl6YOnsuwtZvwpadEdiw7TfMX7YS3j6+6G7joPIaP5pYoq+nN6bMmIOAWb8iYNav8Bo1ViWUSqMhpecnTZ+J3h5eKp+ljXM/+E0JVNnGwtEZtn1c4B80S/77MN/xMLZ1VDm216ixmDJjtrzNoJFjVBbJMLHrieF+E+TnJwfNhm0fF5VtfrayhfvQkZgxbyFC1m7Axu07sPm3XQhZuwEz5y+C16ixMLXrhW7mNhg6Zpx8rCkzZsPFa6jW7+H77uawce6HUeP9sWD5Kqzfuh1bd+3G2k1bMWfRUgz28YWJXU+Va8aqV18M852A+ctWqnxvy8PWYOK0GS2+NyJqSdMox695yq6+PHj8BPkFBdgZ+Ye8GIi+z4mIiIiIqC2fuwjIl3p0iQCoTJc4J3a3aF7p19Ra6/aikRlEKwcILl4w8AuEQcBcCBOCIHqNgmjj2MZ5mENw7AvBfxbELfshnrgOg4sPYHDxIcSjV6FYGwFhtD9EK82rvH4JP5pYopuZNX4ytWp1FVdNqwB/390cP5la4T+mnzcaUvm1f7ayRTcza52O9ZOpFf5naYtu5jatjnDrin4ytUI3cxv816IH/qPlu/ocPxhbqHwPbX2u6tv/k2uA6FukaQqx8j0XqZl0SwF93VqAiIiIiKi92hsA6+rqUFZWhoKCAhQWFrZrRd+amhoUFhYiPz8fpaWlOoXGLhEARVMriDaOEO16QzDTsiiHiSUEJxcIPv5QBC6AInA+xKG+ECxbRjixuwUEZ1cIQYsh7PgTilO3obj0GMK5uxAPnIcwLxiineYpr6KROcTeAyAsXgvF6dsQbr1qvj+h8urEN1MhHI6CMPlXiNYO/+j9/5s0BUB9nxMRERERERER0dekPQGwqqoK+fn5yMrKQmZmJgoKClBTU6NzSKurq0NhYaE89ffDhw+oqqpCU1NTq/t06gAoGltAcHaDImAuhBWbIYZHQBG0GGJvt5Yj+yztII6aCGHtbghHr0Fx8QHE8/chHL4MxfTFKhFQNDKD4OQGxZJ1EM/EQbitGvDEO2lQXHwEcWEYBLOWU1/FHr0gzAttPv6dtE/7KYtLh3DrFRSHL0MYOQli969zRBsDIBERERERERGRdroEQGlB07y8PGRkZCA7OxtFRUWora2Vw15lZaXWe/gpb1tUVITs7GxkZGQgNzcXtbW1rUbAThsARRMrCF6jIKyNgHgmDoqYZIg3UyCcvwdF8FaI9kqj8yzsIPpNg/DHWQjXkyHEpamGuLPxEEZNlrcXrB2gmLkMQmsB7+Nqw+K5eCjcVe+3JhqZQ/AeDeHQJQi3X2uOf0qEmGQowndBsHXW+8WqCQMgEREREREREZF2ugbAuro6vHv3Du/fv0dZWZkc+6Sg9+HDB9TV1cmLhtTW1qKxsRH19fXIz89HYWGhHAHr6+tRXl6ODx8+IC8vDzU1NV0rAIpGZhAGjYD422GI156qBD0hLh2Ks/EQRzWvSCp2/xjk9vwN4UaK6kg+5aAXHiGv0KsYOALCH+daH70nvdbtV1BMmaN6bhZ2EGcvg3A1sc34J97NaH6NgxchuOn+4X9JDIBERERERERERNq1ZwqwFPWU41xJSYk8nVf6W0FBAQoKCuRImJ+fj8zMTBQWFqqMEpRiYZebAiw49IYYuv1j/EtvEfOE6GQoZq9ojn/WjhDmhTQHOU3x76Pv9p2FYGkP0cIWQuB8iFeetB3w4tKhWLgaotKiDKJ9b4jB2yHeeqlTABTj0iEevw7Re7TeL1ZNrHr1xc49e3E15gaCw9e3WHWXiIiIiIiIiOhb909WAa6oqEBOTg4yMzNRUlICoHl0X3Z2NrKzs+XjlJaWIjMzE9nZ2SgvL29XfOt0AVDsbg7F8HEQ/ryqOpVXeVRddDIMZi9rDnN9PCBuOdTmdFyDvaehsLaHYNMTiiXrdZq+K95JgzBnmer59ewPRfhu3faXguWxaAgDR+j9YtXkRxNL2Dj3Q09XD1g4On9Tq+8SEREREREREenicwNgU1MTCgoKkJ6ejvfv38v71NXVIT09Henp6fICIXV1dfjw4QMyMjLw4cMHrSP+1B+dLgAKZj0gTFsA4cJ9zfEvLh3CpYdQ+AY0TxUeOAKKAxe0jv4T72bgu7DfIBpbQrB1giJkG8Q2pv+KdzMg3kiBMGK8yvmJNj0hLlkP8WaKblOAb7+CGHEChj376/1iJSIiIiIiIiKi9vvcACjdEzAnJweVlZUqf1cPgEDzCsJ5eXnIy8uT7wWoy6PzBUBzWwgBcyGci28lqL3Gd3+chaGTC8RfTKHwGArF3jNaR/GJN1MgjJoIQyMziFb2EOYFtz2F904aDA5fhsKmp8r5iabWUEyaBfHCA92mEF96CIMZSyGaWOn9YiUiIiIiIiIiovb7JyMApcU+lEf01dfXIycnBzk5OSrHkRYS0bbgh6ZHpwuA33c3hzB6EoS/bmiOalefwjBgnnxfPqFnv49Tcl+1HgC3HYLi473tRGNLKEZOhOL0Ha3xzvBqAgz8AjWeo+DsBsXWg22OAhRupsBg2yGITq56v1CJiIiIiIiIiOjz/JN7ADY1NbWIeQ0NDSgsLGyx4Edr27f16HQB0NDIDIJTf4ib9kG4+aJ5ym9cevM9964+hcGyDRCs7D9ta9YDikmzIPx9C8KdtOZFQ+LSm+8feDMV4u4TMOytGuBE+z5QLF0P4Wqi2j7pzSHxwgMYBMyFYNZD4/mJxpYQB4+FYcRfEK4nazjGawjXkqDY+AfE/gP1fpESEREREREREdHn+ycBUNOjqakJ9fX1qK+vb3fs0/TolAFQNLaEOMQP4q5jEC88hHj+Pgz+OAvDgHkq8U8i2DpBMWs5hCNXIFx6COHyY4h/x8IgeBvEvu4tj/+LKQQnFxgsDofiWDSEix/3OX8fws6jEEb7tzllVzS2hMJtMITlGyAeifp0jHP38N2ek1DMWAxDh956v0CJiIiIiIiIiOif6egA2NGPThkADY3MIJpYQejtBsXgMRAGj4Zhr/7ytN8W2xqZQbCwhdB/EBRDxsJgmB9EFy8I5rbaX8fCFoauXvI+Cs9hEGx7QWzHeQrmPSD09fj0ul4+MOzZt9VzJSIiIiIiIiKizkU5AGZmZqK0tPSrC4AVFRV4/vx55wqAREREREREREREXwNHR0fs378fjx8/xps3b1BcXPzVBcDy8nIkJSUxABIREREREREREbWXra0tIiMjcf/+fbx+/RoFBQWorq5GY2Njh0a0z3k0NjaitrYWJSUlSEhIYAAkIiIiIiIiIiJqL1NLKyxfvgJRUVFISkpCdnY2iouLUV1djYaGBr2qra1FaWkp3r59i0OHDsO5X3+d3xcDIBERERERERER0UdWtvZYt349YmNj8erVK+Tm5qKoqAjl5eWoqKhAZWXlF1VRUYHy8nKUlJTg7du3OHPmDHr3d2nXe2IAJCIiIiIiIiIiUmLX0wlr161DdHQ04uPj8eTJEyQlJeHZs2d49erVF/X8+XMkJSUhISEBhw4dbnf8MzRiACQiIiIiIiIiImrBtmcvuLm5wcPDA97e3l+F9kz7VcYASERERERERERE1IUxABIREREREREREXVhDIBE1CEKSiqJiIiIiIiI6CvEAEhEHULfP2ZEREREREREpBkDIBF1CH3/mBERERERERGRZgyARNQh9P1jRkRERERERESaMQASUYfQ948ZEREREREREWnGAEhEHULfP2ZEREREREREpBkDIBF1CH3/mBERERERERGRZgyARNQh9P1jRkRERERERESaMQASUYfQ948ZEREREREREWnGAEhEHULfP2ZEREREREREpBkDIBF1CH3/mBERERERERGRZnoLgD+aWcPUyQXWLoOI6Cti6uSCH82sGQCJiIiIiIiIugi9BUDz3gP0HjqISDPz3gMYAImIiIiIiIi6CP0EwO7msOo/UO+Rg4g0s+o/EIbdzRkAiYiIiIiIiLoA/QRAIzO9Bw4i0o4jAImIiIiIiIi6BgZAItKIAZCIiIiIiIioa2AAJCKNGACJiIiIiIiIugYGQCLSiAGQiIiIiIiIqGtgACQijRgAiYiIiIiIiLoGBkCiLsDG1QsDRvjCP2g2Fi9fiQ0bN2Lr1q1Yv2EDFi1fCd8p09F3yKh2HZMBkIiIiIiIiKhrYAAk6uQc3IdgtH8gVoWGIXzdOmzctAlha8IRHLYaa8LXYv2GDVgdvhbzlyzDyAmT4eAxRKfjMgASERERERERdQ0MgESdWP+hozFj/iKsWBWM9Rs2IGjuAozxD8SgMePhPtIXXmPGY7R/IGYvWIywNeFYvioYMxcsgb172xGQAbBryczNR0joGixYuBiJyakdfuxNW7bB3d0D5ubmGDPWF9dj4/T+nr82icmpWLBwMUJC1yAzN1/v50NERERERN8OBkCiTqrXwGHwnTIdIWGrERwaBt+A6eg/dDQcPYeih5sXbFy9YOvmDUfPoXAbMRaTps/CypBQrAwJxaiJAbBx9dJ6fH0HwNS0TGzasg1jxvrC3Nwc5ubmCJwehINHjjGefIaDR47Jn+OmLds69NgLFi6Wjy1hANT+OV2Mitb7+RARERER0beDAZCoE+rh5gXvsROxZMVKhISthm/AdDh4DIVV/4Eat7dx9UJv75HwCwhCSFgYVoWGoY/3CK2voc8AeDEqukVQUubu7vHFA5MU0OIfJuj9h/tzpKZlYsxY3w7/7BKTU1tErdS0zG8y0rZ1jVyPjYO7uwfGjPVFalqm3s+XiIiIiIi+HQyARJ1Q3yE+mDp7LkLCwjBrwWI4eg7Vab/e3iMxZ+FibN26FaP9p2rdVl8BUDkohYSuUZmuej02DiGha+TRgF/yx3LTlm2dOgD+W6RYO2asr97PRd94jRARERER0deqUwfAiIgIFf2G+Oglxgzxm6TX16dvj9fYiVi8YhWWLF+JYeMm67yf3YDBGDZ+MjZt3oz5S5Zp3VZfAVCKKAsWLm51m4tR0V98hJk0fZNxR5U06k3b9/Wt4DVCRERERERfq04bACMiIhA0d6H8z/qMcAyA9KUNHeePVaFhWLB0OXp7j9R5PxtXL/Qf6oPwteuwYeNGrdvqKwBKEeXgkWN6/4HUdF6MO6oYAD/hNUJERERERF+rThkApeCm7wijfj4MgPQl9HD1wojxkxG6eg0WLF2h8/Rfa5dBsOo/EL29R2JFSCi2bt2qdVt9BUBpiq+uQSkzN19efVbbve0i9uxtsQBGZm4+Dh45prLQyIKFi1UWaJDOpzXqrxP/MAEhoWvkc3J398CmLds03vMt/mECzM3NEbFnLwpKmkc2Bk4PUln0RDkmXY+NU3lefYp0W6T91AOV+nlI70HafsxYX/x16qzKPonJqfJ7VKceb1PTMhGxZ6/Wz1mdFNOk70kaGap8/lJ8vB4bp/G7DAldo/K5Kz8vfS/aRpJejIpWWbijtX10vUakz1nTdaP8muqffWvXz+d+d0RERERE9O3plAFw3NQZiIiIwBC/SVq3C1kTLk8PDlkT3upz6vEuZE04guYuxIJlKxAREYEFy1bA2mUQ+g3xUdlHGoGoHACVn2/r/Ig+11C/SQgOW42Fy1agp+ewdu3bd/AohIStwabNm7Vup68AeD02TiXg6DLVV4pDIaFrWt1GCj9SJMzMzVeJaeqkUKhphdvWAqC2xUvc3T1axDop3gROD9IakdSjjvpxdZ0O3VYAbOs8lEOScszSFgC1hULpNTWdv/S5X4yKbrG/9DlKATAkdE2r3+WYsb6If5jQ6vOaQvP12DiVkNjWOet6jbQVAJUjpyaagunnfHdERERERPTt6ZQB0NrlU8BTD3vKzytPEV6wbIUc8hYsW6HyXNDchdi4eUuLY4+bOkP+mxT5lP8m7SM9pzwqccGyFSrHJOpIg/0mYdmqEMxfvBTuI/103s/G1Qseo/ywZctWrAoN07qtvgJgQUnLELJpyzatI92UFw7RFJOk593dPeS//XXqrPw39VF2mkZNtRbPlPeTjnfwyDH5PFLTMuVQpb5QhnpEi9izVx7pJa0Yq/y88og25dioa9xpKwAqf97S66SmZcrxTNNCH9qmAKemZcrvQXk0Y2ZuvkrY07SvFNXc3T0QOD1IJdyqv7a03V+nziIzNx+Zufny96seJqXnpRGhykFR/dpQv+7a+szbuka0BUDl81G+fhKTU1XCXkd+d0RERERE9O3otAHQ2uXTSED1+DbEb1KL+CaNztN0HPUpvCFrwuVYKNH0t9b2Vz43fYci6prcR43Dr4uWYsWqYEyZNVfn/Rw8hmJS0Gxs3rwZU2f9qnVbfQbAgpLm2KI+CkvbtFEpdGh6Xgo60jTJgpJP8Uj5bxJNEbGtuCOda2vPS1FTeZqycrzRdN7qUai1Y+o6XVqXiKTpPJRHZapPRdUWAKXzGzPWV+Nnqvy66uckBcDW9lV+bU2jK5Wvida+F+k7U/9sM3PzW51yK30nmt7v5wbA1LTMNmOu9Hmov+4/+e6IiIiIiOjb0akDoER56q21S/OIPvUVglub6qvpOU2xT330nzJNAfBru08hdS0OHkMxenIggkPDsGjpcvTX4f6Ttm7e8Bzlh1UhYdiyZQu8x07Uur2+A6BE/b54UgRRj0LS6KzA6UEtjiHtrxyJpCg4ZqyvTmFEW9xRnobZ2v5SiFGOTW1NCVUecabp+fYuwKFLAGzvvtrOQVuYkkhhS/nejMp/17YYTFvvv61A+jkLziiP9GzPNaLtc25thGhr+ypfr//kuyMiIiIiom9HlwiA1i6fIuC4qTNaTOlVJwVCaRqwtC8DIHUmA0b4Yt7iZdi4aROWrAyG2/AxsHH10ritnftgDB3njyUrVmHFqlWYMXcBHDyGaD3+1xIAJfEPE1TutaYe25QXA1EOJNLoKk1xRXmqceD0IHkKqabX1xZRlKeitqU9AbCt57/mANhasNL1PXREAGzreV1eI/5hAg4eOYYFCxe3GJHanmtE2+fcWgTV5fgMgEREREREpIsuEwCtXT5FurZW5d24eYtKzNMlALZ3CjADIP2beg0chrFTpiMkbA22bt2KzVu2Yt6iJfCbGgT3UX7oNXAYHDyGoteg4XAf6YtxU4OwZMVKrAlfi8UrgtF/6Og2X+NrC4AS5VFx6iPLpKCnHHQ0Tf9VP576CENNK70yAH5+ANR2TsqfnfLf9R0ADx45pnXxkn8jALY1EvFzriFdzouIiIiIiLq+ThkApam7yn+TRvUpb6M+ClBalXfj5i0qi4Bs3LylzQAo3dNPORxqWgVY+bUYAOnf4DRoOHynTMeq0DBs2rQZ6zdsxOLlzXEvOHQ15i1eipnzFmLGvIWYOX8R5i9Zhu6UPQAAIABJREFUhuCw1QgODcOUGbMxZNxknV7naw2ABSWfpvSqBxNpsQ/l0X6apv9qIi3WobxohfLzugRAXUOc5FsJgNpWKf4aRwCqjww9eOQY4h8mIDUtU+tn9U8DYGuRWtvxGQCJiIiIiEgXnTIA9hvi0+I+f5qm/Krf40+Kesqr9krhrq0AqGm/kDXh6DfEhwGQvpheA4dh3NQgrAwJw9atWxG+dh2m/zofXmMmwDdgOuYuWoplq0IQuiYca9auQ9iacCwPDsHsBYsxxj8QfbxH6Pxa+gqA2mKRRFscUg5+mbn5LYKgLq8vTfVUHmGoLaJIEcbd3UOn81ffrysGQOV99HUPwM8JgMorSmv7rjsyAPIegERERERE9G/rlAGQ6FvUa9BwjJ0y7VP8W7ce0+fMl6fz9nDzwsDR4zFq0lT4BQRhwrSZGDd1BkZOnIoBI3xhN2Bwu15PHwEwMzdfHnGlbRtplJ6msCRNEY7Ys1fl36tvl5ic2uq96TSFISkKtrZKq/R8W/dxU9bVA2BHrAL8pQOgdE5tLSyi6bNq6xr5t1cBbu93R0RERERE3w4GQKJOoNeg4Rg3NQjBYas/xb9f57d6n0sbl0GtLgiiK30EQGmFVSkaXYyKVol012Pj5BF+rY2WkgLhmLG+cqxRn/4rjfJzd/fAwSPH5NfIzM2X7xmovl9I6Bp5Sqi0vfLzyuceErpG5bnE5FRs2rKtRRzs6gEwNS1TZUq1tG9mbj4uRkXLz2naV98BUD3GKV97rX1WbV0j2j7niD175ecOHjkmB9PE5FT5uB393RERERER0beDAZCoExg/dQbC1oRj69atWLdhA2bOX6TTQh7/hL6mAF+PjWtz8YUxY3213tNP/R5umrZRDi6aqMc65cCnTHlkm/ICJa2dt/Ixu3oALChpDljavs/A6UEaRwfq8x6A6qFPmXIg1nTtartG2vqcla9bTTSNeGUAJCIiIiIiXTAAEnUCa9evx6bNm7Fh4yZMU5r2+2/S5yIg0kg8KdBIFixcjL9OnW3zPnutjeJSl5qWiU1btslTN6XXaO2edeqjwEJC17SYRtyeY34LAVD6TCL27NX5cy4o0W8AzMzNR8SevXK4dHf3wKYt2+TvWttnpe0a0eVzvhgVrTLiTxrJ2tp0dQZAIiIiIiLSBQMgUSfgHzQby4NDEDDrV/QdPOqLvKY+A2BHkKJHa+GEiIiIiIiI6FvBAEhEGnXmAChNxWxt+i8RERERERHRt4QBkIg06swBUJraqW2KKREREREREdG3ggGQiDTqTAFQuidgZm6+vJBCa6sEExEREREREX1rGACJSKPOFADVV191d/fQukowERERERER0beEAZCINOpMAfCvU2dVVl1l/CMiIiIiIiL6hAGQiDTqTAGQiIiIiIiIiFrHAEhEGjEAEhEREREREXUNeguAZk6ueg8cRKSZmZMrAyARERERERFRF6G3APijqRVMnVz0HjqISJWpkwt+NLFmACQiIiIiIiLqIvQWAImoa9H3jxkRERERERERacYASEQdQt8/ZkRERERERESkGQMgEXUIff+YEREREREREZFmDIBE1CH0/WNGRERERERERJoxABJRh9D3jxkRERERERERacYASEQdQt8/ZkRERERERESkGQMgEXUIff+YEREREREREZFmDIBE1CH0/WNGRERERERERJoxABJRh9D3jxkRERERERERacYASEQdQt8/ZkRERERERESkGQMgEXUIff+YEREREREREZFmDIBE1CH0/WNGRERERERERJoxABJRh9D3jxkRERERERERacYASEQdQt8/ZkRERERERESkGQMgEXUIff+YEREREREREZFmDIBE1CH0/WNGRET/n737eY0jS/P9/5f0LLSZhrnaVG6//gO80R9g0+CAwV4ZCsxAi6YIisKMFv5WrSSCRrWR4PoiECEbxjKMvLBIWothvGi6IeFSlzs1Bd/qzp57b/e9i6nZnO/C90k/+eRzIiIzjzJOKt4v+NCl/BG/MqQmPz4nghBCCCGEED8UgISQJOn7jxkhhBBCCCGEEEL8UAASQpKk7z9mhBBCCCGEEEII8UMBSAhJkr7/mBFCCCGEEEIIIcRP1gXgwdFxOLm4XDmPn+33XooQMpT0/ceMEEIIIYQQQgghfrItAB8/2w9vbz6Eg6PjlXJ4ehbOr657L0UIGUr6/mNGCCGEEEIIIYQQP9kXgH29nxCyXPr+Y0YIIYQQQgghhBA/FIC7n4XD07Pw9ubDXA6OjpPty8nFZTg8PWvd1r0Hj3ovcQ6Ojhk5SVZK6j9O0//5fwghhBBCCCGEkMGFAvCW3n94ehZOLi7nHnt78yFZEUYBSIaQNH+U/k/4/378Mfz3f/mX8N133xFCCCGEEEIIIYPLf/+Xfwk//uEP4U//639TAKZ8v1cA7ux+lmwkIAUgGUJSjPj7/vvvwx/+8Ifw008/Jf3jBAAAAADAtvjpp5/Cjz/+GL7//vtkIwJTunMFoL2RyMHR8dw04f3nL+Zef3JxOXtOv08KQP1+vT7ZVvlfib2LsV2/LQz1+u3zJxeXs5ujvL35MCsk7TopAMmqWbf8+8Mf/xT++Mc/Jv2jBAAAAADAtvrxxx/DH6f/lqQETOnOFYD7z1/MlrH//IVb2knJZpdxcHQ8KwilmJPRhHsPHs0ViLIsr2yU5cvPdtukJJSCUb/flpC2tJT16sdSTn0mw8o6f4j++D/+d/jXf/3X8B//8R9J/ygBAAAAALCtfvrpp/CvP/wQ/vg/1p8KnNKdLgC96PIstoydXX8K8PnV9aywi00B1q/xRhw2rdMu09sG7zFGAJJVs84foj/821/Cd999l/QPEgAAAAAA2+67774Lf/i3v9z9AvDg6HilHJ+9upUCsGkacOwOwrHyra0AlPfFnvfKutg0YG8bvFKRApCsmnWm//74pz9TAAIAAAAAYHz33Xfhxz/9ee1pwCndSgG4brqsq+kagPK4bI9+3fnV9UKBtrP7qQiU6bm3WQDKPsp/22nGFIBkU6EABAAAAAAgLQrADnn9/qbTurwC0F6n7/D0zJ3G6xWA9vWrFoB6/W1TgO22dCkAz6+umQJMkoUCEAAAAACAtO58Abiz+6ngsrFF3/nVtfu6WDkXW49+zI72s6+Ru+nqG33ou/bqcq1rAahfE7sDsfxsbwKirxcoP7cVgPZGI1IaUgCSVUIBCAAAAABAWoMoAL1ISaXz8s27tZYpZZ6OvY7fzu5nc8/LXYGlALTXBtRlYZcCUEbwNU1ftuvQIwbtiMkuIwDtMmUbKADJKqEABAAAAAAgrcEWgF9+fehO9713f6/3AoSQIYcCEAAAAACAtAZbAO7sfhztpvPwydPeyw9Chh4KQAAAAAAA0hp0AUgIyS8UgAAAAAAApEUBSAjJKhSAAAAAAACkRQFICMkqFIAAAAAAAKRFAUgIySoUgAAAAAAApEUBSAjJKhSAAAAAAACkRQFICMkqFIAAAAAAAKRFAUgIySoUgAAAAAAApEUBSAjJKhSAAAAAAACkRQFICMkqFIAAAAAAAKRFAUgIySoUgAAAAAAApEUBSAjJKhSAAAAAAACkRQFICMkqFIAAAAAAAKRFAUgIySoUgAAAAAAApEUBSAjJKhSAAAAAAACkRQFICMkqFIAAAAAAAKRFAUgIySoUgAAAAAAApEUBSAjJKhSAAAAAAACkRQFICMkqFIAAAAAAAKRFAUgIySoUgAAAAAAApEUBSAjJKhSAd1dZlmE0Gs0yHo/73iT8X0VRhNFoFMqy7HtTbtVkMgmj0ShUVdX6Gol3TDiPAQAAsG0oAAkhWYUC8O6ZTqdzhYlOXdd9bx5CCFVVDaIAHI1GoSiKaAEo5d90Op09Zl+vf5ZzezKZ3O6GAwAAAGuiACSEZBUKwLtHj/wT0+m0cRQWkFpVVXNZ5n1SjEpBGHseAAAAyBUFICEkq1AAboaUcpPJZK6gs8WInQ6pn5fnyrIMdV3PXlMUhfv+tlFSdoqwHoUly6/rejZaTY9Ykymsekqm3r7xeDy37BDC3HLa9ltP8/SOnR0R5k0f1cfI7p/Q26TF9m3Z7dPv0Z+TfZ1dr319bD1t02v7Ip9/CGGpAlA+Tzm+dV0vHIfxeLzwGAAAAJAbCkBCSFahANwMW7bpSFFnSzNbatkSynuNLr2a6ALP2xZbnrWlbftW2W8pgbxjNx6Po++bTCZzxV5bCWi3R/ZDSqZVt887xrLMtiLTHtuu51AO7DTdLgVg7Lyt63phtJ83KhAAAADIDQUgISSrUABuhi5vpISyRZIURlKW2NF8+me5lp8uTqbT6eznphFSutCSbZHt84pEu31e4We3T/ZBF3FSCNl9kOXKeqRAkm3Rx04XXbEbaegyTfZP9tm7BqIs3x5T2YdVt88rOu067XHSn5s9Tl3OoRwURTF3nJedAqyPCwUgAAAAthUFICEkq1AAboY35VOKpbqu50orr+Sq63quYJMCyL6vywhA7wYUuhQMIbhFYtOoNVsAyvZ5y4ntd2z0m3fsYsfL7ouNd+04eb0t9CaTycrbp4+zV9LZ9+hjEvuc2s6hHLSNAl1mGVJoMwUYAAAA24gCkBCSVSgAN2NTBWCXawBuSwEYmy7rrVtrKgBjI9H0duvjsOr2idg1He9qAehZdgSgLgBjNwHJ8bqHAAAAgEYBSAjJKhSAm9GlvFlmCrC+SYIdXWWn6obwscjyrmnXNgX4tgvAEPxprPpafW03zNBFpi6N9HbYZcY+Hzv9d53tq6pq9jp7XcF1pgBvewEo+6qnrGtlWc59pmVZLpxzOV3zEAAAAPBQABJCsgoF4GZ0KW/WuQmId7fgpmV1vQnIJgrArjfZsAVb7H3T6XSpm4B4y9Jl3yrbF/sMYiMAl7kJyLYXgHaKtb3hjDdN27vrNAAAAJAzCkBCSFahANyMruVNbMqofU7fECI2HdKWfLYksneV1eXYJgtAb7+LopiVkctMsS3LMnon46qqGkeOeaXbqttnRyLaYqttVKM9ZrH3bEMBCAAAAAwRBSAhJKtQAG6P2NRWAAAAAEBeKAAJIVmFAnB7UAACAAAAwHagACSEZBUKwO1BAQgAAAAA24ECkBCSVSgAAQAAAABIa3AF4N6DR+Hg6LgxX3592HsJQshQQwEIAAAAAEBagysAD0/PwtubD615+ORp70UIIUMMBSAAAAAAAGkNqgB8+OTprOB7+eZdOLm4XIg8f+/+3srrsSXjwdHxrZUlB0fH4fzquvfShty9PHzyNHz+xVcbXy8FIAAAAAAAaQ2qANx//iK8vfkQXr+/CY+f7S/k8y++Cm9vPoTjs1crlx/nV9cLhdz51XXYf/6i0/tPLi47v3ZnlwKQ3E4ePnkaXr+/Cd98e7rxdVMAAgAAAACQ1mAKwHv398LLN+86Tf/df/4ifPn14dIj91KUccuUhanWSYiOlH+Hp2e9rJ8CEAAAAACAtAZTAD5+tj8r+GIj+2QK8N6DR+Hk4nLpEYDnV9edSkNdNkp5t/fg0UIRKcs6ODpeKChlWV4BqPfVvj62rtueqky2I32Xfzu7FIAAAAAAAKQ2mAJQl2je9f9kdODLN+/Cvft74e3Nh6WWL6Xa42f7ja87v7qee83JxeVc2WILu/3nL8LJxeXsZyn39h48mu2XLgDleVmHbJcu9+w6umw3ufvZe/Co9/JvZ5cCEAAAAACA1AZRAN67vxdev7/pNP334Og47D9/EY7PXi1dnqxSpNkCzxuxZ6NfY99vC8Wd3U/XPtzZ/VQQ6ucPT88Y/Udm0+SlBO9rOygAAQAAAABIaxAFoL77b1sePnkaDk/PlroO387u8gWgNw1YHvfWHZsG3KVAtKMGvRGAy+4vuZvJoQSkAAQAAAAAIK1BFICHp2edyj8p0l6/v5mVZcukyzUA5TqDUhTuP3/RWOBJeaenAesbhSxTAOp1cu0/EkvfJSAFIAAAAAAAad35AlCu59cl33x7Gh4/2w8v37xbaV1td+SVUYK6XGwrAA9Pzxam9DYVgG1TgGUdfZdMJO9ICbjsVPgUoQAEAAAAACCtO18A6hF0bdl78Ch88+1p+PLrw5XXd351vVACyshAO01YftavP7+6nivwDk/P5kb/yWhGKQBtgdh2ExCvhCTEy737e72cJxSAAAAAAACkdecLwL0Hj8L51XWnqYz37u+F86vr8PDJ07XWaaccS/m3szt/LT+5I7BX4Olpv/bafycXl7MCUAo9707B9nqBEns9QQmlIMkhFIAAAAAAAKR15wvAnd3Fa941xU6fvWuRAtE+7k0dJqSPUAACAAAAAJDWIArAnd2Po/seP9tvzBBGwHnXKZRRhNwJmOQQCkAAAAAAANIaTAFIPsW7K7JcM5CQvkMBCAAAAABAWhSAhJCsQgEIAAAAAEBaFICEkKxCAQgAAAAAQFoUgISQrEIBCAAAAABAWhSAhJCsQgEIoE9FUYTxeNz3ZvRm6PuPfnDeAQBw+ygACSFZhQIQQErT6TSMRqNQlmXrc/JzVVWb3cglVFUVRqNRGI1GjYWJ7It9TVEUoa7rhWWWZZls/+u6DkVRrLWMdclxmk6nc4+Px+PZttV1PTuWXux7h6Qsy7ljcZvl3G393o3H41v7XHM4xwEAWBYFICEkq1AADs9kMln4gjaZTPrerBkpCXRpor9Y5rStXcjx9gqxu0jKhdFotPCcfI7bcixkX/Q5VxRF9By0ZV+sDE09+iqHckQKQFsq6QLQPu6dIx5bjrUpiqL1eDSVkZp+3H6Oeru8Mq1r0VaW5cKyb7sEvA3eZyqPrVsCrnKOdzkPAAC4TRSAhJCsQgE4LE1feu0opb5IkeAVKdtYAG5b6bUuXXrYAkOKjm05FlLe6vKi6RyUkX1iPB7Pzmct9XmcSwHojQJctwC054scU4/+x41VjkdZlnPLtn+H9DldVdXcOmz5q//WthWA2/h3zRP7TMuyXPv/X5Y5x9c9DwAASIUCkBCSVSgAh0OXaPoLqZ7imMMUPBlVk0shuS4pAral9FqXnGd1Xc/tc+zx2LRZb9SVFCXyvLzPFtv2PNbP2TJGj+LSZYE3UtbGbrctu6Qw0qMGZbmx/Zd91NtlfxfstnnlSGy/vBFZbSPQmo6f3teqqhY+33UKQHusuoqtc5n32P2wbGkX2x85LjH696KJPce9bZHfi1//+tduqagL6mV+7+z5FisrmwpAOQZ2NKc3Zdxblz3Hu4yuXOU8AAAgJQpAQkhWoQAcDv0F0rJFg3xJs1/87BfGpuJFL0P+W76s2SJFvuTFSha9HbIOvS+xbdSlp41XdnpfTnVB6h0zWZ/3XvuY/cLaVj6VZbnwhTiE+dI2t+vnyTHX/xvCxy/jMhKoqQD0Cmp7fujPTs5BIcdL3mNHZsm19+S/9bbY0Xp2BKA3JVizr5fiT4oxfRya9l+vwxZ2sg77Hn3+tO1XbJ12P9qOn2bLJb39qxaAdkRlV6sUP/aYeNduFN7IUHu+i7YCMITmv83yfFOpGvv7a7ff/q3t8ntnS9jYfsp2efsgx1L/Hsh+2dLV/r7JftvXNn0+ensoAAEAfaIAJIRkFQrA4ZCyyftCbQs6r7iyxYQuobxizVvGP/zDPzQWcqsUgF5E02u8L+pt2yVfmGV75Mtl7L2//OUvowWgHm1jS8Auo8+8zyQHuiDQUyalzLSljj6ubdP8bGkRe0yvI1YUeCWOff2yBaBsz2Qymb02hPnSzxZCXhHjldiyTjtNNYT549Zlv/Q2SEEvn48sr+34WfqY6+1ZpwCUEkv/fnUpBJctfrzXyzHXv6f2vLC8c6NLARjC4j9W6OXEPs9YmRfC4u+SVxp2+b3T54XeJ++c8D5TW+pp9lz19sPbn67HlAIQANA3CkBCSFahABwOW/J5z8mXa13eCV1g6S+reoSX/pKsl2GnytlrqukvfvKFW3/BbCoAvdJsOp3O/Sxk2U2j//SXfHmdvcGBvU5hl/faETx62/Xr9Kgbb536eNpiIge6AJTiS5dhTQWgV25ptiCIlV1eIWbPw1jpobdhlQJQbvChSz+9/7ZQaSsA5bGuZU+X/bJ35pXofwCwZVfbftvPVR+HdQpAu7+3MfIrNlou9tnfRgGoyd8p+7fARk/RtueEPVebiuem37vYur3Xx+4CbHmjpWO/y0LOazvCtwkFIACgbxSAhJCsQgE4HKuMAPSuFehNS9WxJWLXL4ryBXzZAlC+xHo3ComNZGyavuZ9wbV3trVFYtN7vQIwNmJQ9tvbXxlJY6fB5VwAhvCpaNBF5iYKQFs82EK4qSiT7VulANTXwtOfi4zYsu/fZAFoC0mZYilFk7zP20evULf77U1T1cvVuk4B9kY7to0CXLb48fbXu1OzFIWppwB7iqKYTcNtKsZk+72Rc7rYbDrv2grArncjbvtM7R3e9THrUgDK+df17r4UgACAvlEAEkKyCgXgcKxyDcBVCsCmElGvaxMFoHfX47aRI/q19rpqsj77XNN7ly0AY1Oet7UA1CMb5edNTgG2pNi5rSnAMvJPijW9TV4xuWwBKMWQtuwUYH0c9PbIups+A68Yk/2zx1y2ddUC0F4vMYRud4NdpvhpKu7s75Uuyux5EFvnqgWgXVdTCRd7vqmE7fp711bK2/U1fab23In9Y4FHfnf0qEeuAQgAyB0FICEkq1AADkfsLsDedF95zLvQfGyEmqzDLkOvSxeHIcwXe7YA1O9btQC0xVsTma5o99eO8vNKt6b3SgHmXezefjm1N3q4CwWgLR+aCkDvzp5637yCoO0mIPo5Wb4e+eQVs8Ir09rKmNhIOSlZ7Pm4bAHo3SjBK6ub9kses6+Tn+1UUWGPn7c871isWgDK+mPHR/bLu5Os97vl/YNEbDvsZ29/7npTirYCUD5PXSbakaLedfSaRpFq8jfQm+Lc5ffOu+nMsncBFl4J7f1jgb3Jj/xv292sve2hAAQA9IkCkBCSVSgAh8UbEWeLtBCabwJiv6zFnvcKwKbrWekbFNjtWqUAbLoDsPdF3XudN2rGKz6b3hubHtz1JiDbXgBaTQWgfkyir5kXKzpid6OeTCYLz3mjumKft1cA6s8zdtxlu71leSNilykA7f7KqCq77U37pffD3pVVr7/L8ROxUZdlWa5VAMr+e+uXfWyb8i/74n0uTdth/1551/ezv9feNutz2bLXK/X+voSweI7Hbuhh2WPU9J7Y753dPn0DEq3tM7XL8f5W2P2U4+qNUpR9i+2zdx4AALBJFICEkKxCATg8Xb5syhco+0Wq7UupXLNKL8Obrqi/ZNrrQoUwX47p62DpbZCfl50C7H2Zj91Z2PKm83Z5ry4KvGnFutywhcC2FYAAAAAAKAAJIZmFAhCeWHm3TbwRTiEEtwDsSgq3rhfFBwAAADBMFICEkKxCAQjPXSgAm0b/LXtdqNgIPgAAAADwUAASQrIKBSA8d6EADMEvAVeZLst1pAAAAAAsgwKQEJJVKAABAAAAAEiLApAQklUoAAEAAAAASIsCkBCSVSgAAQAAAABIiwKQEJJVKAABAAAAAEiLApAQklUoAAEAAAAASIsCkBCSVSgAAQAAAABIiwKQEJJVKAABAAAAAEiLApAQklUoAAEAAAAASIsCkBCSVSgAAQAAAABIiwKQEJJVKAABAAAAAEiLApAQklUoAAEAAAAASIsCkBCSVSgAAQAAAABIiwKQEJJVKAABAAAAAEiLApAQklUoAAEAAAAASIsCkBCSVSgAAQAAAABI684XgPfu74WDo+NwcHQcvvz6sPdygxDSHApAAAAAAADSuvMF4N6DR+Hk4jKcXFyG1+9vwpdfH4bHz/Y7Ze/Bo6XXd3B0HN7efJjl8PRsqfeeX133XsAQsrP7WXj45Gn4/IuvNr5eCkAAAAAAANK68wWgzvHZq7lyri0HR8dLLV/KP/3YycVl5xKQApDkkodPnobX72/CN9+ebnzdFIAAAAAAAKQ1qALQjs5LXQCeXFwu/R67fRSApO9I+bfM6NWUoQAEAAAAACCtQRWAj5/t32oBeH51HU4uLhtfc3JxObcOPc3YKwBtadn03CpTlgnR6bv829mlAAQAAAAAILVBFYD37u/dagGoC8bHz/YXnj88PZtbpi38vJ91obj//MXs+f3nL+YKwcfP9nstbcj2Z+/Bo97Lv51dCkAAAAAAAFIbVAG4s/tZePnm3a0VgJLzq+tOy5DCUEbu2QLQG9V3fnUdHj/bXygACVk39+7vhZdv3oWXb96Fe/f3etsOCkAAfRmNRqEoisbX1HUdRqPR0q8djUahruu55yeTydzz0+l0YXt0PEVRuNthlz2ZTBq3FQAAAHfb4ArAw9OzaOH38s27cHJxGb759jQcHB2Hh0+eJlmXLQFj04B1Adg0XXn/+Yu55bRNOyaka3IoASkA0ZemIiaEEMbj8dxrdOliy5a2gki/fjweL6xDv89brpRJdptsyrKcW+90Oo2WUW3ueqFUlmW0TBNyvOX8qKpq4RiLuq7nliXHXj5v+7MsW9hzo6qq6Dlnt1mek89IfvbOawAAAAzD4ArAL78+DOdX1+Hg6Dg8frbvTtVNmcPTs1mpJ9fsk0Jw78Gj1gKwy3X9pAhc5wYkhEj6LgEpANEHW27ZcsyO5LKjsmIFYGzkVqy8ue0CMISPI8aWLQB1cdhl5Fsu5PjYstIWd+PxOBRFMfvfmLIs546bHJeuZWhRFLP313W98Pno52P74j1ut7mqqlBVVetjAAAAGI7BFYBSskn5F0uq4kOXeudX17PRezu7zQXgzu5nc6P92qKvD0jIupES8Pjs1cbXTQGIPlRVFUaj0ex/bTHjFYNVVc1GVOlCTx7TpZkeyWVf740C8wpAuwxLSsrbKOe8/dsWtrQLIcyVdrrEaysAvc9BisM2dvRgWZZLlXRFUbjPdS0A2/YNAADciP3tAAAgAElEQVQAd9vgCsBvvj2dTfWN5eWbd+HzL75aarkyYs+OwtOPychDeU6uFSgFoC3xZMSgHgUoIxYPjo7nlqVHGhKSIvfu7/VyZ2kKQPRBRsXp0k5rmzYbK8hio+3k9fK8FDObKADt8uR9dV2717fzRhnq/cl9ZKCdimuLMD3qrksBaEf7eQWjfd4rlb332VGB+ryKjTL0ttmWjXJe5/j5AAAAYDMGVwAen70Kb28+RAu+tudjkaIkdr2+nd3F6/rZEYDys76mn5SAkqZrBPZdGBGSIhSA2DRbjkhhows3eSxWBHoFYOw6f/o5GQUmr+k6BdgrctYtAJeZZlzX9cK04KYpz32y03T16LjYVOCYVQpAIZ+5HPcuBaBdj7dtsW22ZS4jAAEAAIaNAnDJ5wkhtxsKQGyaFCVSCtmfhYzW86buNl0DsOkOrUVRRP9bbLIA1OWUPga6BBRSXHrbuuwNRm6bLtt0iRf7zGIj7taZAhzC/GjEZacAx9bftdhrKhcBAABw9w2uANzZ/az1+n593f2UEEIBiM2zo/vaprPaInA6nUYLwFiZo1+vt6HPKcD6ffZaiF4B6E1vjl1DsW9Skk0mk9a7/K5yE5Cu10XUBWDsJiBNn/M6BWDTDUYAAABw9w2yACSE5BsKQGzasqPAQli8wceyN8mwBWDsmoB6+ygA1yPb1VSC2TJN9tuO9JTP2E4hLopiboSfdzMZe/1EewMYvR59/snn1LbNQpfPsfcCAABgOCgACSFZhQIQm+SNuAvh04g8KWts0WNvztBWAEpZJoWOLQD1OrelANymKcAhfDq+sVI3hMUyTd8gRb8mNkpUH6PpdNp67Uh7HUV90w5vVKm3P95rZKRh22hWAAAADAcFICEkq1AAYpOkxLJTdXUp5t0EQyIFWVMBqJ+T9XgFoH6s7RqAbdvcJFUBuC03AQEAAABAAUgIySwUgNgUO41X04XXzc1NCGGxiNMFXIoRgCF8GtW1DQWgt32MNAMAAADyRAFICMkqFIAAAAAAAKRFAUgIySoUgAAAAAAApEUBSAjJKhSAAAAAAACkRQFICMkqFIAAAAAAAKRFAUgIySoUgAAAAAAApEUBSAjJKhSAAAAAAACkRQFICMkqFIAAAAAAAKRFAUgIySoUgAAAAAAApEUBSAjJKhSAAAAAAACkRQFICMkqFIAAAAAAAKRFAUgIySoUgAAAAAAApEUBSAjJKhSAAAAAAACkRQFICMkqFIAAAAAAAKRFAUgIySoUgAAAAAAApEUBSAjJKhSAAAAAAACkRQFICMkqFIAAAAAAAKRFAUgIySoUgAAAAAAApEUBSAjJKhSAAAAAAACkRQFICMkqFIAAAAAAAKRFAUgIySoUgAAAAAAApEUBSAjJKhSAAAAAAACkRQFICMkqFIAAAAAAAKRFAUgIySoUgAAAAAAApEUBSAjJKhSAAFIajUbRVFXV9+YBAAAAG0EBSAjJKhSA8EhhMx6P13r/aDQKdV23vr6u6zAajUJRFJ23oSzLMBqNwmQyWWkblzGZTMJoNAplWUZfI9uzqZJLtmk0GoXpdLqRdS6rKIpOnz8AAABw11AAEkKyCgUgPOsUgEVRzBWAXcqpVQpAWc8mCsDxeEwBuAIKQAAAAAwVBSAhJKtQAMKzTgG4yntXKQDl+U0UgLJ9FIDL8QrAsixDXdehqqrZ8ZJ90cbj8dz5EMKnz0ECAAAA5IoCkBCSVSgA4fHKNym4YqXTdDpduOZbWZZuUWULv2UKQL08uz2ynLqu55bZZRti+2gfi5V8sQLQe5+MKLQFpreM2Hq3uQC0n2uXArCu67kC1isIAQAAgFxQABJCsgoFIDy2fJPRWl7pJnIqAG1p1mUbYvv4y1/+cqUC0Dse+nl5vS7I9Da2vX+bC0B7/LoUgN5+SrkLAAAA5IYCkBCSVSgA4bHlmy2rJpOJWzrp0kqKmdQFYGw9ejm2WOuyDU37KOXgMlOA9RRXIdct1OuXZco22kIy9v4hFYCx0jd2fgAAAAB9G1wBeO/+Xvjy68NwcHQcvvz6MNy7v9d74UEI+RQKQHhsuaKnrMZGwIWQTwFop4Z22YamfVylALQ3Q9GRclF+1tsjhVnb+4dYAOa6nwAAAIA1qAJw78GjcH51Hd7efJjl5Zt3lICEOHn45Gn4/IuvNr5eCkB4YuWbLqG8669tcwHYtI+pC0DZBnnPZDJZuKtx2/vvYgGo98ObAsxoPwAAAGyLQRWAx2ev5so/yeHpWdL1HJ6ezS3/4Oi49zKHkGXy8MnT8Pr9Tfjm29ONr5sCEB5vBKAuX2LFU1sBKI/Zgm2dAlA/36UAjG1D0z5KAdh00wlbAMZuCqKPmR71Z5ff9v67VADK5ynH306HDuHTsdL7yvX/AAAAkKtBFYBe+ff25kM4v7pOto7zq+uF5Z1fXYf95y/WXvbJxWWS5RDSFCn/UhfjXUMBCI8t17xRaF1HAMbeH5t+642g8wouO0JO3wTE27a2bei6fV4pF8L8TUTG43HrTTzs8Wp7zr5GP5/r3XC7FoAhzF+/UW4eY/fL3uQl1/0GAAAABlUAvn5/4xaAL9+8S7L8g6PjpGWiTaoikZBY+i7/dnYpAOGzRZZ+TOKJFYC6QCuKYvY6b8Sbd+OHtlGA8pqmArBpG7rsoy74YsWTV+TZZdp9kf22x6zL+3UhlusoQAAAAGCIBlUAfvPtqVsAppqie3513bqstzcfwuNn+7Of9x48Cm9vPoS9B4/mXqOnJ8trYtvcNJ1Z1qevfbj//MXCMu12nlxczp47ubicPf742f5se+X5vQePwsHR8dzy9P6Q7cjeg0e9l387uxSAAAAAAACkNpgC8N79vfDwydOF6/N98+1pePxsf+0bgUghpss9L20FoC0RTy4uZ89JeWeXp19/fnU9V9jZQk72X49UPL+6nit9Ti4u55Z5eHo2e14KQP3+/ecv5krEx8/2ey+RyPK5d38vvHzzrvcb41AAAgAAAACQ1iAKQJnW+PbmQzg+exX2n78IB0fH4cuvD2c3Bjm/ul5r1NptFYD2vboA9KYc2+2w79Ej+PRypDSU0YLeMmPvtwUg2d7kUAJSAAIAAAAAkNYgCsDY3X9T3g04VQEoBZu3LFvmnVxcutusX7dsAWin8tppvd77ZVvsdGGynem7BKQABAAAAAAgrUEUgF3Kv7c3H8Lr9zdrrSfVNQB3dueLQP3ergWgbMcqBWDTjUxiBaDeppTXVST9RErA47NXG183BSAAAAAAAGnd+QJQF2ldss404C53AbaFXKwAlOg7/25qCnDT9rQ9v7P7cUrwbd4NmWwm9+7v9XIzFwpAAAAAAADSogA0aZvC25bzq+uF8kuPDLQ33LDFox7xJ2WeFHj2vfL6tpuALFMA7ux+HMVn90GOS+z99qYhFIBk1VAAAgAAAACQ1p0vAB8+ebpUAZjimmf2TsMHR8fuNf6k7NPX17PX4NPFmn6vd6df7zqGqxSAO7ufpvLa5Xrv90rWvksksr2hAAQAAAAAIK07XwDu7C4WcrF88+1p7+UHIUMPBSAAAAAAAGkNogDc2f1sNsIulj6udUYIWQwFIAAAAAAAaQ2mACSEbEcoAAEAAAAASIsCkBCSVSgAAQAAAABIiwKQEJJVKAABAAAAAEiLApAQklUoAAEAAAAASIsCkBCSVSgAAQAAAABIiwKQEJJVKAABAAAAAEiLApAQklUoAAEAAAAASIsCkBCSVSgAAQAAAABIiwKQEJJVKAABAAAAAEiLApAQklUoAAEAAAAASIsCkBCSVSgAAQAAAABIiwKQEJJVKAABAAAAAEiLApAQklUoAAEAAAAASIsCkBCSVSgAAQDLKooijMfjvjcDAAAgWxSAhJCsQgEI4DZMp9MwGo3mkqPRaNRYZJVlObcPfZReZVmGqqqSLnMymYTRaBSm06n7eCzj8Xj22abeJgAAgLuEApAQklUoAOEVNbYUyFld12E0GoW6rmePjcfj2b5MJpMet26Y5Pjrsmw8HoeiKJKtoyzLJGVcU6lXlmUoyzL6+rquN1KCbbIA1ORvA79DAAAAy6MAJIRkFQrAYWsa7bMtX/qrqlooAHWpuS37cZdsYqRcqimoTdvadv5UVUUBCAAAABcFICEkq1AADptMb9SjnMbj8VZd20v2QReA6I+M/mtjy2ddMpVlGeq6no3u1OeoN2JVPntZTlEUs2LPrscWabECUNYTO69kHXb79DbbZcu2yHpjJbXdb1sANq2jruvZ6MjRaDQ36tIes3UKQL1eXSbakcR6NK4dTeltEwAAwF1BAUgIySoUgMPmFYAeWzjo0kBf303++1e/+pV73TevsIiVM3pqr/y3nUIau0aZLn1kW/XPtnzRJYVdhy2QYuWoPUZt+2rXI5/FZDKZu+6cLayaPoscVFXVej7pIiyET0WT7IstdeV5eyztZ2GPibzPvqZtOUIfa48t5sbj8dy+21F2+lwSVVXNnQu2mJP3yHra1iHv94pO/Zgc45QFoN4PKUhlnbHPUC+bG4sAAIC7hAKQEJJVKACHzZZJXnEjU2xtbLFmn7Ojm2xJ4I3k0oWBV6h5pcayBWCXSPGki8G2EjBWADbtqy6C7M0mbEnZ5bPIQZcC0Lt+X1VVs+PuTXktimJuhFisAGwrkOyy297jFcaxZXm8okx/XnbEpLc9bevR76nreqFc9h5bdwpw235565SRnfK83SdbbgIAAGwzCkBCSFahAIRXKtlRO/rLvRQWetqlN0rKjuKyI5NkvboEkFFD+vV6GR55j35NUwEopYQu93TxpItQPZVUH4+2ksK+T/bVm45p1+1ts77zatNnkYMuBWCs6JRzwSu8dHkky+haADZNA+5SGgr5XKUQixVzsSm6XlGmR0PGSjlvPbF1xIo3+/6+C8BY4Z3yRjEAAAB9ogAkhGQVCkAIWwTKtQBjZY2UPLFRcfJeeZ2e4hrC4jXU7Cir2LRfa9kC0JYW+jVyDMqybBy1Z8tOTbZbl2DeNup16ePjFaJ1XXf6LHLQ5RqAbaVbygLQfl72xh3LFIAhfPxMYkWlnFP2s09ZALatY5sKwE3cQAUAAKAvFICEkKxCAQhLX7urqXSSL++xAlA/p8s0ux4v0+k06wIwtk3eNd5i25iyAMytSFml4Gt7fpUCcDweL3xW6xaAetvsdnp3BV6mAPSuk2fX07YOr3iz1xmMbYt121OAGe0HAADuMgpAQkhWoQAcNm+0lpRKdV27JVkIwb0JiFei6GnAtqjyCi+97GULQG8k1joFYGzfmgoTO/VXLDMFOFYAdvksciHnlS3j7Eg3e4dc0aUA1CPxRNM69c/2GDdd01Fvl2y3viaj/kzt9Gf53LsWgLKfepl2m9vW0XS9P72fcm71VQDKMvRnMZ1OszyfAQAAVkEBSAjJKhSAw9V1imvXm4B4JYodtWaLtKbRbF0LQG/qcqoCMMVNQOq6XuomILECsMtnkRNvn+XxEBavy1cUReO19Wx5pN+vC1tv9Jw+t+zNJ+SY2pJrOp0ubKN3rO3+2fNE3/CkSwHobbM3ajG2jtjIOrsvfY8A9PYl9rsFAACwjSgACSFZhQJwuOTLur0Yv1ce2HKrqqpZKdD2xd0ru2LP25FMXQrAEOanE8u2pSgA7etsURXbBlsAevvqlSNtBaA+Lt5nAQAAACAPFICEkKxCAQgAAAAAQFoUgISQrEIBCAAAAABAWhSAhJCsQgEIAAAAAEBaFICEkKxCAQgAAAAAQFoUgISQrEIBCAAAAABAWhSAhJCsQgEIAAAAAEBaFICEkKxCAQgAAAAAQFqDKAC//PowHBwdz2X/+Yvw+Nl+2H/+IhwcHYe9B496Lz4IIRSAAAAAAACkducLwMfP9sPbmw9uXr55F/YePAqHp2fh9fubsP/8Re/lR985v7rmOJBeQwEIAAAAAEBagykAX755Fx4/2w+Hp2cLJeC9+3uzx9cpv+yy3958COdX170XKl2z9+BReHvzIRyenvW+LaT/PHzyNHz+xVcbXy8FIAAAAAAAaQ2mAPzm29Ows/tZ+PyLr9yRgClKwMPTs3BycbnwWK4l4MnFJaP9iJuHT56G1+9vZr83mwwFIAAAAAAAaQ2mAJQy4/zqOjodeN0S0CsAd3Y/C29vPoTHz/Z7L3VsmO5LvEj519dIUApAAAAAAADSGkwB2CXrloBNBaAsS8pAKSLl8YOj47lt0TclkX2QKbr6NfvPX8x+tuu2+y7rsst5e/MhHBwdL2yr3n6JLYVOLi5nN1aJbcfJxeVWTokeYvou/3Z2KQABAAAAAEjtzheAO7ufhdfvbzZSAnoFoJRtMgLQK/ikPJOfpdST90iRp8szKRClqJH1yPbKe2QZ8rwUfbItXtmnH7PvOb+6nttHKffkNXY77DGROzD3XXSRxew9eNR7+bezSwEIAAAAAEBqgygAZVTTsiXg8dmr8PbmQ+cbIXgF4MnF5Vxx16V0s8vSIwDl+YOj44XRdDIaT/7bFjlSLHbdFm8dttD01nN+dT3bjtioSJJf7t3fCy/fvJud/31tBwUgAAAAAABpDaIA3NldvgR8/Gx/dsOQ47NXndbh3QXYll+2dPPKvZ3d+fJtlQLQK/fsctoKQK/c6/IavR3yejuSkOSZHEpACkAAAAAAANIaTAG4s9u9BDw8PZsVIa/f34SHT552Wn6X0W7LFIAyWi91AainI69aADaNNLQFoH5frjdEIZ/SdwlIAQgAAAAAQFqDKgB3dttLwFXLv53d1QrA2GPbPAU4VgDKfvV9jTnSHvkd6Dr6NWUoAAEAAAAASGtwBeDObrwEXKf829ldvQDsehOQZQrALjcBOb+6XijjVrkJSFMBeHJxOTfiz1snyTP37u8tjEzdRCgAAQAAAABIa5AF4M7uYgm4bvm3s7t6Abiz+6kE9O4SvEoBqN8niU0J1tcqjI0K1MfJrrOpALT7xQ1BSFsoAAEAAAAASGuwBeDO7qcSUAosKdVWKf8IIWlCAQgAAAAAQFqDLgAJIfmFAhAAAAAAgLQoAAkhWYUCEAAAAACAtCgACSFZhQIQwG0YjUZzmU6nfW9SCCGEuq5DURQbWddkMpk7BptY7yb3D3mrqmrh99CeG0VRhNFo5L6/6TkAANCOApAQklUoADEejzdeUqRS1/VGt1kXOrFCqyzLMBqNwmQymT2mv4gPwWg0CnVdz36W49a1BLzNwnBTBZmcm9550HXf6roOVVUtvd5N/T4URbGwLtlvL13I70/sPXr5dt22cNXnoNDPj8fjztuhP8e219vPzC6rbd12P/T50mUfRVVVoSzLhcf0cZOSz+7fdDod1N8sAABuAwUgISSrUAAO27pf1vuWYwHofaGWkrUoimxGwt0WOUarkuJhmwtA2Qev5CnLcqGUiamqKssCUP8edFlXWZad9qMoirnX2X2R3yM5N3TBZZ8LISx8Bnr58hl5xZ7dXm/Zmleq6WKuLMvGwk+z546su+s+2u3yzjW933JM7OdT1/WsuAQAAKuhACSEZBUKwGHzRpFUVbU1JVWOBWDXEUN3lZQUTftvRzFJ+WBHo8pyvFJxPB7Pfe5lWc5GzOlleiOm7PnijYCVIsaOsNKFTIycl03HR58/dqpmCJ+KZIkucvSIMm8EXlEUC8fS0svQy9ajNdvOdfsZrPqaGFvSyWcce97SBZh3DsUKsrbtsCM5Y4W/kM/DI6+V56V402yh2HUfmgpAWZ8s2x6b2OMAAKA7CkBCSFahABy2LtPIQogXDvKluizLuaLlF7/4RbRY0F+cbTmjvyTrqbTy394olVgJ0jbdzhYs3nY2PWdLEe998jq7nfq4eUWNLoRi+9xWzvRJPi+vfJAyRdOfkTdduGsBaD9reZ9+zJ4vRVHMlTd69JdXFtoSytNUynillh3lJsv3Rs7ZEYRyrgg5P/T77DrsPugRYHLMupR2Xcq9phFqbexoUG9ZTeWa3i/vs+xaTtoRfvpvk3e+2u2255gmn1fTZ940ErTtOXse2vNPjp8epahfQwEIAMDqKAAJIVmFAnDY7LWpvGLDFmVekWWf048LW0x4o730F/wu183yCkDvwvd63/TIJvt8bJu8/U1RAHaNHXnkrSM3bSPQNF16rFMAemWZV6A2lT72eX38u05P7lIAjsfj1msj2u2PvV6PEPP2Txc6k8kk+nzTOjxtBdo6o/9CWCze9GchYoWsnUrrjaxrK7ia/i62LUNvq/19bRp16O2Pt+0hNE81D8E/D20ZLAXgeDyeK0urquo02hUAAMRRABJCsgoFILyCz15/yivY9OgX70utLa/sCC1Zrx11IsvRBWDb6Bk7bdN+8dclVNsNObybV0gh0jYFWK9fb3NTAShfuvV22eKgrmt3SqZ8Pm0j0voUu5lAbBpwygIwVhp7pZRX+IYwP8JKRkq16ToCsK2MtPsUe33bqEXZPxldGCua9TmeogDsMlqyadn292iZArAoirnPYJUCUL83dky6FID2HNTnu7VMAWj30fL+wcCbXjwej+dKYPlHHApAAADWQwFICMkqFIAQtgicTqfREWdSOjUVYvJe+TKrS6DYKDz9mti0X80Wa3rUmbClnOxn290z7TbZwjNVASjL8UYz6m2NjU5sG1GUAztSyX5G3hTUTRWAejqnt1y97q6FVlNxop9LWQDKOdClAGxaZ8oCsKm8byLbYI+193l6U4DlM9XWmQIsy/T+FnWZAmw1rbfrFGBvH60u1zjUx0+mAdu/pwAAYDUUgISQrEIBCM2OoGsqAPUURu/LrnedO/ky2lQAypfPPgrApqm5OReAy94ptg9yznjlR9cCUD/WpQC0d5UNYb4I8ooab/v0TTW6Trf2yirZTvk92NQUYP2+tnWmKgBXvZuzrN87p20B661D/m7E/h5py9xlOVYAhuDfBKRtmnmsWIvdBMS7Puo6U9G9ZdsRxRSAAACshwKQEJJVKACHzX5B1MWUTFG0pVQIwb2Jh/dlVJ6T5dibMdjHvC/yyxSAXaYA66nFdr1SeOrRVKsWgHq/UhSAsXXndv2/2OgrecyWCvKzfM7edc3sY96NKmLX+9PHS5Zjzxd7jT9vpJg+L/Q2tN3dVRdD9oYdIXz8jO2IQ33NR+8mJHo7YjcB0dtli1B7HThZr96vdQvAWHnUdNzsuRB7r/591cdCfl+6FKpNdxC2/0Ag643dBdiWrrqQteelvbu0vQuwrN+Wcl33UVu2AJR120sMAACA1VAAEkKyCgXgcHWdUtr1JiDeF1I7gtCOtPLWbW8C0lQA6mV419LTabsJSNv10SaTydx7Y8WHN5U6RQHYtG85lYB6f2PHSpewVVXNbjog9Pv1yDZ9ftqbWcRGaOn3Sdmh32ef926SEcLiiL62siqExRGlTdM+vd8BWa8trPXrvTtgy8g27/c5ts6mEZht77Xbp4+P1XTcvL81dvv177y9e3LT7663Dq+E1Hccji3DThsPIX7n7ul02vj52rsAy3u83++u+6i3adkCUKMABABgPRSAhJCsQgE4XLEvurGpd7ZM63JTjKabhNjndQGj19k2RU9eFyt1Yl/0Y1+g9b7KdDz9vF522yhAWyyuWwB6+1ZV1UrXWUN3+gYJmr5zKrrjuAEAgCGgACSEZBUKQABoFhtdmNvoy23BcQMAAENAAUgIySoUgADgk9GfsSm0WB7HDQAADAUFICEkq1AAAgAAAACQFgUgISSrUAACAAAAAJAWBSAhJKtQAAIAAAAAkBYFICEkq1AAAgAAAACQFgUgISSrUAACAAAAAJAWBSAhJKtQAAIAAAAAkBYFICEkq1AAAgAAAACQFgUgISSrUAACAAAAAJAWBSAhJKtQAAIAAAAAkBYFICEkq1AAAgAAAACQFgUgISSrUAACAAAAAJAWBSAhJKtQAAIAAAAAkBYFICEkq1AAAgAAAACQFgUgISSrUAACAAAAAJAWBSAhJKtQAAIAAAAAkBYFICEkq1AAAgAAAACQFgUgISSrUAACAAAAAJAWBSAhJKtQAAIAAAAAkNbgC8B79/fC/vMX4eTiMuw/f9F7+UHI0EMBCAAAAABAWoMtAPcePArffHsaXr+/CedX1+Hg6DicX12H1+9vwsHRcdh78Kj3IoSQIYYCEAAAAACAtAZZAO4/fxHe3nwIx2evwuNn+3PPff7FV+Hk4jK8vfkQPv/iq97LEEKGFgpAAAAAAADSGmQBeHJxORv1d+/+3txzew8ehYOj49lIwFWWf3h6Ft7efJhl1eUQ0mcePnnaSwlOAQgAAAAAQFqDLQB1QXd4ehY+/+KrWXF3cnEZTi4uVyruzq+uw/nV9cJjKa8veHB0HA5Pz5Iek8fP9he2m6TPthznh0+ehtfvb8I3355ufN0UgABuw2g0mst0Ou17k0IIIdR1HYqi2Mi6JpPJ3DHYxHo3uX/IW1VVC7+H9twoiiKMRiP3/U3PAQCAdhSApgiUa/8dHB0vXQDKdQRve/sPT8+SF4D7z19sRTG17dmG4yzlX+pzrGvucgHYx5fvmLqu57ZBfzG7jfXUdb3WcsqyDKPRKFRVtfDceDx2tz32eBP9nslkstY236am4yFfkmOZTCa39nnnyp6D8rvYtQS8zcJwUwWZ/C7q81rOg677Vte1e861vWdTf+uKolhYl+y3ly7kdy32Hr18u277N9/7O6ifH4/H0e2wy2p6rd1u+5nZfVp23fp86bKPoqqqUJblwmP6uMnfL/v3dzqdDupvFgAAt2GQBeDLN+/cAlC/ZpWSTaYVt73u4Oh4br36hiMHR8fh5OIyPH62727b+dX13OMnF5ez53SxqR+XZe3sfjb3Xrn+oZ2ybI+FXsbeg0cL2y7XVLTrtdu07L7q9eqSVj+v1+3tm32/vuaj/KyP6f7zFwv7aI/FbR7nvtN3+beze3cLQG/kQ59fZmwBKMVXURRJiw7Z7+KHyVwAACAASURBVG0pAPWXzLtcAN7W550jKShWJefENheAsg9eyVOW5UIpE1NVVZYFoC6huqyrLMtO+1EUxdzr7L7I75GcG7rgss+FEBY+A718+Yy8vzv2HGx6rWyHLdX03+CyLFsLRLtueb3sV9d9tNvlnWt6X+SY2M+nruvZ3z0AALCawRSAcm0/maL7+v3NQhlz7/5e+PLrw9nz8lrvWoHe8m3B5EXKP1tgyfvkeV0snV9dzxUyJxeXCwWNnbKsC0xdgunn9Ui0ttGLsgz9GinOZD1yDGS68+Hp2dw22XW07assT2+HXr4uJfXPdpvtZySvt6WkFHR2H+2xv83j3Gf2Hjzqvfzb2b2bBaD+cqq/hFVV1Vv5YgvA2yJf2LalANwWTcdD6zpa6C6T86Cp0LWjmOS46nNIF6heqTgej+d+n8qynI2Y08v0RkzZ30P9vDwnRYz9XdKFTIz8vjcdH/23yP6DRQiLxbIucvSIMm8EXlEUC8fS0svQy9ajNb0RaHZf2v6mdXlNjC3e5DOOPW/pAsw7h2IFmbfNusSzIzntNthzRD4Pj7xWnpfiTbOFYpd9aHpOr0+WbY9N7HEAANDdIApAfW0/uanBvft7s+mYUtq8fn8TXr55N3e9vv3nL2Yjvpquh9a1ANQFlt4+KcG8gkg/LyWULmm868rp8swWZbJfuqjqWgDaEXz2PU3XTrTL6LKvNnrfZQShfv786nr2GZxcXLrHWrbPfhaxfZR1bOI495l79/fCyzfvwss371oL79vMXSwA5Ytt2yibWAmh2els+kucnm7rFXx22fp5+3rZlrIsl5r+pb+ceaPPZHvbprN5x2LdArDLPunHp9PprPTwCgn9Pvu52BExsg16f9s+b694EusWgE2ft1fU6ELIG5kT2/dcNP0OSmmjeeeqd95rXgFoj728Tz9mf0+Lolj4rOWYe2WhLaE8TaWMV2rZUW6yfG/knB1BKOeKkPNDv8+uw+6DHgEmx6xLadel3PN+H7qyI/G8ZTWVa3q/vM+yafv1MbTbIeeaLqf1+Wpfb88xzV62wfvMm0aCtj1nz0N7/snx0wWnfg0FIAAAq7vzBaCUMjLV1D7/+RdfzUpAXR7ZZci04VjB16UA9AoiWwp5BZEtumwBaKcU2ym33nrt6LjbLABj04C77Ktet50GHBsBaEf42cj7ly0AN3Gc+04OJeBdLAClGGn6ku6NNLKFRWwasSzXu9aVfBHz3telAGzaptg2yzJiBWDsfbFysKkks9vR9HiXfbLlnv5Z2EIj9rnoksAr82L7p0c6xZZ5WwVg18iX9bZ9z0nbCDRNlx7rFIBeWeYVqE2llX1eH/+u05O7FIC6lI4tz25/7PV6hJi3f7rQmUwm0eeb1uFpKwDXGf0XwuLUWv1ZiFgha6fSeiPr2gou7++lFVuG3tam/5+xvP3xtt3bR8s7D20ZLAXgeDyeK0urquo02hUAAMQNpgCUyAg/PdXXFjvnV9fhy68PZyME5W6obQVf2zUAmwpAKYlWLQCXLe82UQDKfsnPdgpul331ptTqfbfX1bPX+Gu6+/IqBeBtH+cc0ncJeJcLwKZRJzLSzJsmOJlM5koh/QVSlxn6Z/2FzbuxhRRIXQpA/SVMv0YeE97IONkv/Tp5zI7ukC+G3g0qUheAsX3y9iF27MbjsTstUdYr++yVTl6xqM8PWbbdf3nNbRaAXrFpi4O6rjvte45iNxOIjchMWQDGPguvlNLbop/XI6xkpFSbriMA28pIu0+x17eNWpT9k9GFTYV3ygKwy2jJpmXbwm+ZArAoirnPYJkCUB7XI/xiRViXAtCeg01/S5YpAO0+Wt4/GHjTi/XfVnlMX7sUAACsZnAFoC0CbdFki8D95y9mJUhbAdil3FllCnBbARgrFlMWU6sUgHL85LllC0Dvjrn2mntdpwt3+Sy6TAG+7eOcS6QEPD57tfF13+UCMPbFM3bjCV2eeSWXfV/sun52um8IiwVQlyIsVrR5X+r0dC69702j2/SXPfuFtKnwin0h1je66LpP3mvsjUz062OjGfUX21gJZ6+pZgsOb9l6Wt5tFYB2WrN3h057TrZ9qc+NHalkzx9vCuqmCkA9ndNbrl5310KrqTjRz6UsAOUc6FIANq0zZQHoFXZdyDbYYx37vbaPyWeqLTMF2PucvfNLb2vTFGCr6bh1nQLs7aPVVEQLffxkGrC9WRUAAFjNYAtAO1Kv62varvEnNw6xj9lRcfKcdxOQtgLQ3lhiZ/dj2WUfs3fCbSqmZDuWKbe6FID6GMpU62UKQG8bpdTzCkJvm23Jpz/PZQrATRznnHLv/l4v23kXC0D5YtQ2AmfbCsCmaaOrFICy7nUKQP0Fd919stcFlC+j+rNsKsHs9GtvBGjsmo6xZW5LAbjsnWL7IMfFKz+6FoD6sS4FoL2rbAjzRZBX1Hjbp2+q0XW6dewc1GXdpqYA6/e1rTNVAbjq3Zxl/d45bYs5bx3yu2rXG7sJSOzO3t7vcOz/U+z/l7QVo00314jdBERvT2wfrWULQDuimAIQAID13PkC8OGTp43l3t6DRwvTSJte06UQscs7ODpeKJW8a+LJc12ui6ffr8upLtfK84op+35bdK5SANrydZUpwHqb5AYe9q683shNu936Odm3VQrA2z7O5G4WgLoosRe613c+1F8y15kC7N2F05Y7y0wBjpVlUizqkT6xAlB/qfVKKe8Ls3cDk1ix5D3fdEyXKQD18mUfvesV2hE3Tfsr+2k/I32dK2+bcioAu+x7DmKjr+QxWyrIz/aGC/Z89c6DtgJQ1ivHSJZjC0B7jT9vpJj+3dPb0HZ3V10M2Rt2hPDxM7YjDvU1H72bkOjtiN0ERG+XLULtdeBkvXq/1i0AY+VR03Gz50LsvXq0sD4W8vvSpVBtuoOwV9Dpvwf2LsC2dNWFrD0v7d2lZZ/tjWpsKdd1H7VlC0BZt/17DQAAVnPnC0ApYbzSRoq6w9Oz8PjZ/kJxZ1+zDaO2hhR9R1+dtmv/kbxzFwvAED6VEF70tY1svC/WNvYmIG3XE9NZpwBsunZX7CYRt3ETkLZtid3h19unWKll96PpOfsar4SLba++EUPTZ63X2XRtydssALvsew6m0+nC8fZKLH2OyU0HhHd9Tf1Y+X/vLN1WANr3Sdnhjc6V572bZISwOKKvrawKYfF3q2nap/e7KevVvzP29d4/QMjINu/vWmydTSMw295rt08fH6vpuNlp+t72678het+bRsh6I73bfpftOaz/MclOGw8hfufu6XTa+PnauwDLe7zf7677qLdp2QJQowAEAGA9gygAJbYI9Eo9OyKQ4i/feNf426YptsTPXS0AQ/C/LGmxmxBosSmj+jnvS739AmdHLK16DUD9RVKmijV9wfVG4+miwztWerpjU7mxzPFdtgDUj3tfYO3nUlXVwo0z7Aiypi/0tlzyvpQ3nSf2NbdVALbtO26HvkGCNh6PG88H+DhuAABgCAZVAEoePnnaWhDtPXhEibQFkesKelOiyXbmLheAAJBCbHRh20g5+DhuAABgCAZZABJC8g0FIAD4mm4o1Da1Ej6OGwAAGAoKQEJIVqEABAAAAAAgLQpAQkhWoQAEAAAAACAtCkBCSFahAAQAAAAAIC0KQEJIVqEABAAAAAAgLQpAQkhWoQAEAAAAACAtCkBCSFahAAQAAAAAIC0KQEJIVqEABAAAAAAgLQpAQkhWoQAEAAAAACAtCkBCSFahAARWM5lMwmg0CpPJZFDrBgAAANCOApAQklUoAIHVlGU5V8IVRRFGo1Go63rudfrx6XQaRqNRY7x1SMbjcQjhUwFYluVG9hUAAADAcigACSFZhQIQWJ4UcFVVzR5LWQA2vU6WX1UVowABAACATFEAEkKyCgUgsLy6rudG5IXQrQDUpEQcjUZhOp3OPadH/onpdDpXOMr77XIBAAAA9I8CkBCSVSgAgeVJQaeLu1QFoH68aXSfjBJkGjAAAACQHwpAQkhWoQAEluddry9VASijC+3yPbJsAAAAAHmhACSEZBUKQGA5MvKuKIq5x1MXgHb5Hlm2nUIMAAAAoF8UgISQrEIBCCwnVgDKtOBYAaivFxhCmhGA3lRkAAAAAP2jACSEZBUKQGA5bQWgvlFHCJ+mC3ctALteAzAERgACAAAAuaIAJIRkFQpAYHneCD09ck8KufF4HL3Tb9NdgKXYs3cBjk07BgAAAJAXCkBCSFahAASWF5t6K6WdjR0VGEJzAaifs5G7/nIXYAAAACBfFICEkKxCAQgsT0b72Wm9IcyP3vOuCSiaCsAuy5LRhbHlAwAAAOgPBSAhJKtQAALLk/LOG9m3KVVVdbpOIAAAAIDNowAkhGQVCkBgNTINuC9M/wUAAADyRQFICMkqFIDAamQUYB9TcGUKMqP/AAAAgDxRABJCsgoFIAAAAAAAaVEAEkKyCgUgAAAAAABpUQASQrIKBSAAAAAAAGlRABJCsgoFIAAAAAAAaVEAEkKyCgUgAAAAAABpUQASQrIKBSAAAAAAAGlRABJCsgoFIAAAAAAAaVEAEkKyCgUgAAAAAABpUQCa7D14FD7/4quws/tZ+PyLr8Leg0e9FyKEDCkUgAAAAAAApEUBaHJ89iq8vfkQDk/PZv/bdyFCyJBCAQgAAAAAQFqDLAA//+KrcHB0HB4/2597/N79vXB4ehZev7+Z/e833572Xoi0Zf/5i3B+dd37dtjsPXgU3t58YBQlWSoUgAAAAAAApDWYAvDe/b1Z4XdycRne3nwIx2evws7uZ7PH3958CG9vPoT95y/Czu5n4eDoePbYMuuS0YOSg6PjpPsixdrbmw/h/Op6tr7cirb95y/mjifZrjx88nQ2HX6ToQAEAAAAACCtQRSA9+7vhZdv3s1Kv9fvb8Lbmw/h9fubWRl4eHoWDo6Ow8s378Lx2avw+Nl+OD57FU4uLsOXXx92Xtf51fXCaLzzq+ukJdjh6Vk4ubjsvSCyybGEJKvl4ZOnvY2ApQAEAAAAACCtwRSAUvrF8vLNu3Dv/l745tvTlUfvHRwdb2Qq7snFZXbXJmS6792JlH99nWMUgAAAAAAApDWIAnBn97NZsff6/c1syu/jZ/uzYlBG+X359eGsDFxl9F+XwlBPLbal2cHRcTi5uAyPn+3PvUaelxGLksfP9t3i0U5D1ss5ubhc2E49SlHWraca7z14tLDd8nqZ6mu3Sy9H1mP3y46MlPfq/Uw9hZrE03f5t7NLAQgAAAAAQGp3vgCUQkPKJHtNM11enV9dh4dPnq60HinL7I1FbKREs+uX98nzeoqvXOdPfrYjAG0B6P2sl9e1ANTL2H/+Ym4ZttxrKvvsa2Rf5ZjpbdEFoj4+jCy8/ew9eNR7+bezSwEIAAAAAEBqd74AtCPObEHX9vwy5UmX93uj3vQ1/WKj+WyB11QA2oJPti32/M5ufARg133pUgB6U5el4Isdn67HlawfuVamjIDtazsoAAEAAAAASOvOF4D37u/Nbu7hTSc9Pns1G3F3cHQc9h48mpsi3LUI6VJUxYo1XeB5BaA3gm/ZEYBNBeHObvcCMDYNuEsB6JWfXV5DAbi55FACUgACAAAAAJDWnS8AJfrmHnLHXyn/dDF4cnEZXr+/mRVdy0yHbLsGYFMBKKPgUhSAsi3eNQTl/csWgPKYnZqcqgCUgo8CsP/0XQJSAAIAAAAAkNYgCkB9M4um6BtdyE0olrkJSJe7AK8yBXiVEYBNRaQ3FbetzDs8PVv6PSmmAMtjFICbjZSAx2evNr5uCkAAAAAAANIaRAG4s/uxaHr55l34/IuvZqPj9M/7z1/MbhYiBZS+c3DX9ZxfXbuj8aSQ63ITkHULQK+s0zk8PVuYEtw2nddeh1DuMizvkZJVl3er3gSEAjCP3Lu/18vNVygAAdyG0Wg0l+l02vcmhRBCqOs6FEWxkXVNJpO5Y7CJ9W5y/5C3qqoWfg/tuVEURRiNRu77m54DAADtBlMA6sjUX1uSHZ+9CudX1+Gbb0/nfl72rqhSjunpxbpIsdfRs8+lmALsjXDU77E3Pjm5uGy9BqC99p9+j92vg6PjxlGB9hqCeh0UgMMOBSCA1EajUajrevazFGFdS8DbLAw3VZDVdR1Go1GYTCazx6SQ6bpvdV2HqqqWXu+mCsCiKBbWJfvtpYuyLBvfo5dv120LV30OCv38eDzuvB36c2x7vf3M7LLa1m33Q58vXfZRVFUVyrJceEwfNyn57P5Np9OlPjcAALBokAVgU/S1Ar0yahtyfnUdvdtxHyO6CFkmFIDDlOvorCbb8mVUvux7xc82bP+6pKBYlRQP21wAyj54JU9ZlgulTExVVVkWgLqE6rKusiw77UdRFHOvs/syHo/nzg1dcNnnQggLn4FevnxGXrFnt9dbtuaVarqYK8uysfDT7Lkj6+66j3a7vHNN77ccE/v51HU9+1sGAABWQwFo8s23p+Hlm3fh8bP92c1A+i5Elk3sOoNt1yckJIdQAA6LfIH00jbCpU/bNBrFG1Ejx70oiq0oW9ch+9p0PtlRTFI+eOfnZDJxS8XxeDxXupRlORsxp5fpjZiypZU3RVLOOTvCShcyMTJKren46PPATtUM4dN5JNFFjh5R5o3AK4pi4Vhaehl62Xq0Zts/ENjPYNXXxNiSTj7j2POWLsC8cyhWkLVthx3JGft9F/J5eOS18rwUb5otFLvuQ1MBKOuTZdtjE3scAAB0RwHoRO582scdUFPEu+mJnkJMSM6hABwW7wv/eDzuPDqlL7rEyd02FKq3Tcolr3yQMkXThYQ3XbhrAWhHQ8n79GO2NCuKYu6z0qO/vLLQllCeplLGK7XsKDdZvjdyzo4glDJKSGmj32fXYfdBjwCTY9altOtS7rVNd21iR4N6y2oq1/R+eZ9l13LSjvDTo3y989Vutz3HNPm8mj7zppGgbc/Z89Cef3L89ChF/Zpt+JsLAECuKAAJIVmFAnA49LWzYuSLrf5Caa9ZpZehn9Nfiu1y7Cgs/YVdfwH2ru/lXVPM+9LeZdv1Y7HRU/p5/aW+af+8fdTLkOXK+uS18qXbjtTSI8K8qXmxbcxJ2wg0TZce6xSAXlnmHb+m0sc+r8uSrtOTuxSA4/G49dqIdvtjr9cjxLz904XOZDKJPt+0Dk9bgbbO6L8QFos3r1iPFbJ2Kq03sq6t4NKjRmNiy9Dbav8mNI069PbH2/YQmqeah+Cfh7YMlgJwPB7PlaVVVXUa7QoAAOIoAAkhWYUCcDiaRmXZ13QpAG0JFbvQfWzasf5i7j3vlYLrFoB2WqVelnfHTF2EtF3If5UCsGvs1MPYNuYoNn07Ng04ZQHolSOxAjB2fukRVlJ0t+k6ArCtjLT7FHt926hF2T8ZXRg7z6bTadICsMtoyaZl28JvmQKwKIq5z2CVAlC/N3ZMuhSA9hz0in2xTAFo99Hy/l5404vH4/FcCSwjFikAAQBYDwUgISSrUAAOh1eQdXlNUwHovdd+SZfSzU4vky+iupCQ19jt0CViim23X8y9653JOvXUPG//NL0c/ZqmAlC2V39ZtyOH6rrutI25siOV7GfpTUHdVAGoR3Z6y9Xr7lpoNRUn+rmUBaD+fWorAJvWmbIAbPpdaSLbYI+193l6U4DlM9XWmQIsy/T+dnaZAmw1rbfrFGBvH60u1zjUx09GJMu2UQACALAeCkBCSFahAByO1CMAY1+69Xt1aeUlhMVyLIRPZZhsa6oC0I6IsXfa9CLb0KVAXaUAlJLAOw5SntZ13WkbcybH2ys/uhaA+rEuBaC9q2wI80WQV9R426dvqtF1tKX3OyLbKZ/XpqYA6/e1rTNVAbjq3Zxl/d7vmS1gvXXI76ldb+wmIF3vshwrAEPwbwLSNs089rcsdhMQfS7F9tFatgC0/6BAAQgAwHooAAkhWYUCcDhSXwNw3QLQXuNvEwVgCP7U06ZyTZaXcwHYtcTYhNjoK3nMlgrys+yDd10z+5h3owqvoLFTN2U5tgC01/jzRorZotW7wYj3Hn0e2Bt2hPDxM7YjDvWUb+8mJHo7YjcB0dtli9DSXAdO1qv3a90CMFYeNR03ey7E3ivbZgsu+X3pUqg23UFYl2B6vbG7ANvSVRey9ry0d5e2dwGW9dtSrus+assWgLJuO8IYAACshgKQEJJVKACHQ5dT+kuhvvi7HSXoTc9dpgCMvV5/eV22AGz6ct+27VVVzd6vSySvkLPbuWwB6N3oZJ0CsMs25kBf89CWvUJPp66qanbTAaHfr0e26fPX3swiNkLL3ljGllb2ee8mGSEsjuhrK6tCWCybm6Z96tfFblrjvd67kY2MbPN+32PrbBqB2fZer5yPlUdNx827Rqf398rb96aC3LskQayE1Hccji3DThsPIX7jHu/6qLGbIOn36NfbQq5tH/U2LVsAahSAAACshwKQEJJVKACHZZUbbqxbAHa9CUhTAWi/EHtFStu2x2684V2Dz/vy3aUADGGxxGi7CUjXArDLNuJ26BskaLo8R3ccNwAAMAQUgISQrEIBODzetNymETJSOq1aAIbgj4SSdXYpAENYLBK90qtp2/X1z2Ijo2yJWFXVbDu7FoD2+Oo7r65bALZtI25HbHQh5etqOG4AAGAIKAAJIVmFAhAAfE03ztmGG6/kiOMGAACGggKQEJJVKAABAAAAAEiLApAQklUoAAEAAAAASIsCkBCSVSgAAQAAAABIiwKQEJJVKAABAAAAAEiLApAQklUoAAEAAAAASIsCkBCSVSgAAQAAAABIiwKQEJJVKAABAAAAAEgrywLw//l/r4Lkr37+nwghAwoFIAAAAAAAaVEAEkKyCgUgAAAAAABpUQASQrIKBSAAAAAAAGlRABJCsgoFIAAAAAAAaVEAEkKyCgUgAAAAAABpUQASQrIKBSAAAAAAAGlRABJCsgoFIAAAAAAAaVEAEkKyCgUgAAAAAABpUQASQrIKBSAAAAAAAGlRABJCsgoFIAAAAAAAaVEAEkKyCgUgAAAAAABpUQASQrIKBSAAAAAAAGlRABJCsgoFIAAAAAAAaVEAEkKyCgUgAAAAAABpUQASQrIKBSCAu6AoijAej/veDAAAACCEQAFICFH52V//Te/bQAEIoG91XYeiKFZ+/3Q6DaPRKFRVlXCrPirL8laWCwAAgLuNApAQEn72138Tfvbzv5n9b5/bQgGIvtV1HUaj0UIBVFVVGI1GoSzLWcHTlPF43Ph8WZYhhI+FTuz9XckybDFUFEUYjUahruu5xyeTycL6JpPJwnLtPsgx6bL/22zdAvA2UQACAABgFYMtAH/xt0/C+avX4Xr8m/B3v/qi9wKGkL7ys7/+T3Ol389+3m8JSAGIvuVSAHrFXcwyBaDsX9v6ml5HAdgfCkAAAACsYnAF4Ml//i/hv37330IIIfxx+qe5/377j1fhF3/7pPdChpBN5eOoP+fxHqcCUwCib10KQE2PpptOp0stMwS/vJN1dS2huhaAurjz1qf3wSsFq6pa2Mcu+983W2ba0ZV2RKQtAGWEpBxPWYYtQjW9Hlm+PN406rJp28uydAvAphK3LMu5Mlr2S3/mbSNEm0ajyjrseyxddNvz2ttObxl6m+3zTcsvyzLUdT33fjmG+jPVn8cq77Hbof9WyPHR54z8vjTt1zL/IGCPn92fZY5/l/MEAABsl0EUgH//4uvw29/9Pvz7Tz+FP//lL+Gf/vlD+PsXX8+e/8XfPglv//Eq/HH6pxBCCP/1u/8Wzl+9Xmld1+PfzO3Mb3/3+95LHkJsfvbXH4u/xqKvpxKQAhB9y6EA1F/Eu+haAOoyybJf8rt+6c+9AByPx9EiRv+sSy77WcUKG/2aoijmjr9XAOrjXlVVa8Ern5fdVrseXfTom4/I++X1unyS18i5Ztchy5T3xM4DWYc+xvZYSHGp910fC7ud8h59fOzP4/F4tk1ty5ffD7vP9jO161vlPbYwl32S4+qVk7H9avpsLXuuTKfTuVHGyxz/LucJAADYPne+APz7F1+HED4WcSf/+b+0vv7vfvVF+Kd//hD+/aefwtt/XG79Uv7px77/4Ye1S8Dr8W8oEknSNE3xlSnxrQXhLYUCEH1rmvq6qQJQHlt2BGAsuijx9sHbDrvMWAGUewHo0cWGN6LOGwGoixdbIsp79HH1CkD9eilUum6n0NsrI9Q0XXh6U5ljIwilaPKeb9pWbx1VVc22wdv3ED6WWbqYtsuQEmoymUSX0XX5sX32PlOx7HtkhKi3D7HtbNqvts/W8s6VpnW0Hf+28wQAAGyfO18AHv36OIQQwr//9FP47e9+Pzfyzys+9EjA6/FvllrX9z/8sPR7uuS3v/s9BSBJmqabffzTP3+YnW99XAuQAhB966sA9NL1RiDLFoDeNeS8clBPdYxt07YUgLFpwN4+baIA1OWRnbo5Ho+jxY0uZmKfu2z7KsVO02ccK6piU0pjz9vtiL1GtqXpmoxdlr+JArDtmpmxcya2X22frbbs52P3jwIQAIBhGEwBqP35L3+Z3fxDbgYi1wL8/ocfwvmr1+Gf/vnD0mXen//yl/D9Dz+4z/32d78PIQT3PbKe73/4YW4b5XlNL1+/Xj8u+/x3v/pi7r1/96svwvmr1+57yPASG91ni2zvGoG3GQpA9K2vKcBeadBV1ynAy4wA9JbjbVvuBaBsny02cyoAm7a7rQBsuiFI6gLQK3/WKQDbXrNuAainwG6iAGwasbtKAdj1Zi+rFoDrjBQFAADbZ5AFoPXnv/wlvP3Hq7m7AV+Pf7N0AajXdfTr44XnQwhz1xaU1//Vzz8WhLqQux7/ZvZabxqxLWn0KEFZrpSIf/XzT0WivEbKwVWvdUjuSJwS8N9/+mnu/LV3Cb7tUACibzlcA3BZXQvAZa4BaHnXBQsh/wJQX4dN6ALQXq8uhDwKQDnebVOArBXUFwAAHWJJREFUm0qnvqYA62Ox6hRU/b5tmQLc9DuwyhTgZe5E7Z0rTetgCjAAAMMz+AIwNgpulQJQokft6WVcj38ztz5d2tkCUMcWgEe/Pp4r9/7q558KPb3PttC077mtKctke/LxZiCfyr1f/O2ThXPnr37+/7d3P6+RnQe+h/+SZJHNGG5lk40WWgivaqUGLQzCIgs1QY3wpmwct5pQNDJIAvk6qDeCmTII30ghCO5orlfG8SY3Fy9sbmB+NNiLDDN2p9vudjtJty+xvHnvQvNWv/XqlH7UKane03q+8EAklepUqSeB+XBOnf+6W/AlRUAB0Ca95zkADrsLcHoWYlz6OW75+0wjQBMCYPo+4r9jfqOM9OYJ+b/VJAJgCNU3iMj/7fKvHz161D/OKGHntJuAxNeQ/v1OCoDxmFX/Bunj879xHmYXFxcHjhM/G/Asz38ZATD+TlXITB9bFeKGva+T/m3jexz2dQjhzDdJEQDNzMyuxgTACwiAUbzsNz5PjHQxrvz1yZOBM63i8uPmATC/03C6n/+iKwByPkkATM9KPelxF0kAtEnveQ6A6WupUnXH09wo73/Sy9/j7du3B0JO+jeJZweWEABDGIyz8WzGqjBT9e84athJ/03z9x7/ViedPZb/LfL3UfX4GPyG/d9Z/hz56zrp+S8rAFa9xvwuwFX/HTnpfQ37t42/k/675f/dHhb5h/39z/I3EwDNzMyaOwHwAgPgD184ioBpeIvR7aTQEhfjYFUAzGNe1XsWADmreBbg+7/9sP/fi0/+7x/C+7/9MGz/wzvhpz+7cfSYS4iAAqBNes97AMxfc9Vrj/85f0zVa2xCALSyd97LXc3MzMzs/BMAhwTAUW4CUiUPb//zf73Xv/HHSXf2TS8PrroEOITjl2me9HMBkJP84IWjS4HjGaTx/z7TG8388IX/CoUXfFMQAdDM7GpNADQzMzO7+D33AfCnP7sxEDHy5QFw+x/eCZ/fuxe+OzwM/+PXvznzcWJ0y4Na1ffiZwSml/9+fu/ewNd/ffJk4PMBq+Jd/r34+wIgozj6PMDqn/30ZzeePe6CPwtQADQbXHpZZBVn3VnTJwCamZmZXfye+wAYxTPv8sUA+PNfdAc+sy8NHmcRY1u+qrvsVsW4/HP98jCZLn4vD5v5XYAFQM7rrHFvWCgcBwHQbHACoJmZmZmZ1d2VCYDR+7/9MHx3eNg/2MNHX/fD37/8292hl9WO07/8213hjWKdJQLGS4Yv4vgCoJmZmZmZmdl4d+UC4A9fOLqc8X//n4/6IfDze/fCxn//5aXEldM+vw8m7Qd/1zox7v3g7/7bhV4GLACamZmZmZmZjXdXMgBGP/9F99LDXwiDn/0HJaqKfEefEeguwGZmZmZmZmZN25UOgMBwaey7rPj3wxcEQDMzMzMzM7NxTwAEKsXod1nhLxIAzczMzMzMzMY7ARAoigBoZmZmZmZmNt4JgEBRBEAzMzMzMzOz8U4ABIoiAJqZmZmZmZmNdwIgUBQB0MzMzMzMzGy8EwCBogiAZmZmZmZmZuOdAAgURQA0MzMzMzMzG+8EQKAoAqCZmZmZmZnZeCcAAkURAM3MzMzMzMzGOwEQKIoAaGZmZmZmZjbeCYBAUQRAMzMzMzMzs/FOAASKIgCamZmZmZmZjXcCIFAUAdDMzMzMzMxsvBMAgaIIgGZmZmZmZmbjnQAIFEUANDMzMzMzMxvvigyAP/rxT0Jr+kXgCvnRj38SfvTjnwiAZmZmZmZmZmOeAAgUQQA0MzMzMzMzu5gJgEARBEAzMzMzMzOzi5kACBRhXAHw888/D999991Y/0fJzMzMzMzMrKn729/+Fr744gsBEJi8ugHw67/8v/DV4yfh4aOvw4MHD8b6P0pmZmZmZmZmTd39+/fDw0dfh68eP6n1/3MLgEBt4wiAD795Gh48+kv4/PPPw5dffhkODw/H+j9OZmZmZmZmZk3Z4eFhePDgQfjiiy/Cg0d/CQ+/eSoAApM1jgD46M/fhq8ePwn3H/45PPz6cbh370/hj3/8IwAAAFw59+79KTx89Djcf/jn8NXjJ7Uv/xUAgdrGEQDzCPinr74J9758DAAAAFfOn776ZqzxTwAEahtXAIwR8OE3T8NXj5+EL7/+KwAAAFw5Xz1+Eh5+83Rs8a/RAfDGa2+E997/IHz08Sfho48/CR/+7vehu7E58RgCV804A2AeAwEAAOCqGff/f93YAPiHf/7XoS/i3//jP8ON196YeBQpwXvvfxCePP124q/jonQ3NkMIQfidsIsKgAAAAMB4NCoA3njtjfD1428GYl88A/Dup5+Fw8PvQwghHB5+XzsK3bv/YODNvff+BxMPLed199PPzh3I3nv/g/57vvvpZxN/D2d5rU38t3meCIAAAABQtkYFwHjm3+Hh9+GX239/7Ofdjc1+IPz68TcjH+fe/Qfh3v0HA98bR2i6d/9B8bHqydNvw0cffzLx11HlvDGTyyEAAgAAQNkaEwDj5Z4hhMr4F9147Y3w5Om3tYJdCCG886tfj/09PHn6bfEBcByh8yL//QXA8giAAAAAULbGBMCPPv4khDB4Wep7738QDg+/D4eH3w+ctRYvDc3P4juLGJqGnQX35Om3x543/k6MhunufvrZQLyMS59/2Pc/+viT/lmDcfEz/eLlvSe91o8+/mTgMwDv3X/Qv2Q6Ln0v+fK/fVwa4fLXGI8X/x4xxoZwFBbzv0X6et/51a+P/e3Sf8907/zq1/3Hp68nf448ZsbfTS/xLvWMx6YQAAEAAKBs49yFBsAYbH7zj/8UWtNHZ/rFz/yLi2cG3njtjRDC0aXCoxwrDV75z6qiU4xgrenjl9Deu/+g/9iTglT8Oj1LMI+eaTyLj4lxrOrMuKoAmAav+Hzpa8q/jq8hfh2PF19zVZiNz5O+rhgs09fz5Om3x95b/hzxtZwU++L34tfxtVXF3Lj4mJP+fpyNAAgAAABlG+cuJQDGcPPL7b8/9gLykJUHpfPIz1RLI108ky5+nUa7kz5DL3+N8eYl6WPee/+DfkzMA148dlVsq7pkuSoA5r+bv96qv2MeLe9++tmJr7Hq904Lp8P+zePrPUsArHp/MfANe1352ZucnwAIAAAAZRvnLjQAxjPI0niT3hH48PD7cOO1N0Jr+lkcrApTo4iXsaZnjcXnzs9cSy9BzaNS/vrzOw3Hxee+jACYx8z0NVZFt/x5xx0Ah10GfJYAmB/zrI8Z9vfjbARAAAAAKNs4d6EBsOpz/W689kb48He/Dx99/MlAGIqxMI9ddaSXq6bRaNhZbGnISn8nD4AnvcaSA2B8X+MMgPnf6+6nn40tAKafzygAjpcACAAAAGUb5y40AKaf+ffh734/9HFpeBvn57rl8SzGqXgDjGG/l14enMenYfHspJ9fZgCs+jq+93FfApyeVZn/jYf9/jguAT7p78fZCIAAAABQtsYEwNb0i+E3//hP/YPFu+vGn9147Y2Bm3eMemfX+BxpEMrPImtND35GYB6T8seknw9YFe/S73U3Nvvvq4QAeJabgIwrAFYdJ79JyEnPedabgAiA4yUAAgAAQNnGuQsPgDEMpXf/PTz8vv8ZfXF/+Od/Hfn5uxubxz6HLo1MqTyoxUuC06XxKX3eqktf49K7AE86AMbnGfa3GOclwOlnIt799LNjN0nJA+9JZwXmf8uT3t+wvx9nIwACAABA2ca5SwmAremjSHf3088GQmAIIfz7f/znpYacJ0+/FY648gRAAAAAKFsjA2AqvWT2Mp32+X1wVQiAAAAAULbGB8DLll6GOunXAiUQAAEAAKBsAiBQiwAIAAAAZRMAgVoEQAAAACibAAjUIgACAABA2QRAoBYBEAAAAMomAAK1CIAAAABQNgEQqEUABAAAgLIJgEAtAiAAAACUTQAEahEAAQAAoGwCIFCLAAgAAABlEwCBWgRAAAAAKJsACNQiAAIAAEDZBECgFgEQAAAAyiYAArUIgAAAAFA2ARCoRQAEAACAsgmAQC0CIAAAAJRNAARqEQABAACgbAIgUIsACAAAAGUTAIFaBEAAAAAoW2MD4FR7Nix0VsJSdz0sddfD4s3bYWZufuIxBK4aARAAAADK1sgA+Mqbb4XN3YNKr7+9HabasxOPInBVCIAAAABQtkYFwKn2bOhuvzsQ++IZgJ2NrbC2sx82dw/C2s5+rbMBV3t7Yam7PvGwAk0gAAIAAEDZGhUA45l/azv7of3y4rGfz8zN9wNhd/vdkY8jAMLZCYAAAABQtsYEwJm5+f6Zf1XxL5pqz4bV3l7Y3D0IC52VkY4lAMLZCYAAAABQtsYEwKXuetjcPQidja3+9xY6K2FtZz+s7ewPBLuFzkrY3D0It+70RjrWaQEwvpYov9w4Hj937fryxGMNjJsACAAAAGVrTAC8dacXNncPwkvLr4bW9NGZfvEz//IzA6fas/1LhUc51kkBMMa/+HWMfTHuXbu+PBAF49eTjjRwUQRAAAAAKFvjAmAMbe2XF4+dYZde8hu/N8qxTgqAVZcWdza2+mcbLnXXj515uNrbc/Yfzy0BEAAAAMrWmADY2dg6Ft/SOwKv7eyHqfZsaE0/i4Orvb2RjjUsAOZn90VL3fX+sYadAVjnrsRQMgEQAAAAytaYAFj1uX5T7dmwePN2WOquDwS2GAvTzws8j1ECYHq2YTy+z/7jKhAAAQAAoGyNCYDpZ/4t3rw99HEx0tU5667OJcDXri+PfPMRaCIBEAAAAMrWmADYmn4xvLT8aj/udTa2BgLfVHt24O68J93F9zR1bgKy0FkZ+dJjaCIBEAAAAMrWqADYmj4KbOndf9d29sNqb2/gkttX3nyr1jHy58vPKExDY9WZhvGGJSlRkOeVAAgAAABla1wAbE2/GGbm5kNnY2sgBG7uHoTX396e+OftdTa2Ks8erLp0GJ4HAiAAAACUrZEBMDUzN1/UHXZv3ekdu/lIvEy4pNcJ4yIAAgAAQNkaHwBLVHUJ8aRfE1wUARAAAADKJgACtQiAAAAAUDYBEKhFAAQAAICyCYBALQIgAAAAlE0ABGoRAAEAAKBsAiBQiwAIAAAAZRMAgVoEQAAAACibAAjUIgACAABA2QRAoBYBEAAAAMomAAK1CIAAAABQNgEQqEUABAAAgLIJgEAtAiAAAACUTQAEahEAAQAAoGwCIFCLAAgAAABlEwCBWgRAAAAAKJsACNQiAAIAAEDZBECgFgEQAAAAyiYAArUIgAAAAFC2xgbAqfZsWOishKXueljqrofFm7fDzNz8xGMIXDUCIAAAAJStkQHwlTffCpu7B5Vef3s7TLVnJx5F6lrorITV3t7EXwecRgAEAACAsjUqAE61Z0N3+92B2BfPAOxsbIW1nf2wuXsQ1nb2Rz4bcLW3FzobWwPf62xshVt3egPfW+ishM3dgwt7r52NrbC5e+CsRoonAAIAAEDZGhUA45l/azv7of3y4rGfz8zN9wNhd/vdkY5RFftWe3vHYl9nY+tYKISrSAAEAACAsjUmAM7MzffP/KuKf9FUe7Yf7BY6K+c+Tn5m38zcfFjt7YVbd3rh2vXl/vdv3emFpe76xOMLTJoACAAAAGVrTABc6q6Hzd2DgbPuFjorYW1nP6zt7A/EuBjx8jP5ziKGxnjp7UJnpX+2X3qMzd2DfhC8dn154HMI09cYf5YGzPifr11fDrfu9PrfT59/qbs+8BmAS931foRMj1X12nPxedNj+XxBxkUABAAAgLI1JgDGePXS8quhNX10pl/8zL/8zMCp9mz/UuFRjpWePRjD30JnpR8UY2jL/3PV78dglwe3+JpjRIzRMobHqgCYR8388wrzsx7T588vbY7vadLxiOYTAAEAAKBsjQuAMWi1X148dqZbHr9GvUlHennvam8vXLu+PBD6TrtD7607vX6YS88ATB+Tv970rMDWdHUAzI+ZRr14nPzn8X1UfbYhjIMACAAAAGVrTACMd8VNo1l6R+C1nf0w1Z4NrelncXDUy1zjJb/52X0xBsa7Dqe/M+wy4LMGwPi98wTAeFnwsOccFkV9diHjJAACAABA2RoTAKs+12+qPRsWb94OS931gcAWY+God+mNZ/jFz+hLnzdGt/zzANNQmN4h+DIDYPwbnRb68suPoQ4BEAAAAMrWmACYfubf4s3bQx+XnomXR7ezimf+LXXXj91cpLOx1Y+D8XtVl+ZO6gzAs77H9DVCHQIgAAAAlK0xAbA1/WJ4afnVgUts06g21Z7t3yhjHJe5Vp0ld+36cljt7Q2EtnjWXf71ZQfA/O7FuXgH4fh1fgMRGJUACAAAAGVrVABsTR8FtvTuv2s7+/0oF73y5lu1jxNvOpJ/v+qzBeNjY/hLPyPwMs8ATANoamZu/tjP3BCEcREAAQAAoGyNC4Ct6aOz3TobWwMhcHP3ILz+9vaV/Vy7hc5KZdRL70gMF0EABAAAgLI1MgCmZubmR/6sv+dJ1RmC8bLg/ExDGCcBEAAAAMrW+ADIM/Hux6mrekYkl0cABAAAgLIJgEAtAiAAAACUTQAEahEAAQAAoGwCIFCLAAgAAABlEwCBWgRAAAAAKJsACNQiAAIAAEDZBECgFgEQAAAAyiYAArUIgAAAAFA2ARCoRQAEAACAsgmAQC0CIAAAAJRNAARqEQABAACgbAIgUIsACAAAAGUTAIFaBEAAAAAomwAI1CIAAgAAQNkEQKAWARAAAADKJgACtQiAAAAAUDYBEKhFAAQAAICyCYBALQIgAAAAlK2xAXCqPRsWOithqbselrrrYfHm7TAzNz/xGAJXjQAIAAAAZWtkAHzlzbfC5u5Bpdff3g5T7dmJR5FotbcXFjorE38dcFEEQAAAAChbowLgVHs2dLffHYh98QzAzsZWWNvZD5u7B2FtZ7/W2YCrvb2wuXtw7p/lZubmw+buQehsbE080sBFEQABAACgbI0KgPHMv7Wd/dB+efHYz2fm5vuBsLv97sjHiZHv2vXlY88f4+NFvs/N3QOXM9MYAiAAAACUrTEBMI1vVfEvmmrP9gPeqJfervb2Qmdj69iZe0vd9XDrTu9CA2B8nwIgTSEAAgAAQNkaEwCXuuvHLqdd6KyEtZ39sLazH5a66wPf39w9CLfu9EY61mpvr3+8s3w//QzC1d7esZ+lITKeWRhD4ubuQf+1x9edimchXru+XPn91vSL4dadXv9S6Pjz/L2nP8tfUwyb+THyv0tnY2voz9Pvp/8WPP8EQAAAAChbYwJgDGYvLb8aWtNHZ/rFz/zLzwycas/2LxUe5Vjxxh237vT6oSyemRcjWfrYPMalkbIqAKYBL0a/eMZffP70DMD8mPlZgvFvE8Nb/Hk8bnwv+fPF349xMH1MPAsyfV9p3Ix3YI7vKf0buPHJ1SIAAgAAQNkaFwBjaGq/vHjsbLmq0DbKsWLAWuis9CNYvNFIDHbDfnepuz4QyqpeV/p1GhZb09UBMA2RUWdjqx/g8ugY38NJZ+KlryN/zfH5YxCsek3p+82PnQdHnm8CIAAAAJStMQEwXn6ahrD0jsBrO/thqj0bWtPP4mAetc4qBsAY5+L3rl1fHhoAh10GfFoAjN87KQDmoTOK4a0qAMbLgtPvDbsMuCoAxsuCh/08PU7Vaxv1b0/zCIAAAABQtsYEwKrP9Ztqz4bFm7fDUnd9IJjFWJhHsbNKL2GNZ9/FoJUHwPzMxPSxrenxBcCTLqk9LQDG58wv8R1XABz178zzQQAEAACAsjUmAKaf+bd48/bQx6U3shj1TrppHIvBL79RR2u6+o69FxEAT4tspwXAqjsanycAnnYJsLP9rjYBEAAAAMrWmADYmn4xvLT86sDlr2mQmmrPDlziWudOtPlNLNL4VRUAY7yLX9cJgPkNPFrTzwJc/r34n88SANOz//LLqU8LgPFvkj7m2vXl/mvIz7acmZsfOb7SPAIgAAAAlK1RAbA1fRTg0rv/ru3sh9Xe3sDnz73y5lu1jnHSXWzzS4DT6Bg/J7BOAMyfM7+MNz9Wa/psnwGYf/ZfemORswTA+Jyn3XSl6mc83wRAAAAAKFvjAmBr+ugMs87G1kAI3Nw9CK+/vT0Q0oCLJwACAABA2RoZAFMuN4XJEgABAACgbI0PgMBkCYAAAABQNgEQqEUABAAAgLIJgEAtAiAAAACUTQAEahEAAQAAoGwCIFCLAAgAAABlEwCBWgRAAAAAKJsACNQiAAIAAEDZBECgFgEQAAAAyiYAArUIgAAAAFA2ARCoRQAEAACAsgmAQC0CIAAAAJRNAARqEQABAACgbAIgUIsACAAAAGUTAIFaBEAAAAAomwAI1CIAAgAAQNkEQKAWARAAAADKJgACtQiAAAAAUDYBEKhFAAQAAICyCYBALQIgAAAAlK2xAXCqPRsWOithqbselrrrYfHm7TAzNz/xGAJXjQAIAAAAZWtkAHzlzbfC5u5Bpdff3g5T7dmJRxG4KgRAAAAAKFujAuBUezZ0t98diH3xDMDOxlZY29kPm7sHYW1nv9bZgKu9vbC5e3Dun8FVJAACAABA2RoVAOOZf2s7+6H98uKxn8/MzfcDYXf73ZGPEyPftevLx54/xsdJRxcohQAIAAAAZWtMAEzjW1X8i6bas/2At9BZGelYq7290NnYCp2NrYHvL3XXw607PQEQEgIgAAAAlK0xAXCpux42dw8GotxCZyWs7eyHtZ39sNRdH/j+5u5BuHWnN9KxVnt7/eOd5fvxe1VnB+Y/Sy9NTr+fvq9r15eH/ix9f7l4xmL++/mZjMNeX3x/6fHy348hNn0fJx2v7u9TPgEQAAAAytaYABjPvHtp+dXQmj460y9+5l9+ZuBUe7Z/qfAox1rt7YWFzkq4dafXP4swhqsYq+Jj41mB8euFzkpY7e31/3P62GvXl/txLca29P3NzM33j5O+nvRsxnj8GNDy15N/XRXc0tde9VznCYCnHa/u71M+ARAAAADK1rgAGGNS++XFY2fApZf81vmsvhgAFzor/RgWz4zLo15VrFrt7YVr15ePPTZ/TBoAT3vv6evIz2yMx4uPzS997mxsVR6r6jLp9FjxMScFvNOOV/f3KZ8ACAAAAGVrTADsbGwdC1bpHYHXdvbDVHs2tKafxcF4Jt55xQCYno1XFfXyS1erYmQMl3m0S3+36pLXYZcBDzsDMD3jrkp+GXH+e9F5A+Bpx6v7+5RPAAQAAICyNSYAVn2u31R7NizevB2WuusDISvGwlEjUgyArelnZ6hVXdY7LKJViSEwP7MtDX3xe/nX+Q1J4vsb9pl7Z7n5yTgD4EnHq/v7lE8ABAAAgLI1JgCmn/m3ePP20MelQW3Uz5FLA2AMfjHcVV0CfNaAlYbEYcesekwaAK9dXz7x5iZ5wBsmhrizXAKcPqbqEt6Tjlf39ymfAAgAAABla0wAbE2/GF5afnXgEtE08E21ZwfuaFvnM+TSANiaHvycvzwA5jfSaE2/2D/jbam7PvA6Ohtb/bhXdeOLGADTn8WvYyQ7KSLGY+fRbdhddW/d6Q08V36s+LfIg2DVJcjDjlf39ymfAAgAAABla1QAbE0fRar07r9rO/thtbc3cEnsK2++VesYeQDMj5/f2CMNj+lnD1Z9RmD8fv47+R2B09AZb0BS9fP8mFXHTW8SksuPlZ+Rlz9Xa/r4jU9OOl7d36d8AiAAAACUrXEBsDV9dMZcZ2NrIARu7h6E19/efu7D0Xnu6DsKl+RyXgIgAAAAlK2RATA1Mzc/8mf9NVFVoItnJY7j7yAAcl4CIAAAAJSt8QHwKsovec4vSa5DAOS8BEAAAAAomwAI1CIAAgAAQNkEQKAWARAAAADKJgACtQiAAAAAUDYBEKhFAAQAAICyCYBALQIgAAAAlE0ABGoRAAEAAKBsAiBQiwAIAAAAZRMAgVoEQAAAACibAAjUIgACAABA2QRAoBYBEAAAAMomAAK1CIAAAABQNgEQqEUABAAAgLIJgEAtAiAAAACUTQAEahEAAQAAoGwCIFCLAAgAAABlEwCBWgRAAAAAKNs49/8Bncg/MN7/6qMAAAAASUVORK5CYII=' height='800' width='600' /></a></td>  </system-out>
</testsuite> <!-- tests.SystemInfoTest -->
